2026-01-30 12:37:34,477 root INFO main.py:102 系统CPU核心数: 16
2026-01-30 12:38:55,622 root INFO config_manager.py:228 设备配置已更新: ./config/liwei
2026-01-30 12:38:55,630 root INFO config_manager.py:351 从default_rule中匹配到data_frame_type: 48F0E0的规则
2026-01-30 15:12:07,748 root INFO config_manager.py:351 从default_rule中匹配到data_frame_type: 4AF2E0的规则
2026-01-30 15:16:50,273 root INFO config_manager.py:351 从default_rule中匹配到data_frame_type: 4AF2E0的规则
2026-01-30 15:20:44,057 root INFO config_manager.py:351 从default_rule中匹配到data_frame_type: 4AF2E7的规则
2026-01-30 17:20:41,049 root ERROR config_manager.py:355 未找到data_frame_type: 000000的规则
2026-01-30 17:20:49,244 root ERROR config_manager.py:355 未找到data_frame_type: 000000的规则
2026-01-30 17:21:28,781 root ERROR config_manager.py:355 未找到data_frame_type: 000000的规则
2026-01-30 17:30:19,866 root INFO config_manager.py:351 从default_rule中匹配到data_frame_type: 48F0E0的规则
2026-01-30 17:31:45,559 root INFO config_manager.py:351 从default_rule中匹配到data_frame_type: 4AF2E7的规则
2026-01-30 17:37:34,999 root INFO config_manager.py:351 从default_rule中匹配到data_frame_type: 4AF2E0的规则
2026-01-30 17:38:27,327 root INFO config_manager.py:351 从default_rule中匹配到data_frame_type: 4AF2E7的规则
2026-01-31 00:26:11,740 root INFO config_manager.py:351 从default_rule中匹配到data_frame_type: 48F0E0的规则
2026-01-31 00:27:00,510 root INFO config_manager.py:351 从default_rule中匹配到data_frame_type: 4AF2E7的规则
2026-01-31 00:27:30,489 root INFO config_manager.py:351 从default_rule中匹配到data_frame_type: 48F0E0的规则
2026-01-31 00:28:32,129 root INFO config_manager.py:351 从default_rule中匹配到data_frame_type: 4AF2E0的规则
2026-01-31 00:29:21,427 root INFO config_manager.py:351 从default_rule中匹配到data_frame_type: 48F0E0的规则
2026-01-31 00:30:49,043 root INFO config_manager.py:351 从default_rule中匹配到data_frame_type: 4AF2E7的规则
2026-01-31 00:31:15,950 root INFO config_manager.py:351 从default_rule中匹配到data_frame_type: 4AF2E0的规则
2026-01-31 00:31:44,177 root INFO config_manager.py:351 从default_rule中匹配到data_frame_type: 4AF2E7的规则
2026-01-31 00:32:21,550 root INFO config_manager.py:351 从default_rule中匹配到data_frame_type: 4AF2E0的规则
2026-01-31 00:34:14,271 root INFO config_manager.py:351 从default_rule中匹配到data_frame_type: 4AF2E7的规则
2026-01-31 00:34:18,377 root INFO config_manager.py:351 从default_rule中匹配到data_frame_type: 4AF2E0的规则
2026-01-31 00:34:25,967 root INFO config_manager.py:351 从default_rule中匹配到data_frame_type: 4AF2E7的规则
2026-01-31 00:34:38,634 root INFO config_manager.py:351 从default_rule中匹配到data_frame_type: 48F0E0的规则
2026-01-31 00:36:07,808 root INFO config_manager.py:351 从default_rule中匹配到data_frame_type: 48F0E0的规则
2026-01-31 00:39:56,635 root INFO config_manager.py:351 从default_rule中匹配到data_frame_type: 48F0E0的规则
2026-01-31 00:40:42,518 root INFO config_manager.py:351 从default_rule中匹配到data_frame_type: 4AF2E0的规则
2026-01-31 00:41:30,948 root INFO config_manager.py:351 从default_rule中匹配到data_frame_type: 48F0E0的规则
2026-01-31 00:42:19,649 root INFO config_manager.py:351 从default_rule中匹配到data_frame_type: 4AF2E7的规则
2026-01-31 01:23:14,706 root INFO config_manager.py:351 从default_rule中匹配到data_frame_type: 4AF2E0的规则
2026-01-31 01:23:58,162 root INFO config_manager.py:351 从default_rule中匹配到data_frame_type: 4AF2E7的规则
2026-01-31 01:24:13,893 root INFO config_manager.py:351 从default_rule中匹配到data_frame_type: 4AF2E0的规则
2026-01-31 01:24:33,074 root INFO config_manager.py:351 从default_rule中匹配到data_frame_type: 4AF2E0的规则
2026-01-31 01:29:32,183 root INFO config_manager.py:351 从default_rule中匹配到data_frame_type: 48F0E0的规则
2026-01-31 01:30:09,762 root INFO config_manager.py:351 从default_rule中匹配到data_frame_type: 4AF2E0的规则
2026-01-31 01:33:33,300 root INFO config_manager.py:351 从default_rule中匹配到data_frame_type: 4AF2E0的规则
