2026-01-28 00:36:29,926 root INFO main.py:102 系统CPU核心数: 16
2026-01-28 00:36:53,310 root INFO config_manager.py:228 设备配置已更新: ./config/bangsun_old
2026-01-28 00:36:53,317 root INFO config_manager.py:344 从fsu_rule中匹配到data_frame_type: 1081的规则
2026-01-28 00:36:58,389 root INFO config_manager.py:344 从fsu_rule中匹配到data_frame_type: 1081的规则
2026-01-28 00:37:00,158 root INFO config_manager.py:344 从fsu_rule中匹配到data_frame_type: 1081的规则
2026-01-28 00:37:01,379 root INFO config_manager.py:344 从fsu_rule中匹配到data_frame_type: 1081的规则
2026-01-28 00:37:02,196 root INFO config_manager.py:344 从fsu_rule中匹配到data_frame_type: 1081的规则
2026-01-28 00:37:02,871 root INFO config_manager.py:344 从fsu_rule中匹配到data_frame_type: 1081的规则
2026-01-28 00:37:03,457 root INFO config_manager.py:344 从fsu_rule中匹配到data_frame_type: 1081的规则
2026-01-28 00:37:40,018 root INFO main.py:102 系统CPU核心数: 16
2026-01-28 00:37:45,032 root INFO config_manager.py:228 设备配置已更新: ./config/bangsun_old
2026-01-28 00:37:45,035 root INFO config_manager.py:344 从fsu_rule中匹配到data_frame_type: 108D的规则
2026-01-28 00:37:46,475 root INFO config_manager.py:344 从fsu_rule中匹配到data_frame_type: 108D的规则
2026-01-28 00:37:47,873 root INFO config_manager.py:344 从fsu_rule中匹配到data_frame_type: 108D的规则
2026-01-28 00:37:48,781 root INFO config_manager.py:344 从fsu_rule中匹配到data_frame_type: 108D的规则
2026-01-28 00:37:49,472 root INFO config_manager.py:344 从fsu_rule中匹配到data_frame_type: 108D的规则
2026-01-28 00:37:50,073 root INFO config_manager.py:344 从fsu_rule中匹配到data_frame_type: 108D的规则
2026-01-28 00:37:52,217 root INFO config_manager.py:344 从fsu_rule中匹配到data_frame_type: 1081的规则
2026-01-28 00:37:52,846 root INFO config_manager.py:344 从fsu_rule中匹配到data_frame_type: 1081的规则
2026-01-28 00:37:53,489 root INFO config_manager.py:344 从fsu_rule中匹配到data_frame_type: 1081的规则
2026-01-28 00:37:54,099 root INFO config_manager.py:344 从fsu_rule中匹配到data_frame_type: 1081的规则
2026-01-28 00:38:43,246 root INFO main.py:102 系统CPU核心数: 16
2026-01-28 00:38:45,808 root INFO config_manager.py:228 设备配置已更新: ./config/bangsun_old
2026-01-28 00:38:45,815 root INFO config_manager.py:344 从fsu_rule中匹配到data_frame_type: 108D的规则
2026-01-28 00:38:46,582 root INFO config_manager.py:344 从fsu_rule中匹配到data_frame_type: 108D的规则
2026-01-28 00:38:47,280 root INFO config_manager.py:344 从fsu_rule中匹配到data_frame_type: 108D的规则
2026-01-28 00:38:48,645 root INFO config_manager.py:344 从fsu_rule中匹配到data_frame_type: 1081的规则
2026-01-28 00:38:54,184 root INFO config_manager.py:344 从fsu_rule中匹配到data_frame_type: 1081的规则
2026-01-28 00:38:55,362 root INFO config_manager.py:344 从fsu_rule中匹配到data_frame_type: 1081的规则
2026-01-28 00:46:14,738 root INFO main.py:102 系统CPU核心数: 16
2026-01-28 00:46:17,466 root INFO config_manager.py:228 设备配置已更新: ./config/bangsun_old
2026-01-28 00:46:17,471 root INFO config_manager.py:344 从fsu_rule中匹配到data_frame_type: 108D的规则
2026-01-28 00:46:18,268 root INFO config_manager.py:344 从fsu_rule中匹配到data_frame_type: 108D的规则
2026-01-28 00:46:18,995 root INFO config_manager.py:344 从fsu_rule中匹配到data_frame_type: 108D的规则
2026-01-28 00:47:05,648 root INFO main.py:102 系统CPU核心数: 16
2026-01-28 00:47:08,453 root INFO config_manager.py:228 设备配置已更新: ./config/bangsun_old
2026-01-28 00:47:08,459 root INFO config_manager.py:349 从default_rule中匹配到data_frame_type: 108D的规则
2026-01-28 00:47:09,116 root INFO config_manager.py:349 从default_rule中匹配到data_frame_type: 108D的规则
2026-01-28 00:47:09,943 root INFO config_manager.py:349 从default_rule中匹配到data_frame_type: 108D的规则
2026-01-28 00:47:10,996 root INFO config_manager.py:349 从default_rule中匹配到data_frame_type: 108D的规则
2026-01-28 00:47:11,998 root INFO config_manager.py:349 从default_rule中匹配到data_frame_type: 108D的规则
2026-01-28 00:47:12,845 root INFO config_manager.py:349 从default_rule中匹配到data_frame_type: 108D的规则
2026-01-28 00:54:39,845 root INFO main.py:102 系统CPU核心数: 16
2026-01-28 00:54:41,712 root INFO config_manager.py:228 设备配置已更新: ./config/bangsun_old
2026-01-28 00:54:41,719 root INFO config_manager.py:344 从fsu_rule中匹配到data_frame_type: 108D的规则
2026-01-28 00:54:42,417 root INFO config_manager.py:344 从fsu_rule中匹配到data_frame_type: 108D的规则
2026-01-28 00:54:43,081 root INFO config_manager.py:344 从fsu_rule中匹配到data_frame_type: 108D的规则
2026-01-28 00:54:43,687 root INFO config_manager.py:344 从fsu_rule中匹配到data_frame_type: 108D的规则
2026-01-28 00:54:44,296 root INFO config_manager.py:344 从fsu_rule中匹配到data_frame_type: 108D的规则
2026-01-28 00:54:44,871 root INFO config_manager.py:344 从fsu_rule中匹配到data_frame_type: 108D的规则
2026-01-28 00:54:45,425 root INFO config_manager.py:344 从fsu_rule中匹配到data_frame_type: 108D的规则
2026-01-28 00:57:44,779 root INFO main.py:102 系统CPU核心数: 16
2026-01-28 00:57:47,899 root INFO config_manager.py:228 设备配置已更新: ./config/bangsun_old
2026-01-28 00:57:47,904 root INFO config_manager.py:346 从fsu_rule中匹配到data_frame_type: 108D的规则
2026-01-28 00:57:48,659 root INFO config_manager.py:346 从fsu_rule中匹配到data_frame_type: 108D的规则
2026-01-28 00:57:49,393 root INFO config_manager.py:346 从fsu_rule中匹配到data_frame_type: 108D的规则
2026-01-28 00:57:56,702 root INFO config_manager.py:346 从fsu_rule中匹配到data_frame_type: 1081的规则
2026-01-28 00:57:57,332 root INFO config_manager.py:346 从fsu_rule中匹配到data_frame_type: 1081的规则
2026-01-28 00:58:00,319 root INFO config_manager.py:346 从fsu_rule中匹配到data_frame_type: 1081的规则
2026-01-28 00:58:03,082 root INFO config_manager.py:346 从fsu_rule中匹配到data_frame_type: 1081的规则
2026-01-28 01:03:15,826 root INFO main.py:102 系统CPU核心数: 16
2026-01-28 01:03:17,655 root INFO config_manager.py:228 设备配置已更新: ./config/bangsun_old
2026-01-28 01:03:17,659 root INFO config_manager.py:346 从fsu_rule中匹配到data_frame_type: 1081的规则
2026-01-28 01:03:19,141 root INFO config_manager.py:346 从fsu_rule中匹配到data_frame_type: 1081的规则
2026-01-28 01:03:20,965 root INFO config_manager.py:346 从fsu_rule中匹配到data_frame_type: 108D的规则
2026-01-28 01:03:22,285 root INFO config_manager.py:346 从fsu_rule中匹配到data_frame_type: 108D的规则
2026-01-28 01:03:23,116 root INFO config_manager.py:346 从fsu_rule中匹配到data_frame_type: 108D的规则
2026-01-28 01:03:54,266 root INFO main.py:102 系统CPU核心数: 16
2026-01-28 01:03:56,947 root INFO config_manager.py:228 设备配置已更新: ./config/bangsun_old
2026-01-28 01:03:56,950 root INFO config_manager.py:346 从fsu_rule中匹配到data_frame_type: 108D的规则
2026-01-28 01:03:58,156 root INFO config_manager.py:346 从fsu_rule中匹配到data_frame_type: 108D的规则
2026-01-28 01:03:59,491 root INFO config_manager.py:346 从fsu_rule中匹配到data_frame_type: 1081的规则
2026-01-28 01:04:00,446 root INFO config_manager.py:346 从fsu_rule中匹配到data_frame_type: 1081的规则
2026-01-28 01:04:01,280 root INFO config_manager.py:346 从fsu_rule中匹配到data_frame_type: 1081的规则
2026-01-28 01:04:02,191 root INFO config_manager.py:346 从fsu_rule中匹配到data_frame_type: 1081的规则
2026-01-28 01:04:03,051 root INFO config_manager.py:346 从fsu_rule中匹配到data_frame_type: 1081的规则
2026-01-28 01:04:03,791 root INFO config_manager.py:346 从fsu_rule中匹配到data_frame_type: 1081的规则
2026-01-28 01:04:06,103 root INFO config_manager.py:346 从fsu_rule中匹配到data_frame_type: 1081的规则
2026-01-28 10:06:11,939 root INFO main.py:102 系统CPU核心数: 16
2026-01-28 10:09:26,531 root INFO config_manager.py:228 设备配置已更新: ./config/bangsun_old
2026-01-28 10:09:26,539 root INFO config_manager.py:346 从fsu_rule中匹配到data_frame_type: 108D的规则
2026-01-28 10:16:59,679 root INFO main.py:102 系统CPU核心数: 16
2026-01-28 10:16:59,765 root ERROR config_manager.py:160 加载设备配置失败: Expecting ',' delimiter: line 10 column 37 (char 306)
2026-01-28 10:16:59,765 root ERROR config_manager.py:160 加载设备配置失败: Expecting ',' delimiter: line 10 column 37 (char 306)
2026-01-28 10:17:33,241 root INFO main.py:102 系统CPU核心数: 16
2026-01-28 10:30:40,712 root INFO main.py:102 系统CPU核心数: 16
2026-01-28 10:31:07,753 root INFO main.py:102 系统CPU核心数: 16
2026-01-28 10:32:14,212 root INFO main.py:102 系统CPU核心数: 16
2026-01-28 10:44:15,926 root INFO main.py:102 系统CPU核心数: 16
2026-01-28 10:44:25,054 root INFO main.py:102 系统CPU核心数: 16
2026-01-28 10:44:47,697 root INFO config_manager.py:228 设备配置已更新: ./config/bangsun_old
2026-01-28 10:44:47,704 root INFO config_manager.py:346 从fsu_rule中匹配到data_frame_type: 108D的规则
2026-01-28 10:44:54,957 root INFO config_manager.py:346 从fsu_rule中匹配到data_frame_type: 108D的规则
2026-01-28 10:45:05,158 root INFO config_manager.py:346 从fsu_rule中匹配到data_frame_type: 108D的规则
2026-01-28 10:45:52,497 root INFO config_manager.py:346 从fsu_rule中匹配到data_frame_type: 108D的规则
2026-01-28 10:54:13,990 root INFO main.py:102 系统CPU核心数: 16
2026-01-28 14:47:15,876 root INFO main.py:102 系统CPU核心数: 16
2026-01-28 14:47:20,243 root INFO config_manager.py:228 设备配置已更新: ./config/bangsun_old
2026-01-28 14:47:20,250 root INFO config_manager.py:346 从fsu_rule中匹配到data_frame_type: 108D的规则
2026-01-28 14:47:52,903 root INFO config_manager.py:346 从fsu_rule中匹配到data_frame_type: 108D的规则
2026-01-28 14:48:18,410 root INFO config_manager.py:346 从fsu_rule中匹配到data_frame_type: 108D的规则
2026-01-28 14:54:25,599 root INFO main.py:102 系统CPU核心数: 16
2026-01-28 14:54:39,347 root INFO config_manager.py:228 设备配置已更新: ./config/bangsun_old
2026-01-28 14:54:39,355 root INFO config_manager.py:346 从fsu_rule中匹配到data_frame_type: 108D的规则
2026-01-28 14:55:26,931 root INFO config_manager.py:346 从fsu_rule中匹配到data_frame_type: 108D的规则
2026-01-28 14:55:28,612 root INFO config_manager.py:346 从fsu_rule中匹配到data_frame_type: 108D的规则
2026-01-28 14:55:29,653 root INFO config_manager.py:346 从fsu_rule中匹配到data_frame_type: 108D的规则
2026-01-28 14:55:30,515 root INFO config_manager.py:346 从fsu_rule中匹配到data_frame_type: 108D的规则
2026-01-28 17:41:13,152 root INFO main.py:102 系统CPU核心数: 16
2026-01-28 17:41:18,790 root INFO config_manager.py:228 设备配置已更新: ./config/bangsun_old
2026-01-28 17:41:18,798 root INFO config_manager.py:346 从fsu_rule中匹配到data_frame_type: 108D的规则
2026-01-28 17:41:20,521 root INFO config_manager.py:346 从fsu_rule中匹配到data_frame_type: 108D的规则
2026-01-28 17:42:13,871 codec.through_data ERROR through_data_codec.py:87 数据长度错误: 期望 34, 实际 6
2026-01-28 17:42:52,783 codec.through_data ERROR through_data_codec.py:87 数据长度错误: 期望 34, 实际 6
2026-01-28 17:43:57,191 codec.through_data ERROR through_data_codec.py:87 数据长度错误: 期望 34, 实际 24
2026-01-28 18:52:10,633 root INFO main.py:102 系统CPU核心数: 16
2026-01-28 18:52:37,829 root INFO config_manager.py:228 设备配置已更新: ./config/liwei
2026-01-28 18:52:37,839 root INFO config_manager.py:351 从default_rule中匹配到data_frame_type: 48F0E0的规则
2026-01-28 18:52:49,507 root INFO config_manager.py:351 从default_rule中匹配到data_frame_type: 48F0E0的规则
2026-01-28 18:52:50,750 root INFO config_manager.py:351 从default_rule中匹配到data_frame_type: 48F0E0的规则
2026-01-28 18:52:51,937 root INFO config_manager.py:351 从default_rule中匹配到data_frame_type: 48F0E0的规则
2026-01-28 18:52:57,648 root INFO config_manager.py:351 从default_rule中匹配到data_frame_type: 48F0E0的规则
2026-01-28 18:52:59,210 root INFO config_manager.py:351 从default_rule中匹配到data_frame_type: 48F0E0的规则
2026-01-28 18:53:02,175 root INFO config_manager.py:351 从default_rule中匹配到data_frame_type: 48F0E0的规则
2026-01-28 18:53:05,202 root INFO config_manager.py:351 从default_rule中匹配到data_frame_type: 48F0E0的规则
2026-01-28 18:53:05,886 root INFO config_manager.py:351 从default_rule中匹配到data_frame_type: 48F0E0的规则
2026-01-28 18:53:06,487 root INFO config_manager.py:351 从default_rule中匹配到data_frame_type: 48F0E0的规则
2026-01-28 18:53:07,240 root INFO config_manager.py:351 从default_rule中匹配到data_frame_type: 48F0E0的规则
2026-01-28 18:53:09,396 root INFO config_manager.py:351 从default_rule中匹配到data_frame_type: 48F0E0的规则
2026-01-28 18:53:11,645 root INFO config_manager.py:351 从default_rule中匹配到data_frame_type: 48F0E0的规则
2026-01-28 19:00:07,482 root INFO main.py:102 系统CPU核心数: 16
2026-01-28 19:15:59,179 root INFO main.py:102 系统CPU核心数: 16
2026-01-28 19:16:18,547 root INFO config_manager.py:228 设备配置已更新: ./config/liwei
2026-01-28 19:16:18,553 root INFO config_manager.py:351 从default_rule中匹配到data_frame_type: 48F0E0的规则
2026-01-28 19:16:20,193 root INFO config_manager.py:351 从default_rule中匹配到data_frame_type: 48F0E0的规则
2026-01-28 20:01:46,299 root ERROR config_manager.py:355 未找到data_frame_type: 100000的规则
2026-01-28 20:26:17,862 root INFO main.py:102 系统CPU核心数: 16
2026-01-28 20:26:22,493 root INFO config_manager.py:228 设备配置已更新: ./config/liwei
2026-01-28 20:26:22,502 root INFO config_manager.py:351 从default_rule中匹配到data_frame_type: 48F0E0的规则
2026-01-28 20:26:35,347 root INFO config_manager.py:351 从default_rule中匹配到data_frame_type: 4AF2E2的规则
2026-01-28 20:26:38,280 root INFO config_manager.py:351 从default_rule中匹配到data_frame_type: 4AF2E2的规则
2026-01-28 20:26:44,887 codec.through_data ERROR through_data_codec.py:347 字段 length 数据不足: 需要 2 字节, 剩余 1 字节
2026-01-28 20:26:44,888 root ERROR config_manager.py:355 未找到data_frame_type: 02AA的规则
2026-01-28 20:26:46,435 codec.through_data ERROR through_data_codec.py:347 字段 length 数据不足: 需要 2 字节, 剩余 1 字节
2026-01-28 20:26:46,437 root ERROR config_manager.py:355 未找到data_frame_type: 02AA的规则
2026-01-28 20:26:51,764 root ERROR config_manager.py:355 未找到data_frame_type: 100000的规则
2026-01-28 20:26:53,680 root INFO config_manager.py:351 从default_rule中匹配到data_frame_type: 4AF2E2的规则
2026-01-28 21:06:38,980 root INFO main.py:102 系统CPU核心数: 16
2026-01-28 22:33:33,348 root INFO main.py:102 系统CPU核心数: 16
2026-01-28 22:33:37,713 root INFO config_manager.py:228 设备配置已更新: ./config/liwei
2026-01-28 22:33:37,719 root INFO config_manager.py:351 从default_rule中匹配到data_frame_type: 4AF2E2的规则
2026-01-28 22:51:56,171 root INFO config_manager.py:228 设备配置已更新: ./config/bangsun_old
2026-01-28 22:51:56,175 root INFO config_manager.py:346 从fsu_rule中匹配到data_frame_type: 108D的规则
2026-01-28 22:52:02,883 codec.through_data ERROR through_data_codec.py:87 数据长度错误: 期望 34, 实际 6
2026-01-28 22:56:54,343 codec.through_data ERROR through_data_codec.py:87 数据长度错误: 期望 34, 实际 32
2026-01-28 22:57:07,400 root INFO config_manager.py:351 从default_rule中匹配到data_frame_type: 48F0E0的规则
2026-01-28 23:34:34,267 root INFO main.py:102 系统CPU核心数: 16
2026-01-28 23:34:43,420 root INFO config_manager.py:228 设备配置已更新: ./config/liwei
2026-01-28 23:34:43,426 root INFO config_manager.py:351 从default_rule中匹配到data_frame_type: 48F0E0的规则
2026-01-28 23:35:18,080 root INFO config_manager.py:351 从default_rule中匹配到data_frame_type: 48F0E0的规则
