2026-01-31 02:01:44,775 event_manager.py:129 从配置文件加载了 16 个事件类型和 2 个事件指令
2026-01-31 02:01:44,775 event_manager.py:156 从配置文件加载了事件规则配置
2026-01-31 02:01:44,777 udp_protocol.py:61 UDP服务已启动，监听端口: 10102
2026-01-31 02:01:44,778 server_manager.py:57 事件轮询任务已启动，轮询间隔: 5秒
2026-01-31 02:20:32,588 event_manager.py:129 从配置文件加载了 16 个事件类型和 2 个事件指令
2026-01-31 02:20:32,588 event_manager.py:156 从配置文件加载了事件规则配置
2026-01-31 02:20:32,590 udp_protocol.py:61 UDP服务已启动，监听端口: 10102
2026-01-31 02:20:32,591 server_manager.py:57 事件轮询任务已启动，轮询间隔: 5秒
2026-01-31 02:20:52,571 event_manager.py:129 从配置文件加载了 16 个事件类型和 2 个事件指令
2026-01-31 02:20:52,571 event_manager.py:156 从配置文件加载了事件规则配置
2026-01-31 02:20:52,572 udp_protocol.py:61 UDP服务已启动，监听端口: 10102
2026-01-31 02:20:52,573 server_manager.py:57 事件轮询任务已启动，轮询间隔: 5秒
2026-01-31 02:21:23,616 event_manager.py:129 从配置文件加载了 16 个事件类型和 2 个事件指令
2026-01-31 02:21:23,616 event_manager.py:156 从配置文件加载了事件规则配置
2026-01-31 02:21:23,617 udp_protocol.py:61 UDP服务已启动，监听端口: 10102
2026-01-31 02:21:23,618 server_manager.py:57 事件轮询任务已启动，轮询间隔: 5秒
2026-01-31 02:21:43,824 event_manager.py:129 从配置文件加载了 16 个事件类型和 2 个事件指令
2026-01-31 02:21:43,824 event_manager.py:156 从配置文件加载了事件规则配置
2026-01-31 02:21:43,825 udp_protocol.py:61 UDP服务已启动，监听端口: 10102
2026-01-31 02:21:43,826 server_manager.py:57 事件轮询任务已启动，轮询间隔: 5秒
2026-01-31 02:21:53,890 event_manager.py:129 从配置文件加载了 16 个事件类型和 2 个事件指令
2026-01-31 02:21:53,890 event_manager.py:156 从配置文件加载了事件规则配置
2026-01-31 02:21:53,891 udp_protocol.py:61 UDP服务已启动，监听端口: 10102
2026-01-31 02:21:53,892 server_manager.py:57 事件轮询任务已启动，轮询间隔: 5秒
2026-01-31 02:22:14,532 event_manager.py:129 从配置文件加载了 16 个事件类型和 2 个事件指令
2026-01-31 02:22:14,532 event_manager.py:156 从配置文件加载了事件规则配置
2026-01-31 02:22:14,533 udp_protocol.py:61 UDP服务已启动，监听端口: 10102
2026-01-31 02:22:14,533 server_manager.py:57 事件轮询任务已启动，轮询间隔: 5秒
2026-01-31 02:40:10,150 event_manager.py:129 从配置文件加载了 16 个事件类型和 2 个事件指令
2026-01-31 02:40:10,150 event_manager.py:156 从配置文件加载了事件规则配置
2026-01-31 02:40:10,151 udp_protocol.py:61 UDP服务已启动，监听端口: 10102
2026-01-31 02:40:10,151 server_manager.py:57 事件轮询任务已启动，轮询间隔: 5秒
2026-01-31 02:54:32,581 event_manager.py:129 从配置文件加载了 16 个事件类型和 2 个事件指令
2026-01-31 02:54:32,581 event_manager.py:156 从配置文件加载了事件规则配置
2026-01-31 02:54:32,583 udp_protocol.py:61 UDP服务已启动，监听端口: 10102
2026-01-31 02:54:32,583 server_manager.py:57 事件轮询任务已启动，轮询间隔: 5秒
2026-01-31 03:02:05,432 event_manager.py:129 从配置文件加载了 16 个事件类型和 2 个事件指令
2026-01-31 03:02:05,432 event_manager.py:156 从配置文件加载了事件规则配置
2026-01-31 03:02:05,434 udp_protocol.py:61 UDP服务已启动，监听端口: 10102
2026-01-31 03:02:05,435 server_manager.py:57 事件轮询任务已启动，轮询间隔: 5秒
2026-01-31 03:08:30,679 event_manager.py:129 从配置文件加载了 16 个事件类型和 2 个事件指令
2026-01-31 03:08:30,679 event_manager.py:156 从配置文件加载了事件规则配置
2026-01-31 03:08:30,681 udp_protocol.py:61 UDP服务已启动，监听端口: 10102
2026-01-31 03:08:30,681 server_manager.py:57 事件轮询任务已启动，轮询间隔: 5秒
2026-01-31 03:18:23,887 event_manager.py:129 从配置文件加载了 16 个事件类型和 2 个事件指令
2026-01-31 03:18:23,887 event_manager.py:156 从配置文件加载了事件规则配置
2026-01-31 03:18:23,888 udp_protocol.py:61 UDP服务已启动，监听端口: 10102
2026-01-31 03:18:23,889 server_manager.py:57 事件轮询任务已启动，轮询间隔: 5秒
2026-01-31 03:20:22,179 event_manager.py:129 从配置文件加载了 16 个事件类型和 2 个事件指令
2026-01-31 03:20:22,179 event_manager.py:156 从配置文件加载了事件规则配置
2026-01-31 03:20:22,181 udp_protocol.py:61 UDP服务已启动，监听端口: 10102
2026-01-31 03:20:22,182 server_manager.py:57 事件轮询任务已启动，轮询间隔: 5秒
2026-01-31 03:20:41,461 event_manager.py:129 从配置文件加载了 16 个事件类型和 2 个事件指令
2026-01-31 03:20:41,461 event_manager.py:156 从配置文件加载了事件规则配置
2026-01-31 03:20:41,465 udp_protocol.py:61 UDP服务已启动，监听端口: 10102
2026-01-31 03:20:41,480 server_manager.py:57 事件轮询任务已启动，轮询间隔: 5秒
2026-01-31 03:21:26,652 event_manager.py:129 从配置文件加载了 16 个事件类型和 2 个事件指令
2026-01-31 03:21:26,652 event_manager.py:156 从配置文件加载了事件规则配置
2026-01-31 03:21:26,654 udp_protocol.py:61 UDP服务已启动，监听端口: 10102
2026-01-31 03:21:26,655 server_manager.py:57 事件轮询任务已启动，轮询间隔: 5秒
2026-01-31 03:21:41,849 event_manager.py:129 从配置文件加载了 16 个事件类型和 2 个事件指令
2026-01-31 03:21:41,850 event_manager.py:156 从配置文件加载了事件规则配置
2026-01-31 03:21:41,851 udp_protocol.py:61 UDP服务已启动，监听端口: 10102
2026-01-31 03:21:41,852 server_manager.py:57 事件轮询任务已启动，轮询间隔: 5秒
2026-01-31 03:22:29,898 event_manager.py:129 从配置文件加载了 16 个事件类型和 2 个事件指令
2026-01-31 03:22:29,898 event_manager.py:156 从配置文件加载了事件规则配置
2026-01-31 03:22:29,900 udp_protocol.py:61 UDP服务已启动，监听端口: 10102
2026-01-31 03:22:29,900 server_manager.py:57 事件轮询任务已启动，轮询间隔: 5秒
2026-01-31 03:24:06,302 event_manager.py:129 从配置文件加载了 16 个事件类型和 2 个事件指令
2026-01-31 03:24:06,302 event_manager.py:156 从配置文件加载了事件规则配置
2026-01-31 03:24:06,304 udp_protocol.py:61 UDP服务已启动，监听端口: 10102
2026-01-31 03:24:06,304 server_manager.py:57 事件轮询任务已启动，轮询间隔: 5秒
2026-01-31 12:06:48,872 event_manager.py:129 从配置文件加载了 16 个事件类型和 2 个事件指令
2026-01-31 12:06:48,872 event_manager.py:156 从配置文件加载了事件规则配置
2026-01-31 12:06:48,874 udp_protocol.py:61 UDP服务已启动，监听端口: 10102
2026-01-31 12:06:48,876 server_manager.py:57 事件轮询任务已启动，轮询间隔: 5秒
2026-01-31 13:48:42,153 event_manager.py:129 从配置文件加载了 16 个事件类型和 2 个事件指令
2026-01-31 13:48:42,154 event_manager.py:156 从配置文件加载了事件规则配置
2026-01-31 13:48:42,155 udp_protocol.py:61 UDP服务已启动，监听端口: 10102
2026-01-31 13:48:42,156 server_manager.py:57 事件轮询任务已启动，轮询间隔: 5秒
2026-01-31 14:03:59,277 event_manager.py:129 从配置文件加载了 16 个事件类型和 2 个事件指令
2026-01-31 14:03:59,277 event_manager.py:156 从配置文件加载了事件规则配置
2026-01-31 14:03:59,279 udp_protocol.py:61 UDP服务已启动，监听端口: 10102
2026-01-31 14:03:59,280 server_manager.py:57 事件轮询任务已启动，轮询间隔: 5秒
2026-01-31 14:28:40,216 event_manager.py:132 从配置文件加载了 16 个事件类型和 2 个事件指令
2026-01-31 14:28:40,216 event_manager.py:159 从配置文件加载了事件规则配置
2026-01-31 14:28:40,219 udp_protocol.py:61 UDP服务已启动，监听端口: 10102
2026-01-31 14:28:40,221 server_manager.py:57 事件轮询任务已启动，轮询间隔: 5秒
2026-01-31 14:34:59,877 event_manager.py:138 从配置文件加载了 16 个事件类型和 2 个事件指令
2026-01-31 14:34:59,877 event_manager.py:165 从配置文件加载了事件规则配置
2026-01-31 14:34:59,877 event_manager.py:189 从配置文件加载了事件来源配置: config\liwei\events\event_sources.json
2026-01-31 14:34:59,879 udp_protocol.py:61 UDP服务已启动，监听端口: 10102
2026-01-31 14:34:59,880 server_manager.py:57 事件轮询任务已启动，轮询间隔: 5秒
2026-01-31 14:58:32,612 event_manager.py:192 从配置文件加载了协议事件配置: config/protocol_event_config.json
2026-01-31 14:58:32,612 event_manager.py:193 支持的协议: ['liwei', 'haineng', 'zhongyi', 'jiangsu', 'default']
2026-01-31 14:58:32,613 udp_protocol.py:61 UDP服务已启动，监听端口: 10102
2026-01-31 14:58:32,614 server_manager.py:57 事件轮询任务已启动，轮询间隔: 5秒
2026-01-31 15:00:11,957 event_manager.py:192 从配置文件加载了协议事件配置: config/protocol_event_config.json
2026-01-31 15:00:11,957 event_manager.py:193 支持的协议: ['liwei', 'haineng', 'zhongyi', 'jiangsu', 'default']
2026-01-31 15:00:11,959 udp_protocol.py:61 UDP服务已启动，监听端口: 10102
2026-01-31 15:00:11,960 server_manager.py:57 事件轮询任务已启动，轮询间隔: 5秒
2026-01-31 15:05:29,761 event_manager.py:192 从配置文件加载了协议事件配置: config/protocol_event_config.json
2026-01-31 15:05:29,762 event_manager.py:193 支持的协议: ['liwei', 'haineng', 'zhongyi', 'jiangsu', 'default']
2026-01-31 15:05:29,764 udp_protocol.py:61 UDP服务已启动，监听端口: 10102
2026-01-31 15:05:29,765 server_manager.py:57 事件轮询任务已启动，轮询间隔: 5秒
2026-01-31 15:07:41,347 event_manager.py:192 从配置文件加载了协议事件配置: config/protocol_event_config.json
2026-01-31 15:07:41,347 event_manager.py:193 支持的协议: ['liwei', 'haineng', 'zhongyi', 'jiangsu', 'default']
2026-01-31 15:09:39,085 event_manager.py:192 从配置文件加载了协议事件配置: config/protocol_event_config.json
2026-01-31 15:09:39,086 event_manager.py:193 支持的协议: ['liwei', 'haineng', 'zhongyi', 'jiangsu', 'default']
2026-01-31 15:09:39,087 udp_protocol.py:61 UDP服务已启动，监听端口: 10102
2026-01-31 15:09:39,088 server_manager.py:57 事件轮询任务已启动，轮询间隔: 5秒
2026-01-31 15:17:04,396 event_manager.py:192 从配置文件加载了协议事件配置: config/protocol_event_config.json
2026-01-31 15:17:04,396 event_manager.py:193 支持的协议: ['liwei', 'haineng', 'zhongyi', 'jiangsu', 'default']
2026-01-31 15:17:04,398 udp_protocol.py:61 UDP服务已启动，监听端口: 10102
2026-01-31 15:17:04,398 server_manager.py:57 事件轮询任务已启动，轮询间隔: 5秒
2026-01-31 15:19:13,718 event_manager.py:192 从配置文件加载了协议事件配置: config/protocol_event_config.json
2026-01-31 15:19:13,718 event_manager.py:193 支持的协议: ['liwei', 'haineng', 'zhongyi', 'jiangsu', 'default']
2026-01-31 15:19:13,719 udp_protocol.py:61 UDP服务已启动，监听端口: 10102
2026-01-31 15:19:13,720 server_manager.py:57 事件轮询任务已启动，轮询间隔: 5秒
2026-01-31 15:20:05,297 event_manager.py:192 从配置文件加载了协议事件配置: config/protocol_event_config.json
2026-01-31 15:20:05,297 event_manager.py:193 支持的协议: ['liwei', 'haineng', 'zhongyi', 'jiangsu', 'default']
2026-01-31 15:20:05,299 udp_protocol.py:61 UDP服务已启动，监听端口: 10102
2026-01-31 15:20:05,301 server_manager.py:57 事件轮询任务已启动，轮询间隔: 5秒
2026-01-31 15:28:15,142 event_manager.py:194 从配置文件加载了协议事件配置: E:\SOFTWARE_TEST_ENGINEER\6、练习题\卓望-联合永道bak\07_TOOLS\03_FSU_ENTRANCE\01_GD_ENTRANCE\fsu_b_mock\config\protocol_event_config.json
2026-01-31 15:28:15,142 event_manager.py:195 支持的协议: ['liwei', 'haineng', 'zhongyi', 'jiangsu', 'default']
2026-01-31 15:29:25,110 event_manager.py:194 从配置文件加载了协议事件配置: e:\SOFTWARE_TEST_ENGINEER\6、练习题\卓望-联合永道bak\07_TOOLS\03_FSU_ENTRANCE\01_GD_ENTRANCE\fsu_b_mock\config\protocol_event_config.json
2026-01-31 15:29:25,110 event_manager.py:195 支持的协议: ['liwei', 'haineng', 'zhongyi', 'jiangsu', 'default']
2026-01-31 15:29:25,112 udp_protocol.py:61 UDP服务已启动，监听端口: 10102
2026-01-31 15:29:25,113 server_manager.py:57 事件轮询任务已启动，轮询间隔: 5秒
2026-01-31 15:31:42,814 event_manager.py:194 从配置文件加载了协议事件配置: E:\SOFTWARE_TEST_ENGINEER\6、练习题\卓望-联合永道bak\07_TOOLS\03_FSU_ENTRANCE\01_GD_ENTRANCE\fsu_b_mock\config\protocol_event_config.json
2026-01-31 15:31:42,814 event_manager.py:195 支持的协议: ['liwei', 'haineng', 'zhongyi', 'jiangsu', 'default']
2026-01-31 15:32:25,930 event_manager.py:194 从配置文件加载了协议事件配置: e:\SOFTWARE_TEST_ENGINEER\6、练习题\卓望-联合永道bak\07_TOOLS\03_FSU_ENTRANCE\01_GD_ENTRANCE\fsu_b_mock\config\protocol_event_config.json
2026-01-31 15:32:25,930 event_manager.py:195 支持的协议: ['liwei', 'haineng', 'zhongyi', 'jiangsu', 'default']
2026-01-31 15:32:25,932 udp_protocol.py:61 UDP服务已启动，监听端口: 10102
2026-01-31 15:32:25,933 server_manager.py:57 事件轮询任务已启动，轮询间隔: 5秒
2026-01-31 15:37:40,348 event_manager.py:194 从配置文件加载了协议事件配置: e:\SOFTWARE_TEST_ENGINEER\6、练习题\卓望-联合永道bak\07_TOOLS\03_FSU_ENTRANCE\01_GD_ENTRANCE\fsu_b_mock\config\protocol_event_config.json
2026-01-31 15:37:40,348 event_manager.py:195 支持的协议: ['liwei', 'haineng', 'zhongyi', 'jiangsu', 'default']
2026-01-31 15:37:40,350 udp_protocol.py:61 UDP服务已启动，监听端口: 10102
2026-01-31 15:37:40,351 server_manager.py:57 事件轮询任务已启动，轮询间隔: 5秒
2026-01-31 15:42:08,472 event_manager.py:194 从配置文件加载了协议事件配置: e:\SOFTWARE_TEST_ENGINEER\6、练习题\卓望-联合永道bak\07_TOOLS\03_FSU_ENTRANCE\01_GD_ENTRANCE\fsu_b_mock\config\protocol_event_config.json
2026-01-31 15:42:08,472 event_manager.py:195 支持的协议: ['liwei', 'haineng', 'zhongyi', 'jiangsu', 'default']
2026-01-31 15:42:08,473 udp_protocol.py:61 UDP服务已启动，监听端口: 10102
2026-01-31 15:42:08,474 server_manager.py:57 事件轮询任务已启动，轮询间隔: 5秒
2026-01-31 15:46:29,769 event_manager.py:194 从配置文件加载了协议事件配置: e:\SOFTWARE_TEST_ENGINEER\6、练习题\卓望-联合永道bak\07_TOOLS\03_FSU_ENTRANCE\01_GD_ENTRANCE\fsu_b_mock\config\protocol_event_config.json
2026-01-31 15:46:29,769 event_manager.py:195 支持的协议: ['liwei', 'haineng', 'zhongyi', 'jiangsu', 'default']
2026-01-31 15:46:29,771 udp_protocol.py:61 UDP服务已启动，监听端口: 10102
2026-01-31 15:46:29,773 server_manager.py:57 事件轮询任务已启动，轮询间隔: 5秒
2026-01-31 15:48:46,367 event_manager.py:194 从配置文件加载了协议事件配置: e:\SOFTWARE_TEST_ENGINEER\6、练习题\卓望-联合永道bak\07_TOOLS\03_FSU_ENTRANCE\01_GD_ENTRANCE\fsu_b_mock\config\protocol_event_config.json
2026-01-31 15:48:46,368 event_manager.py:195 支持的协议: ['liwei', 'haineng', 'zhongyi', 'jiangsu', 'default']
2026-01-31 15:48:46,369 udp_protocol.py:61 UDP服务已启动，监听端口: 10102
2026-01-31 15:48:46,371 server_manager.py:57 事件轮询任务已启动，轮询间隔: 5秒
2026-01-31 15:52:03,748 event_manager.py:194 从配置文件加载了协议事件配置: e:\SOFTWARE_TEST_ENGINEER\6、练习题\卓望-联合永道bak\07_TOOLS\03_FSU_ENTRANCE\01_GD_ENTRANCE\fsu_b_mock\config\protocol_event_config.json
2026-01-31 15:52:03,748 event_manager.py:195 支持的协议: ['liwei', 'haineng', 'zhongyi', 'jiangsu', 'default']
2026-01-31 15:52:03,750 udp_protocol.py:61 UDP服务已启动，监听端口: 10102
2026-01-31 15:52:03,753 server_manager.py:57 事件轮询任务已启动，轮询间隔: 5秒
2026-01-31 15:53:38,901 event_manager.py:194 从配置文件加载了协议事件配置: e:\SOFTWARE_TEST_ENGINEER\6、练习题\卓望-联合永道bak\07_TOOLS\03_FSU_ENTRANCE\01_GD_ENTRANCE\fsu_b_mock\config\protocol_event_config.json
2026-01-31 15:53:38,902 event_manager.py:195 支持的协议: ['liwei', 'haineng', 'zhongyi', 'jiangsu', 'default']
2026-01-31 15:53:38,903 udp_protocol.py:61 UDP服务已启动，监听端口: 10102
2026-01-31 15:53:38,904 server_manager.py:57 事件轮询任务已启动，轮询间隔: 5秒
2026-01-31 15:53:57,792 event_manager.py:194 从配置文件加载了协议事件配置: e:\SOFTWARE_TEST_ENGINEER\6、练习题\卓望-联合永道bak\07_TOOLS\03_FSU_ENTRANCE\01_GD_ENTRANCE\fsu_b_mock\config\protocol_event_config.json
2026-01-31 15:53:57,792 event_manager.py:195 支持的协议: ['liwei', 'haineng', 'zhongyi', 'jiangsu', 'default']
2026-01-31 15:53:57,794 udp_protocol.py:61 UDP服务已启动，监听端口: 10102
2026-01-31 15:53:57,795 server_manager.py:57 事件轮询任务已启动，轮询间隔: 5秒
2026-01-31 16:01:43,453 event_manager.py:194 从配置文件加载了协议事件配置: e:\SOFTWARE_TEST_ENGINEER\6、练习题\卓望-联合永道bak\07_TOOLS\03_FSU_ENTRANCE\01_GD_ENTRANCE\fsu_b_mock\config\protocol_event_config.json
2026-01-31 16:01:43,453 event_manager.py:195 支持的协议: ['liwei', 'haineng', 'zhongyi', 'jiangsu', 'default']
2026-01-31 16:01:43,455 udp_protocol.py:61 UDP服务已启动，监听端口: 10102
2026-01-31 16:01:43,456 server_manager.py:57 事件轮询任务已启动，轮询间隔: 5秒
2026-01-31 16:09:19,412 event_manager.py:194 从配置文件加载了协议事件配置: E:\SOFTWARE_TEST_ENGINEER\6、练习题\卓望-联合永道bak\07_TOOLS\03_FSU_ENTRANCE\01_GD_ENTRANCE\fsu_b_mock\config\protocol_event_config.json
2026-01-31 16:09:19,413 event_manager.py:195 支持的协议: ['liwei', 'haineng', 'zhongyi', 'jiangsu', 'default']
2026-01-31 16:09:19,414 udp_protocol.py:61 UDP服务已启动，监听端口: 10102
2026-01-31 16:09:19,414 server_manager.py:57 事件轮询任务已启动，轮询间隔: 5秒
2026-01-31 16:09:42,862 event_manager.py:194 从配置文件加载了协议事件配置: E:\SOFTWARE_TEST_ENGINEER\6、练习题\卓望-联合永道bak\07_TOOLS\03_FSU_ENTRANCE\01_GD_ENTRANCE\fsu_b_mock\config\protocol_event_config.json
2026-01-31 16:09:42,862 event_manager.py:195 支持的协议: ['liwei', 'haineng', 'zhongyi', 'jiangsu', 'default']
2026-01-31 16:09:42,863 udp_protocol.py:61 UDP服务已启动，监听端口: 10102
2026-01-31 16:09:42,864 server_manager.py:57 事件轮询任务已启动，轮询间隔: 5秒
2026-01-31 16:10:05,463 event_manager.py:194 从配置文件加载了协议事件配置: E:\SOFTWARE_TEST_ENGINEER\6、练习题\卓望-联合永道bak\07_TOOLS\03_FSU_ENTRANCE\01_GD_ENTRANCE\fsu_b_mock\config\protocol_event_config.json
2026-01-31 16:10:05,463 event_manager.py:195 支持的协议: ['liwei', 'haineng', 'zhongyi', 'jiangsu', 'default']
2026-01-31 16:10:05,464 udp_protocol.py:61 UDP服务已启动，监听端口: 10102
2026-01-31 16:10:05,464 server_manager.py:57 事件轮询任务已启动，轮询间隔: 5秒
2026-01-31 16:10:10,134 event_manager.py:194 从配置文件加载了协议事件配置: E:\SOFTWARE_TEST_ENGINEER\6、练习题\卓望-联合永道bak\07_TOOLS\03_FSU_ENTRANCE\01_GD_ENTRANCE\fsu_b_mock\config\protocol_event_config.json
2026-01-31 16:10:10,134 event_manager.py:195 支持的协议: ['liwei', 'haineng', 'zhongyi', 'jiangsu', 'default']
2026-01-31 16:10:10,138 udp_protocol.py:61 UDP服务已启动，监听端口: 10102
2026-01-31 16:10:10,140 server_manager.py:57 事件轮询任务已启动，轮询间隔: 5秒
2026-01-31 16:10:17,077 event_manager.py:194 从配置文件加载了协议事件配置: E:\SOFTWARE_TEST_ENGINEER\6、练习题\卓望-联合永道bak\07_TOOLS\03_FSU_ENTRANCE\01_GD_ENTRANCE\fsu_b_mock\config\protocol_event_config.json
2026-01-31 16:10:17,077 event_manager.py:195 支持的协议: ['liwei', 'haineng', 'zhongyi', 'jiangsu', 'default']
2026-01-31 16:10:17,078 udp_protocol.py:61 UDP服务已启动，监听端口: 10102
2026-01-31 16:10:17,079 server_manager.py:57 事件轮询任务已启动，轮询间隔: 5秒
2026-01-31 16:10:25,006 event_manager.py:194 从配置文件加载了协议事件配置: E:\SOFTWARE_TEST_ENGINEER\6、练习题\卓望-联合永道bak\07_TOOLS\03_FSU_ENTRANCE\01_GD_ENTRANCE\fsu_b_mock\config\protocol_event_config.json
2026-01-31 16:10:25,006 event_manager.py:195 支持的协议: ['liwei', 'haineng', 'zhongyi', 'jiangsu', 'default']
2026-01-31 16:10:25,007 udp_protocol.py:61 UDP服务已启动，监听端口: 10102
2026-01-31 16:10:25,008 server_manager.py:57 事件轮询任务已启动，轮询间隔: 5秒
2026-01-31 16:10:37,866 event_manager.py:194 从配置文件加载了协议事件配置: E:\SOFTWARE_TEST_ENGINEER\6、练习题\卓望-联合永道bak\07_TOOLS\03_FSU_ENTRANCE\01_GD_ENTRANCE\fsu_b_mock\config\protocol_event_config.json
2026-01-31 16:10:37,866 event_manager.py:195 支持的协议: ['liwei', 'haineng', 'zhongyi', 'jiangsu', 'default']
2026-01-31 16:10:37,868 udp_protocol.py:61 UDP服务已启动，监听端口: 10102
2026-01-31 16:10:37,868 server_manager.py:57 事件轮询任务已启动，轮询间隔: 5秒
2026-01-31 16:27:48,492 event_manager.py:194 从配置文件加载了协议事件配置: e:\SOFTWARE_TEST_ENGINEER\6、练习题\卓望-联合永道bak\07_TOOLS\03_FSU_ENTRANCE\01_GD_ENTRANCE\fsu_b_mock\config\protocol_event_config.json
2026-01-31 16:27:48,492 event_manager.py:195 支持的协议: ['liwei', 'haineng', 'zhongyi', 'jiangsu', 'default']
2026-01-31 16:27:48,495 udp_protocol.py:61 UDP服务已启动，监听端口: 10102
2026-01-31 16:27:48,496 server_manager.py:57 事件轮询任务已启动，轮询间隔: 5秒
2026-01-31 16:27:54,859 event_manager.py:194 从配置文件加载了协议事件配置: e:\SOFTWARE_TEST_ENGINEER\6、练习题\卓望-联合永道bak\07_TOOLS\03_FSU_ENTRANCE\01_GD_ENTRANCE\fsu_b_mock\config\protocol_event_config.json
2026-01-31 16:27:54,859 event_manager.py:195 支持的协议: ['liwei', 'haineng', 'zhongyi', 'jiangsu', 'default']
2026-01-31 16:27:54,861 udp_protocol.py:61 UDP服务已启动，监听端口: 10102
2026-01-31 16:27:54,862 server_manager.py:57 事件轮询任务已启动，轮询间隔: 5秒
2026-01-31 16:28:23,415 event_manager.py:194 从配置文件加载了协议事件配置: e:\SOFTWARE_TEST_ENGINEER\6、练习题\卓望-联合永道bak\07_TOOLS\03_FSU_ENTRANCE\01_GD_ENTRANCE\fsu_b_mock\config\protocol_event_config.json
2026-01-31 16:28:23,415 event_manager.py:195 支持的协议: ['liwei', 'haineng', 'zhongyi', 'jiangsu', 'default']
2026-01-31 16:28:23,416 udp_protocol.py:61 UDP服务已启动，监听端口: 10102
2026-01-31 16:28:23,417 server_manager.py:57 事件轮询任务已启动，轮询间隔: 5秒
2026-01-31 16:30:10,182 event_manager.py:194 从配置文件加载了协议事件配置: e:\SOFTWARE_TEST_ENGINEER\6、练习题\卓望-联合永道bak\07_TOOLS\03_FSU_ENTRANCE\01_GD_ENTRANCE\fsu_b_mock\config\protocol_event_config.json
2026-01-31 16:30:10,182 event_manager.py:195 支持的协议: ['liwei', 'haineng', 'zhongyi', 'jiangsu', 'default']
2026-01-31 16:30:10,185 udp_protocol.py:61 UDP服务已启动，监听端口: 10102
2026-01-31 16:30:10,187 server_manager.py:57 事件轮询任务已启动，轮询间隔: 5秒
2026-01-31 16:31:11,161 event_manager.py:194 从配置文件加载了协议事件配置: e:\SOFTWARE_TEST_ENGINEER\6、练习题\卓望-联合永道bak\07_TOOLS\03_FSU_ENTRANCE\01_GD_ENTRANCE\fsu_b_mock\config\protocol_event_config.json
2026-01-31 16:31:11,161 event_manager.py:195 支持的协议: ['liwei', 'haineng', 'zhongyi', 'jiangsu', 'default']
2026-01-31 16:31:11,163 udp_protocol.py:61 UDP服务已启动，监听端口: 10102
2026-01-31 16:31:11,164 server_manager.py:57 事件轮询任务已启动，轮询间隔: 5秒
2026-01-31 16:32:15,007 event_manager.py:194 从配置文件加载了协议事件配置: e:\SOFTWARE_TEST_ENGINEER\6、练习题\卓望-联合永道bak\07_TOOLS\03_FSU_ENTRANCE\01_GD_ENTRANCE\fsu_b_mock\config\protocol_event_config.json
2026-01-31 16:32:15,007 event_manager.py:195 支持的协议: ['liwei', 'haineng', 'zhongyi', 'jiangsu', 'default']
2026-01-31 16:32:15,009 udp_protocol.py:61 UDP服务已启动，监听端口: 10102
2026-01-31 16:32:15,011 server_manager.py:57 事件轮询任务已启动，轮询间隔: 5秒
2026-01-31 16:34:21,525 event_manager.py:194 从配置文件加载了协议事件配置: e:\SOFTWARE_TEST_ENGINEER\6、练习题\卓望-联合永道bak\07_TOOLS\03_FSU_ENTRANCE\01_GD_ENTRANCE\fsu_b_mock\config\protocol_event_config.json
2026-01-31 16:34:21,525 event_manager.py:195 支持的协议: ['liwei', 'haineng', 'zhongyi', 'jiangsu', 'default']
2026-01-31 16:34:21,527 udp_protocol.py:61 UDP服务已启动，监听端口: 10102
2026-01-31 16:34:21,528 server_manager.py:57 事件轮询任务已启动，轮询间隔: 5秒
2026-01-31 16:35:46,621 event_manager.py:194 从配置文件加载了协议事件配置: e:\SOFTWARE_TEST_ENGINEER\6、练习题\卓望-联合永道bak\07_TOOLS\03_FSU_ENTRANCE\01_GD_ENTRANCE\fsu_b_mock\config\protocol_event_config.json
2026-01-31 16:35:46,621 event_manager.py:195 支持的协议: ['liwei', 'haineng', 'zhongyi', 'jiangsu', 'default']
2026-01-31 16:35:46,623 udp_protocol.py:61 UDP服务已启动，监听端口: 10102
2026-01-31 16:35:46,624 server_manager.py:57 事件轮询任务已启动，轮询间隔: 5秒
2026-01-31 16:36:20,543 event_manager.py:194 从配置文件加载了协议事件配置: e:\SOFTWARE_TEST_ENGINEER\6、练习题\卓望-联合永道bak\07_TOOLS\03_FSU_ENTRANCE\01_GD_ENTRANCE\fsu_b_mock\config\protocol_event_config.json
2026-01-31 16:36:20,544 event_manager.py:195 支持的协议: ['liwei', 'haineng', 'zhongyi', 'jiangsu', 'default']
2026-01-31 16:36:20,545 udp_protocol.py:61 UDP服务已启动，监听端口: 10102
2026-01-31 16:36:20,546 server_manager.py:57 事件轮询任务已启动，轮询间隔: 5秒
2026-01-31 16:37:37,138 event_manager.py:194 从配置文件加载了协议事件配置: e:\SOFTWARE_TEST_ENGINEER\6、练习题\卓望-联合永道bak\07_TOOLS\03_FSU_ENTRANCE\01_GD_ENTRANCE\fsu_b_mock\config\protocol_event_config.json
2026-01-31 16:37:37,138 event_manager.py:195 支持的协议: ['liwei', 'haineng', 'zhongyi', 'jiangsu', 'default']
2026-01-31 16:37:37,140 udp_protocol.py:61 UDP服务已启动，监听端口: 10102
2026-01-31 16:37:37,141 server_manager.py:57 事件轮询任务已启动，轮询间隔: 5秒
2026-01-31 16:37:44,341 event_manager.py:194 从配置文件加载了协议事件配置: E:\SOFTWARE_TEST_ENGINEER\6、练习题\卓望-联合永道bak\07_TOOLS\03_FSU_ENTRANCE\01_GD_ENTRANCE\fsu_b_mock\config\protocol_event_config.json
2026-01-31 16:37:44,341 event_manager.py:195 支持的协议: ['liwei', 'haineng', 'zhongyi', 'jiangsu', 'default']
2026-01-31 16:37:59,295 event_manager.py:194 从配置文件加载了协议事件配置: E:\SOFTWARE_TEST_ENGINEER\6、练习题\卓望-联合永道bak\07_TOOLS\03_FSU_ENTRANCE\01_GD_ENTRANCE\fsu_b_mock\config\protocol_event_config.json
2026-01-31 16:37:59,295 event_manager.py:195 支持的协议: ['liwei', 'haineng', 'zhongyi', 'jiangsu', 'default']
2026-01-31 16:37:59,296 udp_protocol.py:61 UDP服务已启动，监听端口: 10102
2026-01-31 16:37:59,297 server_manager.py:57 事件轮询任务已启动，轮询间隔: 5秒
2026-01-31 16:41:44,823 event_manager.py:194 从配置文件加载了协议事件配置: e:\SOFTWARE_TEST_ENGINEER\6、练习题\卓望-联合永道bak\07_TOOLS\03_FSU_ENTRANCE\01_GD_ENTRANCE\fsu_b_mock\config\protocol_event_config.json
2026-01-31 16:41:44,823 event_manager.py:195 支持的协议: ['liwei', 'haineng', 'zhongyi', 'jiangsu', 'default']
2026-01-31 16:42:02,869 event_manager.py:194 从配置文件加载了协议事件配置: e:\SOFTWARE_TEST_ENGINEER\6、练习题\卓望-联合永道bak\07_TOOLS\03_FSU_ENTRANCE\01_GD_ENTRANCE\fsu_b_mock\config\protocol_event_config.json
2026-01-31 16:42:02,869 event_manager.py:195 支持的协议: ['liwei', 'haineng', 'zhongyi', 'jiangsu', 'default']
2026-01-31 16:42:02,871 udp_protocol.py:61 UDP服务已启动，监听端口: 10102
2026-01-31 16:42:02,873 server_manager.py:57 事件轮询任务已启动，轮询间隔: 5秒
2026-01-31 16:47:33,448 event_manager.py:194 从配置文件加载了协议事件配置: E:\SOFTWARE_TEST_ENGINEER\6、练习题\卓望-联合永道bak\07_TOOLS\03_FSU_ENTRANCE\01_GD_ENTRANCE\fsu_b_mock\config\protocol_event_config.json
2026-01-31 16:47:33,448 event_manager.py:195 支持的协议: ['liwei', 'haineng', 'zhongyi', 'jiangsu', 'default']
2026-01-31 16:47:33,450 udp_protocol.py:61 UDP服务已启动，监听端口: 10102
2026-01-31 16:47:33,451 server_manager.py:57 事件轮询任务已启动，轮询间隔: 5秒
2026-01-31 16:49:00,052 event_manager.py:194 从配置文件加载了协议事件配置: E:\SOFTWARE_TEST_ENGINEER\6、练习题\卓望-联合永道bak\07_TOOLS\03_FSU_ENTRANCE\01_GD_ENTRANCE\fsu_b_mock\config\protocol_event_config.json
2026-01-31 16:49:00,053 event_manager.py:195 支持的协议: ['liwei', 'haineng', 'zhongyi', 'jiangsu', 'default']
2026-01-31 16:49:00,054 udp_protocol.py:61 UDP服务已启动，监听端口: 10102
2026-01-31 16:49:00,055 server_manager.py:57 事件轮询任务已启动，轮询间隔: 5秒
2026-01-31 16:49:56,091 event_manager.py:194 从配置文件加载了协议事件配置: E:\SOFTWARE_TEST_ENGINEER\6、练习题\卓望-联合永道bak\07_TOOLS\03_FSU_ENTRANCE\01_GD_ENTRANCE\fsu_b_mock\config\protocol_event_config.json
2026-01-31 16:49:56,091 event_manager.py:195 支持的协议: ['liwei', 'haineng', 'zhongyi', 'jiangsu', 'default']
2026-01-31 16:49:56,093 udp_protocol.py:61 UDP服务已启动，监听端口: 10102
2026-01-31 16:49:56,094 server_manager.py:57 事件轮询任务已启动，轮询间隔: 5秒
2026-01-31 16:52:18,384 event_manager.py:194 从配置文件加载了协议事件配置: E:\SOFTWARE_TEST_ENGINEER\6、练习题\卓望-联合永道bak\07_TOOLS\03_FSU_ENTRANCE\01_GD_ENTRANCE\fsu_b_mock\config\protocol_event_config.json
2026-01-31 16:52:18,384 event_manager.py:195 支持的协议: ['liwei', 'haineng', 'zhongyi', 'jiangsu', 'default']
2026-01-31 16:52:18,385 udp_protocol.py:61 UDP服务已启动，监听端口: 10102
2026-01-31 16:52:18,386 server_manager.py:57 事件轮询任务已启动，轮询间隔: 5秒
2026-01-31 16:52:47,363 event_manager.py:194 从配置文件加载了协议事件配置: E:\SOFTWARE_TEST_ENGINEER\6、练习题\卓望-联合永道bak\07_TOOLS\03_FSU_ENTRANCE\01_GD_ENTRANCE\fsu_b_mock\config\protocol_event_config.json
2026-01-31 16:52:47,363 event_manager.py:195 支持的协议: ['liwei', 'haineng', 'zhongyi', 'jiangsu', 'default']
2026-01-31 16:52:47,364 udp_protocol.py:61 UDP服务已启动，监听端口: 10102
2026-01-31 16:52:47,365 server_manager.py:57 事件轮询任务已启动，轮询间隔: 5秒
2026-01-31 16:53:23,786 event_manager.py:194 从配置文件加载了协议事件配置: E:\SOFTWARE_TEST_ENGINEER\6、练习题\卓望-联合永道bak\07_TOOLS\03_FSU_ENTRANCE\01_GD_ENTRANCE\fsu_b_mock\config\protocol_event_config.json
2026-01-31 16:53:23,786 event_manager.py:195 支持的协议: ['liwei', 'haineng', 'zhongyi', 'jiangsu', 'default']
2026-01-31 16:53:23,787 udp_protocol.py:61 UDP服务已启动，监听端口: 10102
2026-01-31 16:53:23,788 server_manager.py:57 事件轮询任务已启动，轮询间隔: 5秒
2026-01-31 16:55:28,227 event_manager.py:194 从配置文件加载了协议事件配置: E:\SOFTWARE_TEST_ENGINEER\6、练习题\卓望-联合永道bak\07_TOOLS\03_FSU_ENTRANCE\01_GD_ENTRANCE\fsu_b_mock\config\protocol_event_config.json
2026-01-31 16:55:28,227 event_manager.py:195 支持的协议: ['liwei', 'haineng', 'zhongyi', 'jiangsu', 'default']
2026-01-31 16:55:28,229 udp_protocol.py:61 UDP服务已启动，监听端口: 10102
2026-01-31 16:55:28,230 server_manager.py:57 事件轮询任务已启动，轮询间隔: 5秒
2026-01-31 17:01:11,939 event_manager.py:194 从配置文件加载了协议事件配置: E:\SOFTWARE_TEST_ENGINEER\6、练习题\卓望-联合永道bak\07_TOOLS\03_FSU_ENTRANCE\01_GD_ENTRANCE\fsu_b_mock\config\protocol_event_config.json
2026-01-31 17:01:11,939 event_manager.py:195 支持的协议: ['liwei', 'haineng', 'zhongyi', 'jiangsu', 'default']
2026-01-31 17:01:11,940 udp_protocol.py:61 UDP服务已启动，监听端口: 10102
2026-01-31 17:01:11,941 server_manager.py:57 事件轮询任务已启动，轮询间隔: 5秒
2026-01-31 17:01:30,532 event_manager.py:194 从配置文件加载了协议事件配置: E:\SOFTWARE_TEST_ENGINEER\6、练习题\卓望-联合永道bak\07_TOOLS\03_FSU_ENTRANCE\01_GD_ENTRANCE\fsu_b_mock\config\protocol_event_config.json
2026-01-31 17:01:30,532 event_manager.py:195 支持的协议: ['liwei', 'haineng', 'zhongyi', 'jiangsu', 'default']
2026-01-31 17:01:30,533 udp_protocol.py:61 UDP服务已启动，监听端口: 10102
2026-01-31 17:01:30,534 server_manager.py:57 事件轮询任务已启动，轮询间隔: 5秒
2026-01-31 17:03:12,914 event_manager.py:194 从配置文件加载了协议事件配置: e:\SOFTWARE_TEST_ENGINEER\6、练习题\卓望-联合永道bak\07_TOOLS\03_FSU_ENTRANCE\01_GD_ENTRANCE\fsu_b_mock\config\protocol_event_config.json
2026-01-31 17:03:12,916 event_manager.py:195 支持的协议: ['liwei', 'haineng', 'zhongyi', 'jiangsu', 'default']
2026-01-31 17:03:12,918 udp_protocol.py:61 UDP服务已启动，监听端口: 10102
2026-01-31 17:03:12,919 server_manager.py:57 事件轮询任务已启动，轮询间隔: 5秒
2026-01-31 17:03:37,835 event_manager.py:194 从配置文件加载了协议事件配置: e:\SOFTWARE_TEST_ENGINEER\6、练习题\卓望-联合永道bak\07_TOOLS\03_FSU_ENTRANCE\01_GD_ENTRANCE\fsu_b_mock\config\protocol_event_config.json
2026-01-31 17:03:37,835 event_manager.py:195 支持的协议: ['liwei', 'haineng', 'zhongyi', 'jiangsu', 'default']
2026-01-31 17:03:37,837 udp_protocol.py:61 UDP服务已启动，监听端口: 10102
2026-01-31 17:03:37,838 server_manager.py:57 事件轮询任务已启动，轮询间隔: 5秒
2026-01-31 17:04:13,546 event_manager.py:194 从配置文件加载了协议事件配置: e:\SOFTWARE_TEST_ENGINEER\6、练习题\卓望-联合永道bak\07_TOOLS\03_FSU_ENTRANCE\01_GD_ENTRANCE\fsu_b_mock\config\protocol_event_config.json
2026-01-31 17:04:13,546 event_manager.py:195 支持的协议: ['liwei', 'haineng', 'zhongyi', 'jiangsu', 'default']
2026-01-31 17:04:13,547 udp_protocol.py:61 UDP服务已启动，监听端口: 10102
2026-01-31 17:04:13,548 server_manager.py:57 事件轮询任务已启动，轮询间隔: 5秒
2026-01-31 17:05:43,021 event_manager.py:194 从配置文件加载了协议事件配置: E:\SOFTWARE_TEST_ENGINEER\6、练习题\卓望-联合永道bak\07_TOOLS\03_FSU_ENTRANCE\01_GD_ENTRANCE\fsu_b_mock\config\protocol_event_config.json
2026-01-31 17:05:43,021 event_manager.py:195 支持的协议: ['liwei', 'haineng', 'zhongyi', 'jiangsu', 'default']
2026-01-31 17:05:54,324 event_manager.py:194 从配置文件加载了协议事件配置: E:\SOFTWARE_TEST_ENGINEER\6、练习题\卓望-联合永道bak\07_TOOLS\03_FSU_ENTRANCE\01_GD_ENTRANCE\fsu_b_mock\config\protocol_event_config.json
2026-01-31 17:05:54,324 event_manager.py:195 支持的协议: ['liwei', 'haineng', 'zhongyi', 'jiangsu', 'default']
2026-01-31 17:05:54,325 udp_protocol.py:61 UDP服务已启动，监听端口: 10102
2026-01-31 17:05:54,326 server_manager.py:57 事件轮询任务已启动，轮询间隔: 5秒
2026-01-31 17:06:06,077 event_manager.py:194 从配置文件加载了协议事件配置: E:\SOFTWARE_TEST_ENGINEER\6、练习题\卓望-联合永道bak\07_TOOLS\03_FSU_ENTRANCE\01_GD_ENTRANCE\fsu_b_mock\config\protocol_event_config.json
2026-01-31 17:06:06,077 event_manager.py:195 支持的协议: ['liwei', 'haineng', 'zhongyi', 'jiangsu', 'default']
2026-01-31 17:06:06,078 udp_protocol.py:61 UDP服务已启动，监听端口: 10102
2026-01-31 17:06:06,079 server_manager.py:57 事件轮询任务已启动，轮询间隔: 5秒
2026-01-31 17:06:57,297 event_manager.py:194 从配置文件加载了协议事件配置: E:\SOFTWARE_TEST_ENGINEER\6、练习题\卓望-联合永道bak\07_TOOLS\03_FSU_ENTRANCE\01_GD_ENTRANCE\fsu_b_mock\config\protocol_event_config.json
2026-01-31 17:06:57,297 event_manager.py:195 支持的协议: ['liwei', 'haineng', 'zhongyi', 'jiangsu', 'default']
2026-01-31 17:06:57,298 udp_protocol.py:61 UDP服务已启动，监听端口: 10102
2026-01-31 17:06:57,299 server_manager.py:57 事件轮询任务已启动，轮询间隔: 5秒
2026-01-31 17:08:21,506 event_manager.py:194 从配置文件加载了协议事件配置: E:\SOFTWARE_TEST_ENGINEER\6、练习题\卓望-联合永道bak\07_TOOLS\03_FSU_ENTRANCE\01_GD_ENTRANCE\fsu_b_mock\config\protocol_event_config.json
2026-01-31 17:08:21,506 event_manager.py:195 支持的协议: ['liwei', 'haineng', 'zhongyi', 'jiangsu', 'default']
2026-01-31 17:08:21,507 udp_protocol.py:61 UDP服务已启动，监听端口: 10102
2026-01-31 17:08:21,508 server_manager.py:57 事件轮询任务已启动，轮询间隔: 5秒
2026-01-31 17:08:52,032 event_manager.py:194 从配置文件加载了协议事件配置: E:\SOFTWARE_TEST_ENGINEER\6、练习题\卓望-联合永道bak\07_TOOLS\03_FSU_ENTRANCE\01_GD_ENTRANCE\fsu_b_mock\config\protocol_event_config.json
2026-01-31 17:08:52,032 event_manager.py:195 支持的协议: ['liwei', 'haineng', 'zhongyi', 'jiangsu', 'default']
2026-01-31 17:08:52,033 udp_protocol.py:61 UDP服务已启动，监听端口: 10102
2026-01-31 17:08:52,034 server_manager.py:57 事件轮询任务已启动，轮询间隔: 5秒
2026-01-31 17:10:17,684 event_manager.py:194 从配置文件加载了协议事件配置: E:\SOFTWARE_TEST_ENGINEER\6、练习题\卓望-联合永道bak\07_TOOLS\03_FSU_ENTRANCE\01_GD_ENTRANCE\fsu_b_mock\config\protocol_event_config.json
2026-01-31 17:10:17,684 event_manager.py:195 支持的协议: ['liwei', 'haineng', 'zhongyi', 'jiangsu', 'default']
2026-01-31 17:10:17,685 udp_protocol.py:61 UDP服务已启动，监听端口: 10102
2026-01-31 17:10:17,686 server_manager.py:57 事件轮询任务已启动，轮询间隔: 5秒
2026-01-31 17:10:46,815 event_manager.py:194 从配置文件加载了协议事件配置: E:\SOFTWARE_TEST_ENGINEER\6、练习题\卓望-联合永道bak\07_TOOLS\03_FSU_ENTRANCE\01_GD_ENTRANCE\fsu_b_mock\config\protocol_event_config.json
2026-01-31 17:10:46,815 event_manager.py:195 支持的协议: ['liwei', 'haineng', 'zhongyi', 'jiangsu', 'default']
2026-01-31 17:10:46,816 udp_protocol.py:61 UDP服务已启动，监听端口: 10102
2026-01-31 17:10:46,816 server_manager.py:57 事件轮询任务已启动，轮询间隔: 5秒
2026-01-31 17:11:19,421 event_manager.py:194 从配置文件加载了协议事件配置: E:\SOFTWARE_TEST_ENGINEER\6、练习题\卓望-联合永道bak\07_TOOLS\03_FSU_ENTRANCE\01_GD_ENTRANCE\fsu_b_mock\config\protocol_event_config.json
2026-01-31 17:11:19,421 event_manager.py:195 支持的协议: ['liwei', 'haineng', 'zhongyi', 'jiangsu', 'default']
2026-01-31 17:11:19,422 udp_protocol.py:61 UDP服务已启动，监听端口: 10102
2026-01-31 17:11:19,422 server_manager.py:57 事件轮询任务已启动，轮询间隔: 5秒
2026-01-31 17:12:23,753 event_manager.py:194 从配置文件加载了协议事件配置: E:\SOFTWARE_TEST_ENGINEER\6、练习题\卓望-联合永道bak\07_TOOLS\03_FSU_ENTRANCE\01_GD_ENTRANCE\fsu_b_mock\config\protocol_event_config.json
2026-01-31 17:12:23,753 event_manager.py:195 支持的协议: ['liwei', 'haineng', 'zhongyi', 'jiangsu', 'default']
2026-01-31 17:12:23,755 udp_protocol.py:61 UDP服务已启动，监听端口: 10102
2026-01-31 17:12:23,755 server_manager.py:57 事件轮询任务已启动，轮询间隔: 5秒
2026-01-31 17:12:47,688 event_manager.py:194 从配置文件加载了协议事件配置: E:\SOFTWARE_TEST_ENGINEER\6、练习题\卓望-联合永道bak\07_TOOLS\03_FSU_ENTRANCE\01_GD_ENTRANCE\fsu_b_mock\config\protocol_event_config.json
2026-01-31 17:12:47,689 event_manager.py:195 支持的协议: ['liwei', 'haineng', 'zhongyi', 'jiangsu', 'default']
2026-01-31 17:12:47,690 udp_protocol.py:61 UDP服务已启动，监听端口: 10102
2026-01-31 17:12:47,691 server_manager.py:57 事件轮询任务已启动，轮询间隔: 5秒
2026-01-31 17:23:13,757 event_manager.py:194 从配置文件加载了协议事件配置: E:\SOFTWARE_TEST_ENGINEER\6、练习题\卓望-联合永道bak\07_TOOLS\03_FSU_ENTRANCE\01_GD_ENTRANCE\fsu_b_mock\config\protocol_event_config.json
2026-01-31 17:23:13,757 event_manager.py:195 支持的协议: ['liwei', 'haineng', 'zhongyi', 'jiangsu', 'default']
2026-01-31 17:23:13,760 udp_protocol.py:61 UDP服务已启动，监听端口: 10102
2026-01-31 17:23:13,762 server_manager.py:57 事件轮询任务已启动，轮询间隔: 5秒
2026-01-31 17:23:36,629 event_manager.py:194 从配置文件加载了协议事件配置: E:\SOFTWARE_TEST_ENGINEER\6、练习题\卓望-联合永道bak\07_TOOLS\03_FSU_ENTRANCE\01_GD_ENTRANCE\fsu_b_mock\config\protocol_event_config.json
2026-01-31 17:23:36,629 event_manager.py:195 支持的协议: ['liwei', 'haineng', 'zhongyi', 'jiangsu', 'default']
2026-01-31 17:23:36,630 udp_protocol.py:61 UDP服务已启动，监听端口: 10102
2026-01-31 17:23:36,631 server_manager.py:57 事件轮询任务已启动，轮询间隔: 5秒
2026-01-31 17:24:36,844 event_manager.py:194 从配置文件加载了协议事件配置: E:\SOFTWARE_TEST_ENGINEER\6、练习题\卓望-联合永道bak\07_TOOLS\03_FSU_ENTRANCE\01_GD_ENTRANCE\fsu_b_mock\config\protocol_event_config.json
2026-01-31 17:24:36,845 event_manager.py:195 支持的协议: ['liwei', 'haineng', 'zhongyi', 'jiangsu', 'default']
2026-01-31 17:24:36,846 udp_protocol.py:61 UDP服务已启动，监听端口: 10102
2026-01-31 17:24:36,846 server_manager.py:57 事件轮询任务已启动，轮询间隔: 5秒
2026-01-31 17:34:11,733 event_manager.py:194 从配置文件加载了协议事件配置: E:\SOFTWARE_TEST_ENGINEER\6、练习题\卓望-联合永道bak\07_TOOLS\03_FSU_ENTRANCE\01_GD_ENTRANCE\fsu_b_mock\config\protocol_event_config.json
2026-01-31 17:34:11,733 event_manager.py:195 支持的协议: ['liwei', 'haineng', 'zhongyi', 'jiangsu', 'default']
2026-01-31 17:34:11,734 udp_protocol.py:61 UDP服务已启动，监听端口: 10102
2026-01-31 17:34:11,735 server_manager.py:57 事件轮询任务已启动，轮询间隔: 5秒
2026-01-31 18:13:33,994 event_manager.py:194 从配置文件加载了协议事件配置: e:\SOFTWARE_TEST_ENGINEER\6、练习题\卓望-联合永道bak\07_TOOLS\03_FSU_ENTRANCE\01_GD_ENTRANCE\fsu_b_mock\config\protocol_event_config.json
2026-01-31 18:13:33,994 event_manager.py:195 支持的协议: ['liwei', 'haineng', 'zhongyi', 'jiangsu', 'default']
2026-01-31 18:13:33,995 udp_protocol.py:61 UDP服务已启动，监听端口: 10102
2026-01-31 18:13:33,996 server_manager.py:57 事件轮询任务已启动，轮询间隔: 5秒
2026-01-31 18:17:06,654 event_manager.py:194 从配置文件加载了协议事件配置: e:\SOFTWARE_TEST_ENGINEER\6、练习题\卓望-联合永道bak\07_TOOLS\03_FSU_ENTRANCE\01_GD_ENTRANCE\fsu_b_mock\config\protocol_event_config.json
2026-01-31 18:17:06,654 event_manager.py:195 支持的协议: ['liwei', 'haineng', 'zhongyi', 'jiangsu', 'default']
2026-01-31 18:17:06,655 udp_protocol.py:61 UDP服务已启动，监听端口: 10102
2026-01-31 18:17:06,656 server_manager.py:57 事件轮询任务已启动，轮询间隔: 5秒
2026-01-31 18:31:26,271 event_manager.py:194 从配置文件加载了协议事件配置: e:\SOFTWARE_TEST_ENGINEER\6、练习题\卓望-联合永道bak\07_TOOLS\03_FSU_ENTRANCE\01_GD_ENTRANCE\fsu_b_mock\config\protocol_event_config.json
2026-01-31 18:31:26,271 event_manager.py:195 支持的协议: ['liwei', 'haineng', 'zhongyi', 'jiangsu', 'default']
2026-01-31 18:31:26,273 udp_protocol.py:61 UDP服务已启动，监听端口: 10102
2026-01-31 18:31:26,274 server_manager.py:57 事件轮询任务已启动，轮询间隔: 5秒
2026-01-31 19:27:47,554 event_manager.py:194 从配置文件加载了协议事件配置: e:\SOFTWARE_TEST_ENGINEER\6、练习题\卓望-联合永道bak\07_TOOLS\03_FSU_ENTRANCE\01_GD_ENTRANCE\fsu_b_mock\config\protocol_event_config.json
2026-01-31 19:27:47,554 event_manager.py:195 支持的协议: ['liwei', 'haineng', 'zhongyi', 'jiangsu', 'default']
2026-01-31 19:27:47,556 udp_protocol.py:61 UDP服务已启动，监听端口: 10102
2026-01-31 19:27:47,557 server_manager.py:57 事件轮询任务已启动，轮询间隔: 5秒
2026-01-31 20:18:02,536 event_manager.py:194 从配置文件加载了协议事件配置: e:\SOFTWARE_TEST_ENGINEER\6、练习题\卓望-联合永道bak\07_TOOLS\03_FSU_ENTRANCE\01_GD_ENTRANCE\fsu_b_mock\config\protocol_event_config.json
2026-01-31 20:18:02,536 event_manager.py:195 支持的协议: ['liwei', 'haineng', 'zhongyi', 'jiangsu', 'default']
2026-01-31 20:18:17,945 event_manager.py:194 从配置文件加载了协议事件配置: e:\SOFTWARE_TEST_ENGINEER\6、练习题\卓望-联合永道bak\07_TOOLS\03_FSU_ENTRANCE\01_GD_ENTRANCE\fsu_b_mock\config\protocol_event_config.json
2026-01-31 20:18:17,945 event_manager.py:195 支持的协议: ['liwei', 'haineng', 'zhongyi', 'jiangsu', 'default']
2026-01-31 20:18:17,947 udp_protocol.py:61 UDP服务已启动，监听端口: 10102
2026-01-31 20:18:17,947 server_manager.py:57 事件轮询任务已启动，轮询间隔: 5秒
