2026-01-31 02:01:44,904 udp_protocol.py:61 UDP服务已启动，监听端口: 10115
2026-01-31 02:20:32,729 udp_protocol.py:61 UDP服务已启动，监听端口: 10115
2026-01-31 02:21:24,620 udp_protocol.py:61 UDP服务已启动，监听端口: 10115
2026-01-31 02:21:44,815 udp_protocol.py:61 UDP服务已启动，监听端口: 10115
2026-01-31 02:21:54,928 udp_protocol.py:61 UDP服务已启动，监听端口: 10115
2026-01-31 02:22:14,667 udp_protocol.py:61 UDP服务已启动，监听端口: 10115
2026-01-31 02:40:10,287 udp_protocol.py:61 UDP服务已启动，监听端口: 10115
2026-01-31 02:54:32,700 udp_protocol.py:61 UDP服务已启动，监听端口: 10115
2026-01-31 03:02:05,552 udp_protocol.py:61 UDP服务已启动，监听端口: 10115
2026-01-31 03:08:30,804 udp_protocol.py:61 UDP服务已启动，监听端口: 10115
2026-01-31 03:18:24,019 udp_protocol.py:61 UDP服务已启动，监听端口: 10115
2026-01-31 03:20:23,120 udp_protocol.py:61 UDP服务已启动，监听端口: 10115
2026-01-31 03:20:42,595 udp_protocol.py:61 UDP服务已启动，监听端口: 10115
2026-01-31 03:21:27,643 udp_protocol.py:61 UDP服务已启动，监听端口: 10115
2026-01-31 03:21:42,797 udp_protocol.py:61 UDP服务已启动，监听端口: 10115
2026-01-31 03:22:30,862 udp_protocol.py:61 UDP服务已启动，监听端口: 10115
2026-01-31 03:24:07,334 udp_protocol.py:61 UDP服务已启动，监听端口: 10115
2026-01-31 12:06:48,995 udp_protocol.py:61 UDP服务已启动，监听端口: 10115
2026-01-31 13:48:42,274 udp_protocol.py:61 UDP服务已启动，监听端口: 10115
2026-01-31 14:03:59,400 udp_protocol.py:61 UDP服务已启动，监听端口: 10115
2026-01-31 14:28:40,351 udp_protocol.py:61 UDP服务已启动，监听端口: 10115
2026-01-31 14:35:00,004 udp_protocol.py:61 UDP服务已启动，监听端口: 10115
2026-01-31 14:58:32,725 event_manager.py:192 从配置文件加载了协议事件配置: config/protocol_event_config.json
2026-01-31 14:58:32,726 event_manager.py:193 支持的协议: ['liwei', 'haineng', 'zhongyi', 'jiangsu', 'default']
2026-01-31 14:58:32,729 udp_protocol.py:61 UDP服务已启动，监听端口: 10115
2026-01-31 15:00:12,090 event_manager.py:192 从配置文件加载了协议事件配置: config/protocol_event_config.json
2026-01-31 15:00:12,090 event_manager.py:193 支持的协议: ['liwei', 'haineng', 'zhongyi', 'jiangsu', 'default']
2026-01-31 15:00:12,094 udp_protocol.py:61 UDP服务已启动，监听端口: 10115
2026-01-31 15:05:29,882 event_manager.py:192 从配置文件加载了协议事件配置: config/protocol_event_config.json
2026-01-31 15:05:29,882 event_manager.py:193 支持的协议: ['liwei', 'haineng', 'zhongyi', 'jiangsu', 'default']
2026-01-31 15:05:29,885 udp_protocol.py:61 UDP服务已启动，监听端口: 10115
2026-01-31 15:07:41,472 event_manager.py:192 从配置文件加载了协议事件配置: config/protocol_event_config.json
2026-01-31 15:07:41,472 event_manager.py:193 支持的协议: ['liwei', 'haineng', 'zhongyi', 'jiangsu', 'default']
2026-01-31 15:09:39,211 event_manager.py:192 从配置文件加载了协议事件配置: config/protocol_event_config.json
2026-01-31 15:09:39,211 event_manager.py:193 支持的协议: ['liwei', 'haineng', 'zhongyi', 'jiangsu', 'default']
2026-01-31 15:09:39,215 udp_protocol.py:61 UDP服务已启动，监听端口: 10115
2026-01-31 15:17:04,516 event_manager.py:192 从配置文件加载了协议事件配置: config/protocol_event_config.json
2026-01-31 15:17:04,516 event_manager.py:193 支持的协议: ['liwei', 'haineng', 'zhongyi', 'jiangsu', 'default']
2026-01-31 15:17:04,519 udp_protocol.py:61 UDP服务已启动，监听端口: 10115
2026-01-31 15:19:13,845 event_manager.py:192 从配置文件加载了协议事件配置: config/protocol_event_config.json
2026-01-31 15:19:13,845 event_manager.py:193 支持的协议: ['liwei', 'haineng', 'zhongyi', 'jiangsu', 'default']
2026-01-31 15:19:13,850 udp_protocol.py:61 UDP服务已启动，监听端口: 10115
2026-01-31 15:20:05,426 event_manager.py:192 从配置文件加载了协议事件配置: config/protocol_event_config.json
2026-01-31 15:20:05,426 event_manager.py:193 支持的协议: ['liwei', 'haineng', 'zhongyi', 'jiangsu', 'default']
2026-01-31 15:20:05,430 udp_protocol.py:61 UDP服务已启动，监听端口: 10115
2026-01-31 15:28:15,274 event_manager.py:194 从配置文件加载了协议事件配置: E:\SOFTWARE_TEST_ENGINEER\6、练习题\卓望-联合永道bak\07_TOOLS\03_FSU_ENTRANCE\01_GD_ENTRANCE\fsu_b_mock\config\protocol_event_config.json
2026-01-31 15:28:15,274 event_manager.py:195 支持的协议: ['liwei', 'haineng', 'zhongyi', 'jiangsu', 'default']
2026-01-31 15:29:25,232 event_manager.py:194 从配置文件加载了协议事件配置: e:\SOFTWARE_TEST_ENGINEER\6、练习题\卓望-联合永道bak\07_TOOLS\03_FSU_ENTRANCE\01_GD_ENTRANCE\fsu_b_mock\config\protocol_event_config.json
2026-01-31 15:29:25,233 event_manager.py:195 支持的协议: ['liwei', 'haineng', 'zhongyi', 'jiangsu', 'default']
2026-01-31 15:29:25,236 udp_protocol.py:61 UDP服务已启动，监听端口: 10115
2026-01-31 15:31:42,937 event_manager.py:194 从配置文件加载了协议事件配置: E:\SOFTWARE_TEST_ENGINEER\6、练习题\卓望-联合永道bak\07_TOOLS\03_FSU_ENTRANCE\01_GD_ENTRANCE\fsu_b_mock\config\protocol_event_config.json
2026-01-31 15:31:42,937 event_manager.py:195 支持的协议: ['liwei', 'haineng', 'zhongyi', 'jiangsu', 'default']
2026-01-31 15:32:26,058 event_manager.py:194 从配置文件加载了协议事件配置: e:\SOFTWARE_TEST_ENGINEER\6、练习题\卓望-联合永道bak\07_TOOLS\03_FSU_ENTRANCE\01_GD_ENTRANCE\fsu_b_mock\config\protocol_event_config.json
2026-01-31 15:32:26,058 event_manager.py:195 支持的协议: ['liwei', 'haineng', 'zhongyi', 'jiangsu', 'default']
2026-01-31 15:32:26,062 udp_protocol.py:61 UDP服务已启动，监听端口: 10115
2026-01-31 15:37:40,481 event_manager.py:194 从配置文件加载了协议事件配置: e:\SOFTWARE_TEST_ENGINEER\6、练习题\卓望-联合永道bak\07_TOOLS\03_FSU_ENTRANCE\01_GD_ENTRANCE\fsu_b_mock\config\protocol_event_config.json
2026-01-31 15:37:40,481 event_manager.py:195 支持的协议: ['liwei', 'haineng', 'zhongyi', 'jiangsu', 'default']
2026-01-31 15:37:40,485 udp_protocol.py:61 UDP服务已启动，监听端口: 10115
2026-01-31 15:42:08,591 event_manager.py:194 从配置文件加载了协议事件配置: e:\SOFTWARE_TEST_ENGINEER\6、练习题\卓望-联合永道bak\07_TOOLS\03_FSU_ENTRANCE\01_GD_ENTRANCE\fsu_b_mock\config\protocol_event_config.json
2026-01-31 15:42:08,592 event_manager.py:195 支持的协议: ['liwei', 'haineng', 'zhongyi', 'jiangsu', 'default']
2026-01-31 15:42:08,595 udp_protocol.py:61 UDP服务已启动，监听端口: 10115
2026-01-31 15:46:29,893 event_manager.py:194 从配置文件加载了协议事件配置: e:\SOFTWARE_TEST_ENGINEER\6、练习题\卓望-联合永道bak\07_TOOLS\03_FSU_ENTRANCE\01_GD_ENTRANCE\fsu_b_mock\config\protocol_event_config.json
2026-01-31 15:46:29,894 event_manager.py:195 支持的协议: ['liwei', 'haineng', 'zhongyi', 'jiangsu', 'default']
2026-01-31 15:46:29,901 udp_protocol.py:61 UDP服务已启动，监听端口: 10115
2026-01-31 15:48:46,495 event_manager.py:194 从配置文件加载了协议事件配置: e:\SOFTWARE_TEST_ENGINEER\6、练习题\卓望-联合永道bak\07_TOOLS\03_FSU_ENTRANCE\01_GD_ENTRANCE\fsu_b_mock\config\protocol_event_config.json
2026-01-31 15:48:46,495 event_manager.py:195 支持的协议: ['liwei', 'haineng', 'zhongyi', 'jiangsu', 'default']
2026-01-31 15:48:46,498 udp_protocol.py:61 UDP服务已启动，监听端口: 10115
2026-01-31 15:52:03,873 event_manager.py:194 从配置文件加载了协议事件配置: e:\SOFTWARE_TEST_ENGINEER\6、练习题\卓望-联合永道bak\07_TOOLS\03_FSU_ENTRANCE\01_GD_ENTRANCE\fsu_b_mock\config\protocol_event_config.json
2026-01-31 15:52:03,873 event_manager.py:195 支持的协议: ['liwei', 'haineng', 'zhongyi', 'jiangsu', 'default']
2026-01-31 15:52:03,876 udp_protocol.py:61 UDP服务已启动，监听端口: 10115
2026-01-31 15:53:39,026 event_manager.py:194 从配置文件加载了协议事件配置: e:\SOFTWARE_TEST_ENGINEER\6、练习题\卓望-联合永道bak\07_TOOLS\03_FSU_ENTRANCE\01_GD_ENTRANCE\fsu_b_mock\config\protocol_event_config.json
2026-01-31 15:53:39,026 event_manager.py:195 支持的协议: ['liwei', 'haineng', 'zhongyi', 'jiangsu', 'default']
2026-01-31 15:53:39,030 udp_protocol.py:61 UDP服务已启动，监听端口: 10115
2026-01-31 15:53:57,921 event_manager.py:194 从配置文件加载了协议事件配置: e:\SOFTWARE_TEST_ENGINEER\6、练习题\卓望-联合永道bak\07_TOOLS\03_FSU_ENTRANCE\01_GD_ENTRANCE\fsu_b_mock\config\protocol_event_config.json
2026-01-31 15:53:57,921 event_manager.py:195 支持的协议: ['liwei', 'haineng', 'zhongyi', 'jiangsu', 'default']
2026-01-31 15:53:57,925 udp_protocol.py:61 UDP服务已启动，监听端口: 10115
2026-01-31 16:01:43,581 event_manager.py:194 从配置文件加载了协议事件配置: e:\SOFTWARE_TEST_ENGINEER\6、练习题\卓望-联合永道bak\07_TOOLS\03_FSU_ENTRANCE\01_GD_ENTRANCE\fsu_b_mock\config\protocol_event_config.json
2026-01-31 16:01:43,582 event_manager.py:195 支持的协议: ['liwei', 'haineng', 'zhongyi', 'jiangsu', 'default']
2026-01-31 16:01:43,584 udp_protocol.py:61 UDP服务已启动，监听端口: 10115
2026-01-31 16:09:43,816 event_manager.py:194 从配置文件加载了协议事件配置: E:\SOFTWARE_TEST_ENGINEER\6、练习题\卓望-联合永道bak\07_TOOLS\03_FSU_ENTRANCE\01_GD_ENTRANCE\fsu_b_mock\config\protocol_event_config.json
2026-01-31 16:09:43,816 event_manager.py:195 支持的协议: ['liwei', 'haineng', 'zhongyi', 'jiangsu', 'default']
2026-01-31 16:09:43,818 udp_protocol.py:61 UDP服务已启动，监听端口: 10115
2026-01-31 16:10:05,600 event_manager.py:194 从配置文件加载了协议事件配置: E:\SOFTWARE_TEST_ENGINEER\6、练习题\卓望-联合永道bak\07_TOOLS\03_FSU_ENTRANCE\01_GD_ENTRANCE\fsu_b_mock\config\protocol_event_config.json
2026-01-31 16:10:05,600 event_manager.py:195 支持的协议: ['liwei', 'haineng', 'zhongyi', 'jiangsu', 'default']
2026-01-31 16:10:05,603 udp_protocol.py:61 UDP服务已启动，监听端口: 10115
2026-01-31 16:10:17,217 event_manager.py:194 从配置文件加载了协议事件配置: E:\SOFTWARE_TEST_ENGINEER\6、练习题\卓望-联合永道bak\07_TOOLS\03_FSU_ENTRANCE\01_GD_ENTRANCE\fsu_b_mock\config\protocol_event_config.json
2026-01-31 16:10:17,217 event_manager.py:195 支持的协议: ['liwei', 'haineng', 'zhongyi', 'jiangsu', 'default']
2026-01-31 16:10:17,220 udp_protocol.py:61 UDP服务已启动，监听端口: 10115
2026-01-31 16:10:38,881 event_manager.py:194 从配置文件加载了协议事件配置: E:\SOFTWARE_TEST_ENGINEER\6、练习题\卓望-联合永道bak\07_TOOLS\03_FSU_ENTRANCE\01_GD_ENTRANCE\fsu_b_mock\config\protocol_event_config.json
2026-01-31 16:10:38,881 event_manager.py:195 支持的协议: ['liwei', 'haineng', 'zhongyi', 'jiangsu', 'default']
2026-01-31 16:10:38,883 udp_protocol.py:61 UDP服务已启动，监听端口: 10115
2026-01-31 16:27:48,623 event_manager.py:194 从配置文件加载了协议事件配置: e:\SOFTWARE_TEST_ENGINEER\6、练习题\卓望-联合永道bak\07_TOOLS\03_FSU_ENTRANCE\01_GD_ENTRANCE\fsu_b_mock\config\protocol_event_config.json
2026-01-31 16:27:48,624 event_manager.py:195 支持的协议: ['liwei', 'haineng', 'zhongyi', 'jiangsu', 'default']
2026-01-31 16:27:48,629 udp_protocol.py:61 UDP服务已启动，监听端口: 10115
2026-01-31 16:27:54,994 event_manager.py:194 从配置文件加载了协议事件配置: e:\SOFTWARE_TEST_ENGINEER\6、练习题\卓望-联合永道bak\07_TOOLS\03_FSU_ENTRANCE\01_GD_ENTRANCE\fsu_b_mock\config\protocol_event_config.json
2026-01-31 16:27:54,994 event_manager.py:195 支持的协议: ['liwei', 'haineng', 'zhongyi', 'jiangsu', 'default']
2026-01-31 16:27:54,997 udp_protocol.py:61 UDP服务已启动，监听端口: 10115
2026-01-31 16:28:23,540 event_manager.py:194 从配置文件加载了协议事件配置: e:\SOFTWARE_TEST_ENGINEER\6、练习题\卓望-联合永道bak\07_TOOLS\03_FSU_ENTRANCE\01_GD_ENTRANCE\fsu_b_mock\config\protocol_event_config.json
2026-01-31 16:28:23,541 event_manager.py:195 支持的协议: ['liwei', 'haineng', 'zhongyi', 'jiangsu', 'default']
2026-01-31 16:28:23,543 udp_protocol.py:61 UDP服务已启动，监听端口: 10115
2026-01-31 16:30:10,309 event_manager.py:194 从配置文件加载了协议事件配置: e:\SOFTWARE_TEST_ENGINEER\6、练习题\卓望-联合永道bak\07_TOOLS\03_FSU_ENTRANCE\01_GD_ENTRANCE\fsu_b_mock\config\protocol_event_config.json
2026-01-31 16:30:10,309 event_manager.py:195 支持的协议: ['liwei', 'haineng', 'zhongyi', 'jiangsu', 'default']
2026-01-31 16:30:10,312 udp_protocol.py:61 UDP服务已启动，监听端口: 10115
2026-01-31 16:31:11,296 event_manager.py:194 从配置文件加载了协议事件配置: e:\SOFTWARE_TEST_ENGINEER\6、练习题\卓望-联合永道bak\07_TOOLS\03_FSU_ENTRANCE\01_GD_ENTRANCE\fsu_b_mock\config\protocol_event_config.json
2026-01-31 16:31:11,297 event_manager.py:195 支持的协议: ['liwei', 'haineng', 'zhongyi', 'jiangsu', 'default']
2026-01-31 16:31:11,300 udp_protocol.py:61 UDP服务已启动，监听端口: 10115
2026-01-31 16:32:15,135 event_manager.py:194 从配置文件加载了协议事件配置: e:\SOFTWARE_TEST_ENGINEER\6、练习题\卓望-联合永道bak\07_TOOLS\03_FSU_ENTRANCE\01_GD_ENTRANCE\fsu_b_mock\config\protocol_event_config.json
2026-01-31 16:32:15,135 event_manager.py:195 支持的协议: ['liwei', 'haineng', 'zhongyi', 'jiangsu', 'default']
2026-01-31 16:32:15,138 udp_protocol.py:61 UDP服务已启动，监听端口: 10115
2026-01-31 16:34:21,653 event_manager.py:194 从配置文件加载了协议事件配置: e:\SOFTWARE_TEST_ENGINEER\6、练习题\卓望-联合永道bak\07_TOOLS\03_FSU_ENTRANCE\01_GD_ENTRANCE\fsu_b_mock\config\protocol_event_config.json
2026-01-31 16:34:21,653 event_manager.py:195 支持的协议: ['liwei', 'haineng', 'zhongyi', 'jiangsu', 'default']
2026-01-31 16:34:21,657 udp_protocol.py:61 UDP服务已启动，监听端口: 10115
2026-01-31 16:35:46,740 event_manager.py:194 从配置文件加载了协议事件配置: e:\SOFTWARE_TEST_ENGINEER\6、练习题\卓望-联合永道bak\07_TOOLS\03_FSU_ENTRANCE\01_GD_ENTRANCE\fsu_b_mock\config\protocol_event_config.json
2026-01-31 16:35:46,741 event_manager.py:195 支持的协议: ['liwei', 'haineng', 'zhongyi', 'jiangsu', 'default']
2026-01-31 16:35:46,744 udp_protocol.py:61 UDP服务已启动，监听端口: 10115
2026-01-31 16:36:20,659 event_manager.py:194 从配置文件加载了协议事件配置: e:\SOFTWARE_TEST_ENGINEER\6、练习题\卓望-联合永道bak\07_TOOLS\03_FSU_ENTRANCE\01_GD_ENTRANCE\fsu_b_mock\config\protocol_event_config.json
2026-01-31 16:36:20,659 event_manager.py:195 支持的协议: ['liwei', 'haineng', 'zhongyi', 'jiangsu', 'default']
2026-01-31 16:36:20,662 udp_protocol.py:61 UDP服务已启动，监听端口: 10115
2026-01-31 16:37:37,260 event_manager.py:194 从配置文件加载了协议事件配置: e:\SOFTWARE_TEST_ENGINEER\6、练习题\卓望-联合永道bak\07_TOOLS\03_FSU_ENTRANCE\01_GD_ENTRANCE\fsu_b_mock\config\protocol_event_config.json
2026-01-31 16:37:37,260 event_manager.py:195 支持的协议: ['liwei', 'haineng', 'zhongyi', 'jiangsu', 'default']
2026-01-31 16:37:37,265 udp_protocol.py:61 UDP服务已启动，监听端口: 10115
2026-01-31 16:37:44,523 event_manager.py:194 从配置文件加载了协议事件配置: E:\SOFTWARE_TEST_ENGINEER\6、练习题\卓望-联合永道bak\07_TOOLS\03_FSU_ENTRANCE\01_GD_ENTRANCE\fsu_b_mock\config\protocol_event_config.json
2026-01-31 16:37:44,523 event_manager.py:195 支持的协议: ['liwei', 'haineng', 'zhongyi', 'jiangsu', 'default']
2026-01-31 16:37:59,429 event_manager.py:194 从配置文件加载了协议事件配置: E:\SOFTWARE_TEST_ENGINEER\6、练习题\卓望-联合永道bak\07_TOOLS\03_FSU_ENTRANCE\01_GD_ENTRANCE\fsu_b_mock\config\protocol_event_config.json
2026-01-31 16:37:59,429 event_manager.py:195 支持的协议: ['liwei', 'haineng', 'zhongyi', 'jiangsu', 'default']
2026-01-31 16:37:59,431 udp_protocol.py:61 UDP服务已启动，监听端口: 10115
2026-01-31 16:41:44,944 event_manager.py:194 从配置文件加载了协议事件配置: e:\SOFTWARE_TEST_ENGINEER\6、练习题\卓望-联合永道bak\07_TOOLS\03_FSU_ENTRANCE\01_GD_ENTRANCE\fsu_b_mock\config\protocol_event_config.json
2026-01-31 16:41:44,944 event_manager.py:195 支持的协议: ['liwei', 'haineng', 'zhongyi', 'jiangsu', 'default']
2026-01-31 16:42:02,993 event_manager.py:194 从配置文件加载了协议事件配置: e:\SOFTWARE_TEST_ENGINEER\6、练习题\卓望-联合永道bak\07_TOOLS\03_FSU_ENTRANCE\01_GD_ENTRANCE\fsu_b_mock\config\protocol_event_config.json
2026-01-31 16:42:02,994 event_manager.py:195 支持的协议: ['liwei', 'haineng', 'zhongyi', 'jiangsu', 'default']
2026-01-31 16:42:02,998 udp_protocol.py:61 UDP服务已启动，监听端口: 10115
2026-01-31 16:47:34,371 event_manager.py:194 从配置文件加载了协议事件配置: E:\SOFTWARE_TEST_ENGINEER\6、练习题\卓望-联合永道bak\07_TOOLS\03_FSU_ENTRANCE\01_GD_ENTRANCE\fsu_b_mock\config\protocol_event_config.json
2026-01-31 16:47:34,371 event_manager.py:195 支持的协议: ['liwei', 'haineng', 'zhongyi', 'jiangsu', 'default']
2026-01-31 16:47:34,373 udp_protocol.py:61 UDP服务已启动，监听端口: 10115
2026-01-31 16:49:01,007 event_manager.py:194 从配置文件加载了协议事件配置: E:\SOFTWARE_TEST_ENGINEER\6、练习题\卓望-联合永道bak\07_TOOLS\03_FSU_ENTRANCE\01_GD_ENTRANCE\fsu_b_mock\config\protocol_event_config.json
2026-01-31 16:49:01,007 event_manager.py:195 支持的协议: ['liwei', 'haineng', 'zhongyi', 'jiangsu', 'default']
2026-01-31 16:49:01,010 udp_protocol.py:61 UDP服务已启动，监听端口: 10115
2026-01-31 16:49:56,992 event_manager.py:194 从配置文件加载了协议事件配置: E:\SOFTWARE_TEST_ENGINEER\6、练习题\卓望-联合永道bak\07_TOOLS\03_FSU_ENTRANCE\01_GD_ENTRANCE\fsu_b_mock\config\protocol_event_config.json
2026-01-31 16:49:56,992 event_manager.py:195 支持的协议: ['liwei', 'haineng', 'zhongyi', 'jiangsu', 'default']
2026-01-31 16:49:56,994 udp_protocol.py:61 UDP服务已启动，监听端口: 10115
2026-01-31 16:52:18,510 event_manager.py:194 从配置文件加载了协议事件配置: E:\SOFTWARE_TEST_ENGINEER\6、练习题\卓望-联合永道bak\07_TOOLS\03_FSU_ENTRANCE\01_GD_ENTRANCE\fsu_b_mock\config\protocol_event_config.json
2026-01-31 16:52:18,510 event_manager.py:195 支持的协议: ['liwei', 'haineng', 'zhongyi', 'jiangsu', 'default']
2026-01-31 16:52:18,513 udp_protocol.py:61 UDP服务已启动，监听端口: 10115
2026-01-31 16:52:48,303 event_manager.py:194 从配置文件加载了协议事件配置: E:\SOFTWARE_TEST_ENGINEER\6、练习题\卓望-联合永道bak\07_TOOLS\03_FSU_ENTRANCE\01_GD_ENTRANCE\fsu_b_mock\config\protocol_event_config.json
2026-01-31 16:52:48,304 event_manager.py:195 支持的协议: ['liwei', 'haineng', 'zhongyi', 'jiangsu', 'default']
2026-01-31 16:52:48,306 udp_protocol.py:61 UDP服务已启动，监听端口: 10115
2026-01-31 16:53:24,783 event_manager.py:194 从配置文件加载了协议事件配置: E:\SOFTWARE_TEST_ENGINEER\6、练习题\卓望-联合永道bak\07_TOOLS\03_FSU_ENTRANCE\01_GD_ENTRANCE\fsu_b_mock\config\protocol_event_config.json
2026-01-31 16:53:24,783 event_manager.py:195 支持的协议: ['liwei', 'haineng', 'zhongyi', 'jiangsu', 'default']
2026-01-31 16:53:24,786 udp_protocol.py:61 UDP服务已启动，监听端口: 10115
2026-01-31 16:55:29,183 event_manager.py:194 从配置文件加载了协议事件配置: E:\SOFTWARE_TEST_ENGINEER\6、练习题\卓望-联合永道bak\07_TOOLS\03_FSU_ENTRANCE\01_GD_ENTRANCE\fsu_b_mock\config\protocol_event_config.json
2026-01-31 16:55:29,183 event_manager.py:195 支持的协议: ['liwei', 'haineng', 'zhongyi', 'jiangsu', 'default']
2026-01-31 16:55:29,186 udp_protocol.py:61 UDP服务已启动，监听端口: 10115
2026-01-31 17:01:12,064 event_manager.py:194 从配置文件加载了协议事件配置: E:\SOFTWARE_TEST_ENGINEER\6、练习题\卓望-联合永道bak\07_TOOLS\03_FSU_ENTRANCE\01_GD_ENTRANCE\fsu_b_mock\config\protocol_event_config.json
2026-01-31 17:01:12,064 event_manager.py:195 支持的协议: ['liwei', 'haineng', 'zhongyi', 'jiangsu', 'default']
2026-01-31 17:01:12,067 udp_protocol.py:61 UDP服务已启动，监听端口: 10115
2026-01-31 17:01:30,661 event_manager.py:194 从配置文件加载了协议事件配置: E:\SOFTWARE_TEST_ENGINEER\6、练习题\卓望-联合永道bak\07_TOOLS\03_FSU_ENTRANCE\01_GD_ENTRANCE\fsu_b_mock\config\protocol_event_config.json
2026-01-31 17:01:30,661 event_manager.py:195 支持的协议: ['liwei', 'haineng', 'zhongyi', 'jiangsu', 'default']
2026-01-31 17:01:30,663 udp_protocol.py:61 UDP服务已启动，监听端口: 10115
2026-01-31 17:03:13,046 event_manager.py:194 从配置文件加载了协议事件配置: e:\SOFTWARE_TEST_ENGINEER\6、练习题\卓望-联合永道bak\07_TOOLS\03_FSU_ENTRANCE\01_GD_ENTRANCE\fsu_b_mock\config\protocol_event_config.json
2026-01-31 17:03:13,046 event_manager.py:195 支持的协议: ['liwei', 'haineng', 'zhongyi', 'jiangsu', 'default']
2026-01-31 17:03:13,051 udp_protocol.py:61 UDP服务已启动，监听端口: 10115
2026-01-31 17:03:37,957 event_manager.py:194 从配置文件加载了协议事件配置: e:\SOFTWARE_TEST_ENGINEER\6、练习题\卓望-联合永道bak\07_TOOLS\03_FSU_ENTRANCE\01_GD_ENTRANCE\fsu_b_mock\config\protocol_event_config.json
2026-01-31 17:03:37,957 event_manager.py:195 支持的协议: ['liwei', 'haineng', 'zhongyi', 'jiangsu', 'default']
2026-01-31 17:03:37,960 udp_protocol.py:61 UDP服务已启动，监听端口: 10115
2026-01-31 17:04:13,697 event_manager.py:194 从配置文件加载了协议事件配置: e:\SOFTWARE_TEST_ENGINEER\6、练习题\卓望-联合永道bak\07_TOOLS\03_FSU_ENTRANCE\01_GD_ENTRANCE\fsu_b_mock\config\protocol_event_config.json
2026-01-31 17:04:13,698 event_manager.py:195 支持的协议: ['liwei', 'haineng', 'zhongyi', 'jiangsu', 'default']
2026-01-31 17:04:13,704 udp_protocol.py:61 UDP服务已启动，监听端口: 10115
2026-01-31 17:05:43,164 event_manager.py:194 从配置文件加载了协议事件配置: E:\SOFTWARE_TEST_ENGINEER\6、练习题\卓望-联合永道bak\07_TOOLS\03_FSU_ENTRANCE\01_GD_ENTRANCE\fsu_b_mock\config\protocol_event_config.json
2026-01-31 17:05:43,164 event_manager.py:195 支持的协议: ['liwei', 'haineng', 'zhongyi', 'jiangsu', 'default']
2026-01-31 17:05:54,455 event_manager.py:194 从配置文件加载了协议事件配置: E:\SOFTWARE_TEST_ENGINEER\6、练习题\卓望-联合永道bak\07_TOOLS\03_FSU_ENTRANCE\01_GD_ENTRANCE\fsu_b_mock\config\protocol_event_config.json
2026-01-31 17:05:54,455 event_manager.py:195 支持的协议: ['liwei', 'haineng', 'zhongyi', 'jiangsu', 'default']
2026-01-31 17:05:54,458 udp_protocol.py:61 UDP服务已启动，监听端口: 10115
2026-01-31 17:06:07,040 event_manager.py:194 从配置文件加载了协议事件配置: E:\SOFTWARE_TEST_ENGINEER\6、练习题\卓望-联合永道bak\07_TOOLS\03_FSU_ENTRANCE\01_GD_ENTRANCE\fsu_b_mock\config\protocol_event_config.json
2026-01-31 17:06:07,040 event_manager.py:195 支持的协议: ['liwei', 'haineng', 'zhongyi', 'jiangsu', 'default']
2026-01-31 17:06:07,043 udp_protocol.py:61 UDP服务已启动，监听端口: 10115
2026-01-31 17:06:57,427 event_manager.py:194 从配置文件加载了协议事件配置: E:\SOFTWARE_TEST_ENGINEER\6、练习题\卓望-联合永道bak\07_TOOLS\03_FSU_ENTRANCE\01_GD_ENTRANCE\fsu_b_mock\config\protocol_event_config.json
2026-01-31 17:06:57,427 event_manager.py:195 支持的协议: ['liwei', 'haineng', 'zhongyi', 'jiangsu', 'default']
2026-01-31 17:06:57,429 udp_protocol.py:61 UDP服务已启动，监听端口: 10115
2026-01-31 17:08:21,651 event_manager.py:194 从配置文件加载了协议事件配置: E:\SOFTWARE_TEST_ENGINEER\6、练习题\卓望-联合永道bak\07_TOOLS\03_FSU_ENTRANCE\01_GD_ENTRANCE\fsu_b_mock\config\protocol_event_config.json
2026-01-31 17:08:21,652 event_manager.py:195 支持的协议: ['liwei', 'haineng', 'zhongyi', 'jiangsu', 'default']
2026-01-31 17:08:21,654 udp_protocol.py:61 UDP服务已启动，监听端口: 10115
2026-01-31 17:08:52,183 event_manager.py:194 从配置文件加载了协议事件配置: E:\SOFTWARE_TEST_ENGINEER\6、练习题\卓望-联合永道bak\07_TOOLS\03_FSU_ENTRANCE\01_GD_ENTRANCE\fsu_b_mock\config\protocol_event_config.json
2026-01-31 17:08:52,183 event_manager.py:195 支持的协议: ['liwei', 'haineng', 'zhongyi', 'jiangsu', 'default']
2026-01-31 17:08:52,185 udp_protocol.py:61 UDP服务已启动，监听端口: 10115
2026-01-31 17:10:17,836 event_manager.py:194 从配置文件加载了协议事件配置: E:\SOFTWARE_TEST_ENGINEER\6、练习题\卓望-联合永道bak\07_TOOLS\03_FSU_ENTRANCE\01_GD_ENTRANCE\fsu_b_mock\config\protocol_event_config.json
2026-01-31 17:10:17,836 event_manager.py:195 支持的协议: ['liwei', 'haineng', 'zhongyi', 'jiangsu', 'default']
2026-01-31 17:10:17,839 udp_protocol.py:61 UDP服务已启动，监听端口: 10115
2026-01-31 17:10:46,973 event_manager.py:194 从配置文件加载了协议事件配置: E:\SOFTWARE_TEST_ENGINEER\6、练习题\卓望-联合永道bak\07_TOOLS\03_FSU_ENTRANCE\01_GD_ENTRANCE\fsu_b_mock\config\protocol_event_config.json
2026-01-31 17:10:46,974 event_manager.py:195 支持的协议: ['liwei', 'haineng', 'zhongyi', 'jiangsu', 'default']
2026-01-31 17:10:46,976 udp_protocol.py:61 UDP服务已启动，监听端口: 10115
2026-01-31 17:11:19,574 event_manager.py:194 从配置文件加载了协议事件配置: E:\SOFTWARE_TEST_ENGINEER\6、练习题\卓望-联合永道bak\07_TOOLS\03_FSU_ENTRANCE\01_GD_ENTRANCE\fsu_b_mock\config\protocol_event_config.json
2026-01-31 17:11:19,574 event_manager.py:195 支持的协议: ['liwei', 'haineng', 'zhongyi', 'jiangsu', 'default']
2026-01-31 17:11:19,576 udp_protocol.py:61 UDP服务已启动，监听端口: 10115
2026-01-31 17:12:48,690 event_manager.py:194 从配置文件加载了协议事件配置: E:\SOFTWARE_TEST_ENGINEER\6、练习题\卓望-联合永道bak\07_TOOLS\03_FSU_ENTRANCE\01_GD_ENTRANCE\fsu_b_mock\config\protocol_event_config.json
2026-01-31 17:12:48,690 event_manager.py:195 支持的协议: ['liwei', 'haineng', 'zhongyi', 'jiangsu', 'default']
2026-01-31 17:12:48,693 udp_protocol.py:61 UDP服务已启动，监听端口: 10115
2026-01-31 17:23:14,752 event_manager.py:194 从配置文件加载了协议事件配置: E:\SOFTWARE_TEST_ENGINEER\6、练习题\卓望-联合永道bak\07_TOOLS\03_FSU_ENTRANCE\01_GD_ENTRANCE\fsu_b_mock\config\protocol_event_config.json
2026-01-31 17:23:14,752 event_manager.py:195 支持的协议: ['liwei', 'haineng', 'zhongyi', 'jiangsu', 'default']
2026-01-31 17:23:14,755 udp_protocol.py:61 UDP服务已启动，监听端口: 10115
2026-01-31 17:24:37,797 event_manager.py:194 从配置文件加载了协议事件配置: E:\SOFTWARE_TEST_ENGINEER\6、练习题\卓望-联合永道bak\07_TOOLS\03_FSU_ENTRANCE\01_GD_ENTRANCE\fsu_b_mock\config\protocol_event_config.json
2026-01-31 17:24:37,797 event_manager.py:195 支持的协议: ['liwei', 'haineng', 'zhongyi', 'jiangsu', 'default']
2026-01-31 17:24:37,801 udp_protocol.py:61 UDP服务已启动，监听端口: 10115
2026-01-31 17:34:12,684 event_manager.py:194 从配置文件加载了协议事件配置: E:\SOFTWARE_TEST_ENGINEER\6、练习题\卓望-联合永道bak\07_TOOLS\03_FSU_ENTRANCE\01_GD_ENTRANCE\fsu_b_mock\config\protocol_event_config.json
2026-01-31 17:34:12,685 event_manager.py:195 支持的协议: ['liwei', 'haineng', 'zhongyi', 'jiangsu', 'default']
2026-01-31 17:34:12,688 udp_protocol.py:61 UDP服务已启动，监听端口: 10115
2026-01-31 18:13:34,123 event_manager.py:194 从配置文件加载了协议事件配置: e:\SOFTWARE_TEST_ENGINEER\6、练习题\卓望-联合永道bak\07_TOOLS\03_FSU_ENTRANCE\01_GD_ENTRANCE\fsu_b_mock\config\protocol_event_config.json
2026-01-31 18:13:34,124 event_manager.py:195 支持的协议: ['liwei', 'haineng', 'zhongyi', 'jiangsu', 'default']
2026-01-31 18:13:34,127 udp_protocol.py:61 UDP服务已启动，监听端口: 10115
2026-01-31 18:17:06,770 event_manager.py:194 从配置文件加载了协议事件配置: e:\SOFTWARE_TEST_ENGINEER\6、练习题\卓望-联合永道bak\07_TOOLS\03_FSU_ENTRANCE\01_GD_ENTRANCE\fsu_b_mock\config\protocol_event_config.json
2026-01-31 18:17:06,770 event_manager.py:195 支持的协议: ['liwei', 'haineng', 'zhongyi', 'jiangsu', 'default']
2026-01-31 18:17:06,774 udp_protocol.py:61 UDP服务已启动，监听端口: 10115
2026-01-31 18:31:26,392 event_manager.py:194 从配置文件加载了协议事件配置: e:\SOFTWARE_TEST_ENGINEER\6、练习题\卓望-联合永道bak\07_TOOLS\03_FSU_ENTRANCE\01_GD_ENTRANCE\fsu_b_mock\config\protocol_event_config.json
2026-01-31 18:31:26,393 event_manager.py:195 支持的协议: ['liwei', 'haineng', 'zhongyi', 'jiangsu', 'default']
2026-01-31 18:31:26,396 udp_protocol.py:61 UDP服务已启动，监听端口: 10115
2026-01-31 19:27:47,677 event_manager.py:194 从配置文件加载了协议事件配置: e:\SOFTWARE_TEST_ENGINEER\6、练习题\卓望-联合永道bak\07_TOOLS\03_FSU_ENTRANCE\01_GD_ENTRANCE\fsu_b_mock\config\protocol_event_config.json
2026-01-31 19:27:47,677 event_manager.py:195 支持的协议: ['liwei', 'haineng', 'zhongyi', 'jiangsu', 'default']
2026-01-31 19:27:47,680 udp_protocol.py:61 UDP服务已启动，监听端口: 10115
2026-01-31 20:18:02,662 event_manager.py:194 从配置文件加载了协议事件配置: e:\SOFTWARE_TEST_ENGINEER\6、练习题\卓望-联合永道bak\07_TOOLS\03_FSU_ENTRANCE\01_GD_ENTRANCE\fsu_b_mock\config\protocol_event_config.json
2026-01-31 20:18:02,663 event_manager.py:195 支持的协议: ['liwei', 'haineng', 'zhongyi', 'jiangsu', 'default']
2026-01-31 20:18:18,059 event_manager.py:194 从配置文件加载了协议事件配置: e:\SOFTWARE_TEST_ENGINEER\6、练习题\卓望-联合永道bak\07_TOOLS\03_FSU_ENTRANCE\01_GD_ENTRANCE\fsu_b_mock\config\protocol_event_config.json
2026-01-31 20:18:18,059 event_manager.py:195 支持的协议: ['liwei', 'haineng', 'zhongyi', 'jiangsu', 'default']
2026-01-31 20:18:18,062 udp_protocol.py:61 UDP服务已启动，监听端口: 10115
