2026-01-31 02:01:44,905 udp_protocol.py:61 UDP服务已启动，监听端口: 10116
2026-01-31 02:20:32,730 udp_protocol.py:61 UDP服务已启动，监听端口: 10116
2026-01-31 02:21:24,620 udp_protocol.py:61 UDP服务已启动，监听端口: 10116
2026-01-31 02:21:44,815 udp_protocol.py:61 UDP服务已启动，监听端口: 10116
2026-01-31 02:21:54,929 udp_protocol.py:61 UDP服务已启动，监听端口: 10116
2026-01-31 02:22:14,667 udp_protocol.py:61 UDP服务已启动，监听端口: 10116
2026-01-31 02:40:10,287 udp_protocol.py:61 UDP服务已启动，监听端口: 10116
2026-01-31 02:54:32,700 udp_protocol.py:61 UDP服务已启动，监听端口: 10116
2026-01-31 03:02:05,552 udp_protocol.py:61 UDP服务已启动，监听端口: 10116
2026-01-31 03:08:30,804 udp_protocol.py:61 UDP服务已启动，监听端口: 10116
2026-01-31 03:18:24,019 udp_protocol.py:61 UDP服务已启动，监听端口: 10116
2026-01-31 03:20:23,121 udp_protocol.py:61 UDP服务已启动，监听端口: 10116
2026-01-31 03:20:42,595 udp_protocol.py:61 UDP服务已启动，监听端口: 10116
2026-01-31 03:21:27,643 udp_protocol.py:61 UDP服务已启动，监听端口: 10116
2026-01-31 03:21:42,797 udp_protocol.py:61 UDP服务已启动，监听端口: 10116
2026-01-31 03:22:30,862 udp_protocol.py:61 UDP服务已启动，监听端口: 10116
2026-01-31 03:24:07,334 udp_protocol.py:61 UDP服务已启动，监听端口: 10116
2026-01-31 12:06:48,996 udp_protocol.py:61 UDP服务已启动，监听端口: 10116
2026-01-31 13:48:42,274 udp_protocol.py:61 UDP服务已启动，监听端口: 10116
2026-01-31 14:03:59,400 udp_protocol.py:61 UDP服务已启动，监听端口: 10116
2026-01-31 14:28:40,351 udp_protocol.py:61 UDP服务已启动，监听端口: 10116
2026-01-31 14:35:00,004 udp_protocol.py:61 UDP服务已启动，监听端口: 10116
2026-01-31 14:58:32,727 event_manager.py:192 从配置文件加载了协议事件配置: config/protocol_event_config.json
2026-01-31 14:58:32,727 event_manager.py:193 支持的协议: ['liwei', 'haineng', 'zhongyi', 'jiangsu', 'default']
2026-01-31 14:58:32,729 udp_protocol.py:61 UDP服务已启动，监听端口: 10116
2026-01-31 15:00:12,092 event_manager.py:192 从配置文件加载了协议事件配置: config/protocol_event_config.json
2026-01-31 15:00:12,092 event_manager.py:193 支持的协议: ['liwei', 'haineng', 'zhongyi', 'jiangsu', 'default']
2026-01-31 15:00:12,094 udp_protocol.py:61 UDP服务已启动，监听端口: 10116
2026-01-31 15:05:29,883 event_manager.py:192 从配置文件加载了协议事件配置: config/protocol_event_config.json
2026-01-31 15:05:29,883 event_manager.py:193 支持的协议: ['liwei', 'haineng', 'zhongyi', 'jiangsu', 'default']
2026-01-31 15:05:29,885 udp_protocol.py:61 UDP服务已启动，监听端口: 10116
2026-01-31 15:07:41,473 event_manager.py:192 从配置文件加载了协议事件配置: config/protocol_event_config.json
2026-01-31 15:07:41,473 event_manager.py:193 支持的协议: ['liwei', 'haineng', 'zhongyi', 'jiangsu', 'default']
2026-01-31 15:09:39,214 event_manager.py:192 从配置文件加载了协议事件配置: config/protocol_event_config.json
2026-01-31 15:09:39,214 event_manager.py:193 支持的协议: ['liwei', 'haineng', 'zhongyi', 'jiangsu', 'default']
2026-01-31 15:09:39,216 udp_protocol.py:61 UDP服务已启动，监听端口: 10116
2026-01-31 15:17:04,518 event_manager.py:192 从配置文件加载了协议事件配置: config/protocol_event_config.json
2026-01-31 15:17:04,518 event_manager.py:193 支持的协议: ['liwei', 'haineng', 'zhongyi', 'jiangsu', 'default']
2026-01-31 15:17:04,519 udp_protocol.py:61 UDP服务已启动，监听端口: 10116
2026-01-31 15:19:13,847 event_manager.py:192 从配置文件加载了协议事件配置: config/protocol_event_config.json
2026-01-31 15:19:13,848 event_manager.py:193 支持的协议: ['liwei', 'haineng', 'zhongyi', 'jiangsu', 'default']
2026-01-31 15:19:13,850 udp_protocol.py:61 UDP服务已启动，监听端口: 10116
2026-01-31 15:20:05,428 event_manager.py:192 从配置文件加载了协议事件配置: config/protocol_event_config.json
2026-01-31 15:20:05,428 event_manager.py:193 支持的协议: ['liwei', 'haineng', 'zhongyi', 'jiangsu', 'default']
2026-01-31 15:20:05,430 udp_protocol.py:61 UDP服务已启动，监听端口: 10116
2026-01-31 15:28:15,276 event_manager.py:194 从配置文件加载了协议事件配置: E:\SOFTWARE_TEST_ENGINEER\6、练习题\卓望-联合永道bak\07_TOOLS\03_FSU_ENTRANCE\01_GD_ENTRANCE\fsu_b_mock\config\protocol_event_config.json
2026-01-31 15:28:15,276 event_manager.py:195 支持的协议: ['liwei', 'haineng', 'zhongyi', 'jiangsu', 'default']
2026-01-31 15:29:25,234 event_manager.py:194 从配置文件加载了协议事件配置: e:\SOFTWARE_TEST_ENGINEER\6、练习题\卓望-联合永道bak\07_TOOLS\03_FSU_ENTRANCE\01_GD_ENTRANCE\fsu_b_mock\config\protocol_event_config.json
2026-01-31 15:29:25,235 event_manager.py:195 支持的协议: ['liwei', 'haineng', 'zhongyi', 'jiangsu', 'default']
2026-01-31 15:29:25,236 udp_protocol.py:61 UDP服务已启动，监听端口: 10116
2026-01-31 15:31:42,938 event_manager.py:194 从配置文件加载了协议事件配置: E:\SOFTWARE_TEST_ENGINEER\6、练习题\卓望-联合永道bak\07_TOOLS\03_FSU_ENTRANCE\01_GD_ENTRANCE\fsu_b_mock\config\protocol_event_config.json
2026-01-31 15:31:42,939 event_manager.py:195 支持的协议: ['liwei', 'haineng', 'zhongyi', 'jiangsu', 'default']
2026-01-31 15:32:26,060 event_manager.py:194 从配置文件加载了协议事件配置: e:\SOFTWARE_TEST_ENGINEER\6、练习题\卓望-联合永道bak\07_TOOLS\03_FSU_ENTRANCE\01_GD_ENTRANCE\fsu_b_mock\config\protocol_event_config.json
2026-01-31 15:32:26,061 event_manager.py:195 支持的协议: ['liwei', 'haineng', 'zhongyi', 'jiangsu', 'default']
2026-01-31 15:32:26,062 udp_protocol.py:61 UDP服务已启动，监听端口: 10116
2026-01-31 15:37:40,483 event_manager.py:194 从配置文件加载了协议事件配置: e:\SOFTWARE_TEST_ENGINEER\6、练习题\卓望-联合永道bak\07_TOOLS\03_FSU_ENTRANCE\01_GD_ENTRANCE\fsu_b_mock\config\protocol_event_config.json
2026-01-31 15:37:40,483 event_manager.py:195 支持的协议: ['liwei', 'haineng', 'zhongyi', 'jiangsu', 'default']
2026-01-31 15:37:40,485 udp_protocol.py:61 UDP服务已启动，监听端口: 10116
2026-01-31 15:42:08,593 event_manager.py:194 从配置文件加载了协议事件配置: e:\SOFTWARE_TEST_ENGINEER\6、练习题\卓望-联合永道bak\07_TOOLS\03_FSU_ENTRANCE\01_GD_ENTRANCE\fsu_b_mock\config\protocol_event_config.json
2026-01-31 15:42:08,594 event_manager.py:195 支持的协议: ['liwei', 'haineng', 'zhongyi', 'jiangsu', 'default']
2026-01-31 15:42:08,596 udp_protocol.py:61 UDP服务已启动，监听端口: 10116
2026-01-31 15:46:29,896 event_manager.py:194 从配置文件加载了协议事件配置: e:\SOFTWARE_TEST_ENGINEER\6、练习题\卓望-联合永道bak\07_TOOLS\03_FSU_ENTRANCE\01_GD_ENTRANCE\fsu_b_mock\config\protocol_event_config.json
2026-01-31 15:46:29,898 event_manager.py:195 支持的协议: ['liwei', 'haineng', 'zhongyi', 'jiangsu', 'default']
2026-01-31 15:46:29,901 udp_protocol.py:61 UDP服务已启动，监听端口: 10116
2026-01-31 15:48:46,496 event_manager.py:194 从配置文件加载了协议事件配置: e:\SOFTWARE_TEST_ENGINEER\6、练习题\卓望-联合永道bak\07_TOOLS\03_FSU_ENTRANCE\01_GD_ENTRANCE\fsu_b_mock\config\protocol_event_config.json
2026-01-31 15:48:46,496 event_manager.py:195 支持的协议: ['liwei', 'haineng', 'zhongyi', 'jiangsu', 'default']
2026-01-31 15:48:46,498 udp_protocol.py:61 UDP服务已启动，监听端口: 10116
2026-01-31 15:52:03,875 event_manager.py:194 从配置文件加载了协议事件配置: e:\SOFTWARE_TEST_ENGINEER\6、练习题\卓望-联合永道bak\07_TOOLS\03_FSU_ENTRANCE\01_GD_ENTRANCE\fsu_b_mock\config\protocol_event_config.json
2026-01-31 15:52:03,875 event_manager.py:195 支持的协议: ['liwei', 'haineng', 'zhongyi', 'jiangsu', 'default']
2026-01-31 15:52:03,876 udp_protocol.py:61 UDP服务已启动，监听端口: 10116
2026-01-31 15:53:39,028 event_manager.py:194 从配置文件加载了协议事件配置: e:\SOFTWARE_TEST_ENGINEER\6、练习题\卓望-联合永道bak\07_TOOLS\03_FSU_ENTRANCE\01_GD_ENTRANCE\fsu_b_mock\config\protocol_event_config.json
2026-01-31 15:53:39,028 event_manager.py:195 支持的协议: ['liwei', 'haineng', 'zhongyi', 'jiangsu', 'default']
2026-01-31 15:53:39,030 udp_protocol.py:61 UDP服务已启动，监听端口: 10116
2026-01-31 15:53:57,923 event_manager.py:194 从配置文件加载了协议事件配置: e:\SOFTWARE_TEST_ENGINEER\6、练习题\卓望-联合永道bak\07_TOOLS\03_FSU_ENTRANCE\01_GD_ENTRANCE\fsu_b_mock\config\protocol_event_config.json
2026-01-31 15:53:57,924 event_manager.py:195 支持的协议: ['liwei', 'haineng', 'zhongyi', 'jiangsu', 'default']
2026-01-31 15:53:57,926 udp_protocol.py:61 UDP服务已启动，监听端口: 10116
2026-01-31 16:01:43,583 event_manager.py:194 从配置文件加载了协议事件配置: e:\SOFTWARE_TEST_ENGINEER\6、练习题\卓望-联合永道bak\07_TOOLS\03_FSU_ENTRANCE\01_GD_ENTRANCE\fsu_b_mock\config\protocol_event_config.json
2026-01-31 16:01:43,583 event_manager.py:195 支持的协议: ['liwei', 'haineng', 'zhongyi', 'jiangsu', 'default']
2026-01-31 16:01:43,585 udp_protocol.py:61 UDP服务已启动，监听端口: 10116
2026-01-31 16:09:43,817 event_manager.py:194 从配置文件加载了协议事件配置: E:\SOFTWARE_TEST_ENGINEER\6、练习题\卓望-联合永道bak\07_TOOLS\03_FSU_ENTRANCE\01_GD_ENTRANCE\fsu_b_mock\config\protocol_event_config.json
2026-01-31 16:09:43,818 event_manager.py:195 支持的协议: ['liwei', 'haineng', 'zhongyi', 'jiangsu', 'default']
2026-01-31 16:09:43,819 udp_protocol.py:61 UDP服务已启动，监听端口: 10116
2026-01-31 16:10:05,601 event_manager.py:194 从配置文件加载了协议事件配置: E:\SOFTWARE_TEST_ENGINEER\6、练习题\卓望-联合永道bak\07_TOOLS\03_FSU_ENTRANCE\01_GD_ENTRANCE\fsu_b_mock\config\protocol_event_config.json
2026-01-31 16:10:05,602 event_manager.py:195 支持的协议: ['liwei', 'haineng', 'zhongyi', 'jiangsu', 'default']
2026-01-31 16:10:05,603 udp_protocol.py:61 UDP服务已启动，监听端口: 10116
2026-01-31 16:10:17,219 event_manager.py:194 从配置文件加载了协议事件配置: E:\SOFTWARE_TEST_ENGINEER\6、练习题\卓望-联合永道bak\07_TOOLS\03_FSU_ENTRANCE\01_GD_ENTRANCE\fsu_b_mock\config\protocol_event_config.json
2026-01-31 16:10:17,219 event_manager.py:195 支持的协议: ['liwei', 'haineng', 'zhongyi', 'jiangsu', 'default']
2026-01-31 16:10:17,220 udp_protocol.py:61 UDP服务已启动，监听端口: 10116
2026-01-31 16:10:38,882 event_manager.py:194 从配置文件加载了协议事件配置: E:\SOFTWARE_TEST_ENGINEER\6、练习题\卓望-联合永道bak\07_TOOLS\03_FSU_ENTRANCE\01_GD_ENTRANCE\fsu_b_mock\config\protocol_event_config.json
2026-01-31 16:10:38,882 event_manager.py:195 支持的协议: ['liwei', 'haineng', 'zhongyi', 'jiangsu', 'default']
2026-01-31 16:10:38,883 udp_protocol.py:61 UDP服务已启动，监听端口: 10116
2026-01-31 16:27:48,626 event_manager.py:194 从配置文件加载了协议事件配置: e:\SOFTWARE_TEST_ENGINEER\6、练习题\卓望-联合永道bak\07_TOOLS\03_FSU_ENTRANCE\01_GD_ENTRANCE\fsu_b_mock\config\protocol_event_config.json
2026-01-31 16:27:48,627 event_manager.py:195 支持的协议: ['liwei', 'haineng', 'zhongyi', 'jiangsu', 'default']
2026-01-31 16:27:48,630 udp_protocol.py:61 UDP服务已启动，监听端口: 10116
2026-01-31 16:27:54,995 event_manager.py:194 从配置文件加载了协议事件配置: e:\SOFTWARE_TEST_ENGINEER\6、练习题\卓望-联合永道bak\07_TOOLS\03_FSU_ENTRANCE\01_GD_ENTRANCE\fsu_b_mock\config\protocol_event_config.json
2026-01-31 16:27:54,996 event_manager.py:195 支持的协议: ['liwei', 'haineng', 'zhongyi', 'jiangsu', 'default']
2026-01-31 16:27:54,997 udp_protocol.py:61 UDP服务已启动，监听端口: 10116
2026-01-31 16:28:23,542 event_manager.py:194 从配置文件加载了协议事件配置: e:\SOFTWARE_TEST_ENGINEER\6、练习题\卓望-联合永道bak\07_TOOLS\03_FSU_ENTRANCE\01_GD_ENTRANCE\fsu_b_mock\config\protocol_event_config.json
2026-01-31 16:28:23,542 event_manager.py:195 支持的协议: ['liwei', 'haineng', 'zhongyi', 'jiangsu', 'default']
2026-01-31 16:28:23,543 udp_protocol.py:61 UDP服务已启动，监听端口: 10116
2026-01-31 16:30:10,310 event_manager.py:194 从配置文件加载了协议事件配置: e:\SOFTWARE_TEST_ENGINEER\6、练习题\卓望-联合永道bak\07_TOOLS\03_FSU_ENTRANCE\01_GD_ENTRANCE\fsu_b_mock\config\protocol_event_config.json
2026-01-31 16:30:10,311 event_manager.py:195 支持的协议: ['liwei', 'haineng', 'zhongyi', 'jiangsu', 'default']
2026-01-31 16:30:10,312 udp_protocol.py:61 UDP服务已启动，监听端口: 10116
2026-01-31 16:31:11,298 event_manager.py:194 从配置文件加载了协议事件配置: e:\SOFTWARE_TEST_ENGINEER\6、练习题\卓望-联合永道bak\07_TOOLS\03_FSU_ENTRANCE\01_GD_ENTRANCE\fsu_b_mock\config\protocol_event_config.json
2026-01-31 16:31:11,298 event_manager.py:195 支持的协议: ['liwei', 'haineng', 'zhongyi', 'jiangsu', 'default']
2026-01-31 16:31:11,300 udp_protocol.py:61 UDP服务已启动，监听端口: 10116
2026-01-31 16:32:15,137 event_manager.py:194 从配置文件加载了协议事件配置: e:\SOFTWARE_TEST_ENGINEER\6、练习题\卓望-联合永道bak\07_TOOLS\03_FSU_ENTRANCE\01_GD_ENTRANCE\fsu_b_mock\config\protocol_event_config.json
2026-01-31 16:32:15,137 event_manager.py:195 支持的协议: ['liwei', 'haineng', 'zhongyi', 'jiangsu', 'default']
2026-01-31 16:32:15,139 udp_protocol.py:61 UDP服务已启动，监听端口: 10116
2026-01-31 16:34:21,655 event_manager.py:194 从配置文件加载了协议事件配置: e:\SOFTWARE_TEST_ENGINEER\6、练习题\卓望-联合永道bak\07_TOOLS\03_FSU_ENTRANCE\01_GD_ENTRANCE\fsu_b_mock\config\protocol_event_config.json
2026-01-31 16:34:21,655 event_manager.py:195 支持的协议: ['liwei', 'haineng', 'zhongyi', 'jiangsu', 'default']
2026-01-31 16:34:21,657 udp_protocol.py:61 UDP服务已启动，监听端口: 10116
2026-01-31 16:35:46,742 event_manager.py:194 从配置文件加载了协议事件配置: e:\SOFTWARE_TEST_ENGINEER\6、练习题\卓望-联合永道bak\07_TOOLS\03_FSU_ENTRANCE\01_GD_ENTRANCE\fsu_b_mock\config\protocol_event_config.json
2026-01-31 16:35:46,742 event_manager.py:195 支持的协议: ['liwei', 'haineng', 'zhongyi', 'jiangsu', 'default']
2026-01-31 16:35:46,744 udp_protocol.py:61 UDP服务已启动，监听端口: 10116
2026-01-31 16:36:20,660 event_manager.py:194 从配置文件加载了协议事件配置: e:\SOFTWARE_TEST_ENGINEER\6、练习题\卓望-联合永道bak\07_TOOLS\03_FSU_ENTRANCE\01_GD_ENTRANCE\fsu_b_mock\config\protocol_event_config.json
2026-01-31 16:36:20,661 event_manager.py:195 支持的协议: ['liwei', 'haineng', 'zhongyi', 'jiangsu', 'default']
2026-01-31 16:36:20,663 udp_protocol.py:61 UDP服务已启动，监听端口: 10116
2026-01-31 16:37:37,263 event_manager.py:194 从配置文件加载了协议事件配置: e:\SOFTWARE_TEST_ENGINEER\6、练习题\卓望-联合永道bak\07_TOOLS\03_FSU_ENTRANCE\01_GD_ENTRANCE\fsu_b_mock\config\protocol_event_config.json
2026-01-31 16:37:37,263 event_manager.py:195 支持的协议: ['liwei', 'haineng', 'zhongyi', 'jiangsu', 'default']
2026-01-31 16:37:37,265 udp_protocol.py:61 UDP服务已启动，监听端口: 10116
2026-01-31 16:37:44,525 event_manager.py:194 从配置文件加载了协议事件配置: E:\SOFTWARE_TEST_ENGINEER\6、练习题\卓望-联合永道bak\07_TOOLS\03_FSU_ENTRANCE\01_GD_ENTRANCE\fsu_b_mock\config\protocol_event_config.json
2026-01-31 16:37:44,525 event_manager.py:195 支持的协议: ['liwei', 'haineng', 'zhongyi', 'jiangsu', 'default']
2026-01-31 16:37:59,430 event_manager.py:194 从配置文件加载了协议事件配置: E:\SOFTWARE_TEST_ENGINEER\6、练习题\卓望-联合永道bak\07_TOOLS\03_FSU_ENTRANCE\01_GD_ENTRANCE\fsu_b_mock\config\protocol_event_config.json
2026-01-31 16:37:59,430 event_manager.py:195 支持的协议: ['liwei', 'haineng', 'zhongyi', 'jiangsu', 'default']
2026-01-31 16:37:59,431 udp_protocol.py:61 UDP服务已启动，监听端口: 10116
2026-01-31 16:41:44,946 event_manager.py:194 从配置文件加载了协议事件配置: e:\SOFTWARE_TEST_ENGINEER\6、练习题\卓望-联合永道bak\07_TOOLS\03_FSU_ENTRANCE\01_GD_ENTRANCE\fsu_b_mock\config\protocol_event_config.json
2026-01-31 16:41:44,946 event_manager.py:195 支持的协议: ['liwei', 'haineng', 'zhongyi', 'jiangsu', 'default']
2026-01-31 16:42:02,996 event_manager.py:194 从配置文件加载了协议事件配置: e:\SOFTWARE_TEST_ENGINEER\6、练习题\卓望-联合永道bak\07_TOOLS\03_FSU_ENTRANCE\01_GD_ENTRANCE\fsu_b_mock\config\protocol_event_config.json
2026-01-31 16:42:02,997 event_manager.py:195 支持的协议: ['liwei', 'haineng', 'zhongyi', 'jiangsu', 'default']
2026-01-31 16:42:02,998 udp_protocol.py:61 UDP服务已启动，监听端口: 10116
2026-01-31 16:47:34,372 event_manager.py:194 从配置文件加载了协议事件配置: E:\SOFTWARE_TEST_ENGINEER\6、练习题\卓望-联合永道bak\07_TOOLS\03_FSU_ENTRANCE\01_GD_ENTRANCE\fsu_b_mock\config\protocol_event_config.json
2026-01-31 16:47:34,373 event_manager.py:195 支持的协议: ['liwei', 'haineng', 'zhongyi', 'jiangsu', 'default']
2026-01-31 16:47:34,374 udp_protocol.py:61 UDP服务已启动，监听端口: 10116
2026-01-31 16:49:01,009 event_manager.py:194 从配置文件加载了协议事件配置: E:\SOFTWARE_TEST_ENGINEER\6、练习题\卓望-联合永道bak\07_TOOLS\03_FSU_ENTRANCE\01_GD_ENTRANCE\fsu_b_mock\config\protocol_event_config.json
2026-01-31 16:49:01,009 event_manager.py:195 支持的协议: ['liwei', 'haineng', 'zhongyi', 'jiangsu', 'default']
2026-01-31 16:49:01,010 udp_protocol.py:61 UDP服务已启动，监听端口: 10116
2026-01-31 16:49:56,993 event_manager.py:194 从配置文件加载了协议事件配置: E:\SOFTWARE_TEST_ENGINEER\6、练习题\卓望-联合永道bak\07_TOOLS\03_FSU_ENTRANCE\01_GD_ENTRANCE\fsu_b_mock\config\protocol_event_config.json
2026-01-31 16:49:56,994 event_manager.py:195 支持的协议: ['liwei', 'haineng', 'zhongyi', 'jiangsu', 'default']
2026-01-31 16:49:56,995 udp_protocol.py:61 UDP服务已启动，监听端口: 10116
2026-01-31 16:52:18,512 event_manager.py:194 从配置文件加载了协议事件配置: E:\SOFTWARE_TEST_ENGINEER\6、练习题\卓望-联合永道bak\07_TOOLS\03_FSU_ENTRANCE\01_GD_ENTRANCE\fsu_b_mock\config\protocol_event_config.json
2026-01-31 16:52:18,512 event_manager.py:195 支持的协议: ['liwei', 'haineng', 'zhongyi', 'jiangsu', 'default']
2026-01-31 16:52:18,513 udp_protocol.py:61 UDP服务已启动，监听端口: 10116
2026-01-31 16:52:48,305 event_manager.py:194 从配置文件加载了协议事件配置: E:\SOFTWARE_TEST_ENGINEER\6、练习题\卓望-联合永道bak\07_TOOLS\03_FSU_ENTRANCE\01_GD_ENTRANCE\fsu_b_mock\config\protocol_event_config.json
2026-01-31 16:52:48,305 event_manager.py:195 支持的协议: ['liwei', 'haineng', 'zhongyi', 'jiangsu', 'default']
2026-01-31 16:52:48,306 udp_protocol.py:61 UDP服务已启动，监听端口: 10116
2026-01-31 16:53:24,785 event_manager.py:194 从配置文件加载了协议事件配置: E:\SOFTWARE_TEST_ENGINEER\6、练习题\卓望-联合永道bak\07_TOOLS\03_FSU_ENTRANCE\01_GD_ENTRANCE\fsu_b_mock\config\protocol_event_config.json
2026-01-31 16:53:24,785 event_manager.py:195 支持的协议: ['liwei', 'haineng', 'zhongyi', 'jiangsu', 'default']
2026-01-31 16:53:24,786 udp_protocol.py:61 UDP服务已启动，监听端口: 10116
2026-01-31 16:55:29,185 event_manager.py:194 从配置文件加载了协议事件配置: E:\SOFTWARE_TEST_ENGINEER\6、练习题\卓望-联合永道bak\07_TOOLS\03_FSU_ENTRANCE\01_GD_ENTRANCE\fsu_b_mock\config\protocol_event_config.json
2026-01-31 16:55:29,185 event_manager.py:195 支持的协议: ['liwei', 'haineng', 'zhongyi', 'jiangsu', 'default']
2026-01-31 16:55:29,186 udp_protocol.py:61 UDP服务已启动，监听端口: 10116
2026-01-31 17:01:12,066 event_manager.py:194 从配置文件加载了协议事件配置: E:\SOFTWARE_TEST_ENGINEER\6、练习题\卓望-联合永道bak\07_TOOLS\03_FSU_ENTRANCE\01_GD_ENTRANCE\fsu_b_mock\config\protocol_event_config.json
2026-01-31 17:01:12,066 event_manager.py:195 支持的协议: ['liwei', 'haineng', 'zhongyi', 'jiangsu', 'default']
2026-01-31 17:01:12,067 udp_protocol.py:61 UDP服务已启动，监听端口: 10116
2026-01-31 17:01:30,662 event_manager.py:194 从配置文件加载了协议事件配置: E:\SOFTWARE_TEST_ENGINEER\6、练习题\卓望-联合永道bak\07_TOOLS\03_FSU_ENTRANCE\01_GD_ENTRANCE\fsu_b_mock\config\protocol_event_config.json
2026-01-31 17:01:30,662 event_manager.py:195 支持的协议: ['liwei', 'haineng', 'zhongyi', 'jiangsu', 'default']
2026-01-31 17:01:30,663 udp_protocol.py:61 UDP服务已启动，监听端口: 10116
2026-01-31 17:03:13,048 event_manager.py:194 从配置文件加载了协议事件配置: e:\SOFTWARE_TEST_ENGINEER\6、练习题\卓望-联合永道bak\07_TOOLS\03_FSU_ENTRANCE\01_GD_ENTRANCE\fsu_b_mock\config\protocol_event_config.json
2026-01-31 17:03:13,048 event_manager.py:195 支持的协议: ['liwei', 'haineng', 'zhongyi', 'jiangsu', 'default']
2026-01-31 17:03:13,051 udp_protocol.py:61 UDP服务已启动，监听端口: 10116
2026-01-31 17:03:37,959 event_manager.py:194 从配置文件加载了协议事件配置: e:\SOFTWARE_TEST_ENGINEER\6、练习题\卓望-联合永道bak\07_TOOLS\03_FSU_ENTRANCE\01_GD_ENTRANCE\fsu_b_mock\config\protocol_event_config.json
2026-01-31 17:03:37,959 event_manager.py:195 支持的协议: ['liwei', 'haineng', 'zhongyi', 'jiangsu', 'default']
2026-01-31 17:03:37,961 udp_protocol.py:61 UDP服务已启动，监听端口: 10116
2026-01-31 17:04:13,701 event_manager.py:194 从配置文件加载了协议事件配置: e:\SOFTWARE_TEST_ENGINEER\6、练习题\卓望-联合永道bak\07_TOOLS\03_FSU_ENTRANCE\01_GD_ENTRANCE\fsu_b_mock\config\protocol_event_config.json
2026-01-31 17:04:13,701 event_manager.py:195 支持的协议: ['liwei', 'haineng', 'zhongyi', 'jiangsu', 'default']
2026-01-31 17:04:13,704 udp_protocol.py:61 UDP服务已启动，监听端口: 10116
2026-01-31 17:05:43,165 event_manager.py:194 从配置文件加载了协议事件配置: E:\SOFTWARE_TEST_ENGINEER\6、练习题\卓望-联合永道bak\07_TOOLS\03_FSU_ENTRANCE\01_GD_ENTRANCE\fsu_b_mock\config\protocol_event_config.json
2026-01-31 17:05:43,165 event_manager.py:195 支持的协议: ['liwei', 'haineng', 'zhongyi', 'jiangsu', 'default']
2026-01-31 17:05:54,457 event_manager.py:194 从配置文件加载了协议事件配置: E:\SOFTWARE_TEST_ENGINEER\6、练习题\卓望-联合永道bak\07_TOOLS\03_FSU_ENTRANCE\01_GD_ENTRANCE\fsu_b_mock\config\protocol_event_config.json
2026-01-31 17:05:54,457 event_manager.py:195 支持的协议: ['liwei', 'haineng', 'zhongyi', 'jiangsu', 'default']
2026-01-31 17:05:54,458 udp_protocol.py:61 UDP服务已启动，监听端口: 10116
2026-01-31 17:06:07,042 event_manager.py:194 从配置文件加载了协议事件配置: E:\SOFTWARE_TEST_ENGINEER\6、练习题\卓望-联合永道bak\07_TOOLS\03_FSU_ENTRANCE\01_GD_ENTRANCE\fsu_b_mock\config\protocol_event_config.json
2026-01-31 17:06:07,042 event_manager.py:195 支持的协议: ['liwei', 'haineng', 'zhongyi', 'jiangsu', 'default']
2026-01-31 17:06:07,043 udp_protocol.py:61 UDP服务已启动，监听端口: 10116
2026-01-31 17:06:57,428 event_manager.py:194 从配置文件加载了协议事件配置: E:\SOFTWARE_TEST_ENGINEER\6、练习题\卓望-联合永道bak\07_TOOLS\03_FSU_ENTRANCE\01_GD_ENTRANCE\fsu_b_mock\config\protocol_event_config.json
2026-01-31 17:06:57,428 event_manager.py:195 支持的协议: ['liwei', 'haineng', 'zhongyi', 'jiangsu', 'default']
2026-01-31 17:06:57,429 udp_protocol.py:61 UDP服务已启动，监听端口: 10116
2026-01-31 17:08:21,653 event_manager.py:194 从配置文件加载了协议事件配置: E:\SOFTWARE_TEST_ENGINEER\6、练习题\卓望-联合永道bak\07_TOOLS\03_FSU_ENTRANCE\01_GD_ENTRANCE\fsu_b_mock\config\protocol_event_config.json
2026-01-31 17:08:21,653 event_manager.py:195 支持的协议: ['liwei', 'haineng', 'zhongyi', 'jiangsu', 'default']
2026-01-31 17:08:21,654 udp_protocol.py:61 UDP服务已启动，监听端口: 10116
2026-01-31 17:08:52,184 event_manager.py:194 从配置文件加载了协议事件配置: E:\SOFTWARE_TEST_ENGINEER\6、练习题\卓望-联合永道bak\07_TOOLS\03_FSU_ENTRANCE\01_GD_ENTRANCE\fsu_b_mock\config\protocol_event_config.json
2026-01-31 17:08:52,184 event_manager.py:195 支持的协议: ['liwei', 'haineng', 'zhongyi', 'jiangsu', 'default']
2026-01-31 17:08:52,185 udp_protocol.py:61 UDP服务已启动，监听端口: 10116
2026-01-31 17:10:17,838 event_manager.py:194 从配置文件加载了协议事件配置: E:\SOFTWARE_TEST_ENGINEER\6、练习题\卓望-联合永道bak\07_TOOLS\03_FSU_ENTRANCE\01_GD_ENTRANCE\fsu_b_mock\config\protocol_event_config.json
2026-01-31 17:10:17,838 event_manager.py:195 支持的协议: ['liwei', 'haineng', 'zhongyi', 'jiangsu', 'default']
2026-01-31 17:10:17,839 udp_protocol.py:61 UDP服务已启动，监听端口: 10116
2026-01-31 17:10:46,975 event_manager.py:194 从配置文件加载了协议事件配置: E:\SOFTWARE_TEST_ENGINEER\6、练习题\卓望-联合永道bak\07_TOOLS\03_FSU_ENTRANCE\01_GD_ENTRANCE\fsu_b_mock\config\protocol_event_config.json
2026-01-31 17:10:46,975 event_manager.py:195 支持的协议: ['liwei', 'haineng', 'zhongyi', 'jiangsu', 'default']
2026-01-31 17:10:46,976 udp_protocol.py:61 UDP服务已启动，监听端口: 10116
2026-01-31 17:11:19,575 event_manager.py:194 从配置文件加载了协议事件配置: E:\SOFTWARE_TEST_ENGINEER\6、练习题\卓望-联合永道bak\07_TOOLS\03_FSU_ENTRANCE\01_GD_ENTRANCE\fsu_b_mock\config\protocol_event_config.json
2026-01-31 17:11:19,575 event_manager.py:195 支持的协议: ['liwei', 'haineng', 'zhongyi', 'jiangsu', 'default']
2026-01-31 17:11:19,576 udp_protocol.py:61 UDP服务已启动，监听端口: 10116
2026-01-31 17:12:48,692 event_manager.py:194 从配置文件加载了协议事件配置: E:\SOFTWARE_TEST_ENGINEER\6、练习题\卓望-联合永道bak\07_TOOLS\03_FSU_ENTRANCE\01_GD_ENTRANCE\fsu_b_mock\config\protocol_event_config.json
2026-01-31 17:12:48,692 event_manager.py:195 支持的协议: ['liwei', 'haineng', 'zhongyi', 'jiangsu', 'default']
2026-01-31 17:12:48,693 udp_protocol.py:61 UDP服务已启动，监听端口: 10116
2026-01-31 17:23:14,754 event_manager.py:194 从配置文件加载了协议事件配置: E:\SOFTWARE_TEST_ENGINEER\6、练习题\卓望-联合永道bak\07_TOOLS\03_FSU_ENTRANCE\01_GD_ENTRANCE\fsu_b_mock\config\protocol_event_config.json
2026-01-31 17:23:14,754 event_manager.py:195 支持的协议: ['liwei', 'haineng', 'zhongyi', 'jiangsu', 'default']
2026-01-31 17:23:14,755 udp_protocol.py:61 UDP服务已启动，监听端口: 10116
2026-01-31 17:24:37,800 event_manager.py:194 从配置文件加载了协议事件配置: E:\SOFTWARE_TEST_ENGINEER\6、练习题\卓望-联合永道bak\07_TOOLS\03_FSU_ENTRANCE\01_GD_ENTRANCE\fsu_b_mock\config\protocol_event_config.json
2026-01-31 17:24:37,800 event_manager.py:195 支持的协议: ['liwei', 'haineng', 'zhongyi', 'jiangsu', 'default']
2026-01-31 17:24:37,802 udp_protocol.py:61 UDP服务已启动，监听端口: 10116
2026-01-31 17:34:12,686 event_manager.py:194 从配置文件加载了协议事件配置: E:\SOFTWARE_TEST_ENGINEER\6、练习题\卓望-联合永道bak\07_TOOLS\03_FSU_ENTRANCE\01_GD_ENTRANCE\fsu_b_mock\config\protocol_event_config.json
2026-01-31 17:34:12,687 event_manager.py:195 支持的协议: ['liwei', 'haineng', 'zhongyi', 'jiangsu', 'default']
2026-01-31 17:34:12,688 udp_protocol.py:61 UDP服务已启动，监听端口: 10116
2026-01-31 18:13:34,126 event_manager.py:194 从配置文件加载了协议事件配置: e:\SOFTWARE_TEST_ENGINEER\6、练习题\卓望-联合永道bak\07_TOOLS\03_FSU_ENTRANCE\01_GD_ENTRANCE\fsu_b_mock\config\protocol_event_config.json
2026-01-31 18:13:34,126 event_manager.py:195 支持的协议: ['liwei', 'haineng', 'zhongyi', 'jiangsu', 'default']
2026-01-31 18:13:34,128 udp_protocol.py:61 UDP服务已启动，监听端口: 10116
2026-01-31 18:17:06,771 event_manager.py:194 从配置文件加载了协议事件配置: e:\SOFTWARE_TEST_ENGINEER\6、练习题\卓望-联合永道bak\07_TOOLS\03_FSU_ENTRANCE\01_GD_ENTRANCE\fsu_b_mock\config\protocol_event_config.json
2026-01-31 18:17:06,772 event_manager.py:195 支持的协议: ['liwei', 'haineng', 'zhongyi', 'jiangsu', 'default']
2026-01-31 18:17:06,774 udp_protocol.py:61 UDP服务已启动，监听端口: 10116
2026-01-31 18:31:26,394 event_manager.py:194 从配置文件加载了协议事件配置: e:\SOFTWARE_TEST_ENGINEER\6、练习题\卓望-联合永道bak\07_TOOLS\03_FSU_ENTRANCE\01_GD_ENTRANCE\fsu_b_mock\config\protocol_event_config.json
2026-01-31 18:31:26,395 event_manager.py:195 支持的协议: ['liwei', 'haineng', 'zhongyi', 'jiangsu', 'default']
2026-01-31 18:31:26,397 udp_protocol.py:61 UDP服务已启动，监听端口: 10116
2026-01-31 19:27:47,679 event_manager.py:194 从配置文件加载了协议事件配置: e:\SOFTWARE_TEST_ENGINEER\6、练习题\卓望-联合永道bak\07_TOOLS\03_FSU_ENTRANCE\01_GD_ENTRANCE\fsu_b_mock\config\protocol_event_config.json
2026-01-31 19:27:47,679 event_manager.py:195 支持的协议: ['liwei', 'haineng', 'zhongyi', 'jiangsu', 'default']
2026-01-31 19:27:47,681 udp_protocol.py:61 UDP服务已启动，监听端口: 10116
2026-01-31 20:18:02,664 event_manager.py:194 从配置文件加载了协议事件配置: e:\SOFTWARE_TEST_ENGINEER\6、练习题\卓望-联合永道bak\07_TOOLS\03_FSU_ENTRANCE\01_GD_ENTRANCE\fsu_b_mock\config\protocol_event_config.json
2026-01-31 20:18:02,664 event_manager.py:195 支持的协议: ['liwei', 'haineng', 'zhongyi', 'jiangsu', 'default']
2026-01-31 20:18:18,061 event_manager.py:194 从配置文件加载了协议事件配置: e:\SOFTWARE_TEST_ENGINEER\6、练习题\卓望-联合永道bak\07_TOOLS\03_FSU_ENTRANCE\01_GD_ENTRANCE\fsu_b_mock\config\protocol_event_config.json
2026-01-31 20:18:18,061 event_manager.py:195 支持的协议: ['liwei', 'haineng', 'zhongyi', 'jiangsu', 'default']
2026-01-31 20:18:18,062 udp_protocol.py:61 UDP服务已启动，监听端口: 10116
