2026-01-28 00:36:30,121 udp_protocol.py:52 UDP服务已启动，监听端口: 10115
2026-01-28 00:37:40,246 udp_protocol.py:52 UDP服务已启动，监听端口: 10115
2026-01-28 00:38:43,439 udp_protocol.py:52 UDP服务已启动，监听端口: 10115
2026-01-28 00:46:14,934 udp_protocol.py:52 UDP服务已启动，监听端口: 10115
2026-01-28 00:47:05,844 udp_protocol.py:52 UDP服务已启动，监听端口: 10115
2026-01-28 00:54:40,042 udp_protocol.py:52 UDP服务已启动，监听端口: 10115
2026-01-28 00:57:44,985 udp_protocol.py:52 UDP服务已启动，监听端口: 10115
2026-01-28 01:03:16,058 udp_protocol.py:52 UDP服务已启动，监听端口: 10115
2026-01-28 01:03:54,467 udp_protocol.py:52 UDP服务已启动，监听端口: 10115
2026-01-28 10:06:12,146 udp_protocol.py:89 UDP服务已启动，监听端口: 10115
2026-01-28 10:16:59,880 udp_protocol.py:364 事件类型配置文件不存在: ./config/bangsun_new\event_types.json
2026-01-28 10:16:59,883 udp_protocol.py:74 UDP服务已启动，监听端口: 10115
2026-01-28 10:17:33,430 udp_protocol.py:364 事件类型配置文件不存在: ./config/bangsun_new\event_types.json
2026-01-28 10:17:33,432 udp_protocol.py:74 UDP服务已启动，监听端口: 10115
2026-01-28 10:30:40,918 udp_protocol.py:434 事件类型配置文件不存在: ./config/bangsun_new\event_types.json
2026-01-28 10:31:07,965 udp_protocol.py:434 事件类型配置文件不存在: ./config/bangsun_new\event_types.json
2026-01-28 10:32:14,431 udp_protocol.py:434 事件类型配置文件不存在: ./config/bangsun_new\event_types.json
2026-01-28 10:44:16,126 udp_protocol.py:434 事件类型配置文件不存在: ./config/bangsun_new\event_types.json
2026-01-28 10:44:25,245 udp_protocol.py:434 事件类型配置文件不存在: ./config/bangsun_new\event_types.json
2026-01-28 10:44:25,247 udp_protocol.py:74 UDP服务已启动，监听端口: 10115
2026-01-28 10:54:14,199 udp_protocol.py:445 事件类型配置文件不存在: ./config/bangsun_new\event_types.json
2026-01-28 10:54:14,200 udp_protocol.py:473 事件配置文件不存在: ./config/bangsun_new\event_config.json
2026-01-28 14:47:16,068 udp_protocol.py:474 事件类型配置文件不存在: ./config/bangsun_new\event_types.json
2026-01-28 14:47:16,068 udp_protocol.py:501 事件规则配置文件不存在: ./config/bangsun_new\rules\event.json
2026-01-28 14:47:16,071 udp_protocol.py:92 UDP服务已启动，监听端口: 10115
2026-01-28 14:54:25,791 udp_protocol.py:445 事件类型配置文件不存在: ./config/bangsun_new\event_types.json
2026-01-28 14:54:25,792 udp_protocol.py:472 事件规则配置文件不存在: ./config/bangsun_new\rules\event.json
2026-01-28 14:54:25,795 udp_protocol.py:77 UDP服务已启动，监听端口: 10115
2026-01-28 17:41:13,367 event_manager.py:116 事件类型配置文件不存在: ./config/bangsun_new\event_types.json
2026-01-28 17:41:13,367 event_manager.py:143 事件规则配置文件不存在: ./config/bangsun_new\rules\event.json
2026-01-28 17:41:13,381 udp_protocol.py:61 UDP服务已启动，监听端口: 10115
2026-01-28 18:52:10,830 event_manager.py:116 事件类型配置文件不存在: ./config/bangsun_new\event_types.json
2026-01-28 18:52:10,831 event_manager.py:143 事件规则配置文件不存在: ./config/bangsun_new\rules\event.json
2026-01-28 18:52:10,833 udp_protocol.py:61 UDP服务已启动，监听端口: 10115
2026-01-28 19:15:59,378 udp_protocol.py:61 UDP服务已启动，监听端口: 10115
2026-01-28 20:26:18,064 udp_protocol.py:61 UDP服务已启动，监听端口: 10115
