2026-01-27 23:41:22,628 udp_protocol.py:52 UDP服务已启动，监听端口: 10101
2026-01-27 23:42:16,189 udp_protocol.py:67 [收到UDP数据，来自: ('10.8.187.2', 55840)，数据长度: 74 字节] fsu[bangsun_01:3230323530313237] 
2026-01-27 23:42:16,193 base_protocol.py:87 设备协议配置已热加载
2026-01-27 23:42:16,193 udp_protocol.py:78 数据包长度: 74 字节
HEX: FF 31 32 34 31 32 33 31 33 31 32 34 31 00 00 00 00 00 00 00 00 00 00 00 00 00 00 00 00 01 01 27 00 EE 01 00 22 00 7E 67 44 8D 10 00 00 00 00 00 00 00 00 00 00 00 00 00 00 00 00 00 00 00 00 00 00 00 00 00 00 48 01 0D 6D FE
Parsed:
    P_header: 0xFF
    P_dest_addr: 3132343132333133
    P_src_addr: 3132343100000000000000000000000000000000
    P_subDevType: 0x01
    P_subDev_addr: 0x01
    P_pLen: 0x0027
    RtnFlag: 0xEE
    CommType: 0x0001
    透传数据长度: 0x0022
    透传数据: 7E67448D10000000000000000000000000000000000000000000000000000048010D
    P_verify: 0x00
    P_tailer: 0xFE
2026-01-27 23:42:16,195 udp_protocol.py:114 [透传数据层]原始数据:
    数据包长度: 34 字节
    HEX: 7E 67 44 8D 10 00 00 00 00 00 00 00 00 00 00 00 00 00 00 00 00 00 00 00 00 00 00 00 00 00 00 48 01 0D
[透传数据层] 协议栈解析:
    透传数据PDU:
        start: 7E
        address: 4467
        checksum: 0000
        end: 00
    透传数据帧:
        data_frame_type: 108D
        record_index: 00000000
2026-01-27 23:42:16,308 udp_protocol.py:166 [######## FSU 向动环发送数据，目的地址：('10.8.187.2', 55840)] fsu[bangsun_01:3230323530313237] 
2026-01-27 23:42:16,312 udp_protocol.py:180 数据包长度: 74 字节
HEX: FF 00 00 00 00 00 00 00 00 32 30 32 35 30 31 32 37 00 00 00 00 00 00 00 00 00 00 00 00 01 01 27 00 00 01 00 22 00 7E 00 00 8D 10 52 71 B3 02 26 01 27 00 23 42 16 00 00 00 00 00 00 00 00 00 00 00 00 00 00 00 06 00 0D 08 FE
Parsed:
    P_header: 0xFF
    P_dest_addr: 3230323530313237000000000000000000000000
    P_src_addr: 0000000000000000
    P_subDevType: 0x01
    P_subDev_addr: 0x01
    P_pLen: 0x0027
    RtnFlag: 0x00
    CommType: 0x0001
    透传数据长度: 0x0022
    透传数据: 7E00008D105271B3022601270023421600000000000000000000000000000006000D
    P_verify: 0x00
    P_tailer: 0xFE
2026-01-27 23:42:16,316 udp_protocol.py:200 [透传数据层]原始数据:
    数据包长度: 34 字节
    HEX: 7E 00 00 8D 10 52 71 B3 02 26 01 27 00 23 42 16 00 00 00 00 00 00 00 00 00 00 00 00 00 00 00 06 00 0D
[透传数据层] 协议栈解析:
    透传数据PDU:
        start: 7E
        address: 0000
        checksum: 2601
        end: 27
    透传数据帧:
        card_id: 7152
        vendor_id: B3
        status: 02
        year: 26
        month: 01
        day: 27
        hour: 23
        minute: 42
        second: 16
2026-01-27 23:42:30,950 udp_protocol.py:67 [收到UDP数据，来自: ('10.8.187.2', 55840)，数据长度: 74 字节] fsu[bangsun_01:3230323530313237] 
2026-01-27 23:42:30,952 udp_protocol.py:78 数据包长度: 74 字节
HEX: FF 31 32 34 31 32 33 31 33 31 32 34 31 00 00 00 00 00 00 00 00 00 00 00 00 00 00 00 00 01 01 27 00 EE 01 00 22 00 7E 67 44 8D 10 00 00 00 00 00 00 00 00 00 00 00 00 00 00 00 00 00 00 00 00 00 00 00 00 00 00 48 01 0D 6D FE
Parsed:
    P_header: 0xFF
    P_dest_addr: 3132343132333133
    P_src_addr: 3132343100000000000000000000000000000000
    P_subDevType: 0x01
    P_subDev_addr: 0x01
    P_pLen: 0x0027
    RtnFlag: 0xEE
    CommType: 0x0001
    透传数据长度: 0x0022
    透传数据: 7E67448D10000000000000000000000000000000000000000000000000000048010D
    P_verify: 0x00
    P_tailer: 0xFE
2026-01-27 23:42:30,953 udp_protocol.py:114 [透传数据层]原始数据:
    数据包长度: 34 字节
    HEX: 7E 67 44 8D 10 00 00 00 00 00 00 00 00 00 00 00 00 00 00 00 00 00 00 00 00 00 00 00 00 00 00 48 01 0D
[透传数据层] 协议栈解析:
    透传数据PDU:
        start: 7E
        address: 4467
        checksum: 0000
        end: 00
    透传数据帧:
        data_frame_type: 108D
        record_index: 00000000
2026-01-27 23:42:31,061 udp_protocol.py:166 [######## FSU 向动环发送数据，目的地址：('10.8.187.2', 55840)] fsu[bangsun_01:3230323530313237] 
2026-01-27 23:42:31,062 udp_protocol.py:180 数据包长度: 74 字节
HEX: FF 00 00 00 00 00 00 00 00 32 30 32 35 30 31 32 37 00 00 00 00 00 00 00 00 00 00 00 00 01 01 27 00 00 01 00 22 00 7E 00 00 8D 10 52 71 B3 02 26 01 27 00 23 42 30 00 00 00 00 00 00 00 00 00 00 00 00 00 00 00 20 00 0D 08 FE
Parsed:
    P_header: 0xFF
    P_dest_addr: 3230323530313237000000000000000000000000
    P_src_addr: 0000000000000000
    P_subDevType: 0x01
    P_subDev_addr: 0x01
    P_pLen: 0x0027
    RtnFlag: 0x00
    CommType: 0x0001
    透传数据长度: 0x0022
    透传数据: 7E00008D105271B3022601270023423000000000000000000000000000000020000D
    P_verify: 0x00
    P_tailer: 0xFE
2026-01-27 23:42:31,065 udp_protocol.py:200 [透传数据层]原始数据:
    数据包长度: 34 字节
    HEX: 7E 00 00 8D 10 52 71 B3 02 26 01 27 00 23 42 30 00 00 00 00 00 00 00 00 00 00 00 00 00 00 00 20 00 0D
[透传数据层] 协议栈解析:
    透传数据PDU:
        start: 7E
        address: 0000
        checksum: 2601
        end: 27
    透传数据帧:
        card_id: 7152
        vendor_id: B3
        status: 02
        year: 26
        month: 01
        day: 27
        hour: 23
        minute: 42
        second: 30
2026-01-27 23:48:15,672 udp_protocol.py:67 [收到UDP数据，来自: ('10.8.187.2', 55840)，数据长度: 74 字节] fsu[bangsun_01:3230323530313237] 
2026-01-27 23:48:15,673 udp_protocol.py:78 数据包长度: 74 字节
HEX: FF 31 32 34 31 32 33 31 33 31 32 34 31 00 00 00 00 00 00 00 00 00 00 00 00 00 00 00 00 01 01 27 00 EE 01 00 22 00 7E 67 44 8D 10 00 00 00 00 00 00 00 00 00 00 00 00 00 00 00 00 00 00 00 00 00 00 00 00 00 00 48 01 0D 6D FE
Parsed:
    P_header: 0xFF
    P_dest_addr: 3132343132333133
    P_src_addr: 3132343100000000000000000000000000000000
    P_subDevType: 0x01
    P_subDev_addr: 0x01
    P_pLen: 0x0027
    RtnFlag: 0xEE
    CommType: 0x0001
    透传数据长度: 0x0022
    透传数据: 7E67448D10000000000000000000000000000000000000000000000000000048010D
    P_verify: 0x00
    P_tailer: 0xFE
2026-01-27 23:48:15,675 udp_protocol.py:114 [透传数据层]原始数据:
    数据包长度: 34 字节
    HEX: 7E 67 44 8D 10 00 00 00 00 00 00 00 00 00 00 00 00 00 00 00 00 00 00 00 00 00 00 00 00 00 00 48 01 0D
[透传数据层] 协议栈解析:
    透传数据PDU:
        start: 7E
        address: 4467
        checksum: 0000
        end: 00
    透传数据帧:
        data_frame_type: 108D
        record_index: 00000000
2026-01-27 23:48:15,791 udp_protocol.py:166 [######## FSU 向动环发送数据，目的地址：('10.8.187.2', 55840)] fsu[bangsun_01:3230323530313237] 
2026-01-27 23:48:15,793 udp_protocol.py:180 数据包长度: 74 字节
HEX: FF 00 00 00 00 00 00 00 00 32 30 32 35 30 31 32 37 00 00 00 00 00 00 00 00 00 00 00 00 01 01 27 00 00 01 00 22 00 7E 00 00 8D 10 52 71 B3 02 26 01 27 00 23 48 15 00 00 00 00 00 00 00 00 00 00 00 00 00 00 00 0F 00 0D 08 FE
Parsed:
    P_header: 0xFF
    P_dest_addr: 3230323530313237000000000000000000000000
    P_src_addr: 0000000000000000
    P_subDevType: 0x01
    P_subDev_addr: 0x01
    P_pLen: 0x0027
    RtnFlag: 0x00
    CommType: 0x0001
    透传数据长度: 0x0022
    透传数据: 7E00008D105271B302260127002348150000000000000000000000000000000F000D
    P_verify: 0x00
    P_tailer: 0xFE
2026-01-27 23:48:15,797 udp_protocol.py:200 [透传数据层]原始数据:
    数据包长度: 34 字节
    HEX: 7E 00 00 8D 10 52 71 B3 02 26 01 27 00 23 48 15 00 00 00 00 00 00 00 00 00 00 00 00 00 00 00 0F 00 0D
[透传数据层] 协议栈解析:
    透传数据PDU:
        start: 7E
        address: 0000
        checksum: 2601
        end: 27
    透传数据帧:
        card_id: 7152
        vendor_id: B3
        status: 02
        year: 26
        month: 01
        day: 27
        hour: 23
        minute: 48
        second: 15
2026-01-27 23:48:16,646 udp_protocol.py:67 [收到UDP数据，来自: ('10.8.187.2', 55840)，数据长度: 74 字节] fsu[bangsun_01:3230323530313237] 
2026-01-27 23:48:16,647 udp_protocol.py:78 数据包长度: 74 字节
HEX: FF 31 32 34 31 32 33 31 33 31 32 34 31 00 00 00 00 00 00 00 00 00 00 00 00 00 00 00 00 01 01 27 00 EE 01 00 22 00 7E 67 44 8D 10 00 00 00 00 00 00 00 00 00 00 00 00 00 00 00 00 00 00 00 00 00 00 00 00 00 00 48 01 0D 6D FE
Parsed:
    P_header: 0xFF
    P_dest_addr: 3132343132333133
    P_src_addr: 3132343100000000000000000000000000000000
    P_subDevType: 0x01
    P_subDev_addr: 0x01
    P_pLen: 0x0027
    RtnFlag: 0xEE
    CommType: 0x0001
    透传数据长度: 0x0022
    透传数据: 7E67448D10000000000000000000000000000000000000000000000000000048010D
    P_verify: 0x00
    P_tailer: 0xFE
2026-01-27 23:48:16,649 udp_protocol.py:114 [透传数据层]原始数据:
    数据包长度: 34 字节
    HEX: 7E 67 44 8D 10 00 00 00 00 00 00 00 00 00 00 00 00 00 00 00 00 00 00 00 00 00 00 00 00 00 00 48 01 0D
[透传数据层] 协议栈解析:
    透传数据PDU:
        start: 7E
        address: 4467
        checksum: 0000
        end: 00
    透传数据帧:
        data_frame_type: 108D
        record_index: 00000000
2026-01-27 23:48:16,757 udp_protocol.py:166 [######## FSU 向动环发送数据，目的地址：('10.8.187.2', 55840)] fsu[bangsun_01:3230323530313237] 
2026-01-27 23:48:16,760 udp_protocol.py:180 数据包长度: 74 字节
HEX: FF 00 00 00 00 00 00 00 00 32 30 32 35 30 31 32 37 00 00 00 00 00 00 00 00 00 00 00 00 01 01 27 00 00 01 00 22 00 7E 00 00 8D 10 52 71 B3 02 26 01 27 00 23 48 16 00 00 00 00 00 00 00 00 00 00 00 00 00 00 00 0C 00 0D 08 FE
Parsed:
    P_header: 0xFF
    P_dest_addr: 3230323530313237000000000000000000000000
    P_src_addr: 0000000000000000
    P_subDevType: 0x01
    P_subDev_addr: 0x01
    P_pLen: 0x0027
    RtnFlag: 0x00
    CommType: 0x0001
    透传数据长度: 0x0022
    透传数据: 7E00008D105271B302260127002348160000000000000000000000000000000C000D
    P_verify: 0x00
    P_tailer: 0xFE
2026-01-27 23:48:16,764 udp_protocol.py:200 [透传数据层]原始数据:
    数据包长度: 34 字节
    HEX: 7E 00 00 8D 10 52 71 B3 02 26 01 27 00 23 48 16 00 00 00 00 00 00 00 00 00 00 00 00 00 00 00 0C 00 0D
[透传数据层] 协议栈解析:
    透传数据PDU:
        start: 7E
        address: 0000
        checksum: 2601
        end: 27
    透传数据帧:
        card_id: 7152
        vendor_id: B3
        status: 02
        year: 26
        month: 01
        day: 27
        hour: 23
        minute: 48
        second: 16
2026-01-27 23:48:17,300 udp_protocol.py:67 [收到UDP数据，来自: ('10.8.187.2', 55840)，数据长度: 74 字节] fsu[bangsun_01:3230323530313237] 
2026-01-27 23:48:17,301 udp_protocol.py:78 数据包长度: 74 字节
HEX: FF 31 32 34 31 32 33 31 33 31 32 34 31 00 00 00 00 00 00 00 00 00 00 00 00 00 00 00 00 01 01 27 00 EE 01 00 22 00 7E 67 44 8D 10 00 00 00 00 00 00 00 00 00 00 00 00 00 00 00 00 00 00 00 00 00 00 00 00 00 00 48 01 0D 6D FE
Parsed:
    P_header: 0xFF
    P_dest_addr: 3132343132333133
    P_src_addr: 3132343100000000000000000000000000000000
    P_subDevType: 0x01
    P_subDev_addr: 0x01
    P_pLen: 0x0027
    RtnFlag: 0xEE
    CommType: 0x0001
    透传数据长度: 0x0022
    透传数据: 7E67448D10000000000000000000000000000000000000000000000000000048010D
    P_verify: 0x00
    P_tailer: 0xFE
2026-01-27 23:48:17,302 udp_protocol.py:114 [透传数据层]原始数据:
    数据包长度: 34 字节
    HEX: 7E 67 44 8D 10 00 00 00 00 00 00 00 00 00 00 00 00 00 00 00 00 00 00 00 00 00 00 00 00 00 00 48 01 0D
[透传数据层] 协议栈解析:
    透传数据PDU:
        start: 7E
        address: 4467
        checksum: 0000
        end: 00
    透传数据帧:
        data_frame_type: 108D
        record_index: 00000000
2026-01-27 23:48:17,414 udp_protocol.py:166 [######## FSU 向动环发送数据，目的地址：('10.8.187.2', 55840)] fsu[bangsun_01:3230323530313237] 
2026-01-27 23:48:17,416 udp_protocol.py:180 数据包长度: 74 字节
HEX: FF 00 00 00 00 00 00 00 00 32 30 32 35 30 31 32 37 00 00 00 00 00 00 00 00 00 00 00 00 01 01 27 00 00 01 00 22 00 7E 00 00 8D 10 52 71 B3 02 26 01 27 00 23 48 17 00 00 00 00 00 00 00 00 00 00 00 00 00 00 00 0D 00 0D 08 FE
Parsed:
    P_header: 0xFF
    P_dest_addr: 3230323530313237000000000000000000000000
    P_src_addr: 0000000000000000
    P_subDevType: 0x01
    P_subDev_addr: 0x01
    P_pLen: 0x0027
    RtnFlag: 0x00
    CommType: 0x0001
    透传数据长度: 0x0022
    透传数据: 7E00008D105271B302260127002348170000000000000000000000000000000D000D
    P_verify: 0x00
    P_tailer: 0xFE
2026-01-27 23:48:17,419 udp_protocol.py:200 [透传数据层]原始数据:
    数据包长度: 34 字节
    HEX: 7E 00 00 8D 10 52 71 B3 02 26 01 27 00 23 48 17 00 00 00 00 00 00 00 00 00 00 00 00 00 00 00 0D 00 0D
[透传数据层] 协议栈解析:
    透传数据PDU:
        start: 7E
        address: 0000
        checksum: 2601
        end: 27
    透传数据帧:
        card_id: 7152
        vendor_id: B3
        status: 02
        year: 26
        month: 01
        day: 27
        hour: 23
        minute: 48
        second: 17
2026-01-27 23:48:18,101 udp_protocol.py:67 [收到UDP数据，来自: ('10.8.187.2', 55840)，数据长度: 74 字节] fsu[bangsun_01:3230323530313237] 
2026-01-27 23:48:18,103 udp_protocol.py:78 数据包长度: 74 字节
HEX: FF 31 32 34 31 32 33 31 33 31 32 34 31 00 00 00 00 00 00 00 00 00 00 00 00 00 00 00 00 01 01 27 00 EE 01 00 22 00 7E 67 44 8D 10 00 00 00 00 00 00 00 00 00 00 00 00 00 00 00 00 00 00 00 00 00 00 00 00 00 00 48 01 0D 6D FE
Parsed:
    P_header: 0xFF
    P_dest_addr: 3132343132333133
    P_src_addr: 3132343100000000000000000000000000000000
    P_subDevType: 0x01
    P_subDev_addr: 0x01
    P_pLen: 0x0027
    RtnFlag: 0xEE
    CommType: 0x0001
    透传数据长度: 0x0022
    透传数据: 7E67448D10000000000000000000000000000000000000000000000000000048010D
    P_verify: 0x00
    P_tailer: 0xFE
2026-01-27 23:48:18,105 udp_protocol.py:114 [透传数据层]原始数据:
    数据包长度: 34 字节
    HEX: 7E 67 44 8D 10 00 00 00 00 00 00 00 00 00 00 00 00 00 00 00 00 00 00 00 00 00 00 00 00 00 00 48 01 0D
[透传数据层] 协议栈解析:
    透传数据PDU:
        start: 7E
        address: 4467
        checksum: 0000
        end: 00
    透传数据帧:
        data_frame_type: 108D
        record_index: 00000000
2026-01-27 23:48:18,209 udp_protocol.py:166 [######## FSU 向动环发送数据，目的地址：('10.8.187.2', 55840)] fsu[bangsun_01:3230323530313237] 
2026-01-27 23:48:18,213 udp_protocol.py:180 数据包长度: 74 字节
HEX: FF 00 00 00 00 00 00 00 00 32 30 32 35 30 31 32 37 00 00 00 00 00 00 00 00 00 00 00 00 01 01 27 00 00 01 00 22 00 7E 00 00 8D 10 52 71 B3 02 26 01 27 00 23 48 18 00 00 00 00 00 00 00 00 00 00 00 00 00 00 00 02 00 0D 08 FE
Parsed:
    P_header: 0xFF
    P_dest_addr: 3230323530313237000000000000000000000000
    P_src_addr: 0000000000000000
    P_subDevType: 0x01
    P_subDev_addr: 0x01
    P_pLen: 0x0027
    RtnFlag: 0x00
    CommType: 0x0001
    透传数据长度: 0x0022
    透传数据: 7E00008D105271B3022601270023481800000000000000000000000000000002000D
    P_verify: 0x00
    P_tailer: 0xFE
2026-01-27 23:48:18,215 udp_protocol.py:200 [透传数据层]原始数据:
    数据包长度: 34 字节
    HEX: 7E 00 00 8D 10 52 71 B3 02 26 01 27 00 23 48 18 00 00 00 00 00 00 00 00 00 00 00 00 00 00 00 02 00 0D
[透传数据层] 协议栈解析:
    透传数据PDU:
        start: 7E
        address: 0000
        checksum: 2601
        end: 27
    透传数据帧:
        card_id: 7152
        vendor_id: B3
        status: 02
        year: 26
        month: 01
        day: 27
        hour: 23
        minute: 48
        second: 18
2026-01-27 23:48:18,828 udp_protocol.py:67 [收到UDP数据，来自: ('10.8.187.2', 55840)，数据长度: 74 字节] fsu[bangsun_01:3230323530313237] 
2026-01-27 23:48:18,830 udp_protocol.py:78 数据包长度: 74 字节
HEX: FF 31 32 34 31 32 33 31 33 31 32 34 31 00 00 00 00 00 00 00 00 00 00 00 00 00 00 00 00 01 01 27 00 EE 01 00 22 00 7E 67 44 8D 10 00 00 00 00 00 00 00 00 00 00 00 00 00 00 00 00 00 00 00 00 00 00 00 00 00 00 48 01 0D 6D FE
Parsed:
    P_header: 0xFF
    P_dest_addr: 3132343132333133
    P_src_addr: 3132343100000000000000000000000000000000
    P_subDevType: 0x01
    P_subDev_addr: 0x01
    P_pLen: 0x0027
    RtnFlag: 0xEE
    CommType: 0x0001
    透传数据长度: 0x0022
    透传数据: 7E67448D10000000000000000000000000000000000000000000000000000048010D
    P_verify: 0x00
    P_tailer: 0xFE
2026-01-27 23:48:18,831 udp_protocol.py:114 [透传数据层]原始数据:
    数据包长度: 34 字节
    HEX: 7E 67 44 8D 10 00 00 00 00 00 00 00 00 00 00 00 00 00 00 00 00 00 00 00 00 00 00 00 00 00 00 48 01 0D
[透传数据层] 协议栈解析:
    透传数据PDU:
        start: 7E
        address: 4467
        checksum: 0000
        end: 00
    透传数据帧:
        data_frame_type: 108D
        record_index: 00000000
2026-01-27 23:48:18,943 udp_protocol.py:166 [######## FSU 向动环发送数据，目的地址：('10.8.187.2', 55840)] fsu[bangsun_01:3230323530313237] 
2026-01-27 23:48:18,945 udp_protocol.py:180 数据包长度: 74 字节
HEX: FF 00 00 00 00 00 00 00 00 32 30 32 35 30 31 32 37 00 00 00 00 00 00 00 00 00 00 00 00 01 01 27 00 00 01 00 22 00 7E 00 00 8D 10 52 71 B3 02 26 01 27 00 23 48 18 00 00 00 00 00 00 00 00 00 00 00 00 00 00 00 02 00 0D 08 FE
Parsed:
    P_header: 0xFF
    P_dest_addr: 3230323530313237000000000000000000000000
    P_src_addr: 0000000000000000
    P_subDevType: 0x01
    P_subDev_addr: 0x01
    P_pLen: 0x0027
    RtnFlag: 0x00
    CommType: 0x0001
    透传数据长度: 0x0022
    透传数据: 7E00008D105271B3022601270023481800000000000000000000000000000002000D
    P_verify: 0x00
    P_tailer: 0xFE
2026-01-27 23:48:18,949 udp_protocol.py:200 [透传数据层]原始数据:
    数据包长度: 34 字节
    HEX: 7E 00 00 8D 10 52 71 B3 02 26 01 27 00 23 48 18 00 00 00 00 00 00 00 00 00 00 00 00 00 00 00 02 00 0D
[透传数据层] 协议栈解析:
    透传数据PDU:
        start: 7E
        address: 0000
        checksum: 2601
        end: 27
    透传数据帧:
        card_id: 7152
        vendor_id: B3
        status: 02
        year: 26
        month: 01
        day: 27
        hour: 23
        minute: 48
        second: 18
2026-01-27 23:48:19,435 udp_protocol.py:67 [收到UDP数据，来自: ('10.8.187.2', 55840)，数据长度: 74 字节] fsu[bangsun_01:3230323530313237] 
2026-01-27 23:48:19,437 udp_protocol.py:78 数据包长度: 74 字节
HEX: FF 31 32 34 31 32 33 31 33 31 32 34 31 00 00 00 00 00 00 00 00 00 00 00 00 00 00 00 00 01 01 27 00 EE 01 00 22 00 7E 67 44 8D 10 00 00 00 00 00 00 00 00 00 00 00 00 00 00 00 00 00 00 00 00 00 00 00 00 00 00 48 01 0D 6D FE
Parsed:
    P_header: 0xFF
    P_dest_addr: 3132343132333133
    P_src_addr: 3132343100000000000000000000000000000000
    P_subDevType: 0x01
    P_subDev_addr: 0x01
    P_pLen: 0x0027
    RtnFlag: 0xEE
    CommType: 0x0001
    透传数据长度: 0x0022
    透传数据: 7E67448D10000000000000000000000000000000000000000000000000000048010D
    P_verify: 0x00
    P_tailer: 0xFE
2026-01-27 23:48:19,438 udp_protocol.py:114 [透传数据层]原始数据:
    数据包长度: 34 字节
    HEX: 7E 67 44 8D 10 00 00 00 00 00 00 00 00 00 00 00 00 00 00 00 00 00 00 00 00 00 00 00 00 00 00 48 01 0D
[透传数据层] 协议栈解析:
    透传数据PDU:
        start: 7E
        address: 4467
        checksum: 0000
        end: 00
    透传数据帧:
        data_frame_type: 108D
        record_index: 00000000
2026-01-27 23:48:19,552 udp_protocol.py:166 [######## FSU 向动环发送数据，目的地址：('10.8.187.2', 55840)] fsu[bangsun_01:3230323530313237] 
2026-01-27 23:48:19,555 udp_protocol.py:180 数据包长度: 74 字节
HEX: FF 00 00 00 00 00 00 00 00 32 30 32 35 30 31 32 37 00 00 00 00 00 00 00 00 00 00 00 00 01 01 27 00 00 01 00 22 00 7E 00 00 8D 10 52 71 B3 02 26 01 27 00 23 48 19 00 00 00 00 00 00 00 00 00 00 00 00 00 00 00 03 00 0D 08 FE
Parsed:
    P_header: 0xFF
    P_dest_addr: 3230323530313237000000000000000000000000
    P_src_addr: 0000000000000000
    P_subDevType: 0x01
    P_subDev_addr: 0x01
    P_pLen: 0x0027
    RtnFlag: 0x00
    CommType: 0x0001
    透传数据长度: 0x0022
    透传数据: 7E00008D105271B3022601270023481900000000000000000000000000000003000D
    P_verify: 0x00
    P_tailer: 0xFE
2026-01-27 23:48:19,557 udp_protocol.py:200 [透传数据层]原始数据:
    数据包长度: 34 字节
    HEX: 7E 00 00 8D 10 52 71 B3 02 26 01 27 00 23 48 19 00 00 00 00 00 00 00 00 00 00 00 00 00 00 00 03 00 0D
[透传数据层] 协议栈解析:
    透传数据PDU:
        start: 7E
        address: 0000
        checksum: 2601
        end: 27
    透传数据帧:
        card_id: 7152
        vendor_id: B3
        status: 02
        year: 26
        month: 01
        day: 27
        hour: 23
        minute: 48
        second: 19
2026-01-27 23:48:20,080 udp_protocol.py:67 [收到UDP数据，来自: ('10.8.187.2', 55840)，数据长度: 74 字节] fsu[bangsun_01:3230323530313237] 
2026-01-27 23:48:20,082 udp_protocol.py:78 数据包长度: 74 字节
HEX: FF 31 32 34 31 32 33 31 33 31 32 34 31 00 00 00 00 00 00 00 00 00 00 00 00 00 00 00 00 01 01 27 00 EE 01 00 22 00 7E 67 44 8D 10 00 00 00 00 00 00 00 00 00 00 00 00 00 00 00 00 00 00 00 00 00 00 00 00 00 00 48 01 0D 6D FE
Parsed:
    P_header: 0xFF
    P_dest_addr: 3132343132333133
    P_src_addr: 3132343100000000000000000000000000000000
    P_subDevType: 0x01
    P_subDev_addr: 0x01
    P_pLen: 0x0027
    RtnFlag: 0xEE
    CommType: 0x0001
    透传数据长度: 0x0022
    透传数据: 7E67448D10000000000000000000000000000000000000000000000000000048010D
    P_verify: 0x00
    P_tailer: 0xFE
2026-01-27 23:48:20,083 udp_protocol.py:114 [透传数据层]原始数据:
    数据包长度: 34 字节
    HEX: 7E 67 44 8D 10 00 00 00 00 00 00 00 00 00 00 00 00 00 00 00 00 00 00 00 00 00 00 00 00 00 00 48 01 0D
[透传数据层] 协议栈解析:
    透传数据PDU:
        start: 7E
        address: 4467
        checksum: 0000
        end: 00
    透传数据帧:
        data_frame_type: 108D
        record_index: 00000000
2026-01-27 23:48:20,188 udp_protocol.py:166 [######## FSU 向动环发送数据，目的地址：('10.8.187.2', 55840)] fsu[bangsun_01:3230323530313237] 
2026-01-27 23:48:20,188 udp_protocol.py:180 数据包长度: 74 字节
HEX: FF 00 00 00 00 00 00 00 00 32 30 32 35 30 31 32 37 00 00 00 00 00 00 00 00 00 00 00 00 01 01 27 00 00 01 00 22 00 7E 00 00 8D 10 52 71 B3 02 26 01 27 00 23 48 20 00 00 00 00 00 00 00 00 00 00 00 00 00 00 00 3A 00 0D 08 FE
Parsed:
    P_header: 0xFF
    P_dest_addr: 3230323530313237000000000000000000000000
    P_src_addr: 0000000000000000
    P_subDevType: 0x01
    P_subDev_addr: 0x01
    P_pLen: 0x0027
    RtnFlag: 0x00
    CommType: 0x0001
    透传数据长度: 0x0022
    透传数据: 7E00008D105271B302260127002348200000000000000000000000000000003A000D
    P_verify: 0x00
    P_tailer: 0xFE
2026-01-27 23:48:20,189 udp_protocol.py:200 [透传数据层]原始数据:
    数据包长度: 34 字节
    HEX: 7E 00 00 8D 10 52 71 B3 02 26 01 27 00 23 48 20 00 00 00 00 00 00 00 00 00 00 00 00 00 00 00 3A 00 0D
[透传数据层] 协议栈解析:
    透传数据PDU:
        start: 7E
        address: 0000
        checksum: 2601
        end: 27
    透传数据帧:
        card_id: 7152
        vendor_id: B3
        status: 02
        year: 26
        month: 01
        day: 27
        hour: 23
        minute: 48
        second: 20
