2026-01-27 23:41:22,628 udp_protocol.py:52 UDP服务已启动，监听端口: 10102
2026-01-28 00:33:12,563 udp_protocol.py:67 [收到UDP数据，来自: ('127.0.0.1', 51420)，数据长度: 74 字节] fsu[bangsun_02:313234313233313331323431] 
2026-01-28 00:33:12,567 base_protocol.py:87 设备协议配置已热加载
2026-01-28 00:33:12,567 udp_protocol.py:78 数据包长度: 74 字节
HEX: FF 88 88 88 88 00 00 00 00 00 00 00 00 00 00 00 00 00 00 00 00 00 00 00 00 00 00 00 00 01 01 27 00 00 01 00 22 00 7E 01 00 8B 10 1A 02 1C 02 00 21 0C 00 00 00 00 00 00 00 00 00 00 00 00 00 00 00 00 00 00 00 B1 00 0D 77 FE
Parsed:
    P_header: 0xFF
    P_dest_addr: 8888888800000000
    P_src_addr: 0000000000000000000000000000000000000000
    P_subDevType: 0x01
    P_subDev_addr: 0x01
    P_pLen: 0x0027
    RtnFlag: 0x00
    CommType: 0x0001
    透传数据长度: 0x0022
    透传数据: 7E01008B101A021C0200210C00000000000000000000000000000000000000B1000D
    P_verify: 0x00
    P_tailer: 0xFE
2026-01-28 00:33:12,569 udp_protocol.py:114 [透传数据层]原始数据:
    数据包长度: 34 字节
    HEX: 7E 01 00 8B 10 1A 02 1C 02 00 21 0C 00 00 00 00 00 00 00 00 00 00 00 00 00 00 00 00 00 00 00 B1 00 0D
[透传数据层] 协议栈解析:
    透传数据PDU:
        start: 7E
        address: 0001
        checksum: 0000
        end: 00
    透传数据帧:
        data_frame_type: 108B
        datetime: 1A021C0200210C
2026-01-28 00:33:12,671 udp_protocol.py:166 [######## FSU 向动环发送数据，目的地址：('127.0.0.1', 51420)] fsu[bangsun_02:313234313233313331323431] 
2026-01-28 00:33:12,671 udp_protocol.py:180 数据包长度: 74 字节
HEX: FF 00 00 00 00 00 00 00 00 31 32 34 31 32 33 31 33 31 32 34 31 00 00 00 00 00 00 00 00 01 01 27 00 00 01 00 22 00 7E 00 00 8B 10 00 00 00 00 00 00 00 00 00 00 00 00 00 00 00 00 00 00 00 00 00 00 00 00 00 00 E5 00 0D 0A FE
Parsed:
    P_header: 0xFF
    P_dest_addr: 3132343132333133313234310000000000000000
    P_src_addr: 0000000000000000
    P_subDevType: 0x01
    P_subDev_addr: 0x01
    P_pLen: 0x0027
    RtnFlag: 0x00
    CommType: 0x0001
    透传数据长度: 0x0022
    透传数据: 7E00008B100000000000000000000000000000000000000000000000000000E5000D
    P_verify: 0x00
    P_tailer: 0xFE
2026-01-28 00:33:12,672 udp_protocol.py:200 [透传数据层]原始数据:
    数据包长度: 34 字节
    HEX: 7E 00 00 8B 10 00 00 00 00 00 00 00 00 00 00 00 00 00 00 00 00 00 00 00 00 00 00 00 00 00 00 E5 00 0D
[透传数据层] 协议栈解析:
    透传数据PDU:
        start: 7E
        address: 0000
        checksum: 0000
        end: 00
    透传数据帧:
        year: 26
        month: 01
        day: 28
        week: 03
        hour: 00
        minute: 33
        second: 12
2026-01-28 00:35:03,438 udp_protocol.py:67 [收到UDP数据，来自: ('127.0.0.1', 64502)，数据长度: 74 字节] fsu[bangsun_02:313234313233313331323431] 
2026-01-28 00:35:03,441 base_protocol.py:87 设备协议配置已热加载
2026-01-28 00:35:03,441 udp_protocol.py:78 数据包长度: 74 字节
HEX: FF 88 88 88 88 00 00 00 00 00 00 00 00 00 00 00 00 00 00 00 00 00 00 00 00 00 00 00 00 01 01 27 00 00 01 00 22 00 7E 01 00 8B 10 1A 02 1C 02 00 23 03 00 00 00 00 00 00 00 00 00 00 00 00 00 00 00 00 00 00 00 BC 00 0D 77 FE
Parsed:
    P_header: 0xFF
    P_dest_addr: 8888888800000000
    P_src_addr: 0000000000000000000000000000000000000000
    P_subDevType: 0x01
    P_subDev_addr: 0x01
    P_pLen: 0x0027
    RtnFlag: 0x00
    CommType: 0x0001
    透传数据长度: 0x0022
    透传数据: 7E01008B101A021C0200230300000000000000000000000000000000000000BC000D
    P_verify: 0x00
    P_tailer: 0xFE
2026-01-28 00:35:03,441 udp_protocol.py:114 [透传数据层]原始数据:
    数据包长度: 34 字节
    HEX: 7E 01 00 8B 10 1A 02 1C 02 00 23 03 00 00 00 00 00 00 00 00 00 00 00 00 00 00 00 00 00 00 00 BC 00 0D
[透传数据层] 协议栈解析:
    透传数据PDU:
        start: 7E
        address: 0001
        checksum: 0000
        end: 00
    透传数据帧:
        data_frame_type: 108B
        datetime: 1A021C02002303
2026-01-28 00:35:03,547 udp_protocol.py:166 [######## FSU 向动环发送数据，目的地址：('127.0.0.1', 64502)] fsu[bangsun_02:313234313233313331323431] 
2026-01-28 00:35:03,551 udp_protocol.py:180 数据包长度: 74 字节
HEX: FF 00 00 00 00 00 00 00 00 31 32 34 31 32 33 31 33 31 32 34 31 00 00 00 00 00 00 00 00 01 01 27 00 00 01 00 22 00 7E 00 00 8B 10 00 00 00 00 00 00 00 00 00 00 00 00 00 00 00 00 00 00 00 00 00 00 00 00 00 00 E5 00 0D 0A FE
Parsed:
    P_header: 0xFF
    P_dest_addr: 3132343132333133313234310000000000000000
    P_src_addr: 0000000000000000
    P_subDevType: 0x01
    P_subDev_addr: 0x01
    P_pLen: 0x0027
    RtnFlag: 0x00
    CommType: 0x0001
    透传数据长度: 0x0022
    透传数据: 7E00008B100000000000000000000000000000000000000000000000000000E5000D
    P_verify: 0x00
    P_tailer: 0xFE
2026-01-28 00:35:03,555 udp_protocol.py:200 [透传数据层]原始数据:
    数据包长度: 34 字节
    HEX: 7E 00 00 8B 10 00 00 00 00 00 00 00 00 00 00 00 00 00 00 00 00 00 00 00 00 00 00 00 00 00 00 E5 00 0D
[透传数据层] 协议栈解析:
    透传数据PDU:
        start: 7E
        address: 0000
        checksum: 0000
        end: 00
    透传数据帧:
        year: 26
        month: 01
        day: 28
        week: 03
        hour: 00
        minute: 35
        second: 03
