2026-01-28 00:36:30,568 udp_protocol.py:52 UDP服务已启动，监听端口: 10127
2026-01-28 00:37:40,685 udp_protocol.py:52 UDP服务已启动，监听端口: 10127
2026-01-28 00:38:43,870 udp_protocol.py:52 UDP服务已启动，监听端口: 10127
2026-01-28 00:46:15,389 udp_protocol.py:52 UDP服务已启动，监听端口: 10127
2026-01-28 00:47:06,336 udp_protocol.py:52 UDP服务已启动，监听端口: 10127
2026-01-28 00:54:40,494 udp_protocol.py:52 UDP服务已启动，监听端口: 10127
2026-01-28 00:57:45,454 udp_protocol.py:52 UDP服务已启动，监听端口: 10127
2026-01-28 01:03:16,507 udp_protocol.py:52 UDP服务已启动，监听端口: 10127
2026-01-28 01:03:54,903 udp_protocol.py:52 UDP服务已启动，监听端口: 10127
2026-01-28 10:06:12,596 udp_protocol.py:89 UDP服务已启动，监听端口: 10127
2026-01-28 10:17:00,322 udp_protocol.py:364 事件类型配置文件不存在: ./config/CH803LM\event_types.json
2026-01-28 10:17:00,322 udp_protocol.py:74 UDP服务已启动，监听端口: 10127
2026-01-28 10:17:33,869 udp_protocol.py:364 事件类型配置文件不存在: ./config/CH803LM\event_types.json
2026-01-28 10:17:33,870 udp_protocol.py:74 UDP服务已启动，监听端口: 10127
2026-01-28 10:30:41,399 udp_protocol.py:434 事件类型配置文件不存在: ./config/CH803LM\event_types.json
2026-01-28 10:31:08,472 udp_protocol.py:434 事件类型配置文件不存在: ./config/CH803LM\event_types.json
2026-01-28 10:32:14,878 udp_protocol.py:434 事件类型配置文件不存在: ./config/CH803LM\event_types.json
2026-01-28 10:44:16,618 udp_protocol.py:434 事件类型配置文件不存在: ./config/CH803LM\event_types.json
2026-01-28 10:44:25,693 udp_protocol.py:434 事件类型配置文件不存在: ./config/CH803LM\event_types.json
2026-01-28 10:44:25,694 udp_protocol.py:74 UDP服务已启动，监听端口: 10127
2026-01-28 10:54:14,657 udp_protocol.py:445 事件类型配置文件不存在: ./config/CH803LM\event_types.json
2026-01-28 10:54:14,657 udp_protocol.py:473 事件配置文件不存在: ./config/CH803LM\event_config.json
2026-01-28 14:47:16,531 udp_protocol.py:474 事件类型配置文件不存在: ./config/CH803LM\event_types.json
2026-01-28 14:47:16,531 udp_protocol.py:501 事件规则配置文件不存在: ./config/CH803LM\rules\event.json
2026-01-28 14:47:16,532 udp_protocol.py:92 UDP服务已启动，监听端口: 10127
2026-01-28 14:54:26,236 udp_protocol.py:445 事件类型配置文件不存在: ./config/CH803LM\event_types.json
2026-01-28 14:54:26,236 udp_protocol.py:472 事件规则配置文件不存在: ./config/CH803LM\rules\event.json
2026-01-28 14:54:26,237 udp_protocol.py:77 UDP服务已启动，监听端口: 10127
2026-01-28 17:41:13,846 event_manager.py:116 事件类型配置文件不存在: ./config/CH803LM\event_types.json
2026-01-28 17:41:13,846 event_manager.py:143 事件规则配置文件不存在: ./config/CH803LM\rules\event.json
2026-01-28 17:41:13,861 udp_protocol.py:61 UDP服务已启动，监听端口: 10127
2026-01-28 18:52:11,287 event_manager.py:116 事件类型配置文件不存在: ./config/CH803LM\event_types.json
2026-01-28 18:52:11,287 event_manager.py:143 事件规则配置文件不存在: ./config/CH803LM\rules\event.json
2026-01-28 18:52:11,288 udp_protocol.py:61 UDP服务已启动，监听端口: 10127
2026-01-28 19:15:59,844 udp_protocol.py:61 UDP服务已启动，监听端口: 10127
2026-01-28 20:26:18,532 udp_protocol.py:61 UDP服务已启动，监听端口: 10127
2026-01-28 22:33:34,077 udp_protocol.py:61 UDP服务已启动，监听端口: 10127
2026-01-28 23:34:34,953 udp_protocol.py:61 UDP服务已启动，监听端口: 10127
