2026-01-28 00:36:30,160 udp_protocol.py:52 UDP服务已启动，监听端口: 10118
2026-01-28 00:37:40,283 udp_protocol.py:52 UDP服务已启动，监听端口: 10118
2026-01-28 00:38:43,476 udp_protocol.py:52 UDP服务已启动，监听端口: 10118
2026-01-28 00:46:14,971 udp_protocol.py:52 UDP服务已启动，监听端口: 10118
2026-01-28 00:47:05,885 udp_protocol.py:52 UDP服务已启动，监听端口: 10118
2026-01-28 00:54:40,080 udp_protocol.py:52 UDP服务已启动，监听端口: 10118
2026-01-28 00:57:45,027 udp_protocol.py:52 UDP服务已启动，监听端口: 10118
2026-01-28 01:03:16,096 udp_protocol.py:52 UDP服务已启动，监听端口: 10118
2026-01-28 01:03:54,503 udp_protocol.py:52 UDP服务已启动，监听端口: 10118
2026-01-28 10:06:12,187 udp_protocol.py:89 UDP服务已启动，监听端口: 10118
2026-01-28 10:16:59,919 udp_protocol.py:364 事件类型配置文件不存在: ./config/gaoxx\event_types.json
2026-01-28 10:16:59,921 udp_protocol.py:74 UDP服务已启动，监听端口: 10118
2026-01-28 10:17:33,468 udp_protocol.py:364 事件类型配置文件不存在: ./config/gaoxx\event_types.json
2026-01-28 10:17:33,469 udp_protocol.py:74 UDP服务已启动，监听端口: 10118
2026-01-28 10:30:40,955 udp_protocol.py:434 事件类型配置文件不存在: ./config/gaoxx\event_types.json
2026-01-28 10:31:08,008 udp_protocol.py:434 事件类型配置文件不存在: ./config/gaoxx\event_types.json
2026-01-28 10:32:14,467 udp_protocol.py:434 事件类型配置文件不存在: ./config/gaoxx\event_types.json
2026-01-28 10:44:16,202 udp_protocol.py:434 事件类型配置文件不存在: ./config/gaoxx\event_types.json
2026-01-28 10:44:25,282 udp_protocol.py:434 事件类型配置文件不存在: ./config/gaoxx\event_types.json
2026-01-28 10:44:25,283 udp_protocol.py:74 UDP服务已启动，监听端口: 10118
2026-01-28 10:54:14,239 udp_protocol.py:445 事件类型配置文件不存在: ./config/gaoxx\event_types.json
2026-01-28 10:54:14,239 udp_protocol.py:473 事件配置文件不存在: ./config/gaoxx\event_config.json
2026-01-28 14:47:16,107 udp_protocol.py:474 事件类型配置文件不存在: ./config/gaoxx\event_types.json
2026-01-28 14:47:16,107 udp_protocol.py:501 事件规则配置文件不存在: ./config/gaoxx\rules\event.json
2026-01-28 14:47:16,109 udp_protocol.py:92 UDP服务已启动，监听端口: 10118
2026-01-28 14:54:25,834 udp_protocol.py:445 事件类型配置文件不存在: ./config/gaoxx\event_types.json
2026-01-28 14:54:25,835 udp_protocol.py:472 事件规则配置文件不存在: ./config/gaoxx\rules\event.json
2026-01-28 14:54:25,836 udp_protocol.py:77 UDP服务已启动，监听端口: 10118
2026-01-28 17:41:13,424 event_manager.py:116 事件类型配置文件不存在: ./config/gaoxx\event_types.json
2026-01-28 17:41:13,424 event_manager.py:143 事件规则配置文件不存在: ./config/gaoxx\rules\event.json
2026-01-28 17:41:13,426 udp_protocol.py:61 UDP服务已启动，监听端口: 10118
2026-01-28 18:52:10,871 event_manager.py:116 事件类型配置文件不存在: ./config/gaoxx\event_types.json
2026-01-28 18:52:10,871 event_manager.py:143 事件规则配置文件不存在: ./config/gaoxx\rules\event.json
2026-01-28 18:52:10,872 udp_protocol.py:61 UDP服务已启动，监听端口: 10118
2026-01-28 19:15:59,419 udp_protocol.py:61 UDP服务已启动，监听端口: 10118
2026-01-28 20:26:18,104 udp_protocol.py:61 UDP服务已启动，监听端口: 10118
2026-01-28 22:33:33,652 udp_protocol.py:61 UDP服务已启动，监听端口: 10118
2026-01-28 23:34:34,506 udp_protocol.py:61 UDP服务已启动，监听端口: 10118
