2026-01-28 00:36:30,160 udp_protocol.py:52 UDP服务已启动，监听端口: 10117
2026-01-28 00:37:40,283 udp_protocol.py:52 UDP服务已启动，监听端口: 10117
2026-01-28 00:38:43,475 udp_protocol.py:52 UDP服务已启动，监听端口: 10117
2026-01-28 00:46:14,970 udp_protocol.py:52 UDP服务已启动，监听端口: 10117
2026-01-28 00:47:05,885 udp_protocol.py:52 UDP服务已启动，监听端口: 10117
2026-01-28 00:54:40,080 udp_protocol.py:52 UDP服务已启动，监听端口: 10117
2026-01-28 00:57:45,027 udp_protocol.py:52 UDP服务已启动，监听端口: 10117
2026-01-28 01:03:16,096 udp_protocol.py:52 UDP服务已启动，监听端口: 10117
2026-01-28 01:03:54,503 udp_protocol.py:52 UDP服务已启动，监听端口: 10117
2026-01-28 10:06:12,187 udp_protocol.py:89 UDP服务已启动，监听端口: 10117
2026-01-28 10:16:59,918 udp_protocol.py:364 事件类型配置文件不存在: ./config/gaoxx\event_types.json
2026-01-28 10:16:59,920 udp_protocol.py:74 UDP服务已启动，监听端口: 10117
2026-01-28 10:17:33,467 udp_protocol.py:364 事件类型配置文件不存在: ./config/gaoxx\event_types.json
2026-01-28 10:17:33,469 udp_protocol.py:74 UDP服务已启动，监听端口: 10117
2026-01-28 10:30:40,955 udp_protocol.py:434 事件类型配置文件不存在: ./config/gaoxx\event_types.json
2026-01-28 10:31:08,007 udp_protocol.py:434 事件类型配置文件不存在: ./config/gaoxx\event_types.json
2026-01-28 10:32:14,467 udp_protocol.py:434 事件类型配置文件不存在: ./config/gaoxx\event_types.json
2026-01-28 10:44:16,201 udp_protocol.py:434 事件类型配置文件不存在: ./config/gaoxx\event_types.json
2026-01-28 10:44:25,280 udp_protocol.py:434 事件类型配置文件不存在: ./config/gaoxx\event_types.json
2026-01-28 10:44:25,283 udp_protocol.py:74 UDP服务已启动，监听端口: 10117
2026-01-28 10:54:14,238 udp_protocol.py:445 事件类型配置文件不存在: ./config/gaoxx\event_types.json
2026-01-28 10:54:14,238 udp_protocol.py:473 事件配置文件不存在: ./config/gaoxx\event_config.json
2026-01-28 14:47:16,105 udp_protocol.py:474 事件类型配置文件不存在: ./config/gaoxx\event_types.json
2026-01-28 14:47:16,106 udp_protocol.py:501 事件规则配置文件不存在: ./config/gaoxx\rules\event.json
2026-01-28 14:47:16,109 udp_protocol.py:92 UDP服务已启动，监听端口: 10117
2026-01-28 14:54:25,833 udp_protocol.py:445 事件类型配置文件不存在: ./config/gaoxx\event_types.json
2026-01-28 14:54:25,833 udp_protocol.py:472 事件规则配置文件不存在: ./config/gaoxx\rules\event.json
2026-01-28 14:54:25,836 udp_protocol.py:77 UDP服务已启动，监听端口: 10117
2026-01-28 17:41:13,413 event_manager.py:116 事件类型配置文件不存在: ./config/gaoxx\event_types.json
2026-01-28 17:41:13,414 event_manager.py:143 事件规则配置文件不存在: ./config/gaoxx\rules\event.json
2026-01-28 17:41:13,425 udp_protocol.py:61 UDP服务已启动，监听端口: 10117
2026-01-28 18:52:10,869 event_manager.py:116 事件类型配置文件不存在: ./config/gaoxx\event_types.json
2026-01-28 18:52:10,870 event_manager.py:143 事件规则配置文件不存在: ./config/gaoxx\rules\event.json
2026-01-28 18:52:10,872 udp_protocol.py:61 UDP服务已启动，监听端口: 10117
2026-01-28 19:15:59,419 udp_protocol.py:61 UDP服务已启动，监听端口: 10117
