2026-01-28 00:36:30,196 udp_protocol.py:52 UDP服务已启动，监听端口: 10119
2026-01-28 00:37:40,321 udp_protocol.py:52 UDP服务已启动，监听端口: 10119
2026-01-28 00:38:43,512 udp_protocol.py:52 UDP服务已启动，监听端口: 10119
2026-01-28 00:46:15,007 udp_protocol.py:52 UDP服务已启动，监听端口: 10119
2026-01-28 00:47:05,922 udp_protocol.py:52 UDP服务已启动，监听端口: 10119
2026-01-28 00:54:40,119 udp_protocol.py:52 UDP服务已启动，监听端口: 10119
2026-01-28 00:57:45,062 udp_protocol.py:52 UDP服务已启动，监听端口: 10119
2026-01-28 01:03:16,132 udp_protocol.py:52 UDP服务已启动，监听端口: 10119
2026-01-28 01:03:54,539 udp_protocol.py:52 UDP服务已启动，监听端口: 10119
2026-01-28 10:06:12,223 udp_protocol.py:89 UDP服务已启动，监听端口: 10119
2026-01-28 10:16:59,955 udp_protocol.py:364 事件类型配置文件不存在: ./config/gaoxxv2\event_types.json
2026-01-28 10:16:59,956 udp_protocol.py:74 UDP服务已启动，监听端口: 10119
2026-01-28 10:17:33,504 udp_protocol.py:364 事件类型配置文件不存在: ./config/gaoxxv2\event_types.json
2026-01-28 10:17:33,506 udp_protocol.py:74 UDP服务已启动，监听端口: 10119
2026-01-28 10:30:40,992 udp_protocol.py:434 事件类型配置文件不存在: ./config/gaoxxv2\event_types.json
2026-01-28 10:31:08,046 udp_protocol.py:434 事件类型配置文件不存在: ./config/gaoxxv2\event_types.json
2026-01-28 10:32:14,504 udp_protocol.py:434 事件类型配置文件不存在: ./config/gaoxxv2\event_types.json
2026-01-28 10:44:16,236 udp_protocol.py:434 事件类型配置文件不存在: ./config/gaoxxv2\event_types.json
2026-01-28 10:44:25,319 udp_protocol.py:434 事件类型配置文件不存在: ./config/gaoxxv2\event_types.json
2026-01-28 10:44:25,320 udp_protocol.py:74 UDP服务已启动，监听端口: 10119
2026-01-28 10:54:14,277 udp_protocol.py:445 事件类型配置文件不存在: ./config/gaoxxv2\event_types.json
2026-01-28 10:54:14,277 udp_protocol.py:473 事件配置文件不存在: ./config/gaoxxv2\event_config.json
2026-01-28 14:47:16,146 udp_protocol.py:474 事件类型配置文件不存在: ./config/gaoxxv2\event_types.json
2026-01-28 14:47:16,147 udp_protocol.py:501 事件规则配置文件不存在: ./config/gaoxxv2\rules\event.json
2026-01-28 14:47:16,148 udp_protocol.py:92 UDP服务已启动，监听端口: 10119
2026-01-28 14:54:25,871 udp_protocol.py:445 事件类型配置文件不存在: ./config/gaoxxv2\event_types.json
2026-01-28 14:54:25,871 udp_protocol.py:472 事件规则配置文件不存在: ./config/gaoxxv2\rules\event.json
2026-01-28 14:54:25,873 udp_protocol.py:77 UDP服务已启动，监听端口: 10119
2026-01-28 17:41:13,449 event_manager.py:116 事件类型配置文件不存在: ./config/gaoxxv2\event_types.json
2026-01-28 17:41:13,450 event_manager.py:143 事件规则配置文件不存在: ./config/gaoxxv2\rules\event.json
2026-01-28 17:41:13,468 udp_protocol.py:61 UDP服务已启动，监听端口: 10119
2026-01-28 18:52:10,910 event_manager.py:116 事件类型配置文件不存在: ./config/gaoxxv2\event_types.json
2026-01-28 18:52:10,910 event_manager.py:143 事件规则配置文件不存在: ./config/gaoxxv2\rules\event.json
2026-01-28 18:52:10,912 udp_protocol.py:61 UDP服务已启动，监听端口: 10119
2026-01-28 19:15:59,455 udp_protocol.py:61 UDP服务已启动，监听端口: 10119
2026-01-28 20:26:18,145 udp_protocol.py:61 UDP服务已启动，监听端口: 10119
2026-01-28 22:33:33,694 udp_protocol.py:61 UDP服务已启动，监听端口: 10119
2026-01-28 23:34:34,543 udp_protocol.py:61 UDP服务已启动，监听端口: 10119
