2026-01-28 00:36:30,233 udp_protocol.py:52 UDP服务已启动，监听端口: 10120
2026-01-28 00:37:40,357 udp_protocol.py:52 UDP服务已启动，监听端口: 10120
2026-01-28 00:38:43,547 udp_protocol.py:52 UDP服务已启动，监听端口: 10120
2026-01-28 00:46:15,046 udp_protocol.py:52 UDP服务已启动，监听端口: 10120
2026-01-28 00:47:05,957 udp_protocol.py:52 UDP服务已启动，监听端口: 10120
2026-01-28 00:54:40,155 udp_protocol.py:52 UDP服务已启动，监听端口: 10120
2026-01-28 00:57:45,099 udp_protocol.py:52 UDP服务已启动，监听端口: 10120
2026-01-28 01:03:16,169 udp_protocol.py:52 UDP服务已启动，监听端口: 10120
2026-01-28 01:03:54,576 udp_protocol.py:52 UDP服务已启动，监听端口: 10120
2026-01-28 10:06:12,262 udp_protocol.py:89 UDP服务已启动，监听端口: 10120
2026-01-28 10:16:59,992 udp_protocol.py:364 事件类型配置文件不存在: ./config/gaoxxv2\event_types.json
2026-01-28 10:16:59,994 udp_protocol.py:74 UDP服务已启动，监听端口: 10120
2026-01-28 10:17:33,542 udp_protocol.py:364 事件类型配置文件不存在: ./config/gaoxxv2\event_types.json
2026-01-28 10:17:33,543 udp_protocol.py:74 UDP服务已启动，监听端口: 10120
2026-01-28 10:30:41,029 udp_protocol.py:434 事件类型配置文件不存在: ./config/gaoxxv2\event_types.json
2026-01-28 10:31:08,086 udp_protocol.py:434 事件类型配置文件不存在: ./config/gaoxxv2\event_types.json
2026-01-28 10:32:14,548 udp_protocol.py:434 事件类型配置文件不存在: ./config/gaoxxv2\event_types.json
2026-01-28 10:44:16,276 udp_protocol.py:434 事件类型配置文件不存在: ./config/gaoxxv2\event_types.json
2026-01-28 10:44:25,356 udp_protocol.py:434 事件类型配置文件不存在: ./config/gaoxxv2\event_types.json
2026-01-28 10:44:25,357 udp_protocol.py:74 UDP服务已启动，监听端口: 10120
2026-01-28 10:54:14,314 udp_protocol.py:445 事件类型配置文件不存在: ./config/gaoxxv2\event_types.json
2026-01-28 10:54:14,314 udp_protocol.py:473 事件配置文件不存在: ./config/gaoxxv2\event_config.json
2026-01-28 14:47:16,184 udp_protocol.py:474 事件类型配置文件不存在: ./config/gaoxxv2\event_types.json
2026-01-28 14:47:16,185 udp_protocol.py:501 事件规则配置文件不存在: ./config/gaoxxv2\rules\event.json
2026-01-28 14:47:16,186 udp_protocol.py:92 UDP服务已启动，监听端口: 10120
2026-01-28 14:54:25,907 udp_protocol.py:445 事件类型配置文件不存在: ./config/gaoxxv2\event_types.json
2026-01-28 14:54:25,907 udp_protocol.py:472 事件规则配置文件不存在: ./config/gaoxxv2\rules\event.json
2026-01-28 14:54:25,908 udp_protocol.py:77 UDP服务已启动，监听端口: 10120
2026-01-28 17:41:13,490 event_manager.py:116 事件类型配置文件不存在: ./config/gaoxxv2\event_types.json
2026-01-28 17:41:13,490 event_manager.py:143 事件规则配置文件不存在: ./config/gaoxxv2\rules\event.json
2026-01-28 17:41:13,491 udp_protocol.py:61 UDP服务已启动，监听端口: 10120
2026-01-28 18:52:10,949 event_manager.py:116 事件类型配置文件不存在: ./config/gaoxxv2\event_types.json
2026-01-28 18:52:10,949 event_manager.py:143 事件规则配置文件不存在: ./config/gaoxxv2\rules\event.json
2026-01-28 18:52:10,950 udp_protocol.py:61 UDP服务已启动，监听端口: 10120
2026-01-28 19:15:59,493 udp_protocol.py:61 UDP服务已启动，监听端口: 10120
2026-01-28 20:26:18,183 udp_protocol.py:61 UDP服务已启动，监听端口: 10120
2026-01-28 22:33:33,707 udp_protocol.py:61 UDP服务已启动，监听端口: 10120
2026-01-28 23:34:34,587 udp_protocol.py:61 UDP服务已启动，监听端口: 10120
