2026-01-28 00:36:30,080 udp_protocol.py:52 UDP服务已启动，监听端口: 10113
2026-01-28 00:37:40,209 udp_protocol.py:52 UDP服务已启动，监听端口: 10113
2026-01-28 00:38:43,401 udp_protocol.py:52 UDP服务已启动，监听端口: 10113
2026-01-28 00:46:14,893 udp_protocol.py:52 UDP服务已启动，监听端口: 10113
2026-01-28 00:47:05,801 udp_protocol.py:52 UDP服务已启动，监听端口: 10113
2026-01-28 00:54:40,003 udp_protocol.py:52 UDP服务已启动，监听端口: 10113
2026-01-28 00:57:44,948 udp_protocol.py:52 UDP服务已启动，监听端口: 10113
2026-01-28 01:03:16,020 udp_protocol.py:52 UDP服务已启动，监听端口: 10113
2026-01-28 01:03:54,427 udp_protocol.py:52 UDP服务已启动，监听端口: 10113
2026-01-28 10:06:12,108 udp_protocol.py:89 UDP服务已启动，监听端口: 10113
2026-01-28 10:16:59,843 udp_protocol.py:364 事件类型配置文件不存在: ./config/haineng_01\event_types.json
2026-01-28 10:16:59,845 udp_protocol.py:74 UDP服务已启动，监听端口: 10113
2026-01-28 10:17:33,391 udp_protocol.py:364 事件类型配置文件不存在: ./config/haineng_01\event_types.json
2026-01-28 10:17:33,393 udp_protocol.py:74 UDP服务已启动，监听端口: 10113
2026-01-28 10:30:40,883 udp_protocol.py:434 事件类型配置文件不存在: ./config/haineng_01\event_types.json
2026-01-28 10:31:07,926 udp_protocol.py:434 事件类型配置文件不存在: ./config/haineng_01\event_types.json
2026-01-28 10:32:14,393 udp_protocol.py:434 事件类型配置文件不存在: ./config/haineng_01\event_types.json
2026-01-28 10:44:16,088 udp_protocol.py:434 事件类型配置文件不存在: ./config/haineng_01\event_types.json
2026-01-28 10:44:25,209 udp_protocol.py:434 事件类型配置文件不存在: ./config/haineng_01\event_types.json
2026-01-28 10:44:25,210 udp_protocol.py:74 UDP服务已启动，监听端口: 10113
2026-01-28 10:54:14,159 udp_protocol.py:445 事件类型配置文件不存在: ./config/haineng_01\event_types.json
2026-01-28 10:54:14,159 udp_protocol.py:473 事件配置文件不存在: ./config/haineng_01\event_config.json
2026-01-28 14:47:16,027 udp_protocol.py:474 事件类型配置文件不存在: ./config/haineng_01\event_types.json
2026-01-28 14:47:16,027 udp_protocol.py:501 事件规则配置文件不存在: ./config/haineng_01\rules\event.json
2026-01-28 14:47:16,029 udp_protocol.py:92 UDP服务已启动，监听端口: 10113
2026-01-28 14:54:25,752 udp_protocol.py:445 事件类型配置文件不存在: ./config/haineng_01\event_types.json
2026-01-28 14:54:25,753 udp_protocol.py:472 事件规则配置文件不存在: ./config/haineng_01\rules\event.json
2026-01-28 14:54:25,754 udp_protocol.py:77 UDP服务已启动，监听端口: 10113
2026-01-28 17:41:13,320 event_manager.py:116 事件类型配置文件不存在: ./config/haineng_01\event_types.json
2026-01-28 17:41:13,320 event_manager.py:143 事件规则配置文件不存在: ./config/haineng_01\rules\event.json
2026-01-28 17:41:13,346 udp_protocol.py:61 UDP服务已启动，监听端口: 10113
2026-01-28 18:52:10,792 event_manager.py:116 事件类型配置文件不存在: ./config/haineng_01\event_types.json
2026-01-28 18:52:10,793 event_manager.py:143 事件规则配置文件不存在: ./config/haineng_01\rules\event.json
2026-01-28 18:52:10,794 udp_protocol.py:61 UDP服务已启动，监听端口: 10113
2026-01-28 19:15:59,338 udp_protocol.py:61 UDP服务已启动，监听端口: 10113
