2026-01-28 00:36:30,271 udp_protocol.py:52 UDP服务已启动，监听端口: 10111
2026-01-28 00:37:40,393 udp_protocol.py:52 UDP服务已启动，监听端口: 10111
2026-01-28 00:38:43,582 udp_protocol.py:52 UDP服务已启动，监听端口: 10111
2026-01-28 00:46:15,084 udp_protocol.py:52 UDP服务已启动，监听端口: 10111
2026-01-28 00:47:05,991 udp_protocol.py:52 UDP服务已启动，监听端口: 10111
2026-01-28 00:54:40,191 udp_protocol.py:52 UDP服务已启动，监听端口: 10111
2026-01-28 00:57:45,136 udp_protocol.py:52 UDP服务已启动，监听端口: 10111
2026-01-28 01:03:16,207 udp_protocol.py:52 UDP服务已启动，监听端口: 10111
2026-01-28 01:03:54,613 udp_protocol.py:52 UDP服务已启动，监听端口: 10111
2026-01-28 10:06:12,300 udp_protocol.py:89 UDP服务已启动，监听端口: 10111
2026-01-28 10:17:00,033 udp_protocol.py:364 事件类型配置文件不存在: ./config/jiangsuyao_01\event_types.json
2026-01-28 10:17:00,034 udp_protocol.py:74 UDP服务已启动，监听端口: 10111
2026-01-28 10:17:33,577 udp_protocol.py:364 事件类型配置文件不存在: ./config/jiangsuyao_01\event_types.json
2026-01-28 10:17:33,578 udp_protocol.py:74 UDP服务已启动，监听端口: 10111
2026-01-28 10:30:41,065 udp_protocol.py:434 事件类型配置文件不存在: ./config/jiangsuyao_01\event_types.json
2026-01-28 10:31:08,125 udp_protocol.py:434 事件类型配置文件不存在: ./config/jiangsuyao_01\event_types.json
2026-01-28 10:32:14,583 udp_protocol.py:434 事件类型配置文件不存在: ./config/jiangsuyao_01\event_types.json
2026-01-28 10:44:16,313 udp_protocol.py:434 事件类型配置文件不存在: ./config/jiangsuyao_01\event_types.json
2026-01-28 10:44:25,393 udp_protocol.py:434 事件类型配置文件不存在: ./config/jiangsuyao_01\event_types.json
2026-01-28 10:44:25,394 udp_protocol.py:74 UDP服务已启动，监听端口: 10111
2026-01-28 10:54:14,351 udp_protocol.py:445 事件类型配置文件不存在: ./config/jiangsuyao_01\event_types.json
2026-01-28 10:54:14,351 udp_protocol.py:473 事件配置文件不存在: ./config/jiangsuyao_01\event_config.json
2026-01-28 14:47:16,224 udp_protocol.py:474 事件类型配置文件不存在: ./config/jiangsuyao_01\event_types.json
2026-01-28 14:47:16,225 udp_protocol.py:501 事件规则配置文件不存在: ./config/jiangsuyao_01\rules\event.json
2026-01-28 14:47:16,227 udp_protocol.py:92 UDP服务已启动，监听端口: 10111
2026-01-28 14:54:25,944 udp_protocol.py:445 事件类型配置文件不存在: ./config/jiangsuyao_01\event_types.json
2026-01-28 14:54:25,944 udp_protocol.py:472 事件规则配置文件不存在: ./config/jiangsuyao_01\rules\event.json
2026-01-28 14:54:25,945 udp_protocol.py:77 UDP服务已启动，监听端口: 10111
2026-01-28 17:41:13,535 event_manager.py:116 事件类型配置文件不存在: ./config/jiangsuyao_01\event_types.json
2026-01-28 17:41:13,537 event_manager.py:143 事件规则配置文件不存在: ./config/jiangsuyao_01\rules\event.json
2026-01-28 17:41:13,551 udp_protocol.py:61 UDP服务已启动，监听端口: 10111
2026-01-28 18:52:10,986 event_manager.py:116 事件类型配置文件不存在: ./config/jiangsuyao_01\event_types.json
2026-01-28 18:52:10,986 event_manager.py:143 事件规则配置文件不存在: ./config/jiangsuyao_01\rules\event.json
2026-01-28 18:52:10,987 udp_protocol.py:61 UDP服务已启动，监听端口: 10111
2026-01-28 19:15:59,532 udp_protocol.py:61 UDP服务已启动，监听端口: 10111
