2026-01-28 00:36:30,308 udp_protocol.py:52 UDP服务已启动，监听端口: 10112
2026-01-28 00:37:40,430 udp_protocol.py:52 UDP服务已启动，监听端口: 10112
2026-01-28 00:38:43,618 udp_protocol.py:52 UDP服务已启动，监听端口: 10112
2026-01-28 00:46:15,118 udp_protocol.py:52 UDP服务已启动，监听端口: 10112
2026-01-28 00:47:06,026 udp_protocol.py:52 UDP服务已启动，监听端口: 10112
2026-01-28 00:54:40,228 udp_protocol.py:52 UDP服务已启动，监听端口: 10112
2026-01-28 00:57:45,174 udp_protocol.py:52 UDP服务已启动，监听端口: 10112
2026-01-28 01:03:16,244 udp_protocol.py:52 UDP服务已启动，监听端口: 10112
2026-01-28 01:03:54,649 udp_protocol.py:52 UDP服务已启动，监听端口: 10112
2026-01-28 10:06:12,338 udp_protocol.py:89 UDP服务已启动，监听端口: 10112
2026-01-28 10:17:00,067 udp_protocol.py:364 事件类型配置文件不存在: ./config/jiangsuyao_01\event_types.json
2026-01-28 10:17:00,069 udp_protocol.py:74 UDP服务已启动，监听端口: 10112
2026-01-28 10:17:33,615 udp_protocol.py:364 事件类型配置文件不存在: ./config/jiangsuyao_01\event_types.json
2026-01-28 10:17:33,616 udp_protocol.py:74 UDP服务已启动，监听端口: 10112
2026-01-28 10:30:41,130 udp_protocol.py:434 事件类型配置文件不存在: ./config/jiangsuyao_01\event_types.json
2026-01-28 10:31:08,165 udp_protocol.py:434 事件类型配置文件不存在: ./config/jiangsuyao_01\event_types.json
2026-01-28 10:32:14,618 udp_protocol.py:434 事件类型配置文件不存在: ./config/jiangsuyao_01\event_types.json
2026-01-28 10:44:16,351 udp_protocol.py:434 事件类型配置文件不存在: ./config/jiangsuyao_01\event_types.json
2026-01-28 10:44:25,429 udp_protocol.py:434 事件类型配置文件不存在: ./config/jiangsuyao_01\event_types.json
2026-01-28 10:44:25,430 udp_protocol.py:74 UDP服务已启动，监听端口: 10112
2026-01-28 10:54:14,389 udp_protocol.py:445 事件类型配置文件不存在: ./config/jiangsuyao_01\event_types.json
2026-01-28 10:54:14,390 udp_protocol.py:473 事件配置文件不存在: ./config/jiangsuyao_01\event_config.json
2026-01-28 14:47:16,263 udp_protocol.py:474 事件类型配置文件不存在: ./config/jiangsuyao_01\event_types.json
2026-01-28 14:47:16,263 udp_protocol.py:501 事件规则配置文件不存在: ./config/jiangsuyao_01\rules\event.json
2026-01-28 14:47:16,264 udp_protocol.py:92 UDP服务已启动，监听端口: 10112
2026-01-28 14:54:25,981 udp_protocol.py:445 事件类型配置文件不存在: ./config/jiangsuyao_01\event_types.json
2026-01-28 14:54:25,981 udp_protocol.py:472 事件规则配置文件不存在: ./config/jiangsuyao_01\rules\event.json
2026-01-28 14:54:25,982 udp_protocol.py:77 UDP服务已启动，监听端口: 10112
2026-01-28 17:41:13,567 event_manager.py:116 事件类型配置文件不存在: ./config/jiangsuyao_01\event_types.json
2026-01-28 17:41:13,568 event_manager.py:143 事件规则配置文件不存在: ./config/jiangsuyao_01\rules\event.json
2026-01-28 17:41:13,569 udp_protocol.py:61 UDP服务已启动，监听端口: 10112
2026-01-28 18:52:11,024 event_manager.py:116 事件类型配置文件不存在: ./config/jiangsuyao_01\event_types.json
2026-01-28 18:52:11,024 event_manager.py:143 事件规则配置文件不存在: ./config/jiangsuyao_01\rules\event.json
2026-01-28 18:52:11,025 udp_protocol.py:61 UDP服务已启动，监听端口: 10112
2026-01-28 19:15:59,571 udp_protocol.py:61 UDP服务已启动，监听端口: 10112
2026-01-28 20:26:18,270 udp_protocol.py:61 UDP服务已启动，监听端口: 10112
