2026-01-30 12:37:34,935 event_manager.py:125 从配置文件加载了 14 个事件类型和 2 个事件指令
2026-01-30 12:37:34,941 event_manager.py:152 从配置文件加载了事件规则配置
2026-01-30 12:37:34,956 udp_protocol.py:61 UDP服务已启动，监听端口: 10107
2026-01-30 12:37:34,956 server_manager.py:57 事件轮询任务已启动，轮询间隔: 5秒
2026-01-30 12:38:55,619 udp_protocol.py:76 [收到UDP数据，来自: ('10.8.187.2', 55668)，数据长度: 72 字节] fsu[liwei_01:313234313233313331323431] 
2026-01-30 12:38:55,624 base_protocol.py:87 设备协议配置已热加载
2026-01-30 12:38:55,624 udp_protocol.py:87 数据包长度: 72 字节
HEX: FF 31 32 34 31 32 33 31 33 31 32 34 31 00 00 00 00 00 00 00 00 00 00 00 00 00 00 00 00 01 00 25 00 EE 01 00 20 00 7E 31 30 30 31 38 30 34 38 32 30 30 45 46 30 45 30 30 30 30 30 30 30 30 30 30 30 46 41 43 38 0D 97 FE
Parsed:
    P_header: 0xFF
    P_dest_addr: 3132343132333133
    P_src_addr: 3132343100000000000000000000000000000000
    P_subDevType: 0x01
    P_subDev_addr: 0x00
    P_pLen: 0x0025
    RtnFlag: 0xEE
    CommType: 0x0001
    透传数据长度: 0x0020
    透传数据: 7E3130303138303438323030454630453030303030303030303030464143380D
    P_verify: 0x00
    P_tailer: 0xFE
2026-01-30 12:38:55,626 udp_protocol.py:123 [透传数据层]原始数据:
    数据包长度: 32 字节
    HEX: 7E 31 30 30 31 38 30 34 38 32 30 30 45 46 30 45 30 30 30 30 30 30 30 30 30 30 30 46 41 43 38 0D
[透传数据层] 协议栈解析:
    透传数据PDU:
        start: 7E
        ver: 10
        adr: 01
        cid1: 80
        cid2: 48
        length: 200E
        checksum: FAC8
        end: 0D
    透传数据帧:
        group: F0
        type: E0
        password: 0000000000
2026-01-30 12:38:55,747 udp_protocol.py:176 [######## FSU 向动环发送数据，目的地址：('10.8.187.2', 55668)] fsu[liwei_01:313234313233313331323431] 
2026-01-30 12:38:55,748 udp_protocol.py:190 数据包长度: 72 字节
HEX: FF 00 00 00 00 00 00 00 00 31 32 34 31 32 33 31 33 31 32 34 31 00 00 00 00 00 00 00 00 01 01 25 00 00 01 00 20 00 7E 31 30 30 30 38 30 30 30 30 32 30 45 30 30 30 30 30 30 30 30 30 30 30 30 30 30 46 41 45 30 0D 78 FE
Parsed:
    P_header: 0xFF
    P_dest_addr: 3132343132333133313234310000000000000000
    P_src_addr: 0000000000000000
    P_subDevType: 0x01
    P_subDev_addr: 0x01
    P_pLen: 0x0025
    RtnFlag: 0x00
    CommType: 0x0001
    透传数据长度: 0x0020
    透传数据: 7E3130303038303030303230453030303030303030303030303030464145300D
    P_verify: 0x00
    P_tailer: 0xFE
2026-01-30 12:38:55,750 udp_protocol.py:210 [透传数据层]原始数据:
    数据包长度: 32 字节
    HEX: 7E 31 30 30 30 38 30 30 30 30 32 30 45 30 30 30 30 30 30 30 30 30 30 30 30 30 30 46 41 45 30 0D
[透传数据层] 协议栈解析:
    透传数据PDU:
        start: 7E
        ver: 10
        adr: 00
        cid1: 80
        cid2: 00
        length: 020E
        checksum: FAE0
        end: 0D
    透传数据帧:
        cid2: 00
        data_info: F0E0
2026-01-30 15:12:07,739 udp_protocol.py:76 [收到UDP数据，来自: ('10.8.187.2', 55668)，数据长度: 64 字节] fsu[liwei_01:313234313233313331323431] 
2026-01-30 15:12:07,741 udp_protocol.py:87 数据包长度: 64 字节
HEX: FF 31 32 34 31 32 33 31 33 31 32 34 31 00 00 00 00 00 00 00 00 00 00 00 00 00 00 00 00 01 00 1D 00 EE 01 00 18 00 7E 31 30 30 31 38 30 34 41 41 30 30 36 46 32 45 30 30 30 46 43 33 44 0D E2 FE
Parsed:
    P_header: 0xFF
    P_dest_addr: 3132343132333133
    P_src_addr: 3132343100000000000000000000000000000000
    P_subDevType: 0x01
    P_subDev_addr: 0x00
    P_pLen: 0x001D
    RtnFlag: 0xEE
    CommType: 0x0001
    透传数据长度: 0x0018
    透传数据: 7E313030313830344141303036463245303030464333440D
    P_verify: 0x00
    P_tailer: 0xFE
2026-01-30 15:12:07,743 udp_protocol.py:123 [透传数据层]原始数据:
    数据包长度: 24 字节
    HEX: 7E 31 30 30 31 38 30 34 41 41 30 30 36 46 32 45 30 30 30 46 43 33 44 0D
[透传数据层] 协议栈解析:
    透传数据PDU:
        start: 7E
        ver: 10
        adr: 01
        cid1: 80
        cid2: 4A
        length: A006
        checksum: FC3D
        end: 0D
    透传数据帧:
        group: F2
        type: E0
        dataf: 00
2026-01-30 15:12:07,850 udp_protocol.py:176 [######## FSU 向动环发送数据，目的地址：('10.8.187.2', 55668)] fsu[liwei_01:313234313233313331323431] 
2026-01-30 15:12:07,851 udp_protocol.py:190 数据包长度: 74 字节
HEX: FF 00 00 00 00 00 00 00 00 31 32 34 31 32 33 31 33 31 32 34 31 00 00 00 00 00 00 00 00 01 01 27 00 00 01 00 22 00 7E 31 30 30 30 38 30 30 30 30 46 31 30 32 30 32 36 30 31 33 30 30 35 31 35 31 32 30 37 46 41 35 44 0D 7D FE
Parsed:
    P_header: 0xFF
    P_dest_addr: 3132343132333133313234310000000000000000
    P_src_addr: 0000000000000000
    P_subDevType: 0x01
    P_subDev_addr: 0x01
    P_pLen: 0x0027
    RtnFlag: 0x00
    CommType: 0x0001
    透传数据长度: 0x0022
    透传数据: 7E31303030383030303046313032303236303133303035313531323037464135440D
    P_verify: 0x00
    P_tailer: 0xFE
2026-01-30 15:12:07,855 udp_protocol.py:210 [透传数据层]原始数据:
    数据包长度: 34 字节
    HEX: 7E 31 30 30 30 38 30 30 30 30 46 31 30 32 30 32 36 30 31 33 30 30 35 31 35 31 32 30 37 46 41 35 44 0D
[透传数据层] 协议栈解析:
    透传数据PDU:
        start: 7E
        ver: 10
        adr: 00
        cid1: 80
        cid2: 00
        length: 0F10
        checksum: 07FA
        end: 5D
    透传数据帧:
        cid2: 00
        year: 2026
        month: 01
        day: 30
        week: 05
        hour: 15
        minute: 12
        second: 07
2026-01-30 15:16:50,267 udp_protocol.py:76 [收到UDP数据，来自: ('10.8.187.2', 55668)，数据长度: 64 字节] fsu[liwei_01:313234313233313331323431] 
2026-01-30 15:16:50,269 udp_protocol.py:87 数据包长度: 64 字节
HEX: FF 31 32 34 31 32 33 31 33 31 32 34 31 00 00 00 00 00 00 00 00 00 00 00 00 00 00 00 00 01 00 1D 00 EE 01 00 18 00 7E 31 30 30 31 38 30 34 41 41 30 30 36 46 32 45 30 30 30 46 43 33 44 0D E2 FE
Parsed:
    P_header: 0xFF
    P_dest_addr: 3132343132333133
    P_src_addr: 3132343100000000000000000000000000000000
    P_subDevType: 0x01
    P_subDev_addr: 0x00
    P_pLen: 0x001D
    RtnFlag: 0xEE
    CommType: 0x0001
    透传数据长度: 0x0018
    透传数据: 7E313030313830344141303036463245303030464333440D
    P_verify: 0x00
    P_tailer: 0xFE
2026-01-30 15:16:50,272 udp_protocol.py:123 [透传数据层]原始数据:
    数据包长度: 24 字节
    HEX: 7E 31 30 30 31 38 30 34 41 41 30 30 36 46 32 45 30 30 30 46 43 33 44 0D
[透传数据层] 协议栈解析:
    透传数据PDU:
        start: 7E
        ver: 10
        adr: 01
        cid1: 80
        cid2: 4A
        length: A006
        checksum: FC3D
        end: 0D
    透传数据帧:
        group: F2
        type: E0
        dataf: 00
2026-01-30 15:16:50,379 udp_protocol.py:176 [######## FSU 向动环发送数据，目的地址：('10.8.187.2', 55668)] fsu[liwei_01:313234313233313331323431] 
2026-01-30 15:16:50,380 udp_protocol.py:190 数据包长度: 74 字节
HEX: FF 00 00 00 00 00 00 00 00 31 32 34 31 32 33 31 33 31 32 34 31 00 00 00 00 00 00 00 00 01 01 27 00 00 01 00 22 00 7E 31 30 30 30 38 30 30 30 30 46 31 30 32 30 32 36 30 31 33 30 30 35 31 35 31 36 35 30 46 41 35 42 0D 7D FE
Parsed:
    P_header: 0xFF
    P_dest_addr: 3132343132333133313234310000000000000000
    P_src_addr: 0000000000000000
    P_subDevType: 0x01
    P_subDev_addr: 0x01
    P_pLen: 0x0027
    RtnFlag: 0x00
    CommType: 0x0001
    透传数据长度: 0x0022
    透传数据: 7E31303030383030303046313032303236303133303035313531363530464135420D
    P_verify: 0x00
    P_tailer: 0xFE
2026-01-30 15:16:50,384 udp_protocol.py:210 [透传数据层]原始数据:
    数据包长度: 34 字节
    HEX: 7E 31 30 30 30 38 30 30 30 30 46 31 30 32 30 32 36 30 31 33 30 30 35 31 35 31 36 35 30 46 41 35 42 0D
[透传数据层] 协议栈解析:
    透传数据PDU:
        start: 7E
        ver: 10
        adr: 00
        cid1: 80
        cid2: 00
        length: 0F10
        checksum: 50FA
        end: 5B
    透传数据帧:
        cid2: 00
        year: 2026
        month: 01
        day: 30
        week: 05
        hour: 15
        minute: 16
        second: 50
2026-01-30 15:20:44,051 udp_protocol.py:76 [收到UDP数据，来自: ('10.8.187.2', 55668)，数据长度: 64 字节] fsu[liwei_01:313234313233313331323431] 
2026-01-30 15:20:44,053 udp_protocol.py:87 数据包长度: 64 字节
HEX: FF 31 32 34 31 32 33 31 33 31 32 34 31 00 00 00 00 00 00 00 00 00 00 00 00 00 00 00 00 01 00 1D 00 EE 01 00 18 00 7E 31 30 30 31 38 30 34 41 41 30 30 36 46 32 45 37 30 30 46 43 33 36 0D 97 FE
Parsed:
    P_header: 0xFF
    P_dest_addr: 3132343132333133
    P_src_addr: 3132343100000000000000000000000000000000
    P_subDevType: 0x01
    P_subDev_addr: 0x00
    P_pLen: 0x001D
    RtnFlag: 0xEE
    CommType: 0x0001
    透传数据长度: 0x0018
    透传数据: 7E313030313830344141303036463245373030464333360D
    P_verify: 0x00
    P_tailer: 0xFE
2026-01-30 15:20:44,055 udp_protocol.py:123 [透传数据层]原始数据:
    数据包长度: 24 字节
    HEX: 7E 31 30 30 31 38 30 34 41 41 30 30 36 46 32 45 37 30 30 46 43 33 36 0D
[透传数据层] 协议栈解析:
    透传数据PDU:
        start: 7E
        ver: 10
        adr: 01
        cid1: 80
        cid2: 4A
        length: A006
        checksum: FC36
        end: 0D
    透传数据帧:
        group: F2
        type: E7
        dataf: 00
2026-01-30 15:20:44,164 udp_protocol.py:176 [######## FSU 向动环发送数据，目的地址：('10.8.187.2', 55668)] fsu[liwei_01:313234313233313331323431] 
2026-01-30 15:20:44,165 udp_protocol.py:190 数据包长度: 72 字节
HEX: FF 00 00 00 00 00 00 00 00 31 32 34 31 32 33 31 33 31 32 34 31 00 00 00 00 00 00 00 00 01 01 25 00 00 01 00 20 00 7E 31 30 30 30 38 30 30 30 30 32 30 45 30 30 30 30 30 30 30 30 30 30 30 30 30 30 46 41 45 30 0D 78 FE
Parsed:
    P_header: 0xFF
    P_dest_addr: 3132343132333133313234310000000000000000
    P_src_addr: 0000000000000000
    P_subDevType: 0x01
    P_subDev_addr: 0x01
    P_pLen: 0x0025
    RtnFlag: 0x00
    CommType: 0x0001
    透传数据长度: 0x0020
    透传数据: 7E3130303038303030303230453030303030303030303030303030464145300D
    P_verify: 0x00
    P_tailer: 0xFE
2026-01-30 15:20:44,170 udp_protocol.py:210 [透传数据层]原始数据:
    数据包长度: 32 字节
    HEX: 7E 31 30 30 30 38 30 30 30 30 32 30 45 30 30 30 30 30 30 30 30 30 30 30 30 30 30 46 41 45 30 0D
[透传数据层] 协议栈解析:
    透传数据PDU:
        start: 7E
        ver: 10
        adr: 00
        cid1: 80
        cid2: 00
        length: 020E
        checksum: FAE0
        end: 0D
    透传数据帧:
        cid2: 00
        data_info: 00000000
2026-01-30 17:20:41,043 udp_protocol.py:76 [收到UDP数据，来自: ('10.8.187.2', 55668)，数据长度: 72 字节] fsu[liwei_01:313234313233313331323431] 
2026-01-30 17:20:41,046 udp_protocol.py:87 数据包长度: 72 字节
HEX: FF 00 00 00 00 00 00 00 00 31 32 34 31 32 33 31 33 31 32 34 31 00 00 00 00 00 00 00 00 01 01 25 00 00 01 00 20 00 7E 31 30 30 30 38 30 30 30 30 32 30 45 30 30 30 30 30 30 30 30 30 30 30 30 30 30 46 41 45 30 0D 78 FE
Parsed:
    P_header: 0xFF
    P_dest_addr: 0000000000000000
    P_src_addr: 3132343132333133313234310000000000000000
    P_subDevType: 0x01
    P_subDev_addr: 0x01
    P_pLen: 0x0025
    RtnFlag: 0x00
    CommType: 0x0001
    透传数据长度: 0x0020
    透传数据: 7E3130303038303030303230453030303030303030303030303030464145300D
    P_verify: 0x00
    P_tailer: 0xFE
2026-01-30 17:20:41,049 udp_protocol.py:123 [透传数据层]原始数据:
    数据包长度: 32 字节
    HEX: 7E 31 30 30 30 38 30 30 30 30 32 30 45 30 30 30 30 30 30 30 30 30 30 30 30 30 30 46 41 45 30 0D
[透传数据层] 协议栈解析:
    透传数据PDU:
        start: 7E
        ver: 10
        adr: 00
        cid1: 80
        cid2: 00
        length: 020E
        checksum: FAE0
        end: 0D
    透传数据帧:
        group: 00
        type: 00
        password: 0000000000
2026-01-30 17:20:41,050 base_protocol.py:265 匹配规则失败: 未找到data_frame_type: 000000的规则
2026-01-30 17:20:49,232 udp_protocol.py:76 [收到UDP数据，来自: ('10.8.187.2', 55668)，数据长度: 72 字节] fsu[liwei_01:313234313233313331323431] 
2026-01-30 17:20:49,235 udp_protocol.py:87 数据包长度: 72 字节
HEX: FF 00 00 00 00 00 00 00 00 31 32 34 31 32 33 31 33 31 32 34 31 00 00 00 00 00 00 00 00 01 01 25 00 00 01 00 20 00 7E 31 30 30 30 38 30 30 30 30 32 30 45 30 30 30 30 30 30 30 30 30 30 30 30 30 30 46 41 45 30 0D 78 FE
Parsed:
    P_header: 0xFF
    P_dest_addr: 0000000000000000
    P_src_addr: 3132343132333133313234310000000000000000
    P_subDevType: 0x01
    P_subDev_addr: 0x01
    P_pLen: 0x0025
    RtnFlag: 0x00
    CommType: 0x0001
    透传数据长度: 0x0020
    透传数据: 7E3130303038303030303230453030303030303030303030303030464145300D
    P_verify: 0x00
    P_tailer: 0xFE
2026-01-30 17:20:49,238 udp_protocol.py:123 [透传数据层]原始数据:
    数据包长度: 32 字节
    HEX: 7E 31 30 30 30 38 30 30 30 30 32 30 45 30 30 30 30 30 30 30 30 30 30 30 30 30 30 46 41 45 30 0D
[透传数据层] 协议栈解析:
    透传数据PDU:
        start: 7E
        ver: 10
        adr: 00
        cid1: 80
        cid2: 00
        length: 020E
        checksum: FAE0
        end: 0D
    透传数据帧:
        group: 00
        type: 00
        password: 0000000000
2026-01-30 17:20:49,245 base_protocol.py:265 匹配规则失败: 未找到data_frame_type: 000000的规则
2026-01-30 17:21:28,774 udp_protocol.py:76 [收到UDP数据，来自: ('10.8.187.2', 55668)，数据长度: 72 字节] fsu[liwei_01:313234313233313331323431] 
2026-01-30 17:21:28,776 udp_protocol.py:87 数据包长度: 72 字节
HEX: FF 00 00 00 00 00 00 00 00 31 32 34 31 32 33 31 33 31 32 34 31 00 00 00 00 00 00 00 00 01 01 25 00 00 01 00 20 00 7E 31 30 30 30 38 30 30 30 30 32 30 45 30 30 30 30 30 30 30 30 30 30 30 30 30 30 46 41 45 30 0D 78 FE
Parsed:
    P_header: 0xFF
    P_dest_addr: 0000000000000000
    P_src_addr: 3132343132333133313234310000000000000000
    P_subDevType: 0x01
    P_subDev_addr: 0x01
    P_pLen: 0x0025
    RtnFlag: 0x00
    CommType: 0x0001
    透传数据长度: 0x0020
    透传数据: 7E3130303038303030303230453030303030303030303030303030464145300D
    P_verify: 0x00
    P_tailer: 0xFE
2026-01-30 17:21:28,780 udp_protocol.py:123 [透传数据层]原始数据:
    数据包长度: 32 字节
    HEX: 7E 31 30 30 30 38 30 30 30 30 32 30 45 30 30 30 30 30 30 30 30 30 30 30 30 30 30 46 41 45 30 0D
[透传数据层] 协议栈解析:
    透传数据PDU:
        start: 7E
        ver: 10
        adr: 00
        cid1: 80
        cid2: 00
        length: 020E
        checksum: FAE0
        end: 0D
    透传数据帧:
        group: 00
        type: 00
        password: 0000000000
2026-01-30 17:21:28,781 base_protocol.py:265 匹配规则失败: 未找到data_frame_type: 000000的规则
2026-01-30 17:30:19,863 udp_protocol.py:76 [收到UDP数据，来自: ('10.8.187.2', 55668)，数据长度: 72 字节] fsu[liwei_01:313234313233313331323431] 
2026-01-30 17:30:19,864 udp_protocol.py:87 数据包长度: 72 字节
HEX: FF 31 32 34 31 32 33 31 33 31 32 34 31 00 00 00 00 00 00 00 00 00 00 00 00 00 00 00 00 01 00 25 00 EE 01 00 20 00 7E 31 30 30 31 38 30 34 38 32 30 30 45 46 30 45 30 30 30 30 30 30 30 30 30 30 30 46 41 43 38 0D 97 FE
Parsed:
    P_header: 0xFF
    P_dest_addr: 3132343132333133
    P_src_addr: 3132343100000000000000000000000000000000
    P_subDevType: 0x01
    P_subDev_addr: 0x00
    P_pLen: 0x0025
    RtnFlag: 0xEE
    CommType: 0x0001
    透传数据长度: 0x0020
    透传数据: 7E3130303138303438323030454630453030303030303030303030464143380D
    P_verify: 0x00
    P_tailer: 0xFE
2026-01-30 17:30:19,865 udp_protocol.py:123 [透传数据层]原始数据:
    数据包长度: 32 字节
    HEX: 7E 31 30 30 31 38 30 34 38 32 30 30 45 46 30 45 30 30 30 30 30 30 30 30 30 30 30 46 41 43 38 0D
[透传数据层] 协议栈解析:
    透传数据PDU:
        start: 7E
        ver: 10
        adr: 01
        cid1: 80
        cid2: 48
        length: 200E
        checksum: FAC8
        end: 0D
    透传数据帧:
        group: F0
        type: E0
        password: 0000000000
2026-01-30 17:30:19,982 udp_protocol.py:176 [######## FSU 向动环发送数据，目的地址：('10.8.187.2', 55668)] fsu[liwei_01:313234313233313331323431] 
2026-01-30 17:30:19,983 udp_protocol.py:190 数据包长度: 72 字节
HEX: FF 00 00 00 00 00 00 00 00 31 32 34 31 32 33 31 33 31 32 34 31 00 00 00 00 00 00 00 00 01 01 25 00 00 01 00 20 00 7E 31 30 30 30 38 30 30 30 30 32 30 45 30 30 30 30 30 30 30 30 30 30 30 30 30 30 46 41 45 30 0D 78 FE
Parsed:
    P_header: 0xFF
    P_dest_addr: 3132343132333133313234310000000000000000
    P_src_addr: 0000000000000000
    P_subDevType: 0x01
    P_subDev_addr: 0x01
    P_pLen: 0x0025
    RtnFlag: 0x00
    CommType: 0x0001
    透传数据长度: 0x0020
    透传数据: 7E3130303038303030303230453030303030303030303030303030464145300D
    P_verify: 0x00
    P_tailer: 0xFE
2026-01-30 17:30:19,986 udp_protocol.py:210 [透传数据层]原始数据:
    数据包长度: 32 字节
    HEX: 7E 31 30 30 30 38 30 30 30 30 32 30 45 30 30 30 30 30 30 30 30 30 30 30 30 30 30 46 41 45 30 0D
[透传数据层] 协议栈解析:
    透传数据PDU:
        start: 7E
        ver: 10
        adr: 00
        cid1: 80
        cid2: 00
        length: 020E
        checksum: FAE0
        end: 0D
    透传数据帧:
        cid2: 00
        data_info: F0E0
2026-01-30 17:31:45,555 udp_protocol.py:76 [收到UDP数据，来自: ('10.8.187.2', 55668)，数据长度: 64 字节] fsu[liwei_01:313234313233313331323431] 
2026-01-30 17:31:45,556 udp_protocol.py:87 数据包长度: 64 字节
HEX: FF 31 32 34 31 32 33 31 33 31 32 34 31 00 00 00 00 00 00 00 00 00 00 00 00 00 00 00 00 01 00 1D 00 EE 01 00 18 00 7E 31 30 30 31 38 30 34 41 41 30 30 36 46 32 45 37 30 30 46 43 33 36 0D 97 FE
Parsed:
    P_header: 0xFF
    P_dest_addr: 3132343132333133
    P_src_addr: 3132343100000000000000000000000000000000
    P_subDevType: 0x01
    P_subDev_addr: 0x00
    P_pLen: 0x001D
    RtnFlag: 0xEE
    CommType: 0x0001
    透传数据长度: 0x0018
    透传数据: 7E313030313830344141303036463245373030464333360D
    P_verify: 0x00
    P_tailer: 0xFE
2026-01-30 17:31:45,557 udp_protocol.py:123 [透传数据层]原始数据:
    数据包长度: 24 字节
    HEX: 7E 31 30 30 31 38 30 34 41 41 30 30 36 46 32 45 37 30 30 46 43 33 36 0D
[透传数据层] 协议栈解析:
    透传数据PDU:
        start: 7E
        ver: 10
        adr: 01
        cid1: 80
        cid2: 4A
        length: A006
        checksum: FC36
        end: 0D
    透传数据帧:
        group: F2
        type: E7
        dataf: 00
2026-01-30 17:31:45,670 udp_protocol.py:176 [######## FSU 向动环发送数据，目的地址：('10.8.187.2', 55668)] fsu[liwei_01:313234313233313331323431] 
2026-01-30 17:31:45,671 udp_protocol.py:190 数据包长度: 72 字节
HEX: FF 00 00 00 00 00 00 00 00 31 32 34 31 32 33 31 33 31 32 34 31 00 00 00 00 00 00 00 00 01 01 25 00 00 01 00 20 00 7E 31 30 30 30 38 30 30 30 30 32 30 45 30 30 30 30 30 30 30 30 30 30 30 30 30 30 46 41 45 30 0D 78 FE
Parsed:
    P_header: 0xFF
    P_dest_addr: 3132343132333133313234310000000000000000
    P_src_addr: 0000000000000000
    P_subDevType: 0x01
    P_subDev_addr: 0x01
    P_pLen: 0x0025
    RtnFlag: 0x00
    CommType: 0x0001
    透传数据长度: 0x0020
    透传数据: 7E3130303038303030303230453030303030303030303030303030464145300D
    P_verify: 0x00
    P_tailer: 0xFE
2026-01-30 17:31:45,676 udp_protocol.py:210 [透传数据层]原始数据:
    数据包长度: 32 字节
    HEX: 7E 31 30 30 30 38 30 30 30 30 32 30 45 30 30 30 30 30 30 30 30 30 30 30 30 30 30 46 41 45 30 0D
[透传数据层] 协议栈解析:
    透传数据PDU:
        start: 7E
        ver: 10
        adr: 00
        cid1: 80
        cid2: 00
        length: 020E
        checksum: FAE0
        end: 0D
    透传数据帧:
        cid2: 00
        data_info: 00000000
2026-01-30 17:37:34,989 udp_protocol.py:76 [收到UDP数据，来自: ('10.8.187.2', 55668)，数据长度: 64 字节] fsu[liwei_01:313234313233313331323431] 
2026-01-30 17:37:34,992 udp_protocol.py:87 数据包长度: 64 字节
HEX: FF 31 32 34 31 32 33 31 33 31 32 34 31 00 00 00 00 00 00 00 00 00 00 00 00 00 00 00 00 01 00 1D 00 EE 01 00 18 00 7E 31 30 30 31 38 30 34 41 41 30 30 36 46 32 45 30 30 30 46 43 33 44 0D E2 FE
Parsed:
    P_header: 0xFF
    P_dest_addr: 3132343132333133
    P_src_addr: 3132343100000000000000000000000000000000
    P_subDevType: 0x01
    P_subDev_addr: 0x00
    P_pLen: 0x001D
    RtnFlag: 0xEE
    CommType: 0x0001
    透传数据长度: 0x0018
    透传数据: 7E313030313830344141303036463245303030464333440D
    P_verify: 0x00
    P_tailer: 0xFE
2026-01-30 17:37:34,997 udp_protocol.py:123 [透传数据层]原始数据:
    数据包长度: 24 字节
    HEX: 7E 31 30 30 31 38 30 34 41 41 30 30 36 46 32 45 30 30 30 46 43 33 44 0D
[透传数据层] 协议栈解析:
    透传数据PDU:
        start: 7E
        ver: 10
        adr: 01
        cid1: 80
        cid2: 4A
        length: A006
        checksum: FC3D
        end: 0D
    透传数据帧:
        group: F2
        type: E0
        dataf: 00
2026-01-30 17:37:35,111 udp_protocol.py:176 [######## FSU 向动环发送数据，目的地址：('10.8.187.2', 55668)] fsu[liwei_01:313234313233313331323431] 
2026-01-30 17:37:35,112 udp_protocol.py:190 数据包长度: 74 字节
HEX: FF 00 00 00 00 00 00 00 00 31 32 34 31 32 33 31 33 31 32 34 31 00 00 00 00 00 00 00 00 01 01 27 00 00 01 00 22 00 7E 31 30 30 30 38 30 30 30 30 46 31 30 32 30 32 36 30 31 33 30 30 35 31 37 33 37 33 35 46 41 35 33 0D 0E FE
Parsed:
    P_header: 0xFF
    P_dest_addr: 3132343132333133313234310000000000000000
    P_src_addr: 0000000000000000
    P_subDevType: 0x01
    P_subDev_addr: 0x01
    P_pLen: 0x0027
    RtnFlag: 0x00
    CommType: 0x0001
    透传数据长度: 0x0022
    透传数据: 7E31303030383030303046313032303236303133303035313733373335464135330D
    P_verify: 0x00
    P_tailer: 0xFE
2026-01-30 17:37:35,114 udp_protocol.py:210 [透传数据层]原始数据:
    数据包长度: 34 字节
    HEX: 7E 31 30 30 30 38 30 30 30 30 46 31 30 32 30 32 36 30 31 33 30 30 35 31 37 33 37 33 35 46 41 35 33 0D
[透传数据层] 协议栈解析:
    透传数据PDU:
        start: 7E
        ver: 10
        adr: 00
        cid1: 80
        cid2: 00
        length: 0F10
        checksum: 35FA
        end: 53
    透传数据帧:
        cid2: 00
        year: 2026
        month: 01
        day: 30
        week: 05
        hour: 17
        minute: 37
        second: 35
2026-01-30 17:38:27,319 udp_protocol.py:76 [收到UDP数据，来自: ('10.8.187.2', 55668)，数据长度: 64 字节] fsu[liwei_01:313234313233313331323431] 
2026-01-30 17:38:27,323 udp_protocol.py:87 数据包长度: 64 字节
HEX: FF 31 32 34 31 32 33 31 33 31 32 34 31 00 00 00 00 00 00 00 00 00 00 00 00 00 00 00 00 01 00 1D 00 EE 01 00 18 00 7E 31 30 30 31 38 30 34 41 41 30 30 36 46 32 45 37 30 30 46 43 33 36 0D 97 FE
Parsed:
    P_header: 0xFF
    P_dest_addr: 3132343132333133
    P_src_addr: 3132343100000000000000000000000000000000
    P_subDevType: 0x01
    P_subDev_addr: 0x00
    P_pLen: 0x001D
    RtnFlag: 0xEE
    CommType: 0x0001
    透传数据长度: 0x0018
    透传数据: 7E313030313830344141303036463245373030464333360D
    P_verify: 0x00
    P_tailer: 0xFE
2026-01-30 17:38:27,325 udp_protocol.py:123 [透传数据层]原始数据:
    数据包长度: 24 字节
    HEX: 7E 31 30 30 31 38 30 34 41 41 30 30 36 46 32 45 37 30 30 46 43 33 36 0D
[透传数据层] 协议栈解析:
    透传数据PDU:
        start: 7E
        ver: 10
        adr: 01
        cid1: 80
        cid2: 4A
        length: A006
        checksum: FC36
        end: 0D
    透传数据帧:
        group: F2
        type: E7
        dataf: 00
2026-01-30 17:38:27,440 udp_protocol.py:176 [######## FSU 向动环发送数据，目的地址：('10.8.187.2', 55668)] fsu[liwei_01:313234313233313331323431] 
2026-01-30 17:38:27,441 udp_protocol.py:190 数据包长度: 72 字节
HEX: FF 00 00 00 00 00 00 00 00 31 32 34 31 32 33 31 33 31 32 34 31 00 00 00 00 00 00 00 00 01 01 25 00 00 01 00 20 00 7E 31 30 30 30 38 30 30 30 30 32 30 45 30 30 30 30 30 30 30 30 30 30 30 30 30 30 46 41 45 30 0D 78 FE
Parsed:
    P_header: 0xFF
    P_dest_addr: 3132343132333133313234310000000000000000
    P_src_addr: 0000000000000000
    P_subDevType: 0x01
    P_subDev_addr: 0x01
    P_pLen: 0x0025
    RtnFlag: 0x00
    CommType: 0x0001
    透传数据长度: 0x0020
    透传数据: 7E3130303038303030303230453030303030303030303030303030464145300D
    P_verify: 0x00
    P_tailer: 0xFE
2026-01-30 17:38:27,445 udp_protocol.py:210 [透传数据层]原始数据:
    数据包长度: 32 字节
    HEX: 7E 31 30 30 30 38 30 30 30 30 32 30 45 30 30 30 30 30 30 30 30 30 30 30 30 30 30 46 41 45 30 0D
[透传数据层] 协议栈解析:
    透传数据PDU:
        start: 7E
        ver: 10
        adr: 00
        cid1: 80
        cid2: 00
        length: 020E
        checksum: FAE0
        end: 0D
    透传数据帧:
        cid2: 00
        data_info: 00000000
2026-01-31 00:26:11,723 udp_protocol.py:76 [收到UDP数据，来自: ('10.8.187.2', 55668)，数据长度: 72 字节] fsu[liwei_01:313234313233313331323431] 
2026-01-31 00:26:11,736 udp_protocol.py:87 数据包长度: 72 字节
HEX: FF 31 32 34 31 32 33 31 33 31 32 34 31 00 00 00 00 00 00 00 00 00 00 00 00 00 00 00 00 01 00 25 00 EE 01 00 20 00 7E 31 30 30 31 38 30 34 38 32 30 30 45 46 30 45 30 30 30 30 30 30 30 30 30 30 30 46 41 43 38 0D 97 FE
Parsed:
    P_header: 0xFF
    P_dest_addr: 3132343132333133
    P_src_addr: 3132343100000000000000000000000000000000
    P_subDevType: 0x01
    P_subDev_addr: 0x00
    P_pLen: 0x0025
    RtnFlag: 0xEE
    CommType: 0x0001
    透传数据长度: 0x0020
    透传数据: 7E3130303138303438323030454630453030303030303030303030464143380D
    P_verify: 0x00
    P_tailer: 0xFE
2026-01-31 00:26:11,738 udp_protocol.py:123 [透传数据层]原始数据:
    数据包长度: 32 字节
    HEX: 7E 31 30 30 31 38 30 34 38 32 30 30 45 46 30 45 30 30 30 30 30 30 30 30 30 30 30 46 41 43 38 0D
[透传数据层] 协议栈解析:
    透传数据PDU:
        start: 7E
        ver: 10
        adr: 01
        cid1: 80
        cid2: 48
        length: 200E
        checksum: FAC8
        end: 0D
    透传数据帧:
        group: F0
        type: E0
        password: 0000000000
2026-01-31 00:26:11,851 udp_protocol.py:176 [######## FSU 向动环发送数据，目的地址：('10.8.187.2', 55668)] fsu[liwei_01:313234313233313331323431] 
2026-01-31 00:26:11,852 udp_protocol.py:190 数据包长度: 72 字节
HEX: FF 00 00 00 00 00 00 00 00 31 32 34 31 32 33 31 33 31 32 34 31 00 00 00 00 00 00 00 00 01 01 25 00 00 01 00 20 00 7E 31 30 30 30 38 30 30 30 30 32 30 45 30 30 30 30 30 30 30 30 30 30 30 30 30 30 46 41 45 30 0D 78 FE
Parsed:
    P_header: 0xFF
    P_dest_addr: 3132343132333133313234310000000000000000
    P_src_addr: 0000000000000000
    P_subDevType: 0x01
    P_subDev_addr: 0x01
    P_pLen: 0x0025
    RtnFlag: 0x00
    CommType: 0x0001
    透传数据长度: 0x0020
    透传数据: 7E3130303038303030303230453030303030303030303030303030464145300D
    P_verify: 0x00
    P_tailer: 0xFE
2026-01-31 00:26:11,853 udp_protocol.py:210 [透传数据层]原始数据:
    数据包长度: 32 字节
    HEX: 7E 31 30 30 30 38 30 30 30 30 32 30 45 30 30 30 30 30 30 30 30 30 30 30 30 30 30 46 41 45 30 0D
[透传数据层] 协议栈解析:
    透传数据PDU:
        start: 7E
        ver: 10
        adr: 00
        cid1: 80
        cid2: 00
        length: 020E
        checksum: FAE0
        end: 0D
    透传数据帧:
        cid2: 00
        data_info: F0E0
2026-01-31 00:27:00,505 udp_protocol.py:76 [收到UDP数据，来自: ('10.8.187.2', 55668)，数据长度: 64 字节] fsu[liwei_01:313234313233313331323431] 
2026-01-31 00:27:00,506 udp_protocol.py:87 数据包长度: 64 字节
HEX: FF 31 32 34 31 32 33 31 33 31 32 34 31 00 00 00 00 00 00 00 00 00 00 00 00 00 00 00 00 01 00 1D 00 EE 01 00 18 00 7E 31 30 30 31 38 30 34 41 41 30 30 36 46 32 45 37 30 30 46 43 33 36 0D 97 FE
Parsed:
    P_header: 0xFF
    P_dest_addr: 3132343132333133
    P_src_addr: 3132343100000000000000000000000000000000
    P_subDevType: 0x01
    P_subDev_addr: 0x00
    P_pLen: 0x001D
    RtnFlag: 0xEE
    CommType: 0x0001
    透传数据长度: 0x0018
    透传数据: 7E313030313830344141303036463245373030464333360D
    P_verify: 0x00
    P_tailer: 0xFE
2026-01-31 00:27:00,508 udp_protocol.py:123 [透传数据层]原始数据:
    数据包长度: 24 字节
    HEX: 7E 31 30 30 31 38 30 34 41 41 30 30 36 46 32 45 37 30 30 46 43 33 36 0D
[透传数据层] 协议栈解析:
    透传数据PDU:
        start: 7E
        ver: 10
        adr: 01
        cid1: 80
        cid2: 4A
        length: A006
        checksum: FC36
        end: 0D
    透传数据帧:
        group: F2
        type: E7
        dataf: 00
2026-01-31 00:27:00,619 udp_protocol.py:176 [######## FSU 向动环发送数据，目的地址：('10.8.187.2', 55668)] fsu[liwei_01:313234313233313331323431] 
2026-01-31 00:27:00,620 udp_protocol.py:190 数据包长度: 72 字节
HEX: FF 00 00 00 00 00 00 00 00 31 32 34 31 32 33 31 33 31 32 34 31 00 00 00 00 00 00 00 00 01 01 25 00 00 01 00 20 00 7E 31 30 30 30 38 30 30 30 30 32 30 45 30 30 30 30 30 30 30 30 30 30 30 30 30 30 46 41 45 30 0D 78 FE
Parsed:
    P_header: 0xFF
    P_dest_addr: 3132343132333133313234310000000000000000
    P_src_addr: 0000000000000000
    P_subDevType: 0x01
    P_subDev_addr: 0x01
    P_pLen: 0x0025
    RtnFlag: 0x00
    CommType: 0x0001
    透传数据长度: 0x0020
    透传数据: 7E3130303038303030303230453030303030303030303030303030464145300D
    P_verify: 0x00
    P_tailer: 0xFE
2026-01-31 00:27:00,621 udp_protocol.py:210 [透传数据层]原始数据:
    数据包长度: 32 字节
    HEX: 7E 31 30 30 30 38 30 30 30 30 32 30 45 30 30 30 30 30 30 30 30 30 30 30 30 30 30 46 41 45 30 0D
[透传数据层] 协议栈解析:
    透传数据PDU:
        start: 7E
        ver: 10
        adr: 00
        cid1: 80
        cid2: 00
        length: 020E
        checksum: FAE0
        end: 0D
    透传数据帧:
        cid2: 00
        data_info: 00000000
2026-01-31 00:27:30,484 udp_protocol.py:76 [收到UDP数据，来自: ('10.8.187.2', 55668)，数据长度: 72 字节] fsu[liwei_01:313234313233313331323431] 
2026-01-31 00:27:30,486 udp_protocol.py:87 数据包长度: 72 字节
HEX: FF 31 32 34 31 32 33 31 33 31 32 34 31 00 00 00 00 00 00 00 00 00 00 00 00 00 00 00 00 01 00 25 00 EE 01 00 20 00 7E 31 30 30 31 38 30 34 38 32 30 30 45 46 30 45 30 30 30 30 30 30 30 30 30 30 30 46 41 43 38 0D 97 FE
Parsed:
    P_header: 0xFF
    P_dest_addr: 3132343132333133
    P_src_addr: 3132343100000000000000000000000000000000
    P_subDevType: 0x01
    P_subDev_addr: 0x00
    P_pLen: 0x0025
    RtnFlag: 0xEE
    CommType: 0x0001
    透传数据长度: 0x0020
    透传数据: 7E3130303138303438323030454630453030303030303030303030464143380D
    P_verify: 0x00
    P_tailer: 0xFE
2026-01-31 00:27:30,487 udp_protocol.py:123 [透传数据层]原始数据:
    数据包长度: 32 字节
    HEX: 7E 31 30 30 31 38 30 34 38 32 30 30 45 46 30 45 30 30 30 30 30 30 30 30 30 30 30 46 41 43 38 0D
[透传数据层] 协议栈解析:
    透传数据PDU:
        start: 7E
        ver: 10
        adr: 01
        cid1: 80
        cid2: 48
        length: 200E
        checksum: FAC8
        end: 0D
    透传数据帧:
        group: F0
        type: E0
        password: 0000000000
2026-01-31 00:27:30,594 udp_protocol.py:176 [######## FSU 向动环发送数据，目的地址：('10.8.187.2', 55668)] fsu[liwei_01:313234313233313331323431] 
2026-01-31 00:27:30,594 udp_protocol.py:190 数据包长度: 72 字节
HEX: FF 00 00 00 00 00 00 00 00 31 32 34 31 32 33 31 33 31 32 34 31 00 00 00 00 00 00 00 00 01 01 25 00 00 01 00 20 00 7E 31 30 30 30 38 30 30 30 30 32 30 45 30 30 30 30 30 30 30 30 30 30 30 30 30 30 46 41 45 30 0D 78 FE
Parsed:
    P_header: 0xFF
    P_dest_addr: 3132343132333133313234310000000000000000
    P_src_addr: 0000000000000000
    P_subDevType: 0x01
    P_subDev_addr: 0x01
    P_pLen: 0x0025
    RtnFlag: 0x00
    CommType: 0x0001
    透传数据长度: 0x0020
    透传数据: 7E3130303038303030303230453030303030303030303030303030464145300D
    P_verify: 0x00
    P_tailer: 0xFE
2026-01-31 00:27:30,596 udp_protocol.py:210 [透传数据层]原始数据:
    数据包长度: 32 字节
    HEX: 7E 31 30 30 30 38 30 30 30 30 32 30 45 30 30 30 30 30 30 30 30 30 30 30 30 30 30 46 41 45 30 0D
[透传数据层] 协议栈解析:
    透传数据PDU:
        start: 7E
        ver: 10
        adr: 00
        cid1: 80
        cid2: 00
        length: 020E
        checksum: FAE0
        end: 0D
    透传数据帧:
        cid2: 00
        data_info: F0E0
2026-01-31 00:28:32,125 udp_protocol.py:76 [收到UDP数据，来自: ('10.8.187.2', 55668)，数据长度: 64 字节] fsu[liwei_01:313234313233313331323431] 
2026-01-31 00:28:32,126 udp_protocol.py:87 数据包长度: 64 字节
HEX: FF 31 32 34 31 32 33 31 33 31 32 34 31 00 00 00 00 00 00 00 00 00 00 00 00 00 00 00 00 01 00 1D 00 EE 01 00 18 00 7E 31 30 30 31 38 30 34 41 41 30 30 36 46 32 45 30 30 30 46 43 33 44 0D E2 FE
Parsed:
    P_header: 0xFF
    P_dest_addr: 3132343132333133
    P_src_addr: 3132343100000000000000000000000000000000
    P_subDevType: 0x01
    P_subDev_addr: 0x00
    P_pLen: 0x001D
    RtnFlag: 0xEE
    CommType: 0x0001
    透传数据长度: 0x0018
    透传数据: 7E313030313830344141303036463245303030464333440D
    P_verify: 0x00
    P_tailer: 0xFE
2026-01-31 00:28:32,128 udp_protocol.py:123 [透传数据层]原始数据:
    数据包长度: 24 字节
    HEX: 7E 31 30 30 31 38 30 34 41 41 30 30 36 46 32 45 30 30 30 46 43 33 44 0D
[透传数据层] 协议栈解析:
    透传数据PDU:
        start: 7E
        ver: 10
        adr: 01
        cid1: 80
        cid2: 4A
        length: A006
        checksum: FC3D
        end: 0D
    透传数据帧:
        group: F2
        type: E0
        dataf: 00
2026-01-31 00:28:32,237 udp_protocol.py:176 [######## FSU 向动环发送数据，目的地址：('10.8.187.2', 55668)] fsu[liwei_01:313234313233313331323431] 
2026-01-31 00:28:32,239 udp_protocol.py:190 数据包长度: 74 字节
HEX: FF 00 00 00 00 00 00 00 00 31 32 34 31 32 33 31 33 31 32 34 31 00 00 00 00 00 00 00 00 01 01 27 00 00 01 00 22 00 7E 31 30 30 30 38 30 30 30 30 46 31 30 32 30 32 36 30 31 33 31 30 36 30 30 32 38 33 32 46 41 35 43 0D 73 FE
Parsed:
    P_header: 0xFF
    P_dest_addr: 3132343132333133313234310000000000000000
    P_src_addr: 0000000000000000
    P_subDevType: 0x01
    P_subDev_addr: 0x01
    P_pLen: 0x0027
    RtnFlag: 0x00
    CommType: 0x0001
    透传数据长度: 0x0022
    透传数据: 7E31303030383030303046313032303236303133313036303032383332464135430D
    P_verify: 0x00
    P_tailer: 0xFE
2026-01-31 00:28:32,242 udp_protocol.py:210 [透传数据层]原始数据:
    数据包长度: 34 字节
    HEX: 7E 31 30 30 30 38 30 30 30 30 46 31 30 32 30 32 36 30 31 33 31 30 36 30 30 32 38 33 32 46 41 35 43 0D
[透传数据层] 协议栈解析:
    透传数据PDU:
        start: 7E
        ver: 10
        adr: 00
        cid1: 80
        cid2: 00
        length: 0F10
        checksum: 32FA
        end: 5C
    透传数据帧:
        cid2: 00
        year: 2026
        month: 01
        day: 31
        week: 06
        hour: 00
        minute: 28
        second: 32
2026-01-31 00:29:21,423 udp_protocol.py:76 [收到UDP数据，来自: ('10.8.187.2', 62455)，数据长度: 72 字节] fsu[liwei_01:313234313233313331323431] 
2026-01-31 00:29:21,424 udp_protocol.py:87 数据包长度: 72 字节
HEX: FF 31 32 34 31 32 33 31 33 31 32 34 31 00 00 00 00 00 00 00 00 00 00 00 00 00 00 00 00 01 00 25 00 EE 01 00 20 00 7E 31 30 30 31 38 30 34 38 32 30 30 45 46 30 45 30 30 30 30 30 30 30 30 30 30 30 46 41 43 38 0D 97 FE
Parsed:
    P_header: 0xFF
    P_dest_addr: 3132343132333133
    P_src_addr: 3132343100000000000000000000000000000000
    P_subDevType: 0x01
    P_subDev_addr: 0x00
    P_pLen: 0x0025
    RtnFlag: 0xEE
    CommType: 0x0001
    透传数据长度: 0x0020
    透传数据: 7E3130303138303438323030454630453030303030303030303030464143380D
    P_verify: 0x00
    P_tailer: 0xFE
2026-01-31 00:29:21,426 udp_protocol.py:123 [透传数据层]原始数据:
    数据包长度: 32 字节
    HEX: 7E 31 30 30 31 38 30 34 38 32 30 30 45 46 30 45 30 30 30 30 30 30 30 30 30 30 30 46 41 43 38 0D
[透传数据层] 协议栈解析:
    透传数据PDU:
        start: 7E
        ver: 10
        adr: 01
        cid1: 80
        cid2: 48
        length: 200E
        checksum: FAC8
        end: 0D
    透传数据帧:
        group: F0
        type: E0
        password: 0000000000
2026-01-31 00:29:21,530 udp_protocol.py:176 [######## FSU 向动环发送数据，目的地址：('10.8.187.2', 62455)] fsu[liwei_01:313234313233313331323431] 
2026-01-31 00:29:21,531 udp_protocol.py:190 数据包长度: 72 字节
HEX: FF 00 00 00 00 00 00 00 00 31 32 34 31 32 33 31 33 31 32 34 31 00 00 00 00 00 00 00 00 01 01 25 00 00 01 00 20 00 7E 31 30 30 30 38 30 30 30 30 32 30 45 30 30 30 30 30 30 30 30 30 30 30 30 30 30 46 41 45 30 0D 78 FE
Parsed:
    P_header: 0xFF
    P_dest_addr: 3132343132333133313234310000000000000000
    P_src_addr: 0000000000000000
    P_subDevType: 0x01
    P_subDev_addr: 0x01
    P_pLen: 0x0025
    RtnFlag: 0x00
    CommType: 0x0001
    透传数据长度: 0x0020
    透传数据: 7E3130303038303030303230453030303030303030303030303030464145300D
    P_verify: 0x00
    P_tailer: 0xFE
2026-01-31 00:29:21,533 udp_protocol.py:210 [透传数据层]原始数据:
    数据包长度: 32 字节
    HEX: 7E 31 30 30 30 38 30 30 30 30 32 30 45 30 30 30 30 30 30 30 30 30 30 30 30 30 30 46 41 45 30 0D
[透传数据层] 协议栈解析:
    透传数据PDU:
        start: 7E
        ver: 10
        adr: 00
        cid1: 80
        cid2: 00
        length: 020E
        checksum: FAE0
        end: 0D
    透传数据帧:
        cid2: 00
        data_info: F0E0
2026-01-31 00:30:49,038 udp_protocol.py:76 [收到UDP数据，来自: ('10.8.187.2', 62455)，数据长度: 64 字节] fsu[liwei_01:313234313233313331323431] 
2026-01-31 00:30:49,040 udp_protocol.py:87 数据包长度: 64 字节
HEX: FF 31 32 34 31 32 33 31 33 31 32 34 31 00 00 00 00 00 00 00 00 00 00 00 00 00 00 00 00 01 00 1D 00 EE 01 00 18 00 7E 31 30 30 31 38 30 34 41 41 30 30 36 46 32 45 37 30 30 46 43 33 36 0D 97 FE
Parsed:
    P_header: 0xFF
    P_dest_addr: 3132343132333133
    P_src_addr: 3132343100000000000000000000000000000000
    P_subDevType: 0x01
    P_subDev_addr: 0x00
    P_pLen: 0x001D
    RtnFlag: 0xEE
    CommType: 0x0001
    透传数据长度: 0x0018
    透传数据: 7E313030313830344141303036463245373030464333360D
    P_verify: 0x00
    P_tailer: 0xFE
2026-01-31 00:30:49,042 udp_protocol.py:123 [透传数据层]原始数据:
    数据包长度: 24 字节
    HEX: 7E 31 30 30 31 38 30 34 41 41 30 30 36 46 32 45 37 30 30 46 43 33 36 0D
[透传数据层] 协议栈解析:
    透传数据PDU:
        start: 7E
        ver: 10
        adr: 01
        cid1: 80
        cid2: 4A
        length: A006
        checksum: FC36
        end: 0D
    透传数据帧:
        group: F2
        type: E7
        dataf: 00
2026-01-31 00:30:49,148 udp_protocol.py:176 [######## FSU 向动环发送数据，目的地址：('10.8.187.2', 62455)] fsu[liwei_01:313234313233313331323431] 
2026-01-31 00:30:49,150 udp_protocol.py:190 数据包长度: 72 字节
HEX: FF 00 00 00 00 00 00 00 00 31 32 34 31 32 33 31 33 31 32 34 31 00 00 00 00 00 00 00 00 01 01 25 00 00 01 00 20 00 7E 31 30 30 30 38 30 30 30 30 32 30 45 30 30 30 30 30 30 30 30 30 30 30 30 30 30 46 41 45 30 0D 78 FE
Parsed:
    P_header: 0xFF
    P_dest_addr: 3132343132333133313234310000000000000000
    P_src_addr: 0000000000000000
    P_subDevType: 0x01
    P_subDev_addr: 0x01
    P_pLen: 0x0025
    RtnFlag: 0x00
    CommType: 0x0001
    透传数据长度: 0x0020
    透传数据: 7E3130303038303030303230453030303030303030303030303030464145300D
    P_verify: 0x00
    P_tailer: 0xFE
2026-01-31 00:30:49,152 udp_protocol.py:210 [透传数据层]原始数据:
    数据包长度: 32 字节
    HEX: 7E 31 30 30 30 38 30 30 30 30 32 30 45 30 30 30 30 30 30 30 30 30 30 30 30 30 30 46 41 45 30 0D
[透传数据层] 协议栈解析:
    透传数据PDU:
        start: 7E
        ver: 10
        adr: 00
        cid1: 80
        cid2: 00
        length: 020E
        checksum: FAE0
        end: 0D
    透传数据帧:
        cid2: 00
        data_info: 00000000
2026-01-31 00:31:15,946 udp_protocol.py:76 [收到UDP数据，来自: ('10.8.187.2', 62455)，数据长度: 64 字节] fsu[liwei_01:313234313233313331323431] 
2026-01-31 00:31:15,948 udp_protocol.py:87 数据包长度: 64 字节
HEX: FF 31 32 34 31 32 33 31 33 31 32 34 31 00 00 00 00 00 00 00 00 00 00 00 00 00 00 00 00 01 00 1D 00 EE 01 00 18 00 7E 31 30 30 31 38 30 34 41 41 30 30 36 46 32 45 30 30 30 46 43 33 44 0D E2 FE
Parsed:
    P_header: 0xFF
    P_dest_addr: 3132343132333133
    P_src_addr: 3132343100000000000000000000000000000000
    P_subDevType: 0x01
    P_subDev_addr: 0x00
    P_pLen: 0x001D
    RtnFlag: 0xEE
    CommType: 0x0001
    透传数据长度: 0x0018
    透传数据: 7E313030313830344141303036463245303030464333440D
    P_verify: 0x00
    P_tailer: 0xFE
2026-01-31 00:31:15,949 udp_protocol.py:123 [透传数据层]原始数据:
    数据包长度: 24 字节
    HEX: 7E 31 30 30 31 38 30 34 41 41 30 30 36 46 32 45 30 30 30 46 43 33 44 0D
[透传数据层] 协议栈解析:
    透传数据PDU:
        start: 7E
        ver: 10
        adr: 01
        cid1: 80
        cid2: 4A
        length: A006
        checksum: FC3D
        end: 0D
    透传数据帧:
        group: F2
        type: E0
        dataf: 00
2026-01-31 00:31:16,058 udp_protocol.py:176 [######## FSU 向动环发送数据，目的地址：('10.8.187.2', 62455)] fsu[liwei_01:313234313233313331323431] 
2026-01-31 00:31:16,058 udp_protocol.py:190 数据包长度: 74 字节
HEX: FF 00 00 00 00 00 00 00 00 31 32 34 31 32 33 31 33 31 32 34 31 00 00 00 00 00 00 00 00 01 01 27 00 00 01 00 22 00 7E 31 30 30 30 38 30 30 30 30 46 31 30 32 30 32 36 30 31 33 31 30 36 30 30 33 31 31 35 46 41 36 31 0D 0F FE
Parsed:
    P_header: 0xFF
    P_dest_addr: 3132343132333133313234310000000000000000
    P_src_addr: 0000000000000000
    P_subDevType: 0x01
    P_subDev_addr: 0x01
    P_pLen: 0x0027
    RtnFlag: 0x00
    CommType: 0x0001
    透传数据长度: 0x0022
    透传数据: 7E31303030383030303046313032303236303133313036303033313135464136310D
    P_verify: 0x00
    P_tailer: 0xFE
2026-01-31 00:31:16,061 udp_protocol.py:210 [透传数据层]原始数据:
    数据包长度: 34 字节
    HEX: 7E 31 30 30 30 38 30 30 30 30 46 31 30 32 30 32 36 30 31 33 31 30 36 30 30 33 31 31 35 46 41 36 31 0D
[透传数据层] 协议栈解析:
    透传数据PDU:
        start: 7E
        ver: 10
        adr: 00
        cid1: 80
        cid2: 00
        length: 0F10
        checksum: 15FA
        end: 61
    透传数据帧:
        cid2: 00
        year: 2026
        month: 01
        day: 31
        week: 06
        hour: 00
        minute: 31
        second: 15
2026-01-31 00:31:44,172 udp_protocol.py:76 [收到UDP数据，来自: ('10.8.187.2', 62455)，数据长度: 64 字节] fsu[liwei_01:313234313233313331323431] 
2026-01-31 00:31:44,174 udp_protocol.py:87 数据包长度: 64 字节
HEX: FF 31 32 34 31 32 33 31 33 31 32 34 31 00 00 00 00 00 00 00 00 00 00 00 00 00 00 00 00 01 00 1D 00 EE 01 00 18 00 7E 31 30 30 31 38 30 34 41 41 30 30 36 46 32 45 37 30 30 46 43 33 36 0D 97 FE
Parsed:
    P_header: 0xFF
    P_dest_addr: 3132343132333133
    P_src_addr: 3132343100000000000000000000000000000000
    P_subDevType: 0x01
    P_subDev_addr: 0x00
    P_pLen: 0x001D
    RtnFlag: 0xEE
    CommType: 0x0001
    透传数据长度: 0x0018
    透传数据: 7E313030313830344141303036463245373030464333360D
    P_verify: 0x00
    P_tailer: 0xFE
2026-01-31 00:31:44,176 udp_protocol.py:123 [透传数据层]原始数据:
    数据包长度: 24 字节
    HEX: 7E 31 30 30 31 38 30 34 41 41 30 30 36 46 32 45 37 30 30 46 43 33 36 0D
[透传数据层] 协议栈解析:
    透传数据PDU:
        start: 7E
        ver: 10
        adr: 01
        cid1: 80
        cid2: 4A
        length: A006
        checksum: FC36
        end: 0D
    透传数据帧:
        group: F2
        type: E7
        dataf: 00
2026-01-31 00:31:44,282 udp_protocol.py:176 [######## FSU 向动环发送数据，目的地址：('10.8.187.2', 62455)] fsu[liwei_01:313234313233313331323431] 
2026-01-31 00:31:44,282 udp_protocol.py:190 数据包长度: 72 字节
HEX: FF 00 00 00 00 00 00 00 00 31 32 34 31 32 33 31 33 31 32 34 31 00 00 00 00 00 00 00 00 01 01 25 00 00 01 00 20 00 7E 31 30 30 30 38 30 30 30 30 32 30 45 30 30 30 30 30 30 30 30 30 30 30 30 30 30 46 41 45 30 0D 78 FE
Parsed:
    P_header: 0xFF
    P_dest_addr: 3132343132333133313234310000000000000000
    P_src_addr: 0000000000000000
    P_subDevType: 0x01
    P_subDev_addr: 0x01
    P_pLen: 0x0025
    RtnFlag: 0x00
    CommType: 0x0001
    透传数据长度: 0x0020
    透传数据: 7E3130303038303030303230453030303030303030303030303030464145300D
    P_verify: 0x00
    P_tailer: 0xFE
2026-01-31 00:31:44,284 udp_protocol.py:210 [透传数据层]原始数据:
    数据包长度: 32 字节
    HEX: 7E 31 30 30 30 38 30 30 30 30 32 30 45 30 30 30 30 30 30 30 30 30 30 30 30 30 30 46 41 45 30 0D
[透传数据层] 协议栈解析:
    透传数据PDU:
        start: 7E
        ver: 10
        adr: 00
        cid1: 80
        cid2: 00
        length: 020E
        checksum: FAE0
        end: 0D
    透传数据帧:
        cid2: 00
        data_info: 00000000
2026-01-31 00:32:21,528 udp_protocol.py:76 [收到UDP数据，来自: ('10.8.187.2', 62455)，数据长度: 64 字节] fsu[liwei_01:313234313233313331323431] 
2026-01-31 00:32:21,531 udp_protocol.py:87 数据包长度: 64 字节
HEX: FF 31 32 34 31 32 33 31 33 31 32 34 31 00 00 00 00 00 00 00 00 00 00 00 00 00 00 00 00 01 00 1D 00 EE 01 00 18 00 7E 31 30 30 31 38 30 34 41 41 30 30 36 46 32 45 30 30 30 46 43 33 44 0D E2 FE
Parsed:
    P_header: 0xFF
    P_dest_addr: 3132343132333133
    P_src_addr: 3132343100000000000000000000000000000000
    P_subDevType: 0x01
    P_subDev_addr: 0x00
    P_pLen: 0x001D
    RtnFlag: 0xEE
    CommType: 0x0001
    透传数据长度: 0x0018
    透传数据: 7E313030313830344141303036463245303030464333440D
    P_verify: 0x00
    P_tailer: 0xFE
2026-01-31 00:32:21,545 udp_protocol.py:123 [透传数据层]原始数据:
    数据包长度: 24 字节
    HEX: 7E 31 30 30 31 38 30 34 41 41 30 30 36 46 32 45 30 30 30 46 43 33 44 0D
[透传数据层] 协议栈解析:
    透传数据PDU:
        start: 7E
        ver: 10
        adr: 01
        cid1: 80
        cid2: 4A
        length: A006
        checksum: FC3D
        end: 0D
    透传数据帧:
        group: F2
        type: E0
        dataf: 00
2026-01-31 00:32:21,659 udp_protocol.py:176 [######## FSU 向动环发送数据，目的地址：('10.8.187.2', 62455)] fsu[liwei_01:313234313233313331323431] 
2026-01-31 00:32:21,660 udp_protocol.py:190 数据包长度: 74 字节
HEX: FF 00 00 00 00 00 00 00 00 31 32 34 31 32 33 31 33 31 32 34 31 00 00 00 00 00 00 00 00 01 01 27 00 00 01 00 22 00 7E 31 30 30 30 38 30 30 30 30 46 31 30 32 30 32 36 30 31 33 31 30 36 30 30 33 32 32 31 46 41 36 33 0D 09 FE
Parsed:
    P_header: 0xFF
    P_dest_addr: 3132343132333133313234310000000000000000
    P_src_addr: 0000000000000000
    P_subDevType: 0x01
    P_subDev_addr: 0x01
    P_pLen: 0x0027
    RtnFlag: 0x00
    CommType: 0x0001
    透传数据长度: 0x0022
    透传数据: 7E31303030383030303046313032303236303133313036303033323231464136330D
    P_verify: 0x00
    P_tailer: 0xFE
2026-01-31 00:32:21,662 udp_protocol.py:210 [透传数据层]原始数据:
    数据包长度: 34 字节
    HEX: 7E 31 30 30 30 38 30 30 30 30 46 31 30 32 30 32 36 30 31 33 31 30 36 30 30 33 32 32 31 46 41 36 33 0D
[透传数据层] 协议栈解析:
    透传数据PDU:
        start: 7E
        ver: 10
        adr: 00
        cid1: 80
        cid2: 00
        length: 0F10
        checksum: 21FA
        end: 63
    透传数据帧:
        cid2: 00
        year: 2026
        month: 01
        day: 31
        week: 06
        hour: 00
        minute: 32
        second: 21
2026-01-31 00:34:14,266 udp_protocol.py:76 [收到UDP数据，来自: ('10.8.187.2', 62455)，数据长度: 64 字节] fsu[liwei_01:313234313233313331323431] 
2026-01-31 00:34:14,267 udp_protocol.py:87 数据包长度: 64 字节
HEX: FF 31 32 34 31 32 33 31 33 31 32 34 31 00 00 00 00 00 00 00 00 00 00 00 00 00 00 00 00 01 00 1D 00 EE 01 00 18 00 7E 31 30 30 31 38 30 34 41 41 30 30 36 46 32 45 37 30 30 46 43 33 36 0D 97 FE
Parsed:
    P_header: 0xFF
    P_dest_addr: 3132343132333133
    P_src_addr: 3132343100000000000000000000000000000000
    P_subDevType: 0x01
    P_subDev_addr: 0x00
    P_pLen: 0x001D
    RtnFlag: 0xEE
    CommType: 0x0001
    透传数据长度: 0x0018
    透传数据: 7E313030313830344141303036463245373030464333360D
    P_verify: 0x00
    P_tailer: 0xFE
2026-01-31 00:34:14,270 udp_protocol.py:123 [透传数据层]原始数据:
    数据包长度: 24 字节
    HEX: 7E 31 30 30 31 38 30 34 41 41 30 30 36 46 32 45 37 30 30 46 43 33 36 0D
[透传数据层] 协议栈解析:
    透传数据PDU:
        start: 7E
        ver: 10
        adr: 01
        cid1: 80
        cid2: 4A
        length: A006
        checksum: FC36
        end: 0D
    透传数据帧:
        group: F2
        type: E7
        dataf: 00
2026-01-31 00:34:14,385 udp_protocol.py:176 [######## FSU 向动环发送数据，目的地址：('10.8.187.2', 62455)] fsu[liwei_01:313234313233313331323431] 
2026-01-31 00:34:14,387 udp_protocol.py:190 数据包长度: 72 字节
HEX: FF 00 00 00 00 00 00 00 00 31 32 34 31 32 33 31 33 31 32 34 31 00 00 00 00 00 00 00 00 01 01 25 00 00 01 00 20 00 7E 31 30 30 30 38 30 30 30 30 32 30 45 30 30 30 30 30 30 30 30 30 30 30 30 30 30 46 41 45 30 0D 78 FE
Parsed:
    P_header: 0xFF
    P_dest_addr: 3132343132333133313234310000000000000000
    P_src_addr: 0000000000000000
    P_subDevType: 0x01
    P_subDev_addr: 0x01
    P_pLen: 0x0025
    RtnFlag: 0x00
    CommType: 0x0001
    透传数据长度: 0x0020
    透传数据: 7E3130303038303030303230453030303030303030303030303030464145300D
    P_verify: 0x00
    P_tailer: 0xFE
2026-01-31 00:34:14,389 udp_protocol.py:210 [透传数据层]原始数据:
    数据包长度: 32 字节
    HEX: 7E 31 30 30 30 38 30 30 30 30 32 30 45 30 30 30 30 30 30 30 30 30 30 30 30 30 30 46 41 45 30 0D
[透传数据层] 协议栈解析:
    透传数据PDU:
        start: 7E
        ver: 10
        adr: 00
        cid1: 80
        cid2: 00
        length: 020E
        checksum: FAE0
        end: 0D
    透传数据帧:
        cid2: 00
        data_info: 00000000
2026-01-31 00:34:18,374 udp_protocol.py:76 [收到UDP数据，来自: ('10.8.187.2', 62455)，数据长度: 64 字节] fsu[liwei_01:313234313233313331323431] 
2026-01-31 00:34:18,375 udp_protocol.py:87 数据包长度: 64 字节
HEX: FF 31 32 34 31 32 33 31 33 31 32 34 31 00 00 00 00 00 00 00 00 00 00 00 00 00 00 00 00 01 00 1D 00 EE 01 00 18 00 7E 31 30 30 31 38 30 34 41 41 30 30 36 46 32 45 30 30 30 46 43 33 44 0D E2 FE
Parsed:
    P_header: 0xFF
    P_dest_addr: 3132343132333133
    P_src_addr: 3132343100000000000000000000000000000000
    P_subDevType: 0x01
    P_subDev_addr: 0x00
    P_pLen: 0x001D
    RtnFlag: 0xEE
    CommType: 0x0001
    透传数据长度: 0x0018
    透传数据: 7E313030313830344141303036463245303030464333440D
    P_verify: 0x00
    P_tailer: 0xFE
2026-01-31 00:34:18,376 udp_protocol.py:123 [透传数据层]原始数据:
    数据包长度: 24 字节
    HEX: 7E 31 30 30 31 38 30 34 41 41 30 30 36 46 32 45 30 30 30 46 43 33 44 0D
[透传数据层] 协议栈解析:
    透传数据PDU:
        start: 7E
        ver: 10
        adr: 01
        cid1: 80
        cid2: 4A
        length: A006
        checksum: FC3D
        end: 0D
    透传数据帧:
        group: F2
        type: E0
        dataf: 00
2026-01-31 00:34:18,492 udp_protocol.py:176 [######## FSU 向动环发送数据，目的地址：('10.8.187.2', 62455)] fsu[liwei_01:313234313233313331323431] 
2026-01-31 00:34:18,493 udp_protocol.py:190 数据包长度: 74 字节
HEX: FF 00 00 00 00 00 00 00 00 31 32 34 31 32 33 31 33 31 32 34 31 00 00 00 00 00 00 00 00 01 01 27 00 00 01 00 22 00 7E 31 30 30 30 38 30 30 30 30 46 31 30 32 30 32 36 30 31 33 31 30 36 30 30 33 34 31 38 46 41 35 42 0D 77 FE
Parsed:
    P_header: 0xFF
    P_dest_addr: 3132343132333133313234310000000000000000
    P_src_addr: 0000000000000000
    P_subDevType: 0x01
    P_subDev_addr: 0x01
    P_pLen: 0x0027
    RtnFlag: 0x00
    CommType: 0x0001
    透传数据长度: 0x0022
    透传数据: 7E31303030383030303046313032303236303133313036303033343138464135420D
    P_verify: 0x00
    P_tailer: 0xFE
2026-01-31 00:34:18,494 udp_protocol.py:210 [透传数据层]原始数据:
    数据包长度: 34 字节
    HEX: 7E 31 30 30 30 38 30 30 30 30 46 31 30 32 30 32 36 30 31 33 31 30 36 30 30 33 34 31 38 46 41 35 42 0D
[透传数据层] 协议栈解析:
    透传数据PDU:
        start: 7E
        ver: 10
        adr: 00
        cid1: 80
        cid2: 00
        length: 0F10
        checksum: 18FA
        end: 5B
    透传数据帧:
        cid2: 00
        year: 2026
        month: 01
        day: 31
        week: 06
        hour: 00
        minute: 34
        second: 18
2026-01-31 00:34:25,962 udp_protocol.py:76 [收到UDP数据，来自: ('10.8.187.2', 62455)，数据长度: 64 字节] fsu[liwei_01:313234313233313331323431] 
2026-01-31 00:34:25,964 udp_protocol.py:87 数据包长度: 64 字节
HEX: FF 31 32 34 31 32 33 31 33 31 32 34 31 00 00 00 00 00 00 00 00 00 00 00 00 00 00 00 00 01 00 1D 00 EE 01 00 18 00 7E 31 30 30 31 38 30 34 41 41 30 30 36 46 32 45 37 30 30 46 43 33 36 0D 97 FE
Parsed:
    P_header: 0xFF
    P_dest_addr: 3132343132333133
    P_src_addr: 3132343100000000000000000000000000000000
    P_subDevType: 0x01
    P_subDev_addr: 0x00
    P_pLen: 0x001D
    RtnFlag: 0xEE
    CommType: 0x0001
    透传数据长度: 0x0018
    透传数据: 7E313030313830344141303036463245373030464333360D
    P_verify: 0x00
    P_tailer: 0xFE
2026-01-31 00:34:25,965 udp_protocol.py:123 [透传数据层]原始数据:
    数据包长度: 24 字节
    HEX: 7E 31 30 30 31 38 30 34 41 41 30 30 36 46 32 45 37 30 30 46 43 33 36 0D
[透传数据层] 协议栈解析:
    透传数据PDU:
        start: 7E
        ver: 10
        adr: 01
        cid1: 80
        cid2: 4A
        length: A006
        checksum: FC36
        end: 0D
    透传数据帧:
        group: F2
        type: E7
        dataf: 00
2026-01-31 00:34:26,080 udp_protocol.py:176 [######## FSU 向动环发送数据，目的地址：('10.8.187.2', 62455)] fsu[liwei_01:313234313233313331323431] 
2026-01-31 00:34:26,081 udp_protocol.py:190 数据包长度: 72 字节
HEX: FF 00 00 00 00 00 00 00 00 31 32 34 31 32 33 31 33 31 32 34 31 00 00 00 00 00 00 00 00 01 01 25 00 00 01 00 20 00 7E 31 30 30 30 38 30 30 30 30 32 30 45 30 30 30 30 30 30 30 30 30 30 30 30 30 30 46 41 45 30 0D 78 FE
Parsed:
    P_header: 0xFF
    P_dest_addr: 3132343132333133313234310000000000000000
    P_src_addr: 0000000000000000
    P_subDevType: 0x01
    P_subDev_addr: 0x01
    P_pLen: 0x0025
    RtnFlag: 0x00
    CommType: 0x0001
    透传数据长度: 0x0020
    透传数据: 7E3130303038303030303230453030303030303030303030303030464145300D
    P_verify: 0x00
    P_tailer: 0xFE
2026-01-31 00:34:26,083 udp_protocol.py:210 [透传数据层]原始数据:
    数据包长度: 32 字节
    HEX: 7E 31 30 30 30 38 30 30 30 30 32 30 45 30 30 30 30 30 30 30 30 30 30 30 30 30 30 46 41 45 30 0D
[透传数据层] 协议栈解析:
    透传数据PDU:
        start: 7E
        ver: 10
        adr: 00
        cid1: 80
        cid2: 00
        length: 020E
        checksum: FAE0
        end: 0D
    透传数据帧:
        cid2: 00
        data_info: 00000000
2026-01-31 00:34:38,624 udp_protocol.py:76 [收到UDP数据，来自: ('10.8.187.2', 62455)，数据长度: 72 字节] fsu[liwei_01:313234313233313331323431] 
2026-01-31 00:34:38,626 udp_protocol.py:87 数据包长度: 72 字节
HEX: FF 31 32 34 31 32 33 31 33 31 32 34 31 00 00 00 00 00 00 00 00 00 00 00 00 00 00 00 00 01 00 25 00 EE 01 00 20 00 7E 31 30 30 31 38 30 34 38 32 30 30 45 46 30 45 30 30 30 30 30 30 30 30 30 30 30 46 41 43 38 0D 97 FE
Parsed:
    P_header: 0xFF
    P_dest_addr: 3132343132333133
    P_src_addr: 3132343100000000000000000000000000000000
    P_subDevType: 0x01
    P_subDev_addr: 0x00
    P_pLen: 0x0025
    RtnFlag: 0xEE
    CommType: 0x0001
    透传数据长度: 0x0020
    透传数据: 7E3130303138303438323030454630453030303030303030303030464143380D
    P_verify: 0x00
    P_tailer: 0xFE
2026-01-31 00:34:38,629 udp_protocol.py:123 [透传数据层]原始数据:
    数据包长度: 32 字节
    HEX: 7E 31 30 30 31 38 30 34 38 32 30 30 45 46 30 45 30 30 30 30 30 30 30 30 30 30 30 46 41 43 38 0D
[透传数据层] 协议栈解析:
    透传数据PDU:
        start: 7E
        ver: 10
        adr: 01
        cid1: 80
        cid2: 48
        length: 200E
        checksum: FAC8
        end: 0D
    透传数据帧:
        group: F0
        type: E0
        password: 0000000000
2026-01-31 00:34:38,736 udp_protocol.py:176 [######## FSU 向动环发送数据，目的地址：('10.8.187.2', 62455)] fsu[liwei_01:313234313233313331323431] 
2026-01-31 00:34:38,737 udp_protocol.py:190 数据包长度: 72 字节
HEX: FF 00 00 00 00 00 00 00 00 31 32 34 31 32 33 31 33 31 32 34 31 00 00 00 00 00 00 00 00 01 01 25 00 00 01 00 20 00 7E 31 30 30 30 38 30 30 30 30 32 30 45 30 30 30 30 30 30 30 30 30 30 30 30 30 30 46 41 45 30 0D 78 FE
Parsed:
    P_header: 0xFF
    P_dest_addr: 3132343132333133313234310000000000000000
    P_src_addr: 0000000000000000
    P_subDevType: 0x01
    P_subDev_addr: 0x01
    P_pLen: 0x0025
    RtnFlag: 0x00
    CommType: 0x0001
    透传数据长度: 0x0020
    透传数据: 7E3130303038303030303230453030303030303030303030303030464145300D
    P_verify: 0x00
    P_tailer: 0xFE
2026-01-31 00:34:38,740 udp_protocol.py:210 [透传数据层]原始数据:
    数据包长度: 32 字节
    HEX: 7E 31 30 30 30 38 30 30 30 30 32 30 45 30 30 30 30 30 30 30 30 30 30 30 30 30 30 46 41 45 30 0D
[透传数据层] 协议栈解析:
    透传数据PDU:
        start: 7E
        ver: 10
        adr: 00
        cid1: 80
        cid2: 00
        length: 020E
        checksum: FAE0
        end: 0D
    透传数据帧:
        cid2: 00
        data_info: F0E0
2026-01-31 00:36:07,805 udp_protocol.py:76 [收到UDP数据，来自: ('10.8.187.2', 62455)，数据长度: 72 字节] fsu[liwei_01:313234313233313331323431] 
2026-01-31 00:36:07,806 udp_protocol.py:87 数据包长度: 72 字节
HEX: FF 31 32 34 31 32 33 31 33 31 32 34 31 00 00 00 00 00 00 00 00 00 00 00 00 00 00 00 00 01 00 25 00 EE 01 00 20 00 7E 31 30 30 31 38 30 34 38 32 30 30 45 46 30 45 30 30 30 30 30 30 30 30 30 30 30 46 41 43 38 0D 97 FE
Parsed:
    P_header: 0xFF
    P_dest_addr: 3132343132333133
    P_src_addr: 3132343100000000000000000000000000000000
    P_subDevType: 0x01
    P_subDev_addr: 0x00
    P_pLen: 0x0025
    RtnFlag: 0xEE
    CommType: 0x0001
    透传数据长度: 0x0020
    透传数据: 7E3130303138303438323030454630453030303030303030303030464143380D
    P_verify: 0x00
    P_tailer: 0xFE
2026-01-31 00:36:07,807 udp_protocol.py:123 [透传数据层]原始数据:
    数据包长度: 32 字节
    HEX: 7E 31 30 30 31 38 30 34 38 32 30 30 45 46 30 45 30 30 30 30 30 30 30 30 30 30 30 46 41 43 38 0D
[透传数据层] 协议栈解析:
    透传数据PDU:
        start: 7E
        ver: 10
        adr: 01
        cid1: 80
        cid2: 48
        length: 200E
        checksum: FAC8
        end: 0D
    透传数据帧:
        group: F0
        type: E0
        password: 0000000000
2026-01-31 00:36:07,920 udp_protocol.py:176 [######## FSU 向动环发送数据，目的地址：('10.8.187.2', 62455)] fsu[liwei_01:313234313233313331323431] 
2026-01-31 00:36:07,921 udp_protocol.py:190 数据包长度: 72 字节
HEX: FF 00 00 00 00 00 00 00 00 31 32 34 31 32 33 31 33 31 32 34 31 00 00 00 00 00 00 00 00 01 01 25 00 00 01 00 20 00 7E 31 30 30 30 38 30 30 30 30 32 30 45 30 30 30 30 30 30 30 30 30 30 30 30 30 30 46 41 45 30 0D 78 FE
Parsed:
    P_header: 0xFF
    P_dest_addr: 3132343132333133313234310000000000000000
    P_src_addr: 0000000000000000
    P_subDevType: 0x01
    P_subDev_addr: 0x01
    P_pLen: 0x0025
    RtnFlag: 0x00
    CommType: 0x0001
    透传数据长度: 0x0020
    透传数据: 7E3130303038303030303230453030303030303030303030303030464145300D
    P_verify: 0x00
    P_tailer: 0xFE
2026-01-31 00:36:07,922 udp_protocol.py:210 [透传数据层]原始数据:
    数据包长度: 32 字节
    HEX: 7E 31 30 30 30 38 30 30 30 30 32 30 45 30 30 30 30 30 30 30 30 30 30 30 30 30 30 46 41 45 30 0D
[透传数据层] 协议栈解析:
    透传数据PDU:
        start: 7E
        ver: 10
        adr: 00
        cid1: 80
        cid2: 00
        length: 020E
        checksum: FAE0
        end: 0D
    透传数据帧:
        cid2: 00
        data_info: F0E0
2026-01-31 00:39:56,633 udp_protocol.py:76 [收到UDP数据，来自: ('10.8.187.2', 62455)，数据长度: 72 字节] fsu[liwei_01:313234313233313331323431] 
2026-01-31 00:39:56,634 udp_protocol.py:87 数据包长度: 72 字节
HEX: FF 31 32 34 31 32 33 31 33 31 32 34 31 00 00 00 00 00 00 00 00 00 00 00 00 00 00 00 00 01 00 25 00 EE 01 00 20 00 7E 31 30 30 31 38 30 34 38 32 30 30 45 46 30 45 30 30 30 30 30 30 30 30 30 30 30 46 41 43 38 0D 97 FE
Parsed:
    P_header: 0xFF
    P_dest_addr: 3132343132333133
    P_src_addr: 3132343100000000000000000000000000000000
    P_subDevType: 0x01
    P_subDev_addr: 0x00
    P_pLen: 0x0025
    RtnFlag: 0xEE
    CommType: 0x0001
    透传数据长度: 0x0020
    透传数据: 7E3130303138303438323030454630453030303030303030303030464143380D
    P_verify: 0x00
    P_tailer: 0xFE
2026-01-31 00:39:56,635 udp_protocol.py:123 [透传数据层]原始数据:
    数据包长度: 32 字节
    HEX: 7E 31 30 30 31 38 30 34 38 32 30 30 45 46 30 45 30 30 30 30 30 30 30 30 30 30 30 46 41 43 38 0D
[透传数据层] 协议栈解析:
    透传数据PDU:
        start: 7E
        ver: 10
        adr: 01
        cid1: 80
        cid2: 48
        length: 200E
        checksum: FAC8
        end: 0D
    透传数据帧:
        group: F0
        type: E0
        password: 0000000000
2026-01-31 00:39:56,747 udp_protocol.py:176 [######## FSU 向动环发送数据，目的地址：('10.8.187.2', 62455)] fsu[liwei_01:313234313233313331323431] 
2026-01-31 00:39:56,747 udp_protocol.py:190 数据包长度: 72 字节
HEX: FF 00 00 00 00 00 00 00 00 31 32 34 31 32 33 31 33 31 32 34 31 00 00 00 00 00 00 00 00 01 01 25 00 00 01 00 20 00 7E 31 30 30 30 38 30 30 30 30 32 30 45 30 30 30 30 30 30 30 30 30 30 30 30 30 30 46 41 45 30 0D 78 FE
Parsed:
    P_header: 0xFF
    P_dest_addr: 3132343132333133313234310000000000000000
    P_src_addr: 0000000000000000
    P_subDevType: 0x01
    P_subDev_addr: 0x01
    P_pLen: 0x0025
    RtnFlag: 0x00
    CommType: 0x0001
    透传数据长度: 0x0020
    透传数据: 7E3130303038303030303230453030303030303030303030303030464145300D
    P_verify: 0x00
    P_tailer: 0xFE
2026-01-31 00:39:56,749 udp_protocol.py:210 [透传数据层]原始数据:
    数据包长度: 32 字节
    HEX: 7E 31 30 30 30 38 30 30 30 30 32 30 45 30 30 30 30 30 30 30 30 30 30 30 30 30 30 46 41 45 30 0D
[透传数据层] 协议栈解析:
    透传数据PDU:
        start: 7E
        ver: 10
        adr: 00
        cid1: 80
        cid2: 00
        length: 020E
        checksum: FAE0
        end: 0D
    透传数据帧:
        cid2: 00
        data_info: F0E0
2026-01-31 00:40:42,507 udp_protocol.py:76 [收到UDP数据，来自: ('10.8.187.2', 62455)，数据长度: 64 字节] fsu[liwei_01:313234313233313331323431] 
2026-01-31 00:40:42,510 udp_protocol.py:87 数据包长度: 64 字节
HEX: FF 31 32 34 31 32 33 31 33 31 32 34 31 00 00 00 00 00 00 00 00 00 00 00 00 00 00 00 00 01 00 1D 00 EE 01 00 18 00 7E 31 30 30 31 38 30 34 41 41 30 30 36 46 32 45 30 30 30 46 43 33 44 0D E2 FE
Parsed:
    P_header: 0xFF
    P_dest_addr: 3132343132333133
    P_src_addr: 3132343100000000000000000000000000000000
    P_subDevType: 0x01
    P_subDev_addr: 0x00
    P_pLen: 0x001D
    RtnFlag: 0xEE
    CommType: 0x0001
    透传数据长度: 0x0018
    透传数据: 7E313030313830344141303036463245303030464333440D
    P_verify: 0x00
    P_tailer: 0xFE
2026-01-31 00:40:42,513 udp_protocol.py:123 [透传数据层]原始数据:
    数据包长度: 24 字节
    HEX: 7E 31 30 30 31 38 30 34 41 41 30 30 36 46 32 45 30 30 30 46 43 33 44 0D
[透传数据层] 协议栈解析:
    透传数据PDU:
        start: 7E
        ver: 10
        adr: 01
        cid1: 80
        cid2: 4A
        length: A006
        checksum: FC3D
        end: 0D
    透传数据帧:
        group: F2
        type: E0
        dataf: 00
2026-01-31 00:40:42,633 udp_protocol.py:176 [######## FSU 向动环发送数据，目的地址：('10.8.187.2', 62455)] fsu[liwei_01:313234313233313331323431] 
2026-01-31 00:40:42,634 udp_protocol.py:190 数据包长度: 74 字节
HEX: FF 00 00 00 00 00 00 00 00 31 32 34 31 32 33 31 33 31 32 34 31 00 00 00 00 00 00 00 00 01 01 27 00 00 01 00 22 00 7E 31 30 30 30 38 30 30 30 30 46 31 30 32 30 32 36 30 31 33 31 30 36 30 30 34 30 34 32 46 41 36 31 0D 0B FE
Parsed:
    P_header: 0xFF
    P_dest_addr: 3132343132333133313234310000000000000000
    P_src_addr: 0000000000000000
    P_subDevType: 0x01
    P_subDev_addr: 0x01
    P_pLen: 0x0027
    RtnFlag: 0x00
    CommType: 0x0001
    透传数据长度: 0x0022
    透传数据: 7E31303030383030303046313032303236303133313036303034303432464136310D
    P_verify: 0x00
    P_tailer: 0xFE
2026-01-31 00:40:42,636 udp_protocol.py:210 [透传数据层]原始数据:
    数据包长度: 34 字节
    HEX: 7E 31 30 30 30 38 30 30 30 30 46 31 30 32 30 32 36 30 31 33 31 30 36 30 30 34 30 34 32 46 41 36 31 0D
[透传数据层] 协议栈解析:
    透传数据PDU:
        start: 7E
        ver: 10
        adr: 00
        cid1: 80
        cid2: 00
        length: 0F10
        checksum: 42FA
        end: 61
    透传数据帧:
        cid2: 00
        year: 2026
        month: 01
        day: 31
        week: 06
        hour: 00
        minute: 40
        second: 42
2026-01-31 00:41:30,945 udp_protocol.py:76 [收到UDP数据，来自: ('10.8.187.2', 62455)，数据长度: 72 字节] fsu[liwei_01:313234313233313331323431] 
2026-01-31 00:41:30,946 udp_protocol.py:87 数据包长度: 72 字节
HEX: FF 31 32 34 31 32 33 31 33 31 32 34 31 00 00 00 00 00 00 00 00 00 00 00 00 00 00 00 00 01 00 25 00 EE 01 00 20 00 7E 31 30 30 31 38 30 34 38 32 30 30 45 46 30 45 30 30 30 30 30 30 30 30 30 30 30 46 41 43 38 0D 97 FE
Parsed:
    P_header: 0xFF
    P_dest_addr: 3132343132333133
    P_src_addr: 3132343100000000000000000000000000000000
    P_subDevType: 0x01
    P_subDev_addr: 0x00
    P_pLen: 0x0025
    RtnFlag: 0xEE
    CommType: 0x0001
    透传数据长度: 0x0020
    透传数据: 7E3130303138303438323030454630453030303030303030303030464143380D
    P_verify: 0x00
    P_tailer: 0xFE
2026-01-31 00:41:30,947 udp_protocol.py:123 [透传数据层]原始数据:
    数据包长度: 32 字节
    HEX: 7E 31 30 30 31 38 30 34 38 32 30 30 45 46 30 45 30 30 30 30 30 30 30 30 30 30 30 46 41 43 38 0D
[透传数据层] 协议栈解析:
    透传数据PDU:
        start: 7E
        ver: 10
        adr: 01
        cid1: 80
        cid2: 48
        length: 200E
        checksum: FAC8
        end: 0D
    透传数据帧:
        group: F0
        type: E0
        password: 0000000000
2026-01-31 00:41:31,056 udp_protocol.py:176 [######## FSU 向动环发送数据，目的地址：('10.8.187.2', 62455)] fsu[liwei_01:313234313233313331323431] 
2026-01-31 00:41:31,057 udp_protocol.py:190 数据包长度: 72 字节
HEX: FF 00 00 00 00 00 00 00 00 31 32 34 31 32 33 31 33 31 32 34 31 00 00 00 00 00 00 00 00 01 01 25 00 00 01 00 20 00 7E 31 30 30 30 38 30 30 30 30 32 30 45 30 30 30 30 30 30 30 30 30 30 30 30 30 30 46 41 45 30 0D 78 FE
Parsed:
    P_header: 0xFF
    P_dest_addr: 3132343132333133313234310000000000000000
    P_src_addr: 0000000000000000
    P_subDevType: 0x01
    P_subDev_addr: 0x01
    P_pLen: 0x0025
    RtnFlag: 0x00
    CommType: 0x0001
    透传数据长度: 0x0020
    透传数据: 7E3130303038303030303230453030303030303030303030303030464145300D
    P_verify: 0x00
    P_tailer: 0xFE
2026-01-31 00:41:31,058 udp_protocol.py:210 [透传数据层]原始数据:
    数据包长度: 32 字节
    HEX: 7E 31 30 30 30 38 30 30 30 30 32 30 45 30 30 30 30 30 30 30 30 30 30 30 30 30 30 46 41 45 30 0D
[透传数据层] 协议栈解析:
    透传数据PDU:
        start: 7E
        ver: 10
        adr: 00
        cid1: 80
        cid2: 00
        length: 020E
        checksum: FAE0
        end: 0D
    透传数据帧:
        cid2: 00
        data_info: F0E0
2026-01-31 00:42:19,643 udp_protocol.py:76 [收到UDP数据，来自: ('10.8.187.2', 62455)，数据长度: 64 字节] fsu[liwei_01:313234313233313331323431] 
2026-01-31 00:42:19,644 udp_protocol.py:87 数据包长度: 64 字节
HEX: FF 31 32 34 31 32 33 31 33 31 32 34 31 00 00 00 00 00 00 00 00 00 00 00 00 00 00 00 00 01 00 1D 00 EE 01 00 18 00 7E 31 30 30 31 38 30 34 41 41 30 30 36 46 32 45 37 30 30 46 43 33 36 0D 97 FE
Parsed:
    P_header: 0xFF
    P_dest_addr: 3132343132333133
    P_src_addr: 3132343100000000000000000000000000000000
    P_subDevType: 0x01
    P_subDev_addr: 0x00
    P_pLen: 0x001D
    RtnFlag: 0xEE
    CommType: 0x0001
    透传数据长度: 0x0018
    透传数据: 7E313030313830344141303036463245373030464333360D
    P_verify: 0x00
    P_tailer: 0xFE
2026-01-31 00:42:19,646 udp_protocol.py:123 [透传数据层]原始数据:
    数据包长度: 24 字节
    HEX: 7E 31 30 30 31 38 30 34 41 41 30 30 36 46 32 45 37 30 30 46 43 33 36 0D
[透传数据层] 协议栈解析:
    透传数据PDU:
        start: 7E
        ver: 10
        adr: 01
        cid1: 80
        cid2: 4A
        length: A006
        checksum: FC36
        end: 0D
    透传数据帧:
        group: F2
        type: E7
        dataf: 00
2026-01-31 00:42:19,755 udp_protocol.py:176 [######## FSU 向动环发送数据，目的地址：('10.8.187.2', 62455)] fsu[liwei_01:313234313233313331323431] 
2026-01-31 00:42:19,756 udp_protocol.py:190 数据包长度: 72 字节
HEX: FF 00 00 00 00 00 00 00 00 31 32 34 31 32 33 31 33 31 32 34 31 00 00 00 00 00 00 00 00 01 01 25 00 00 01 00 20 00 7E 31 30 30 30 38 30 30 30 30 32 30 45 30 30 30 30 30 30 30 30 30 30 30 30 30 30 46 41 45 30 0D 78 FE
Parsed:
    P_header: 0xFF
    P_dest_addr: 3132343132333133313234310000000000000000
    P_src_addr: 0000000000000000
    P_subDevType: 0x01
    P_subDev_addr: 0x01
    P_pLen: 0x0025
    RtnFlag: 0x00
    CommType: 0x0001
    透传数据长度: 0x0020
    透传数据: 7E3130303038303030303230453030303030303030303030303030464145300D
    P_verify: 0x00
    P_tailer: 0xFE
2026-01-31 00:42:19,758 udp_protocol.py:210 [透传数据层]原始数据:
    数据包长度: 32 字节
    HEX: 7E 31 30 30 30 38 30 30 30 30 32 30 45 30 30 30 30 30 30 30 30 30 30 30 30 30 30 46 41 45 30 0D
[透传数据层] 协议栈解析:
    透传数据PDU:
        start: 7E
        ver: 10
        adr: 00
        cid1: 80
        cid2: 00
        length: 020E
        checksum: FAE0
        end: 0D
    透传数据帧:
        cid2: 00
        data_info: 00000000
2026-01-31 01:23:14,700 udp_protocol.py:76 [收到UDP数据，来自: ('10.8.187.2', 62455)，数据长度: 64 字节] fsu[liwei_01:313234313233313331323431] 
2026-01-31 01:23:14,703 udp_protocol.py:87 数据包长度: 64 字节
HEX: FF 31 32 34 31 32 33 31 33 31 32 34 31 00 00 00 00 00 00 00 00 00 00 00 00 00 00 00 00 01 00 1D 00 EE 01 00 18 00 7E 31 30 30 31 38 30 34 41 41 30 30 36 46 32 45 30 30 30 46 43 33 44 0D E2 FE
Parsed:
    P_header: 0xFF
    P_dest_addr: 3132343132333133
    P_src_addr: 3132343100000000000000000000000000000000
    P_subDevType: 0x01
    P_subDev_addr: 0x00
    P_pLen: 0x001D
    RtnFlag: 0xEE
    CommType: 0x0001
    透传数据长度: 0x0018
    透传数据: 7E313030313830344141303036463245303030464333440D
    P_verify: 0x00
    P_tailer: 0xFE
2026-01-31 01:23:14,705 udp_protocol.py:123 [透传数据层]原始数据:
    数据包长度: 24 字节
    HEX: 7E 31 30 30 31 38 30 34 41 41 30 30 36 46 32 45 30 30 30 46 43 33 44 0D
[透传数据层] 协议栈解析:
    透传数据PDU:
        start: 7E
        ver: 10
        adr: 01
        cid1: 80
        cid2: 4A
        length: A006
        checksum: FC3D
        end: 0D
    透传数据帧:
        group: F2
        type: E0
        dataf: 00
2026-01-31 01:23:14,810 udp_protocol.py:176 [######## FSU 向动环发送数据，目的地址：('10.8.187.2', 62455)] fsu[liwei_01:313234313233313331323431] 
2026-01-31 01:23:14,811 udp_protocol.py:190 数据包长度: 74 字节
HEX: FF 00 00 00 00 00 00 00 00 31 32 34 31 32 33 31 33 31 32 34 31 00 00 00 00 00 00 00 00 01 01 27 00 00 01 00 22 00 7E 31 30 30 30 38 30 30 30 30 46 31 30 32 30 32 36 30 31 33 31 30 36 30 31 32 33 31 34 46 41 36 30 0D 0D FE
Parsed:
    P_header: 0xFF
    P_dest_addr: 3132343132333133313234310000000000000000
    P_src_addr: 0000000000000000
    P_subDevType: 0x01
    P_subDev_addr: 0x01
    P_pLen: 0x0027
    RtnFlag: 0x00
    CommType: 0x0001
    透传数据长度: 0x0022
    透传数据: 7E31303030383030303046313032303236303133313036303132333134464136300D
    P_verify: 0x00
    P_tailer: 0xFE
2026-01-31 01:23:14,814 udp_protocol.py:210 [透传数据层]原始数据:
    数据包长度: 34 字节
    HEX: 7E 31 30 30 30 38 30 30 30 30 46 31 30 32 30 32 36 30 31 33 31 30 36 30 31 32 33 31 34 46 41 36 30 0D
[透传数据层] 协议栈解析:
    透传数据PDU:
        start: 7E
        ver: 10
        adr: 00
        cid1: 80
        cid2: 00
        length: 0F10
        checksum: 14FA
        end: 60
    透传数据帧:
        cid2: 00
        year: 2026
        month: 01
        day: 31
        week: 06
        hour: 01
        minute: 23
        second: 14
2026-01-31 01:23:58,158 udp_protocol.py:76 [收到UDP数据，来自: ('10.8.187.2', 62455)，数据长度: 64 字节] fsu[liwei_01:313234313233313331323431] 
2026-01-31 01:23:58,160 udp_protocol.py:87 数据包长度: 64 字节
HEX: FF 31 32 34 31 32 33 31 33 31 32 34 31 00 00 00 00 00 00 00 00 00 00 00 00 00 00 00 00 01 00 1D 00 EE 01 00 18 00 7E 31 30 30 31 38 30 34 41 41 30 30 36 46 32 45 37 30 30 46 43 33 36 0D 97 FE
Parsed:
    P_header: 0xFF
    P_dest_addr: 3132343132333133
    P_src_addr: 3132343100000000000000000000000000000000
    P_subDevType: 0x01
    P_subDev_addr: 0x00
    P_pLen: 0x001D
    RtnFlag: 0xEE
    CommType: 0x0001
    透传数据长度: 0x0018
    透传数据: 7E313030313830344141303036463245373030464333360D
    P_verify: 0x00
    P_tailer: 0xFE
2026-01-31 01:23:58,161 udp_protocol.py:123 [透传数据层]原始数据:
    数据包长度: 24 字节
    HEX: 7E 31 30 30 31 38 30 34 41 41 30 30 36 46 32 45 37 30 30 46 43 33 36 0D
[透传数据层] 协议栈解析:
    透传数据PDU:
        start: 7E
        ver: 10
        adr: 01
        cid1: 80
        cid2: 4A
        length: A006
        checksum: FC36
        end: 0D
    透传数据帧:
        group: F2
        type: E7
        dataf: 00
2026-01-31 01:23:58,273 udp_protocol.py:176 [######## FSU 向动环发送数据，目的地址：('10.8.187.2', 62455)] fsu[liwei_01:313234313233313331323431] 
2026-01-31 01:23:58,273 udp_protocol.py:190 数据包长度: 72 字节
HEX: FF 00 00 00 00 00 00 00 00 31 32 34 31 32 33 31 33 31 32 34 31 00 00 00 00 00 00 00 00 01 01 25 00 00 01 00 20 00 7E 31 30 30 30 38 30 30 30 30 32 30 45 30 30 30 30 30 30 30 30 30 30 30 30 30 30 46 41 45 30 0D 78 FE
Parsed:
    P_header: 0xFF
    P_dest_addr: 3132343132333133313234310000000000000000
    P_src_addr: 0000000000000000
    P_subDevType: 0x01
    P_subDev_addr: 0x01
    P_pLen: 0x0025
    RtnFlag: 0x00
    CommType: 0x0001
    透传数据长度: 0x0020
    透传数据: 7E3130303038303030303230453030303030303030303030303030464145300D
    P_verify: 0x00
    P_tailer: 0xFE
2026-01-31 01:23:58,275 udp_protocol.py:210 [透传数据层]原始数据:
    数据包长度: 32 字节
    HEX: 7E 31 30 30 30 38 30 30 30 30 32 30 45 30 30 30 30 30 30 30 30 30 30 30 30 30 30 46 41 45 30 0D
[透传数据层] 协议栈解析:
    透传数据PDU:
        start: 7E
        ver: 10
        adr: 00
        cid1: 80
        cid2: 00
        length: 020E
        checksum: FAE0
        end: 0D
    透传数据帧:
        cid2: 00
        data_info: 00000000
2026-01-31 01:24:13,888 udp_protocol.py:76 [收到UDP数据，来自: ('10.8.187.2', 62455)，数据长度: 64 字节] fsu[liwei_01:313234313233313331323431] 
2026-01-31 01:24:13,890 udp_protocol.py:87 数据包长度: 64 字节
HEX: FF 31 32 34 31 32 33 31 33 31 32 34 31 00 00 00 00 00 00 00 00 00 00 00 00 00 00 00 00 01 00 1D 00 EE 01 00 18 00 7E 31 30 30 31 38 30 34 41 41 30 30 36 46 32 45 30 30 30 46 43 33 44 0D E2 FE
Parsed:
    P_header: 0xFF
    P_dest_addr: 3132343132333133
    P_src_addr: 3132343100000000000000000000000000000000
    P_subDevType: 0x01
    P_subDev_addr: 0x00
    P_pLen: 0x001D
    RtnFlag: 0xEE
    CommType: 0x0001
    透传数据长度: 0x0018
    透传数据: 7E313030313830344141303036463245303030464333440D
    P_verify: 0x00
    P_tailer: 0xFE
2026-01-31 01:24:13,892 udp_protocol.py:123 [透传数据层]原始数据:
    数据包长度: 24 字节
    HEX: 7E 31 30 30 31 38 30 34 41 41 30 30 36 46 32 45 30 30 30 46 43 33 44 0D
[透传数据层] 协议栈解析:
    透传数据PDU:
        start: 7E
        ver: 10
        adr: 01
        cid1: 80
        cid2: 4A
        length: A006
        checksum: FC3D
        end: 0D
    透传数据帧:
        group: F2
        type: E0
        dataf: 00
2026-01-31 01:24:14,009 udp_protocol.py:176 [######## FSU 向动环发送数据，目的地址：('10.8.187.2', 62455)] fsu[liwei_01:313234313233313331323431] 
2026-01-31 01:24:14,010 udp_protocol.py:190 数据包长度: 74 字节
HEX: FF 00 00 00 00 00 00 00 00 31 32 34 31 32 33 31 33 31 32 34 31 00 00 00 00 00 00 00 00 01 01 27 00 00 01 00 22 00 7E 31 30 30 30 38 30 30 30 30 46 31 30 32 30 32 36 30 31 33 31 30 36 30 31 32 34 31 33 46 41 36 30 0D 0D FE
Parsed:
    P_header: 0xFF
    P_dest_addr: 3132343132333133313234310000000000000000
    P_src_addr: 0000000000000000
    P_subDevType: 0x01
    P_subDev_addr: 0x01
    P_pLen: 0x0027
    RtnFlag: 0x00
    CommType: 0x0001
    透传数据长度: 0x0022
    透传数据: 7E31303030383030303046313032303236303133313036303132343133464136300D
    P_verify: 0x00
    P_tailer: 0xFE
2026-01-31 01:24:14,013 udp_protocol.py:210 [透传数据层]原始数据:
    数据包长度: 34 字节
    HEX: 7E 31 30 30 30 38 30 30 30 30 46 31 30 32 30 32 36 30 31 33 31 30 36 30 31 32 34 31 33 46 41 36 30 0D
[透传数据层] 协议栈解析:
    透传数据PDU:
        start: 7E
        ver: 10
        adr: 00
        cid1: 80
        cid2: 00
        length: 0F10
        checksum: 13FA
        end: 60
    透传数据帧:
        cid2: 00
        year: 2026
        month: 01
        day: 31
        week: 06
        hour: 01
        minute: 24
        second: 13
2026-01-31 01:24:33,071 udp_protocol.py:76 [收到UDP数据，来自: ('10.8.187.2', 62455)，数据长度: 64 字节] fsu[liwei_01:313234313233313331323431] 
2026-01-31 01:24:33,072 udp_protocol.py:87 数据包长度: 64 字节
HEX: FF 31 32 34 31 32 33 31 33 31 32 34 31 00 00 00 00 00 00 00 00 00 00 00 00 00 00 00 00 01 00 1D 00 EE 01 00 18 00 7E 31 30 30 31 38 30 34 41 41 30 30 36 46 32 45 30 30 30 46 43 33 44 0D E2 FE
Parsed:
    P_header: 0xFF
    P_dest_addr: 3132343132333133
    P_src_addr: 3132343100000000000000000000000000000000
    P_subDevType: 0x01
    P_subDev_addr: 0x00
    P_pLen: 0x001D
    RtnFlag: 0xEE
    CommType: 0x0001
    透传数据长度: 0x0018
    透传数据: 7E313030313830344141303036463245303030464333440D
    P_verify: 0x00
    P_tailer: 0xFE
2026-01-31 01:24:33,073 udp_protocol.py:123 [透传数据层]原始数据:
    数据包长度: 24 字节
    HEX: 7E 31 30 30 31 38 30 34 41 41 30 30 36 46 32 45 30 30 30 46 43 33 44 0D
[透传数据层] 协议栈解析:
    透传数据PDU:
        start: 7E
        ver: 10
        adr: 01
        cid1: 80
        cid2: 4A
        length: A006
        checksum: FC3D
        end: 0D
    透传数据帧:
        group: F2
        type: E0
        dataf: 00
2026-01-31 01:24:33,186 udp_protocol.py:176 [######## FSU 向动环发送数据，目的地址：('10.8.187.2', 62455)] fsu[liwei_01:313234313233313331323431] 
2026-01-31 01:24:33,186 udp_protocol.py:190 数据包长度: 74 字节
HEX: FF 00 00 00 00 00 00 00 00 31 32 34 31 32 33 31 33 31 32 34 31 00 00 00 00 00 00 00 00 01 01 27 00 00 01 00 22 00 7E 31 30 30 30 38 30 30 30 30 46 31 30 32 30 32 36 30 31 33 31 30 36 30 31 32 34 33 33 46 41 35 45 0D 79 FE
Parsed:
    P_header: 0xFF
    P_dest_addr: 3132343132333133313234310000000000000000
    P_src_addr: 0000000000000000
    P_subDevType: 0x01
    P_subDev_addr: 0x01
    P_pLen: 0x0027
    RtnFlag: 0x00
    CommType: 0x0001
    透传数据长度: 0x0022
    透传数据: 7E31303030383030303046313032303236303133313036303132343333464135450D
    P_verify: 0x00
    P_tailer: 0xFE
2026-01-31 01:24:33,188 udp_protocol.py:210 [透传数据层]原始数据:
    数据包长度: 34 字节
    HEX: 7E 31 30 30 30 38 30 30 30 30 46 31 30 32 30 32 36 30 31 33 31 30 36 30 31 32 34 33 33 46 41 35 45 0D
[透传数据层] 协议栈解析:
    透传数据PDU:
        start: 7E
        ver: 10
        adr: 00
        cid1: 80
        cid2: 00
        length: 0F10
        checksum: 33FA
        end: 5E
    透传数据帧:
        cid2: 00
        year: 2026
        month: 01
        day: 31
        week: 06
        hour: 01
        minute: 24
        second: 33
2026-01-31 01:29:32,181 udp_protocol.py:76 [收到UDP数据，来自: ('10.8.187.2', 62455)，数据长度: 72 字节] fsu[liwei_01:313234313233313331323431] 
2026-01-31 01:29:32,182 udp_protocol.py:87 数据包长度: 72 字节
HEX: FF 31 32 34 31 32 33 31 33 31 32 34 31 00 00 00 00 00 00 00 00 00 00 00 00 00 00 00 00 01 00 25 00 EE 01 00 20 00 7E 31 30 30 31 38 30 34 38 32 30 30 45 46 30 45 30 30 30 30 30 30 30 30 30 30 30 46 41 43 38 0D 97 FE
Parsed:
    P_header: 0xFF
    P_dest_addr: 3132343132333133
    P_src_addr: 3132343100000000000000000000000000000000
    P_subDevType: 0x01
    P_subDev_addr: 0x00
    P_pLen: 0x0025
    RtnFlag: 0xEE
    CommType: 0x0001
    透传数据长度: 0x0020
    透传数据: 7E3130303138303438323030454630453030303030303030303030464143380D
    P_verify: 0x00
    P_tailer: 0xFE
2026-01-31 01:29:32,182 udp_protocol.py:123 [透传数据层]原始数据:
    数据包长度: 32 字节
    HEX: 7E 31 30 30 31 38 30 34 38 32 30 30 45 46 30 45 30 30 30 30 30 30 30 30 30 30 30 46 41 43 38 0D
[透传数据层] 协议栈解析:
    透传数据PDU:
        start: 7E
        ver: 10
        adr: 01
        cid1: 80
        cid2: 48
        length: 200E
        checksum: FAC8
        end: 0D
    透传数据帧:
        group: F0
        type: E0
        password: 0000000000
2026-01-31 01:29:32,293 udp_protocol.py:176 [######## FSU 向动环发送数据，目的地址：('10.8.187.2', 62455)] fsu[liwei_01:313234313233313331323431] 
2026-01-31 01:29:32,294 udp_protocol.py:190 数据包长度: 72 字节
HEX: FF 00 00 00 00 00 00 00 00 31 32 34 31 32 33 31 33 31 32 34 31 00 00 00 00 00 00 00 00 01 01 25 00 00 01 00 20 00 7E 31 30 30 30 38 30 30 30 30 32 30 45 30 30 30 30 30 30 30 30 30 30 30 30 30 30 46 41 45 30 0D 78 FE
Parsed:
    P_header: 0xFF
    P_dest_addr: 3132343132333133313234310000000000000000
    P_src_addr: 0000000000000000
    P_subDevType: 0x01
    P_subDev_addr: 0x01
    P_pLen: 0x0025
    RtnFlag: 0x00
    CommType: 0x0001
    透传数据长度: 0x0020
    透传数据: 7E3130303038303030303230453030303030303030303030303030464145300D
    P_verify: 0x00
    P_tailer: 0xFE
2026-01-31 01:29:32,295 udp_protocol.py:210 [透传数据层]原始数据:
    数据包长度: 32 字节
    HEX: 7E 31 30 30 30 38 30 30 30 30 32 30 45 30 30 30 30 30 30 30 30 30 30 30 30 30 30 46 41 45 30 0D
[透传数据层] 协议栈解析:
    透传数据PDU:
        start: 7E
        ver: 10
        adr: 00
        cid1: 80
        cid2: 00
        length: 020E
        checksum: FAE0
        end: 0D
    透传数据帧:
        cid2: 00
        data_info: F0E0
2026-01-31 01:30:09,757 udp_protocol.py:76 [收到UDP数据，来自: ('10.8.187.2', 62455)，数据长度: 64 字节] fsu[liwei_01:313234313233313331323431] 
2026-01-31 01:30:09,760 udp_protocol.py:87 数据包长度: 64 字节
HEX: FF 31 32 34 31 32 33 31 33 31 32 34 31 00 00 00 00 00 00 00 00 00 00 00 00 00 00 00 00 01 00 1D 00 EE 01 00 18 00 7E 31 30 30 31 38 30 34 41 41 30 30 36 46 32 45 30 30 30 46 43 33 44 0D E2 FE
Parsed:
    P_header: 0xFF
    P_dest_addr: 3132343132333133
    P_src_addr: 3132343100000000000000000000000000000000
    P_subDevType: 0x01
    P_subDev_addr: 0x00
    P_pLen: 0x001D
    RtnFlag: 0xEE
    CommType: 0x0001
    透传数据长度: 0x0018
    透传数据: 7E313030313830344141303036463245303030464333440D
    P_verify: 0x00
    P_tailer: 0xFE
2026-01-31 01:30:09,761 udp_protocol.py:123 [透传数据层]原始数据:
    数据包长度: 24 字节
    HEX: 7E 31 30 30 31 38 30 34 41 41 30 30 36 46 32 45 30 30 30 46 43 33 44 0D
[透传数据层] 协议栈解析:
    透传数据PDU:
        start: 7E
        ver: 10
        adr: 01
        cid1: 80
        cid2: 4A
        length: A006
        checksum: FC3D
        end: 0D
    透传数据帧:
        group: F2
        type: E0
        dataf: 00
2026-01-31 01:30:09,864 udp_protocol.py:176 [######## FSU 向动环发送数据，目的地址：('10.8.187.2', 62455)] fsu[liwei_01:313234313233313331323431] 
2026-01-31 01:30:09,865 udp_protocol.py:190 数据包长度: 74 字节
HEX: FF 00 00 00 00 00 00 00 00 31 32 34 31 32 33 31 33 31 32 34 31 00 00 00 00 00 00 00 00 01 01 27 00 00 01 00 22 00 7E 31 30 30 30 38 30 30 30 30 46 31 30 32 30 32 36 30 31 33 31 30 36 30 31 33 30 30 39 46 41 35 45 0D 75 FE
Parsed:
    P_header: 0xFF
    P_dest_addr: 3132343132333133313234310000000000000000
    P_src_addr: 0000000000000000
    P_subDevType: 0x01
    P_subDev_addr: 0x01
    P_pLen: 0x0027
    RtnFlag: 0x00
    CommType: 0x0001
    透传数据长度: 0x0022
    透传数据: 7E31303030383030303046313032303236303133313036303133303039464135450D
    P_verify: 0x00
    P_tailer: 0xFE
2026-01-31 01:30:09,866 udp_protocol.py:210 [透传数据层]原始数据:
    数据包长度: 34 字节
    HEX: 7E 31 30 30 30 38 30 30 30 30 46 31 30 32 30 32 36 30 31 33 31 30 36 30 31 33 30 30 39 46 41 35 45 0D
[透传数据层] 协议栈解析:
    透传数据PDU:
        start: 7E
        ver: 10
        adr: 00
        cid1: 80
        cid2: 00
        length: 0F10
        checksum: 09FA
        end: 5E
    透传数据帧:
        cid2: 00
        year: 2026
        month: 01
        day: 31
        week: 06
        hour: 01
        minute: 30
        second: 09
2026-01-31 01:33:33,297 udp_protocol.py:76 [收到UDP数据，来自: ('10.8.187.2', 62455)，数据长度: 64 字节] fsu[liwei_01:313234313233313331323431] 
2026-01-31 01:33:33,298 udp_protocol.py:87 数据包长度: 64 字节
HEX: FF 31 32 34 31 32 33 31 33 31 32 34 31 00 00 00 00 00 00 00 00 00 00 00 00 00 00 00 00 01 00 1D 00 EE 01 00 18 00 7E 31 30 30 31 38 30 34 41 41 30 30 36 46 32 45 30 30 30 46 43 33 44 0D E2 FE
Parsed:
    P_header: 0xFF
    P_dest_addr: 3132343132333133
    P_src_addr: 3132343100000000000000000000000000000000
    P_subDevType: 0x01
    P_subDev_addr: 0x00
    P_pLen: 0x001D
    RtnFlag: 0xEE
    CommType: 0x0001
    透传数据长度: 0x0018
    透传数据: 7E313030313830344141303036463245303030464333440D
    P_verify: 0x00
    P_tailer: 0xFE
2026-01-31 01:33:33,299 udp_protocol.py:123 [透传数据层]原始数据:
    数据包长度: 24 字节
    HEX: 7E 31 30 30 31 38 30 34 41 41 30 30 36 46 32 45 30 30 30 46 43 33 44 0D
[透传数据层] 协议栈解析:
    透传数据PDU:
        start: 7E
        ver: 10
        adr: 01
        cid1: 80
        cid2: 4A
        length: A006
        checksum: FC3D
        end: 0D
    透传数据帧:
        group: F2
        type: E0
        dataf: 00
2026-01-31 01:33:33,407 udp_protocol.py:176 [######## FSU 向动环发送数据，目的地址：('10.8.187.2', 62455)] fsu[liwei_01:313234313233313331323431] 
2026-01-31 01:33:33,407 udp_protocol.py:190 数据包长度: 74 字节
HEX: FF 00 00 00 00 00 00 00 00 31 32 34 31 32 33 31 33 31 32 34 31 00 00 00 00 00 00 00 00 01 01 27 00 00 01 00 22 00 7E 31 30 30 30 38 30 30 30 30 46 31 30 32 30 32 36 30 31 33 31 30 36 30 31 33 33 33 33 46 41 35 45 0D 7F FE
Parsed:
    P_header: 0xFF
    P_dest_addr: 3132343132333133313234310000000000000000
    P_src_addr: 0000000000000000
    P_subDevType: 0x01
    P_subDev_addr: 0x01
    P_pLen: 0x0027
    RtnFlag: 0x00
    CommType: 0x0001
    透传数据长度: 0x0022
    透传数据: 7E31303030383030303046313032303236303133313036303133333333464135450D
    P_verify: 0x00
    P_tailer: 0xFE
2026-01-31 01:33:33,408 udp_protocol.py:210 [透传数据层]原始数据:
    数据包长度: 34 字节
    HEX: 7E 31 30 30 30 38 30 30 30 30 46 31 30 32 30 32 36 30 31 33 31 30 36 30 31 33 33 33 33 46 41 35 45 0D
[透传数据层] 协议栈解析:
    透传数据PDU:
        start: 7E
        ver: 10
        adr: 00
        cid1: 80
        cid2: 00
        length: 0F10
        checksum: 33FA
        end: 5E
    透传数据帧:
        cid2: 00
        year: 2026
        month: 01
        day: 31
        week: 06
        hour: 01
        minute: 33
        second: 33
