2026-01-29 00:41:31,127 event_manager.py:125 从配置文件加载了 16 个事件类型和 2 个事件指令
2026-01-29 00:41:31,128 event_manager.py:152 从配置文件加载了事件规则配置
2026-01-29 00:41:31,129 udp_protocol.py:61 UDP服务已启动，监听端口: 10107
2026-01-29 00:41:31,129 server_manager.py:57 事件轮询任务已启动，轮询间隔: 5秒
2026-01-29 00:41:36,167 udp_protocol.py:76 [收到UDP数据，来自: ('10.8.187.2', 49898)，数据长度: 72 字节] fsu[liwei_01:313234313233313331323431] 
2026-01-29 00:41:36,170 base_protocol.py:87 设备协议配置已热加载
2026-01-29 00:41:36,171 udp_protocol.py:87 数据包长度: 72 字节
HEX: FF 31 32 34 31 32 33 31 33 31 32 34 31 00 00 00 00 00 00 00 00 00 00 00 00 00 00 00 00 01 00 25 00 EE 01 00 20 00 7E 31 30 30 31 38 30 34 38 32 30 30 45 46 30 45 30 30 30 30 30 30 30 30 30 30 30 46 41 43 38 0D 97 FE
Parsed:
    P_header: 0xFF
    P_dest_addr: 3132343132333133
    P_src_addr: 3132343100000000000000000000000000000000
    P_subDevType: 0x01
    P_subDev_addr: 0x00
    P_pLen: 0x0025
    RtnFlag: 0xEE
    CommType: 0x0001
    透传数据长度: 0x0020
    透传数据: 7E3130303138303438323030454630453030303030303030303030464143380D
    P_verify: 0x00
    P_tailer: 0xFE
2026-01-29 00:41:36,173 udp_protocol.py:123 [透传数据层]原始数据:
    数据包长度: 32 字节
    HEX: 7E 31 30 30 31 38 30 34 38 32 30 30 45 46 30 45 30 30 30 30 30 30 30 30 30 30 30 46 41 43 38 0D
[透传数据层] 协议栈解析:
    透传数据PDU:
        start: 7E
        ver: 10
        adr: 01
        cid1: 80
        cid2: 48
        length: 200E
        checksum: FAC8
        end: 0D
    透传数据帧:
        group: F0
        type: E0
        password: 0000000000
2026-01-29 00:41:36,278 udp_protocol.py:176 [######## FSU 向动环发送数据，目的地址：('10.8.187.2', 49898)] fsu[liwei_01:313234313233313331323431] 
2026-01-29 00:41:36,279 udp_protocol.py:190 数据包长度: 72 字节
HEX: FF 00 00 00 00 00 00 00 00 31 32 34 31 32 33 31 33 31 32 34 31 00 00 00 00 00 00 00 00 01 01 25 00 00 01 00 20 00 7E 31 30 30 30 38 30 30 30 30 32 30 45 30 30 30 30 30 30 30 30 30 30 30 30 30 30 46 41 45 30 0D 78 FE
Parsed:
    P_header: 0xFF
    P_dest_addr: 3132343132333133313234310000000000000000
    P_src_addr: 0000000000000000
    P_subDevType: 0x01
    P_subDev_addr: 0x01
    P_pLen: 0x0025
    RtnFlag: 0x00
    CommType: 0x0001
    透传数据长度: 0x0020
    透传数据: 7E3130303038303030303230453030303030303030303030303030464145300D
    P_verify: 0x00
    P_tailer: 0xFE
2026-01-29 00:41:36,281 udp_protocol.py:210 [透传数据层]原始数据:
    数据包长度: 32 字节
    HEX: 7E 31 30 30 30 38 30 30 30 30 32 30 45 30 30 30 30 30 30 30 30 30 30 30 30 30 30 46 41 45 30 0D
[透传数据层] 协议栈解析:
    透传数据PDU:
        start: 7E
        ver: 10
        adr: 00
        cid1: 80
        cid2: 00
        length: 020E
        checksum: FAE0
        end: 0D
    透传数据帧:
        cid2: 00
        data_info: F0E0
2026-01-29 00:41:57,922 udp_protocol.py:76 [收到UDP数据，来自: ('10.8.187.2', 49898)，数据长度: 64 字节] fsu[liwei_01:313234313233313331323431] 
2026-01-29 00:41:57,923 udp_protocol.py:87 数据包长度: 64 字节
HEX: FF 31 32 34 31 32 33 31 33 31 32 34 31 00 00 00 00 00 00 00 00 00 00 00 00 00 00 00 00 01 00 1D 00 EE 01 00 18 00 7E 31 30 30 31 38 30 34 41 41 30 30 36 46 32 45 32 30 30 46 43 33 42 0D E6 FE
Parsed:
    P_header: 0xFF
    P_dest_addr: 3132343132333133
    P_src_addr: 3132343100000000000000000000000000000000
    P_subDevType: 0x01
    P_subDev_addr: 0x00
    P_pLen: 0x001D
    RtnFlag: 0xEE
    CommType: 0x0001
    透传数据长度: 0x0018
    透传数据: 7E313030313830344141303036463245323030464333420D
    P_verify: 0x00
    P_tailer: 0xFE
2026-01-29 00:41:57,924 udp_protocol.py:123 [透传数据层]原始数据:
    数据包长度: 24 字节
    HEX: 7E 31 30 30 31 38 30 34 41 41 30 30 36 46 32 45 32 30 30 46 43 33 42 0D
[透传数据层] 协议栈解析:
    透传数据PDU:
        start: 7E
        ver: 10
        adr: 01
        cid1: 80
        cid2: 4A
        length: A006
    透传数据帧:
        group: F2
        type: E2
        user_id: 00FC3B0D
2026-01-29 00:41:58,039 udp_protocol.py:176 [######## FSU 向动环发送数据，目的地址：('10.8.187.2', 49898)] fsu[liwei_01:313234313233313331323431] 
2026-01-29 00:41:58,039 udp_protocol.py:190 数据包长度: 72 字节
HEX: FF 00 00 00 00 00 00 00 00 31 32 34 31 32 33 31 33 31 32 34 31 00 00 00 00 00 00 00 00 01 01 25 00 00 01 00 20 00 7E 31 30 30 30 38 30 30 30 30 32 30 45 30 30 30 30 30 30 30 30 30 30 30 30 30 30 46 41 45 30 0D 78 FE
Parsed:
    P_header: 0xFF
    P_dest_addr: 3132343132333133313234310000000000000000
    P_src_addr: 0000000000000000
    P_subDevType: 0x01
    P_subDev_addr: 0x01
    P_pLen: 0x0025
    RtnFlag: 0x00
    CommType: 0x0001
    透传数据长度: 0x0020
    透传数据: 7E3130303038303030303230453030303030303030303030303030464145300D
    P_verify: 0x00
    P_tailer: 0xFE
2026-01-29 00:41:58,041 udp_protocol.py:210 [透传数据层]原始数据:
    数据包长度: 32 字节
    HEX: 7E 31 30 30 30 38 30 30 30 30 32 30 45 30 30 30 30 30 30 30 30 30 30 30 30 30 30 46 41 45 30 0D
[透传数据层] 协议栈解析:
    透传数据PDU:
        start: 7E
        ver: 10
        adr: 00
        cid1: 80
        cid2: 00
        length: 020E
        checksum: FAE0
        end: 0D
    透传数据帧:
        cid2: 00
        data_info: 0100011A01161430450000000000000000000000
2026-01-29 00:42:00,293 udp_protocol.py:76 [收到UDP数据，来自: ('10.8.187.2', 49898)，数据长度: 72 字节] fsu[liwei_01:313234313233313331323431] 
2026-01-29 00:42:00,294 udp_protocol.py:87 数据包长度: 72 字节
HEX: FF 31 32 34 31 32 33 31 33 31 32 34 31 00 00 00 00 00 00 00 00 00 00 00 00 00 00 00 00 01 00 25 00 EE 01 00 20 00 7E 31 30 30 31 38 30 34 38 32 30 30 45 46 30 45 30 30 30 30 30 30 30 30 30 30 30 46 41 43 38 0D 97 FE
Parsed:
    P_header: 0xFF
    P_dest_addr: 3132343132333133
    P_src_addr: 3132343100000000000000000000000000000000
    P_subDevType: 0x01
    P_subDev_addr: 0x00
    P_pLen: 0x0025
    RtnFlag: 0xEE
    CommType: 0x0001
    透传数据长度: 0x0020
    透传数据: 7E3130303138303438323030454630453030303030303030303030464143380D
    P_verify: 0x00
    P_tailer: 0xFE
2026-01-29 00:42:00,296 udp_protocol.py:123 [透传数据层]原始数据:
    数据包长度: 32 字节
    HEX: 7E 31 30 30 31 38 30 34 38 32 30 30 45 46 30 45 30 30 30 30 30 30 30 30 30 30 30 46 41 43 38 0D
[透传数据层] 协议栈解析:
    透传数据PDU:
        start: 7E
        ver: 10
        adr: 01
        cid1: 80
        cid2: 48
        length: 200E
        checksum: FAC8
        end: 0D
    透传数据帧:
        group: F0
        type: E0
        password: 0000000000
2026-01-29 00:42:00,407 udp_protocol.py:176 [######## FSU 向动环发送数据，目的地址：('10.8.187.2', 49898)] fsu[liwei_01:313234313233313331323431] 
2026-01-29 00:42:00,409 udp_protocol.py:190 数据包长度: 72 字节
HEX: FF 00 00 00 00 00 00 00 00 31 32 34 31 32 33 31 33 31 32 34 31 00 00 00 00 00 00 00 00 01 01 25 00 00 01 00 20 00 7E 31 30 30 30 38 30 30 30 30 32 30 45 30 30 30 30 30 30 30 30 30 30 30 30 30 30 46 41 45 30 0D 78 FE
Parsed:
    P_header: 0xFF
    P_dest_addr: 3132343132333133313234310000000000000000
    P_src_addr: 0000000000000000
    P_subDevType: 0x01
    P_subDev_addr: 0x01
    P_pLen: 0x0025
    RtnFlag: 0x00
    CommType: 0x0001
    透传数据长度: 0x0020
    透传数据: 7E3130303038303030303230453030303030303030303030303030464145300D
    P_verify: 0x00
    P_tailer: 0xFE
2026-01-29 00:42:00,410 udp_protocol.py:210 [透传数据层]原始数据:
    数据包长度: 32 字节
    HEX: 7E 31 30 30 30 38 30 30 30 30 32 30 45 30 30 30 30 30 30 30 30 30 30 30 30 30 30 46 41 45 30 0D
[透传数据层] 协议栈解析:
    透传数据PDU:
        start: 7E
        ver: 10
        adr: 00
        cid1: 80
        cid2: 00
        length: 020E
        checksum: FAE0
        end: 0D
    透传数据帧:
        cid2: 00
        data_info: F0E0
2026-01-29 00:42:05,944 udp_protocol.py:76 [收到UDP数据，来自: ('10.8.187.2', 49898)，数据长度: 74 字节] fsu[liwei_01:313234313233313331323431] 
2026-01-29 00:42:05,945 udp_protocol.py:87 数据包长度: 74 字节
HEX: FF 31 32 34 31 32 33 31 33 31 32 34 31 00 00 00 00 00 00 00 00 00 00 00 00 00 00 00 00 01 01 27 00 EE 01 00 22 00 7E 67 44 8D 10 00 00 00 00 00 00 00 00 00 00 00 00 00 00 00 00 00 00 00 00 00 00 00 00 00 00 48 01 0D 6D FE
Parsed:
    P_header: 0xFF
    P_dest_addr: 3132343132333133
    P_src_addr: 3132343100000000000000000000000000000000
    P_subDevType: 0x01
    P_subDev_addr: 0x01
    P_pLen: 0x0027
    RtnFlag: 0xEE
    CommType: 0x0001
    透传数据长度: 0x0022
    透传数据: 7E67448D10000000000000000000000000000000000000000000000000000048010D
    P_verify: 0x00
    P_tailer: 0xFE
2026-01-29 00:42:05,946 udp_protocol.py:123 [透传数据层]原始数据:
    数据包长度: 34 字节
    HEX: 7E 67 44 8D 10 00 00 00 00 00 00 00 00 00 00 00 00 00 00 00 00 00 00 00 00 00 00 00 00 00 00 48 01 0D
[透传数据层] 协议栈解析:
    透传数据PDU:
        start: 7E
        ver: 67
        adr: 44
        cid1: 8D
        cid2: 10
        length: 0000
        checksum: 0000
        end: 00
    透传数据帧:
        group: 00
        type: 00
        password: 0000000000
2026-01-29 00:42:05,947 base_protocol.py:265 匹配规则失败: 未找到data_frame_type: 100000的规则
2026-01-29 00:42:07,226 udp_protocol.py:76 [收到UDP数据，来自: ('10.8.187.2', 49898)，数据长度: 72 字节] fsu[liwei_01:313234313233313331323431] 
2026-01-29 00:42:07,228 udp_protocol.py:87 数据包长度: 72 字节
HEX: FF 31 32 34 31 32 33 31 33 31 32 34 31 00 00 00 00 00 00 00 00 00 00 00 00 00 00 00 00 01 00 25 00 EE 01 00 20 00 7E 31 30 30 31 38 30 34 38 32 30 30 45 46 30 45 30 30 30 30 30 30 30 30 30 30 30 46 41 43 38 0D 97 FE
Parsed:
    P_header: 0xFF
    P_dest_addr: 3132343132333133
    P_src_addr: 3132343100000000000000000000000000000000
    P_subDevType: 0x01
    P_subDev_addr: 0x00
    P_pLen: 0x0025
    RtnFlag: 0xEE
    CommType: 0x0001
    透传数据长度: 0x0020
    透传数据: 7E3130303138303438323030454630453030303030303030303030464143380D
    P_verify: 0x00
    P_tailer: 0xFE
2026-01-29 00:42:07,229 udp_protocol.py:123 [透传数据层]原始数据:
    数据包长度: 32 字节
    HEX: 7E 31 30 30 31 38 30 34 38 32 30 30 45 46 30 45 30 30 30 30 30 30 30 30 30 30 30 46 41 43 38 0D
[透传数据层] 协议栈解析:
    透传数据PDU:
        start: 7E
        ver: 10
        adr: 01
        cid1: 80
        cid2: 48
        length: 200E
        checksum: FAC8
        end: 0D
    透传数据帧:
        group: F0
        type: E0
        password: 0000000000
2026-01-29 00:42:07,345 udp_protocol.py:176 [######## FSU 向动环发送数据，目的地址：('10.8.187.2', 49898)] fsu[liwei_01:313234313233313331323431] 
2026-01-29 00:42:07,346 udp_protocol.py:190 数据包长度: 72 字节
HEX: FF 00 00 00 00 00 00 00 00 31 32 34 31 32 33 31 33 31 32 34 31 00 00 00 00 00 00 00 00 01 01 25 00 00 01 00 20 00 7E 31 30 30 30 38 30 30 30 30 32 30 45 30 30 30 30 30 30 30 30 30 30 30 30 30 30 46 41 45 30 0D 78 FE
Parsed:
    P_header: 0xFF
    P_dest_addr: 3132343132333133313234310000000000000000
    P_src_addr: 0000000000000000
    P_subDevType: 0x01
    P_subDev_addr: 0x01
    P_pLen: 0x0025
    RtnFlag: 0x00
    CommType: 0x0001
    透传数据长度: 0x0020
    透传数据: 7E3130303038303030303230453030303030303030303030303030464145300D
    P_verify: 0x00
    P_tailer: 0xFE
2026-01-29 00:42:07,348 udp_protocol.py:210 [透传数据层]原始数据:
    数据包长度: 32 字节
    HEX: 7E 31 30 30 30 38 30 30 30 30 32 30 45 30 30 30 30 30 30 30 30 30 30 30 30 30 30 46 41 45 30 0D
[透传数据层] 协议栈解析:
    透传数据PDU:
        start: 7E
        ver: 10
        adr: 00
        cid1: 80
        cid2: 00
        length: 020E
        checksum: FAE0
        end: 0D
    透传数据帧:
        cid2: 00
        data_info: F0E0
2026-01-29 00:42:11,125 udp_protocol.py:76 [收到UDP数据，来自: ('10.8.187.2', 49898)，数据长度: 64 字节] fsu[liwei_01:313234313233313331323431] 
2026-01-29 00:42:11,126 udp_protocol.py:87 数据包长度: 64 字节
HEX: FF 31 32 34 31 32 33 31 33 31 32 34 31 00 00 00 00 00 00 00 00 00 00 00 00 00 00 00 00 01 00 1D 00 EE 01 00 18 00 7E 31 30 30 31 38 30 34 41 41 30 30 36 46 32 45 32 30 30 46 43 33 42 0D E6 FE
Parsed:
    P_header: 0xFF
    P_dest_addr: 3132343132333133
    P_src_addr: 3132343100000000000000000000000000000000
    P_subDevType: 0x01
    P_subDev_addr: 0x00
    P_pLen: 0x001D
    RtnFlag: 0xEE
    CommType: 0x0001
    透传数据长度: 0x0018
    透传数据: 7E313030313830344141303036463245323030464333420D
    P_verify: 0x00
    P_tailer: 0xFE
2026-01-29 00:42:11,128 udp_protocol.py:123 [透传数据层]原始数据:
    数据包长度: 24 字节
    HEX: 7E 31 30 30 31 38 30 34 41 41 30 30 36 46 32 45 32 30 30 46 43 33 42 0D
[透传数据层] 协议栈解析:
    透传数据PDU:
        start: 7E
        ver: 10
        adr: 01
        cid1: 80
        cid2: 4A
        length: A006
    透传数据帧:
        group: F2
        type: E2
        user_id: 00FC3B0D
2026-01-29 00:42:11,241 udp_protocol.py:176 [######## FSU 向动环发送数据，目的地址：('10.8.187.2', 49898)] fsu[liwei_01:313234313233313331323431] 
2026-01-29 00:42:11,242 udp_protocol.py:190 数据包长度: 72 字节
HEX: FF 00 00 00 00 00 00 00 00 31 32 34 31 32 33 31 33 31 32 34 31 00 00 00 00 00 00 00 00 01 01 25 00 00 01 00 20 00 7E 31 30 30 30 38 30 30 30 30 32 30 45 30 30 30 30 30 30 30 30 30 30 30 30 30 30 46 41 45 30 0D 78 FE
Parsed:
    P_header: 0xFF
    P_dest_addr: 3132343132333133313234310000000000000000
    P_src_addr: 0000000000000000
    P_subDevType: 0x01
    P_subDev_addr: 0x01
    P_pLen: 0x0025
    RtnFlag: 0x00
    CommType: 0x0001
    透传数据长度: 0x0020
    透传数据: 7E3130303038303030303230453030303030303030303030303030464145300D
    P_verify: 0x00
    P_tailer: 0xFE
2026-01-29 00:42:11,244 udp_protocol.py:210 [透传数据层]原始数据:
    数据包长度: 32 字节
    HEX: 7E 31 30 30 30 38 30 30 30 30 32 30 45 30 30 30 30 30 30 30 30 30 30 30 30 30 30 46 41 45 30 0D
[透传数据层] 协议栈解析:
    透传数据PDU:
        start: 7E
        ver: 10
        adr: 00
        cid1: 80
        cid2: 00
        length: 020E
        checksum: FAE0
        end: 0D
    透传数据帧:
        cid2: 00
        data_info: 0100011A01161430450000000000000000000000
2026-01-29 00:42:14,574 udp_protocol.py:76 [收到UDP数据，来自: ('10.8.187.2', 49898)，数据长度: 72 字节] fsu[liwei_01:313234313233313331323431] 
2026-01-29 00:42:14,576 udp_protocol.py:87 数据包长度: 72 字节
HEX: FF 31 32 34 31 32 33 31 33 31 32 34 31 00 00 00 00 00 00 00 00 00 00 00 00 00 00 00 00 01 00 25 00 EE 01 00 20 00 7E 31 30 30 31 38 30 34 38 32 30 30 45 46 30 45 30 30 30 30 30 30 30 30 30 30 30 46 41 43 38 0D 97 FE
Parsed:
    P_header: 0xFF
    P_dest_addr: 3132343132333133
    P_src_addr: 3132343100000000000000000000000000000000
    P_subDevType: 0x01
    P_subDev_addr: 0x00
    P_pLen: 0x0025
    RtnFlag: 0xEE
    CommType: 0x0001
    透传数据长度: 0x0020
    透传数据: 7E3130303138303438323030454630453030303030303030303030464143380D
    P_verify: 0x00
    P_tailer: 0xFE
2026-01-29 00:42:14,577 udp_protocol.py:123 [透传数据层]原始数据:
    数据包长度: 32 字节
    HEX: 7E 31 30 30 31 38 30 34 38 32 30 30 45 46 30 45 30 30 30 30 30 30 30 30 30 30 30 46 41 43 38 0D
[透传数据层] 协议栈解析:
    透传数据PDU:
        start: 7E
        ver: 10
        adr: 01
        cid1: 80
        cid2: 48
        length: 200E
        checksum: FAC8
        end: 0D
    透传数据帧:
        group: F0
        type: E0
        password: 0000000000
2026-01-29 00:42:14,687 udp_protocol.py:176 [######## FSU 向动环发送数据，目的地址：('10.8.187.2', 49898)] fsu[liwei_01:313234313233313331323431] 
2026-01-29 00:42:14,689 udp_protocol.py:190 数据包长度: 72 字节
HEX: FF 00 00 00 00 00 00 00 00 31 32 34 31 32 33 31 33 31 32 34 31 00 00 00 00 00 00 00 00 01 01 25 00 00 01 00 20 00 7E 31 30 30 30 38 30 30 30 30 32 30 45 30 30 30 30 30 30 30 30 30 30 30 30 30 30 46 41 45 30 0D 78 FE
Parsed:
    P_header: 0xFF
    P_dest_addr: 3132343132333133313234310000000000000000
    P_src_addr: 0000000000000000
    P_subDevType: 0x01
    P_subDev_addr: 0x01
    P_pLen: 0x0025
    RtnFlag: 0x00
    CommType: 0x0001
    透传数据长度: 0x0020
    透传数据: 7E3130303038303030303230453030303030303030303030303030464145300D
    P_verify: 0x00
    P_tailer: 0xFE
2026-01-29 00:42:14,691 udp_protocol.py:210 [透传数据层]原始数据:
    数据包长度: 32 字节
    HEX: 7E 31 30 30 30 38 30 30 30 30 32 30 45 30 30 30 30 30 30 30 30 30 30 30 30 30 30 46 41 45 30 0D
[透传数据层] 协议栈解析:
    透传数据PDU:
        start: 7E
        ver: 10
        adr: 00
        cid1: 80
        cid2: 00
        length: 020E
        checksum: FAE0
        end: 0D
    透传数据帧:
        cid2: 00
        data_info: F0E0
2026-01-29 00:42:31,885 udp_protocol.py:76 [收到UDP数据，来自: ('10.8.187.2', 49898)，数据长度: 72 字节] fsu[liwei_01:313234313233313331323431] 
2026-01-29 00:42:31,887 udp_protocol.py:87 数据包长度: 72 字节
HEX: FF 31 32 34 31 32 33 31 33 31 32 34 31 00 00 00 00 00 00 00 00 00 00 00 00 00 00 00 00 01 00 25 00 EE 01 00 20 00 7E 31 30 30 31 38 30 34 38 32 30 30 45 46 30 45 30 30 30 30 30 30 30 30 30 30 30 46 41 43 38 0D 97 FE
Parsed:
    P_header: 0xFF
    P_dest_addr: 3132343132333133
    P_src_addr: 3132343100000000000000000000000000000000
    P_subDevType: 0x01
    P_subDev_addr: 0x00
    P_pLen: 0x0025
    RtnFlag: 0xEE
    CommType: 0x0001
    透传数据长度: 0x0020
    透传数据: 7E3130303138303438323030454630453030303030303030303030464143380D
    P_verify: 0x00
    P_tailer: 0xFE
2026-01-29 00:42:31,889 udp_protocol.py:123 [透传数据层]原始数据:
    数据包长度: 32 字节
    HEX: 7E 31 30 30 31 38 30 34 38 32 30 30 45 46 30 45 30 30 30 30 30 30 30 30 30 30 30 46 41 43 38 0D
[透传数据层] 协议栈解析:
    透传数据PDU:
        start: 7E
        ver: 10
        adr: 01
        cid1: 80
        cid2: 48
        length: 200E
        checksum: FAC8
        end: 0D
    透传数据帧:
        group: F0
        type: E0
        password: 0000000000
2026-01-29 00:42:31,994 udp_protocol.py:176 [######## FSU 向动环发送数据，目的地址：('10.8.187.2', 49898)] fsu[liwei_01:313234313233313331323431] 
2026-01-29 00:42:31,996 udp_protocol.py:190 数据包长度: 72 字节
HEX: FF 00 00 00 00 00 00 00 00 31 32 34 31 32 33 31 33 31 32 34 31 00 00 00 00 00 00 00 00 01 01 25 00 00 01 00 20 00 7E 31 30 30 30 38 30 30 30 30 32 30 45 30 30 30 30 30 30 30 30 30 30 30 30 30 30 46 41 45 30 0D 78 FE
Parsed:
    P_header: 0xFF
    P_dest_addr: 3132343132333133313234310000000000000000
    P_src_addr: 0000000000000000
    P_subDevType: 0x01
    P_subDev_addr: 0x01
    P_pLen: 0x0025
    RtnFlag: 0x00
    CommType: 0x0001
    透传数据长度: 0x0020
    透传数据: 7E3130303038303030303230453030303030303030303030303030464145300D
    P_verify: 0x00
    P_tailer: 0xFE
2026-01-29 00:42:31,997 udp_protocol.py:210 [透传数据层]原始数据:
    数据包长度: 32 字节
    HEX: 7E 31 30 30 30 38 30 30 30 30 32 30 45 30 30 30 30 30 30 30 30 30 30 30 30 30 30 46 41 45 30 0D
[透传数据层] 协议栈解析:
    透传数据PDU:
        start: 7E
        ver: 10
        adr: 00
        cid1: 80
        cid2: 00
        length: 020E
        checksum: FAE0
        end: 0D
    透传数据帧:
        cid2: 00
        data_info: F0E0
2026-01-29 15:27:01,758 event_manager.py:125 从配置文件加载了 16 个事件类型和 2 个事件指令
2026-01-29 15:27:01,759 event_manager.py:152 从配置文件加载了事件规则配置
2026-01-29 15:27:01,760 udp_protocol.py:61 UDP服务已启动，监听端口: 10107
2026-01-29 15:27:01,760 server_manager.py:57 事件轮询任务已启动，轮询间隔: 5秒
2026-01-29 15:27:37,646 udp_protocol.py:76 [收到UDP数据，来自: ('10.8.187.2', 50055)，数据长度: 64 字节] fsu[liwei_01:313234313233313331323431] 
2026-01-29 15:27:37,651 base_protocol.py:87 设备协议配置已热加载
2026-01-29 15:27:37,651 udp_protocol.py:87 数据包长度: 64 字节
HEX: FF 31 32 34 31 32 33 31 33 31 32 34 31 00 00 00 00 00 00 00 00 00 00 00 00 00 00 00 00 01 00 1D 00 EE 01 00 18 00 7E 31 30 30 31 38 30 34 41 41 30 30 36 46 32 45 32 30 30 46 43 33 42 0D E6 FE
Parsed:
    P_header: 0xFF
    P_dest_addr: 3132343132333133
    P_src_addr: 3132343100000000000000000000000000000000
    P_subDevType: 0x01
    P_subDev_addr: 0x00
    P_pLen: 0x001D
    RtnFlag: 0xEE
    CommType: 0x0001
    透传数据长度: 0x0018
    透传数据: 7E313030313830344141303036463245323030464333420D
    P_verify: 0x00
    P_tailer: 0xFE
2026-01-29 15:27:37,654 udp_protocol.py:123 [透传数据层]原始数据:
    数据包长度: 24 字节
    HEX: 7E 31 30 30 31 38 30 34 41 41 30 30 36 46 32 45 32 30 30 46 43 33 42 0D
[透传数据层] 协议栈解析:
    透传数据PDU:
        start: 7E
        ver: 10
        adr: 01
        cid1: 80
        cid2: 4A
        length: A006
    透传数据帧:
        group: F2
        type: E2
        user_id: 00FC3B0D
2026-01-29 15:27:37,776 udp_protocol.py:176 [######## FSU 向动环发送数据，目的地址：('10.8.187.2', 50055)] fsu[liwei_01:313234313233313331323431] 
2026-01-29 15:27:37,777 udp_protocol.py:190 数据包长度: 72 字节
HEX: FF 00 00 00 00 00 00 00 00 31 32 34 31 32 33 31 33 31 32 34 31 00 00 00 00 00 00 00 00 01 01 25 00 00 01 00 20 00 7E 31 30 30 30 38 30 30 30 30 32 30 45 30 30 30 30 30 30 30 30 30 30 30 30 30 30 46 41 45 30 0D 78 FE
Parsed:
    P_header: 0xFF
    P_dest_addr: 3132343132333133313234310000000000000000
    P_src_addr: 0000000000000000
    P_subDevType: 0x01
    P_subDev_addr: 0x01
    P_pLen: 0x0025
    RtnFlag: 0x00
    CommType: 0x0001
    透传数据长度: 0x0020
    透传数据: 7E3130303038303030303230453030303030303030303030303030464145300D
    P_verify: 0x00
    P_tailer: 0xFE
2026-01-29 15:27:37,779 udp_protocol.py:210 [透传数据层]原始数据:
    数据包长度: 32 字节
    HEX: 7E 31 30 30 30 38 30 30 30 30 32 30 45 30 30 30 30 30 30 30 30 30 30 30 30 30 30 46 41 45 30 0D
[透传数据层] 协议栈解析:
    透传数据PDU:
        start: 7E
        ver: 10
        adr: 00
        cid1: 80
        cid2: 00
        length: 020E
        checksum: FAE0
        end: 0D
    透传数据帧:
        cid2: 00
        data_info: 0100011A01161430450000000000000000000000
2026-01-29 16:12:00,676 event_manager.py:125 从配置文件加载了 20 个事件类型和 2 个事件指令
2026-01-29 16:12:00,676 event_manager.py:152 从配置文件加载了事件规则配置
2026-01-29 16:12:00,677 udp_protocol.py:61 UDP服务已启动，监听端口: 10107
2026-01-29 16:12:00,678 server_manager.py:57 事件轮询任务已启动，轮询间隔: 5秒
2026-01-29 16:12:04,563 udp_protocol.py:76 [收到UDP数据，来自: ('10.8.187.2', 50055)，数据长度: 64 字节] fsu[liwei_01:313234313233313331323431] 
2026-01-29 16:12:04,567 base_protocol.py:87 设备协议配置已热加载
2026-01-29 16:12:04,567 udp_protocol.py:87 数据包长度: 64 字节
HEX: FF 31 32 34 31 32 33 31 33 31 32 34 31 00 00 00 00 00 00 00 00 00 00 00 00 00 00 00 00 01 00 1D 00 EE 01 00 18 00 7E 31 30 30 31 38 30 34 41 41 30 30 36 46 32 45 32 30 30 46 43 33 42 0D E6 FE
Parsed:
    P_header: 0xFF
    P_dest_addr: 3132343132333133
    P_src_addr: 3132343100000000000000000000000000000000
    P_subDevType: 0x01
    P_subDev_addr: 0x00
    P_pLen: 0x001D
    RtnFlag: 0xEE
    CommType: 0x0001
    透传数据长度: 0x0018
    透传数据: 7E313030313830344141303036463245323030464333420D
    P_verify: 0x00
    P_tailer: 0xFE
2026-01-29 16:12:04,569 udp_protocol.py:109 没有可用的设备协议模板
2026-01-29 16:13:25,135 event_manager.py:125 从配置文件加载了 20 个事件类型和 2 个事件指令
2026-01-29 16:13:25,135 event_manager.py:152 从配置文件加载了事件规则配置
2026-01-29 16:13:25,137 udp_protocol.py:61 UDP服务已启动，监听端口: 10107
2026-01-29 16:13:25,137 server_manager.py:57 事件轮询任务已启动，轮询间隔: 5秒
2026-01-29 16:13:33,192 udp_protocol.py:76 [收到UDP数据，来自: ('10.8.187.2', 50055)，数据长度: 64 字节] fsu[liwei_01:313234313233313331323431] 
2026-01-29 16:13:33,196 base_protocol.py:87 设备协议配置已热加载
2026-01-29 16:13:33,197 udp_protocol.py:87 数据包长度: 64 字节
HEX: FF 31 32 34 31 32 33 31 33 31 32 34 31 00 00 00 00 00 00 00 00 00 00 00 00 00 00 00 00 01 00 1D 00 EE 01 00 18 00 7E 31 30 30 31 38 30 34 41 41 30 30 36 46 32 45 32 30 30 46 43 33 42 0D E6 FE
Parsed:
    P_header: 0xFF
    P_dest_addr: 3132343132333133
    P_src_addr: 3132343100000000000000000000000000000000
    P_subDevType: 0x01
    P_subDev_addr: 0x00
    P_pLen: 0x001D
    RtnFlag: 0xEE
    CommType: 0x0001
    透传数据长度: 0x0018
    透传数据: 7E313030313830344141303036463245323030464333420D
    P_verify: 0x00
    P_tailer: 0xFE
2026-01-29 16:13:33,198 udp_protocol.py:123 [透传数据层]原始数据:
    数据包长度: 24 字节
    HEX: 7E 31 30 30 31 38 30 34 41 41 30 30 36 46 32 45 32 30 30 46 43 33 42 0D
[透传数据层] 协议栈解析:
    透传数据PDU:
        start: 7E
        ver: 10
        adr: 01
        cid1: 80
        cid2: 4A
        length: A006
    透传数据帧:
        group: F2
        type: E2
        user_id: 00FC3B0D
2026-01-29 16:13:33,315 udp_protocol.py:176 [######## FSU 向动环发送数据，目的地址：('10.8.187.2', 50055)] fsu[liwei_01:313234313233313331323431] 
2026-01-29 16:13:33,316 udp_protocol.py:190 数据包长度: 72 字节
HEX: FF 00 00 00 00 00 00 00 00 31 32 34 31 32 33 31 33 31 32 34 31 00 00 00 00 00 00 00 00 01 01 25 00 00 01 00 20 00 7E 31 30 30 30 38 30 30 30 30 32 30 45 30 30 30 30 30 30 30 30 30 30 30 30 30 30 46 41 45 30 0D 78 FE
Parsed:
    P_header: 0xFF
    P_dest_addr: 3132343132333133313234310000000000000000
    P_src_addr: 0000000000000000
    P_subDevType: 0x01
    P_subDev_addr: 0x01
    P_pLen: 0x0025
    RtnFlag: 0x00
    CommType: 0x0001
    透传数据长度: 0x0020
    透传数据: 7E3130303038303030303230453030303030303030303030303030464145300D
    P_verify: 0x00
    P_tailer: 0xFE
2026-01-29 16:13:33,318 udp_protocol.py:210 [透传数据层]原始数据:
    数据包长度: 32 字节
    HEX: 7E 31 30 30 30 38 30 30 30 30 32 30 45 30 30 30 30 30 30 30 30 30 30 30 30 30 30 46 41 45 30 0D
[透传数据层] 协议栈解析:
    透传数据PDU:
        start: 7E
        ver: 10
        adr: 00
        cid1: 80
        cid2: 00
        length: 020E
        checksum: FAE0
        end: 0D
    透传数据帧:
        cid2: 00
        data_info: 0100011A01161430450000000000000000000000
2026-01-29 16:28:41,919 event_manager.py:125 从配置文件加载了 14 个事件类型和 2 个事件指令
2026-01-29 16:28:41,920 event_manager.py:152 从配置文件加载了事件规则配置
2026-01-29 16:28:41,921 udp_protocol.py:61 UDP服务已启动，监听端口: 10107
2026-01-29 16:28:41,921 server_manager.py:57 事件轮询任务已启动，轮询间隔: 5秒
2026-01-29 16:28:47,821 udp_protocol.py:76 [收到UDP数据，来自: ('10.8.187.2', 50055)，数据长度: 64 字节] fsu[liwei_01:313234313233313331323431] 
2026-01-29 16:28:47,825 base_protocol.py:87 设备协议配置已热加载
2026-01-29 16:28:47,825 udp_protocol.py:87 数据包长度: 64 字节
HEX: FF 31 32 34 31 32 33 31 33 31 32 34 31 00 00 00 00 00 00 00 00 00 00 00 00 00 00 00 00 01 00 1D 00 EE 01 00 18 00 7E 31 30 30 31 38 30 34 41 41 30 30 36 46 32 45 32 30 30 46 43 33 42 0D E6 FE
Parsed:
    P_header: 0xFF
    P_dest_addr: 3132343132333133
    P_src_addr: 3132343100000000000000000000000000000000
    P_subDevType: 0x01
    P_subDev_addr: 0x00
    P_pLen: 0x001D
    RtnFlag: 0xEE
    CommType: 0x0001
    透传数据长度: 0x0018
    透传数据: 7E313030313830344141303036463245323030464333420D
    P_verify: 0x00
    P_tailer: 0xFE
2026-01-29 16:28:47,827 udp_protocol.py:123 [透传数据层]原始数据:
    数据包长度: 24 字节
    HEX: 7E 31 30 30 31 38 30 34 41 41 30 30 36 46 32 45 32 30 30 46 43 33 42 0D
[透传数据层] 协议栈解析:
    透传数据PDU:
        start: 7E
        ver: 10
        adr: 01
        cid1: 80
        cid2: 4A
        length: A006
    透传数据帧:
        group: F2
        type: E2
        user_id: 00FC3B0D
2026-01-29 16:28:47,937 udp_protocol.py:176 [######## FSU 向动环发送数据，目的地址：('10.8.187.2', 50055)] fsu[liwei_01:313234313233313331323431] 
2026-01-29 16:28:47,937 udp_protocol.py:190 数据包长度: 72 字节
HEX: FF 00 00 00 00 00 00 00 00 31 32 34 31 32 33 31 33 31 32 34 31 00 00 00 00 00 00 00 00 01 01 25 00 00 01 00 20 00 7E 31 30 30 30 38 30 30 30 30 32 30 45 30 30 30 30 30 30 30 30 30 30 30 30 30 30 46 41 45 30 0D 78 FE
Parsed:
    P_header: 0xFF
    P_dest_addr: 3132343132333133313234310000000000000000
    P_src_addr: 0000000000000000
    P_subDevType: 0x01
    P_subDev_addr: 0x01
    P_pLen: 0x0025
    RtnFlag: 0x00
    CommType: 0x0001
    透传数据长度: 0x0020
    透传数据: 7E3130303038303030303230453030303030303030303030303030464145300D
    P_verify: 0x00
    P_tailer: 0xFE
2026-01-29 16:28:47,939 udp_protocol.py:210 [透传数据层]原始数据:
    数据包长度: 32 字节
    HEX: 7E 31 30 30 30 38 30 30 30 30 32 30 45 30 30 30 30 30 30 30 30 30 30 30 30 30 30 46 41 45 30 0D
[透传数据层] 协议栈解析:
    透传数据PDU:
        start: 7E
        ver: 10
        adr: 00
        cid1: 80
        cid2: 00
        length: 020E
        checksum: FAE0
        end: 0D
    透传数据帧:
        cid2: 00
        year: 2026
        month: 01
        day: 29
        week: 04
        hour: 16
        minute: 28
        second: 47
        event_source: ${event_source}
        status: 00
        remark: 00
2026-01-29 16:36:59,586 event_manager.py:125 从配置文件加载了 14 个事件类型和 2 个事件指令
2026-01-29 16:36:59,586 event_manager.py:152 从配置文件加载了事件规则配置
2026-01-29 16:36:59,587 udp_protocol.py:61 UDP服务已启动，监听端口: 10107
2026-01-29 16:36:59,588 server_manager.py:57 事件轮询任务已启动，轮询间隔: 5秒
2026-01-29 16:37:03,122 udp_protocol.py:76 [收到UDP数据，来自: ('10.8.187.2', 50055)，数据长度: 64 字节] fsu[liwei_01:313234313233313331323431] 
2026-01-29 16:37:03,128 base_protocol.py:87 设备协议配置已热加载
2026-01-29 16:37:03,129 udp_protocol.py:87 数据包长度: 64 字节
HEX: FF 31 32 34 31 32 33 31 33 31 32 34 31 00 00 00 00 00 00 00 00 00 00 00 00 00 00 00 00 01 00 1D 00 EE 01 00 18 00 7E 31 30 30 31 38 30 34 41 41 30 30 36 46 32 45 32 30 30 46 43 33 42 0D E6 FE
Parsed:
    P_header: 0xFF
    P_dest_addr: 3132343132333133
    P_src_addr: 3132343100000000000000000000000000000000
    P_subDevType: 0x01
    P_subDev_addr: 0x00
    P_pLen: 0x001D
    RtnFlag: 0xEE
    CommType: 0x0001
    透传数据长度: 0x0018
    透传数据: 7E313030313830344141303036463245323030464333420D
    P_verify: 0x00
    P_tailer: 0xFE
2026-01-29 16:37:03,131 udp_protocol.py:123 [透传数据层]原始数据:
    数据包长度: 24 字节
    HEX: 7E 31 30 30 31 38 30 34 41 41 30 30 36 46 32 45 32 30 30 46 43 33 42 0D
[透传数据层] 协议栈解析:
    透传数据PDU:
        start: 7E
        ver: 10
        adr: 01
        cid1: 80
        cid2: 4A
        length: A006
    透传数据帧:
        group: F2
        type: E2
        user_id: 00FC3B0D
2026-01-29 16:37:03,234 udp_protocol.py:176 [######## FSU 向动环发送数据，目的地址：('10.8.187.2', 50055)] fsu[liwei_01:313234313233313331323431] 
2026-01-29 16:37:03,235 udp_protocol.py:190 数据包长度: 72 字节
HEX: FF 00 00 00 00 00 00 00 00 31 32 34 31 32 33 31 33 31 32 34 31 00 00 00 00 00 00 00 00 01 01 25 00 00 01 00 20 00 7E 31 30 30 30 38 30 30 30 30 32 30 45 30 30 30 30 30 30 30 30 30 30 30 30 30 30 46 41 45 30 0D 78 FE
Parsed:
    P_header: 0xFF
    P_dest_addr: 3132343132333133313234310000000000000000
    P_src_addr: 0000000000000000
    P_subDevType: 0x01
    P_subDev_addr: 0x01
    P_pLen: 0x0025
    RtnFlag: 0x00
    CommType: 0x0001
    透传数据长度: 0x0020
    透传数据: 7E3130303038303030303230453030303030303030303030303030464145300D
    P_verify: 0x00
    P_tailer: 0xFE
2026-01-29 16:37:03,237 udp_protocol.py:210 [透传数据层]原始数据:
    数据包长度: 32 字节
    HEX: 7E 31 30 30 30 38 30 30 30 30 32 30 45 30 30 30 30 30 30 30 30 30 30 30 30 30 30 46 41 45 30 0D
[透传数据层] 协议栈解析:
    透传数据PDU:
        start: 7E
        ver: 10
        adr: 00
        cid1: 80
        cid2: 00
        length: 020E
        checksum: FAE0
        end: 0D
    透传数据帧:
        cid2: 00
        year: 2026
        month: 01
        day: 29
        week: 04
        hour: 16
        minute: 37
        second: 03
        event_source: 0000000000
        status: 00
        remark: 00
2026-01-29 16:39:34,830 event_manager.py:125 从配置文件加载了 14 个事件类型和 2 个事件指令
2026-01-29 16:39:34,831 event_manager.py:152 从配置文件加载了事件规则配置
2026-01-29 16:39:34,832 udp_protocol.py:61 UDP服务已启动，监听端口: 10107
2026-01-29 16:39:34,833 server_manager.py:57 事件轮询任务已启动，轮询间隔: 5秒
2026-01-29 16:40:09,804 udp_protocol.py:76 [收到UDP数据，来自: ('10.8.187.2', 50055)，数据长度: 64 字节] fsu[liwei_01:313234313233313331323431] 
2026-01-29 16:40:09,807 base_protocol.py:87 设备协议配置已热加载
2026-01-29 16:40:09,807 udp_protocol.py:87 数据包长度: 64 字节
HEX: FF 31 32 34 31 32 33 31 33 31 32 34 31 00 00 00 00 00 00 00 00 00 00 00 00 00 00 00 00 01 00 1D 00 EE 01 00 18 00 7E 31 30 30 31 38 30 34 41 41 30 30 36 46 32 45 32 30 30 46 43 33 42 0D E6 FE
Parsed:
    P_header: 0xFF
    P_dest_addr: 3132343132333133
    P_src_addr: 3132343100000000000000000000000000000000
    P_subDevType: 0x01
    P_subDev_addr: 0x00
    P_pLen: 0x001D
    RtnFlag: 0xEE
    CommType: 0x0001
    透传数据长度: 0x0018
    透传数据: 7E313030313830344141303036463245323030464333420D
    P_verify: 0x00
    P_tailer: 0xFE
2026-01-29 16:40:09,808 udp_protocol.py:123 [透传数据层]原始数据:
    数据包长度: 24 字节
    HEX: 7E 31 30 30 31 38 30 34 41 41 30 30 36 46 32 45 32 30 30 46 43 33 42 0D
[透传数据层] 协议栈解析:
    透传数据PDU:
        start: 7E
        ver: 10
        adr: 01
        cid1: 80
        cid2: 4A
        length: A006
    透传数据帧:
        group: F2
        type: E2
        user_id: 00FC3B0D
2026-01-29 16:40:09,925 udp_protocol.py:176 [######## FSU 向动环发送数据，目的地址：('10.8.187.2', 50055)] fsu[liwei_01:313234313233313331323431] 
2026-01-29 16:40:09,926 udp_protocol.py:190 数据包长度: 72 字节
HEX: FF 00 00 00 00 00 00 00 00 31 32 34 31 32 33 31 33 31 32 34 31 00 00 00 00 00 00 00 00 01 01 25 00 00 01 00 20 00 7E 31 30 30 30 38 30 30 30 30 32 30 45 30 30 30 30 30 30 30 30 30 30 30 30 30 30 46 41 45 30 0D 78 FE
Parsed:
    P_header: 0xFF
    P_dest_addr: 3132343132333133313234310000000000000000
    P_src_addr: 0000000000000000
    P_subDevType: 0x01
    P_subDev_addr: 0x01
    P_pLen: 0x0025
    RtnFlag: 0x00
    CommType: 0x0001
    透传数据长度: 0x0020
    透传数据: 7E3130303038303030303230453030303030303030303030303030464145300D
    P_verify: 0x00
    P_tailer: 0xFE
2026-01-29 16:40:09,927 udp_protocol.py:210 [透传数据层]原始数据:
    数据包长度: 32 字节
    HEX: 7E 31 30 30 30 38 30 30 30 30 32 30 45 30 30 30 30 30 30 30 30 30 30 30 30 30 30 46 41 45 30 0D
[透传数据层] 协议栈解析:
    透传数据PDU:
        start: 7E
        ver: 10
        adr: 00
        cid1: 80
        cid2: 00
        length: 020E
        checksum: FAE0
        end: 0D
    透传数据帧:
        cid2: 00
        year: 2026
        month: 01
        day: 29
        week: 04
        hour: 16
        minute: 40
        second: 09
        event_source: 0000000000
        status: 00
        remark: 00
2026-01-29 16:40:41,056 udp_protocol.py:76 [收到UDP数据，来自: ('10.8.187.2', 50055)，数据长度: 64 字节] fsu[liwei_01:313234313233313331323431] 
2026-01-29 16:40:41,057 udp_protocol.py:87 数据包长度: 64 字节
HEX: FF 31 32 34 31 32 33 31 33 31 32 34 31 00 00 00 00 00 00 00 00 00 00 00 00 00 00 00 00 01 00 1D 00 EE 01 00 18 00 7E 31 30 30 31 38 30 34 41 41 30 30 36 46 32 45 32 30 30 46 43 33 42 0D E6 FE
Parsed:
    P_header: 0xFF
    P_dest_addr: 3132343132333133
    P_src_addr: 3132343100000000000000000000000000000000
    P_subDevType: 0x01
    P_subDev_addr: 0x00
    P_pLen: 0x001D
    RtnFlag: 0xEE
    CommType: 0x0001
    透传数据长度: 0x0018
    透传数据: 7E313030313830344141303036463245323030464333420D
    P_verify: 0x00
    P_tailer: 0xFE
2026-01-29 16:40:41,058 udp_protocol.py:123 [透传数据层]原始数据:
    数据包长度: 24 字节
    HEX: 7E 31 30 30 31 38 30 34 41 41 30 30 36 46 32 45 32 30 30 46 43 33 42 0D
[透传数据层] 协议栈解析:
    透传数据PDU:
        start: 7E
        ver: 10
        adr: 01
        cid1: 80
        cid2: 4A
        length: A006
    透传数据帧:
        group: F2
        type: E2
        user_id: 00FC3B0D
2026-01-29 16:40:41,174 udp_protocol.py:176 [######## FSU 向动环发送数据，目的地址：('10.8.187.2', 50055)] fsu[liwei_01:313234313233313331323431] 
2026-01-29 16:40:41,174 udp_protocol.py:190 数据包长度: 72 字节
HEX: FF 00 00 00 00 00 00 00 00 31 32 34 31 32 33 31 33 31 32 34 31 00 00 00 00 00 00 00 00 01 01 25 00 00 01 00 20 00 7E 31 30 30 30 38 30 30 30 30 32 30 45 30 30 30 30 30 30 30 30 30 30 30 30 30 30 46 41 45 30 0D 78 FE
Parsed:
    P_header: 0xFF
    P_dest_addr: 3132343132333133313234310000000000000000
    P_src_addr: 0000000000000000
    P_subDevType: 0x01
    P_subDev_addr: 0x01
    P_pLen: 0x0025
    RtnFlag: 0x00
    CommType: 0x0001
    透传数据长度: 0x0020
    透传数据: 7E3130303038303030303230453030303030303030303030303030464145300D
    P_verify: 0x00
    P_tailer: 0xFE
2026-01-29 16:40:41,179 udp_protocol.py:210 [透传数据层]原始数据:
    数据包长度: 32 字节
    HEX: 7E 31 30 30 30 38 30 30 30 30 32 30 45 30 30 30 30 30 30 30 30 30 30 30 30 30 30 46 41 45 30 0D
[透传数据层] 协议栈解析:
    透传数据PDU:
        start: 7E
        ver: 10
        adr: 00
        cid1: 80
        cid2: 00
        length: 020E
        checksum: FAE0
        end: 0D
    透传数据帧:
        cid2: 00
        year: 2026
        month: 01
        day: 29
        week: 04
        hour: 16
        minute: 40
        second: 41
        event_source: 0000000000
        status: 00
        remark: 00
2026-01-29 16:55:37,293 event_manager.py:125 从配置文件加载了 14 个事件类型和 2 个事件指令
2026-01-29 16:55:37,293 event_manager.py:152 从配置文件加载了事件规则配置
2026-01-29 16:55:37,294 udp_protocol.py:61 UDP服务已启动，监听端口: 10107
2026-01-29 16:55:37,294 server_manager.py:57 事件轮询任务已启动，轮询间隔: 5秒
2026-01-29 16:56:04,045 event_manager.py:125 从配置文件加载了 14 个事件类型和 2 个事件指令
2026-01-29 16:56:04,045 event_manager.py:152 从配置文件加载了事件规则配置
2026-01-29 16:56:04,046 udp_protocol.py:61 UDP服务已启动，监听端口: 10107
2026-01-29 16:56:04,046 server_manager.py:57 事件轮询任务已启动，轮询间隔: 5秒
2026-01-29 16:56:13,892 udp_protocol.py:76 [收到UDP数据，来自: ('10.8.187.2', 50055)，数据长度: 64 字节] fsu[liwei_01:313234313233313331323431] 
2026-01-29 16:56:13,894 base_protocol.py:87 设备协议配置已热加载
2026-01-29 16:56:13,894 udp_protocol.py:87 数据包长度: 64 字节
HEX: FF 31 32 34 31 32 33 31 33 31 32 34 31 00 00 00 00 00 00 00 00 00 00 00 00 00 00 00 00 01 00 1D 00 EE 01 00 18 00 7E 31 30 30 31 38 30 34 41 41 30 30 36 46 32 45 32 30 30 46 43 33 42 0D E6 FE
Parsed:
    P_header: 0xFF
    P_dest_addr: 3132343132333133
    P_src_addr: 3132343100000000000000000000000000000000
    P_subDevType: 0x01
    P_subDev_addr: 0x00
    P_pLen: 0x001D
    RtnFlag: 0xEE
    CommType: 0x0001
    透传数据长度: 0x0018
    透传数据: 7E313030313830344141303036463245323030464333420D
    P_verify: 0x00
    P_tailer: 0xFE
2026-01-29 16:56:13,894 udp_protocol.py:123 [透传数据层]原始数据:
    数据包长度: 24 字节
    HEX: 7E 31 30 30 31 38 30 34 41 41 30 30 36 46 32 45 32 30 30 46 43 33 42 0D
[透传数据层] 协议栈解析:
    透传数据PDU:
        start: 7E
        ver: 10
        adr: 01
        cid1: 80
        cid2: 4A
        length: A006
    透传数据帧:
        group: F2
        type: E2
        user_id: 00FC3B0D
2026-01-29 17:01:53,481 event_manager.py:125 从配置文件加载了 14 个事件类型和 2 个事件指令
2026-01-29 17:01:53,481 event_manager.py:152 从配置文件加载了事件规则配置
2026-01-29 17:01:53,482 udp_protocol.py:61 UDP服务已启动，监听端口: 10107
2026-01-29 17:01:53,483 server_manager.py:57 事件轮询任务已启动，轮询间隔: 5秒
2026-01-29 17:02:00,491 udp_protocol.py:76 [收到UDP数据，来自: ('10.8.187.2', 50055)，数据长度: 64 字节] fsu[liwei_01:313234313233313331323431] 
2026-01-29 17:02:00,494 base_protocol.py:87 设备协议配置已热加载
2026-01-29 17:02:00,494 udp_protocol.py:87 数据包长度: 64 字节
HEX: FF 31 32 34 31 32 33 31 33 31 32 34 31 00 00 00 00 00 00 00 00 00 00 00 00 00 00 00 00 01 00 1D 00 EE 01 00 18 00 7E 31 30 30 31 38 30 34 41 41 30 30 36 46 32 45 32 30 30 46 43 33 42 0D E6 FE
Parsed:
    P_header: 0xFF
    P_dest_addr: 3132343132333133
    P_src_addr: 3132343100000000000000000000000000000000
    P_subDevType: 0x01
    P_subDev_addr: 0x00
    P_pLen: 0x001D
    RtnFlag: 0xEE
    CommType: 0x0001
    透传数据长度: 0x0018
    透传数据: 7E313030313830344141303036463245323030464333420D
    P_verify: 0x00
    P_tailer: 0xFE
2026-01-29 17:02:00,495 udp_protocol.py:123 [透传数据层]原始数据:
    数据包长度: 24 字节
    HEX: 7E 31 30 30 31 38 30 34 41 41 30 30 36 46 32 45 32 30 30 46 43 33 42 0D
[透传数据层] 协议栈解析:
    透传数据PDU:
        start: 7E
        ver: 10
        adr: 01
        cid1: 80
        cid2: 4A
        length: A006
    透传数据帧:
        group: F2
        type: E2
        user_id: 00FC3B0D
2026-01-29 17:02:32,904 udp_protocol.py:176 [######## FSU 向动环发送数据，目的地址：('10.8.187.2', 50055)] fsu[liwei_01:313234313233313331323431] 
2026-01-29 17:02:32,906 udp_protocol.py:190 数据包长度: 72 字节
HEX: FF 00 00 00 00 00 00 00 00 31 32 34 31 32 33 31 33 31 32 34 31 00 00 00 00 00 00 00 00 01 01 25 00 00 01 00 20 00 7E 31 30 30 30 38 30 30 30 30 32 30 45 30 30 30 30 30 30 30 30 30 30 30 30 30 30 46 41 45 30 0D 78 FE
Parsed:
    P_header: 0xFF
    P_dest_addr: 3132343132333133313234310000000000000000
    P_src_addr: 0000000000000000
    P_subDevType: 0x01
    P_subDev_addr: 0x01
    P_pLen: 0x0025
    RtnFlag: 0x00
    CommType: 0x0001
    透传数据长度: 0x0020
    透传数据: 7E3130303038303030303230453030303030303030303030303030464145300D
    P_verify: 0x00
    P_tailer: 0xFE
2026-01-29 17:02:32,908 udp_protocol.py:210 [透传数据层]原始数据:
    数据包长度: 32 字节
    HEX: 7E 31 30 30 30 38 30 30 30 30 32 30 45 30 30 30 30 30 30 30 30 30 30 30 30 30 30 46 41 45 30 0D
[透传数据层] 协议栈解析:
    透传数据PDU:
        start: 7E
        ver: 10
        adr: 00
        cid1: 80
        cid2: 00
        length: 020E
        checksum: FAE0
        end: 0D
    透传数据帧:
        cid2: 00
        year: 2026
        month: 01
        day: 29
        week: 04
        hour: 17
        minute: 02
        second: 32
        event_source: 0000000000
        status: 00
        remark: 00
2026-01-29 17:02:54,651 event_manager.py:125 从配置文件加载了 14 个事件类型和 2 个事件指令
2026-01-29 17:02:54,651 event_manager.py:152 从配置文件加载了事件规则配置
2026-01-29 17:02:54,652 udp_protocol.py:61 UDP服务已启动，监听端口: 10107
2026-01-29 17:02:54,652 server_manager.py:57 事件轮询任务已启动，轮询间隔: 5秒
2026-01-29 17:03:00,932 udp_protocol.py:76 [收到UDP数据，来自: ('10.8.187.2', 50055)，数据长度: 64 字节] fsu[liwei_01:313234313233313331323431] 
2026-01-29 17:03:00,936 base_protocol.py:87 设备协议配置已热加载
2026-01-29 17:03:00,937 udp_protocol.py:87 数据包长度: 64 字节
HEX: FF 31 32 34 31 32 33 31 33 31 32 34 31 00 00 00 00 00 00 00 00 00 00 00 00 00 00 00 00 01 00 1D 00 EE 01 00 18 00 7E 31 30 30 31 38 30 34 41 41 30 30 36 46 32 45 32 30 30 46 43 33 42 0D E6 FE
Parsed:
    P_header: 0xFF
    P_dest_addr: 3132343132333133
    P_src_addr: 3132343100000000000000000000000000000000
    P_subDevType: 0x01
    P_subDev_addr: 0x00
    P_pLen: 0x001D
    RtnFlag: 0xEE
    CommType: 0x0001
    透传数据长度: 0x0018
    透传数据: 7E313030313830344141303036463245323030464333420D
    P_verify: 0x00
    P_tailer: 0xFE
2026-01-29 17:03:00,937 udp_protocol.py:123 [透传数据层]原始数据:
    数据包长度: 24 字节
    HEX: 7E 31 30 30 31 38 30 34 41 41 30 30 36 46 32 45 32 30 30 46 43 33 42 0D
[透传数据层] 协议栈解析:
    透传数据PDU:
        start: 7E
        ver: 10
        adr: 01
        cid1: 80
        cid2: 4A
        length: A006
    透传数据帧:
        group: F2
        type: E2
        user_id: 00FC3B0D
2026-01-29 17:03:01,047 udp_protocol.py:176 [######## FSU 向动环发送数据，目的地址：('10.8.187.2', 50055)] fsu[liwei_01:313234313233313331323431] 
2026-01-29 17:03:01,048 udp_protocol.py:190 数据包长度: 72 字节
HEX: FF 00 00 00 00 00 00 00 00 31 32 34 31 32 33 31 33 31 32 34 31 00 00 00 00 00 00 00 00 01 01 25 00 00 01 00 20 00 7E 31 30 30 30 38 30 30 30 30 32 30 45 30 30 30 30 30 30 30 30 30 30 30 30 30 30 46 41 45 30 0D 78 FE
Parsed:
    P_header: 0xFF
    P_dest_addr: 3132343132333133313234310000000000000000
    P_src_addr: 0000000000000000
    P_subDevType: 0x01
    P_subDev_addr: 0x01
    P_pLen: 0x0025
    RtnFlag: 0x00
    CommType: 0x0001
    透传数据长度: 0x0020
    透传数据: 7E3130303038303030303230453030303030303030303030303030464145300D
    P_verify: 0x00
    P_tailer: 0xFE
2026-01-29 17:03:01,049 udp_protocol.py:210 [透传数据层]原始数据:
    数据包长度: 32 字节
    HEX: 7E 31 30 30 30 38 30 30 30 30 32 30 45 30 30 30 30 30 30 30 30 30 30 30 30 30 30 46 41 45 30 0D
[透传数据层] 协议栈解析:
    透传数据PDU:
        start: 7E
        ver: 10
        adr: 00
        cid1: 80
        cid2: 00
        length: 020E
        checksum: FAE0
        end: 0D
    透传数据帧:
        cid2: 00
        year: 2026
        month: 01
        day: 29
        week: 04
        hour: 17
        minute: 03
        second: 00
        event_source: 0000000000
        status: 00
        remark: 00
2026-01-29 17:05:31,533 event_manager.py:125 从配置文件加载了 14 个事件类型和 2 个事件指令
2026-01-29 17:05:31,533 event_manager.py:152 从配置文件加载了事件规则配置
2026-01-29 17:05:31,534 udp_protocol.py:61 UDP服务已启动，监听端口: 10107
2026-01-29 17:05:31,535 server_manager.py:57 事件轮询任务已启动，轮询间隔: 5秒
2026-01-29 17:05:35,036 udp_protocol.py:76 [收到UDP数据，来自: ('10.8.187.2', 50055)，数据长度: 64 字节] fsu[liwei_01:313234313233313331323431] 
2026-01-29 17:05:35,039 base_protocol.py:87 设备协议配置已热加载
2026-01-29 17:05:35,040 udp_protocol.py:87 数据包长度: 64 字节
HEX: FF 31 32 34 31 32 33 31 33 31 32 34 31 00 00 00 00 00 00 00 00 00 00 00 00 00 00 00 00 01 00 1D 00 EE 01 00 18 00 7E 31 30 30 31 38 30 34 41 41 30 30 36 46 32 45 32 30 30 46 43 33 42 0D E6 FE
Parsed:
    P_header: 0xFF
    P_dest_addr: 3132343132333133
    P_src_addr: 3132343100000000000000000000000000000000
    P_subDevType: 0x01
    P_subDev_addr: 0x00
    P_pLen: 0x001D
    RtnFlag: 0xEE
    CommType: 0x0001
    透传数据长度: 0x0018
    透传数据: 7E313030313830344141303036463245323030464333420D
    P_verify: 0x00
    P_tailer: 0xFE
2026-01-29 17:05:35,041 udp_protocol.py:123 [透传数据层]原始数据:
    数据包长度: 24 字节
    HEX: 7E 31 30 30 31 38 30 34 41 41 30 30 36 46 32 45 32 30 30 46 43 33 42 0D
[透传数据层] 协议栈解析:
    透传数据PDU:
        start: 7E
        ver: 10
        adr: 01
        cid1: 80
        cid2: 4A
        length: A006
    透传数据帧:
        group: F2
        type: E2
        user_id: 00FC3B0D
2026-01-29 18:48:35,048 event_manager.py:125 从配置文件加载了 14 个事件类型和 2 个事件指令
2026-01-29 18:48:35,049 event_manager.py:152 从配置文件加载了事件规则配置
2026-01-29 18:48:35,049 udp_protocol.py:61 UDP服务已启动，监听端口: 10107
2026-01-29 18:48:35,050 server_manager.py:57 事件轮询任务已启动，轮询间隔: 5秒
2026-01-29 18:48:39,059 udp_protocol.py:76 [收到UDP数据，来自: ('10.8.187.2', 50055)，数据长度: 64 字节] fsu[liwei_01:313234313233313331323431] 
2026-01-29 18:48:39,061 base_protocol.py:87 设备协议配置已热加载
2026-01-29 18:48:39,061 udp_protocol.py:87 数据包长度: 64 字节
HEX: FF 31 32 34 31 32 33 31 33 31 32 34 31 00 00 00 00 00 00 00 00 00 00 00 00 00 00 00 00 01 00 1D 00 EE 01 00 18 00 7E 31 30 30 31 38 30 34 41 41 30 30 36 46 32 45 32 30 30 46 43 33 42 0D E6 FE
Parsed:
    P_header: 0xFF
    P_dest_addr: 3132343132333133
    P_src_addr: 3132343100000000000000000000000000000000
    P_subDevType: 0x01
    P_subDev_addr: 0x00
    P_pLen: 0x001D
    RtnFlag: 0xEE
    CommType: 0x0001
    透传数据长度: 0x0018
    透传数据: 7E313030313830344141303036463245323030464333420D
    P_verify: 0x00
    P_tailer: 0xFE
2026-01-29 18:48:39,062 udp_protocol.py:123 [透传数据层]原始数据:
    数据包长度: 24 字节
    HEX: 7E 31 30 30 31 38 30 34 41 41 30 30 36 46 32 45 32 30 30 46 43 33 42 0D
[透传数据层] 协议栈解析:
    透传数据PDU:
        start: 7E
        ver: 10
        adr: 01
        cid1: 80
        cid2: 4A
        length: A006
    透传数据帧:
        group: F2
        type: E2
        user_id: 00FC3B0D
2026-01-29 18:48:39,062 base_protocol.py:265 匹配规则失败: 未找到data_frame_type: 的规则
2026-01-29 18:48:54,852 event_manager.py:125 从配置文件加载了 14 个事件类型和 2 个事件指令
2026-01-29 18:48:54,853 event_manager.py:152 从配置文件加载了事件规则配置
2026-01-29 18:48:54,854 udp_protocol.py:61 UDP服务已启动，监听端口: 10107
2026-01-29 18:48:54,855 server_manager.py:57 事件轮询任务已启动，轮询间隔: 5秒
2026-01-29 18:48:57,893 udp_protocol.py:76 [收到UDP数据，来自: ('10.8.187.2', 50055)，数据长度: 64 字节] fsu[liwei_01:313234313233313331323431] 
2026-01-29 18:48:57,896 base_protocol.py:87 设备协议配置已热加载
2026-01-29 18:48:57,896 udp_protocol.py:87 数据包长度: 64 字节
HEX: FF 31 32 34 31 32 33 31 33 31 32 34 31 00 00 00 00 00 00 00 00 00 00 00 00 00 00 00 00 01 00 1D 00 EE 01 00 18 00 7E 31 30 30 31 38 30 34 41 41 30 30 36 46 32 45 32 30 30 46 43 33 42 0D E6 FE
Parsed:
    P_header: 0xFF
    P_dest_addr: 3132343132333133
    P_src_addr: 3132343100000000000000000000000000000000
    P_subDevType: 0x01
    P_subDev_addr: 0x00
    P_pLen: 0x001D
    RtnFlag: 0xEE
    CommType: 0x0001
    透传数据长度: 0x0018
    透传数据: 7E313030313830344141303036463245323030464333420D
    P_verify: 0x00
    P_tailer: 0xFE
2026-01-29 18:48:57,897 udp_protocol.py:123 [透传数据层]原始数据:
    数据包长度: 24 字节
    HEX: 7E 31 30 30 31 38 30 34 41 41 30 30 36 46 32 45 32 30 30 46 43 33 42 0D
[透传数据层] 协议栈解析:
    透传数据PDU:
        start: 7E
        ver: 10
        adr: 01
        cid1: 80
        cid2: 4A
        length: A006
    透传数据帧:
        group: F2
        type: E2
        user_id: 00FC3B0D
2026-01-29 18:48:58,008 udp_protocol.py:176 [######## FSU 向动环发送数据，目的地址：('10.8.187.2', 50055)] fsu[liwei_01:313234313233313331323431] 
2026-01-29 18:48:58,010 udp_protocol.py:190 数据包长度: 72 字节
HEX: FF 00 00 00 00 00 00 00 00 31 32 34 31 32 33 31 33 31 32 34 31 00 00 00 00 00 00 00 00 01 01 25 00 00 01 00 20 00 7E 31 30 30 30 38 30 30 30 30 32 30 45 30 30 30 30 30 30 30 30 30 30 30 30 30 30 46 41 45 30 0D 78 FE
Parsed:
    P_header: 0xFF
    P_dest_addr: 3132343132333133313234310000000000000000
    P_src_addr: 0000000000000000
    P_subDevType: 0x01
    P_subDev_addr: 0x01
    P_pLen: 0x0025
    RtnFlag: 0x00
    CommType: 0x0001
    透传数据长度: 0x0020
    透传数据: 7E3130303038303030303230453030303030303030303030303030464145300D
    P_verify: 0x00
    P_tailer: 0xFE
2026-01-29 18:48:58,011 udp_protocol.py:210 [透传数据层]原始数据:
    数据包长度: 32 字节
    HEX: 7E 31 30 30 30 38 30 30 30 30 32 30 45 30 30 30 30 30 30 30 30 30 30 30 30 30 30 46 41 45 30 0D
[透传数据层] 协议栈解析:
    透传数据PDU:
        start: 7E
        ver: 10
        adr: 00
        cid1: 80
        cid2: 00
        length: 020E
        checksum: FAE0
        end: 0D
    透传数据帧:
        cid2: 00
        year: 2026
        month: 01
        day: 29
        week: 04
        hour: 18
        minute: 48
        second: 57
        event_source: 0000000000
        status: 00
        remark: 00
2026-01-29 19:04:19,337 event_manager.py:125 从配置文件加载了 14 个事件类型和 2 个事件指令
2026-01-29 19:04:19,337 event_manager.py:152 从配置文件加载了事件规则配置
2026-01-29 19:04:19,338 udp_protocol.py:61 UDP服务已启动，监听端口: 10107
2026-01-29 19:04:19,338 server_manager.py:57 事件轮询任务已启动，轮询间隔: 5秒
2026-01-29 19:04:23,555 udp_protocol.py:76 [收到UDP数据，来自: ('10.8.187.2', 50055)，数据长度: 64 字节] fsu[liwei_01:313234313233313331323431] 
2026-01-29 19:04:23,556 base_protocol.py:87 设备协议配置已热加载
2026-01-29 19:04:23,556 udp_protocol.py:87 数据包长度: 64 字节
HEX: FF 31 32 34 31 32 33 31 33 31 32 34 31 00 00 00 00 00 00 00 00 00 00 00 00 00 00 00 00 01 00 1D 00 EE 01 00 18 00 7E 31 30 30 31 38 30 34 41 41 30 30 36 46 32 45 32 30 30 46 43 33 42 0D E6 FE
Parsed:
    P_header: 0xFF
    P_dest_addr: 3132343132333133
    P_src_addr: 3132343100000000000000000000000000000000
    P_subDevType: 0x01
    P_subDev_addr: 0x00
    P_pLen: 0x001D
    RtnFlag: 0xEE
    CommType: 0x0001
    透传数据长度: 0x0018
    透传数据: 7E313030313830344141303036463245323030464333420D
    P_verify: 0x00
    P_tailer: 0xFE
2026-01-29 19:04:23,557 udp_protocol.py:123 [透传数据层]原始数据:
    数据包长度: 24 字节
    HEX: 7E 31 30 30 31 38 30 34 41 41 30 30 36 46 32 45 32 30 30 46 43 33 42 0D
[透传数据层] 协议栈解析:
    透传数据PDU:
        start: 7E
        ver: 10
        adr: 01
        cid1: 80
        cid2: 4A
        length: A006
    透传数据帧:
        group: F2
        type: E2
        user_id: 00FC3B0D
2026-01-29 19:04:23,665 udp_protocol.py:176 [######## FSU 向动环发送数据，目的地址：('10.8.187.2', 50055)] fsu[liwei_01:313234313233313331323431] 
2026-01-29 19:04:23,666 udp_protocol.py:190 数据包长度: 88 字节
HEX: FF 00 00 00 00 00 00 00 00 31 32 34 31 32 33 31 33 31 32 34 31 00 00 00 00 00 00 00 00 01 01 35 00 00 01 00 30 00 7E 31 30 30 30 38 30 30 30 30 31 31 45 32 30 32 36 30 31 32 39 30 34 31 39 30 34 32 33 30 30 30 30 30 30 30 30 30 30 30 30 30 30 46 37 42 33 0D 0D FE
Parsed:
    P_header: 0xFF
    P_dest_addr: 3132343132333133313234310000000000000000
    P_src_addr: 0000000000000000
    P_subDevType: 0x01
    P_subDev_addr: 0x01
    P_pLen: 0x0035
    RtnFlag: 0x00
    CommType: 0x0001
    透传数据长度: 0x0030
    透传数据: 7E313030303830303030313145323032363031323930343139303432333030303030303030303030303030463742330D
    P_verify: 0x00
    P_tailer: 0xFE
2026-01-29 19:04:23,667 udp_protocol.py:210 [透传数据层]原始数据:
    数据包长度: 48 字节
    HEX: 7E 31 30 30 30 38 30 30 30 30 31 31 45 32 30 32 36 30 31 32 39 30 34 31 39 30 34 32 33 30 30 30 30 30 30 30 30 30 30 30 30 30 30 46 37 42 33 0D
[透传数据层] 协议栈解析:
    透传数据PDU:
        start: 7E
        ver: 10
        adr: 00
        cid1: 80
        cid2: 00
        length: 011E
        checksum: 2300
        end: 00
    透传数据帧:
        cid2: 00
        year: 2026
        month: 01
        day: 29
        week: 04
        hour: 19
        minute: 04
        second: 23
        event_source: 0000000000
        status: 00
        remark: 00
2026-01-29 19:05:21,704 udp_protocol.py:76 [收到UDP数据，来自: ('10.8.187.2', 50055)，数据长度: 64 字节] fsu[liwei_01:313234313233313331323431] 
2026-01-29 19:05:21,704 udp_protocol.py:87 数据包长度: 64 字节
HEX: FF 31 32 34 31 32 33 31 33 31 32 34 31 00 00 00 00 00 00 00 00 00 00 00 00 00 00 00 00 01 00 1D 00 EE 01 00 18 00 7E 31 30 30 31 38 30 34 41 41 30 30 36 46 32 45 32 30 30 46 43 33 42 0D E6 FE
Parsed:
    P_header: 0xFF
    P_dest_addr: 3132343132333133
    P_src_addr: 3132343100000000000000000000000000000000
    P_subDevType: 0x01
    P_subDev_addr: 0x00
    P_pLen: 0x001D
    RtnFlag: 0xEE
    CommType: 0x0001
    透传数据长度: 0x0018
    透传数据: 7E313030313830344141303036463245323030464333420D
    P_verify: 0x00
    P_tailer: 0xFE
2026-01-29 19:05:21,705 udp_protocol.py:123 [透传数据层]原始数据:
    数据包长度: 24 字节
    HEX: 7E 31 30 30 31 38 30 34 41 41 30 30 36 46 32 45 32 30 30 46 43 33 42 0D
[透传数据层] 协议栈解析:
    透传数据PDU:
        start: 7E
        ver: 10
        adr: 01
        cid1: 80
        cid2: 4A
        length: A006
    透传数据帧:
        group: F2
        type: E2
        user_id: 00FC3B0D
2026-01-29 19:05:21,820 udp_protocol.py:176 [######## FSU 向动环发送数据，目的地址：('10.8.187.2', 50055)] fsu[liwei_01:313234313233313331323431] 
2026-01-29 19:05:21,820 udp_protocol.py:190 数据包长度: 88 字节
HEX: FF 00 00 00 00 00 00 00 00 31 32 34 31 32 33 31 33 31 32 34 31 00 00 00 00 00 00 00 00 01 01 35 00 00 01 00 30 00 7E 31 30 30 30 38 30 30 30 30 31 31 45 32 30 32 36 30 31 32 39 30 34 31 39 30 35 32 31 30 30 30 30 30 30 30 30 30 30 30 30 30 30 46 37 42 34 0D 09 FE
Parsed:
    P_header: 0xFF
    P_dest_addr: 3132343132333133313234310000000000000000
    P_src_addr: 0000000000000000
    P_subDevType: 0x01
    P_subDev_addr: 0x01
    P_pLen: 0x0035
    RtnFlag: 0x00
    CommType: 0x0001
    透传数据长度: 0x0030
    透传数据: 7E313030303830303030313145323032363031323930343139303532313030303030303030303030303030463742340D
    P_verify: 0x00
    P_tailer: 0xFE
2026-01-29 19:05:21,820 udp_protocol.py:210 [透传数据层]原始数据:
    数据包长度: 48 字节
    HEX: 7E 31 30 30 30 38 30 30 30 30 31 31 45 32 30 32 36 30 31 32 39 30 34 31 39 30 35 32 31 30 30 30 30 30 30 30 30 30 30 30 30 30 30 46 37 42 34 0D
[透传数据层] 协议栈解析:
    透传数据PDU:
        start: 7E
        ver: 10
        adr: 00
        cid1: 80
        cid2: 00
        length: 011E
        checksum: 2100
        end: 00
    透传数据帧:
        cid2: 00
        year: 2026
        month: 01
        day: 29
        week: 04
        hour: 19
        minute: 05
        second: 21
        event_source: 0000000000
        status: 00
        remark: 00
2026-01-29 19:05:31,343 udp_protocol.py:76 [收到UDP数据，来自: ('10.8.187.2', 50055)，数据长度: 64 字节] fsu[liwei_01:313234313233313331323431] 
2026-01-29 19:05:31,345 udp_protocol.py:87 数据包长度: 64 字节
HEX: FF 31 32 34 31 32 33 31 33 31 32 34 31 00 00 00 00 00 00 00 00 00 00 00 00 00 00 00 00 01 00 1D 00 EE 01 00 18 00 7E 31 30 30 31 38 30 34 41 41 30 30 36 46 32 45 32 30 30 46 43 33 42 0D E6 FE
Parsed:
    P_header: 0xFF
    P_dest_addr: 3132343132333133
    P_src_addr: 3132343100000000000000000000000000000000
    P_subDevType: 0x01
    P_subDev_addr: 0x00
    P_pLen: 0x001D
    RtnFlag: 0xEE
    CommType: 0x0001
    透传数据长度: 0x0018
    透传数据: 7E313030313830344141303036463245323030464333420D
    P_verify: 0x00
    P_tailer: 0xFE
2026-01-29 19:05:31,346 udp_protocol.py:123 [透传数据层]原始数据:
    数据包长度: 24 字节
    HEX: 7E 31 30 30 31 38 30 34 41 41 30 30 36 46 32 45 32 30 30 46 43 33 42 0D
[透传数据层] 协议栈解析:
    透传数据PDU:
        start: 7E
        ver: 10
        adr: 01
        cid1: 80
        cid2: 4A
        length: A006
    透传数据帧:
        group: F2
        type: E2
        user_id: 00FC3B0D
2026-01-29 19:05:31,462 udp_protocol.py:176 [######## FSU 向动环发送数据，目的地址：('10.8.187.2', 50055)] fsu[liwei_01:313234313233313331323431] 
2026-01-29 19:05:31,462 udp_protocol.py:190 数据包长度: 88 字节
HEX: FF 00 00 00 00 00 00 00 00 31 32 34 31 32 33 31 33 31 32 34 31 00 00 00 00 00 00 00 00 01 01 35 00 00 01 00 30 00 7E 31 30 30 30 38 30 30 30 30 31 31 45 32 30 32 36 30 31 32 39 30 34 31 39 30 35 33 31 30 30 30 30 30 30 30 30 30 30 30 30 30 30 46 37 42 33 0D 0F FE
Parsed:
    P_header: 0xFF
    P_dest_addr: 3132343132333133313234310000000000000000
    P_src_addr: 0000000000000000
    P_subDevType: 0x01
    P_subDev_addr: 0x01
    P_pLen: 0x0035
    RtnFlag: 0x00
    CommType: 0x0001
    透传数据长度: 0x0030
    透传数据: 7E313030303830303030313145323032363031323930343139303533313030303030303030303030303030463742330D
    P_verify: 0x00
    P_tailer: 0xFE
2026-01-29 19:05:31,463 udp_protocol.py:210 [透传数据层]原始数据:
    数据包长度: 48 字节
    HEX: 7E 31 30 30 30 38 30 30 30 30 31 31 45 32 30 32 36 30 31 32 39 30 34 31 39 30 35 33 31 30 30 30 30 30 30 30 30 30 30 30 30 30 30 46 37 42 33 0D
[透传数据层] 协议栈解析:
    透传数据PDU:
        start: 7E
        ver: 10
        adr: 00
        cid1: 80
        cid2: 00
        length: 011E
        checksum: 3100
        end: 00
    透传数据帧:
        cid2: 00
        year: 2026
        month: 01
        day: 29
        week: 04
        hour: 19
        minute: 05
        second: 31
        event_source: 0000000000
        status: 00
        remark: 00
2026-01-29 19:07:32,747 event_manager.py:125 从配置文件加载了 14 个事件类型和 2 个事件指令
2026-01-29 19:07:32,747 event_manager.py:152 从配置文件加载了事件规则配置
2026-01-29 19:07:32,748 udp_protocol.py:61 UDP服务已启动，监听端口: 10107
2026-01-29 19:07:32,749 server_manager.py:57 事件轮询任务已启动，轮询间隔: 5秒
2026-01-29 19:07:37,289 udp_protocol.py:76 [收到UDP数据，来自: ('10.8.187.2', 50055)，数据长度: 64 字节] fsu[liwei_01:313234313233313331323431] 
2026-01-29 19:07:37,294 base_protocol.py:87 设备协议配置已热加载
2026-01-29 19:07:37,294 udp_protocol.py:87 数据包长度: 64 字节
HEX: FF 31 32 34 31 32 33 31 33 31 32 34 31 00 00 00 00 00 00 00 00 00 00 00 00 00 00 00 00 01 00 1D 00 EE 01 00 18 00 7E 31 30 30 31 38 30 34 41 41 30 30 36 46 32 45 32 30 30 46 43 33 42 0D E6 FE
Parsed:
    P_header: 0xFF
    P_dest_addr: 3132343132333133
    P_src_addr: 3132343100000000000000000000000000000000
    P_subDevType: 0x01
    P_subDev_addr: 0x00
    P_pLen: 0x001D
    RtnFlag: 0xEE
    CommType: 0x0001
    透传数据长度: 0x0018
    透传数据: 7E313030313830344141303036463245323030464333420D
    P_verify: 0x00
    P_tailer: 0xFE
2026-01-29 19:07:37,295 udp_protocol.py:123 [透传数据层]原始数据:
    数据包长度: 24 字节
    HEX: 7E 31 30 30 31 38 30 34 41 41 30 30 36 46 32 45 32 30 30 46 43 33 42 0D
[透传数据层] 协议栈解析:
    透传数据PDU:
        start: 7E
        ver: 10
        adr: 01
        cid1: 80
        cid2: 4A
        length: A006
    透传数据帧:
        group: F2
        type: E2
        user_id: 00FC3B0D
2026-01-29 19:07:37,399 udp_protocol.py:176 [######## FSU 向动环发送数据，目的地址：('10.8.187.2', 50055)] fsu[liwei_01:313234313233313331323431] 
2026-01-29 19:07:37,400 udp_protocol.py:190 数据包长度: 72 字节
HEX: FF 00 00 00 00 00 00 00 00 31 32 34 31 32 33 31 33 31 32 34 31 00 00 00 00 00 00 00 00 01 01 25 00 00 01 00 20 00 7E 31 30 30 30 38 30 30 30 30 32 30 45 30 30 30 30 30 30 30 30 30 30 30 30 30 30 46 41 45 30 0D 78 FE
Parsed:
    P_header: 0xFF
    P_dest_addr: 3132343132333133313234310000000000000000
    P_src_addr: 0000000000000000
    P_subDevType: 0x01
    P_subDev_addr: 0x01
    P_pLen: 0x0025
    RtnFlag: 0x00
    CommType: 0x0001
    透传数据长度: 0x0020
    透传数据: 7E3130303038303030303230453030303030303030303030303030464145300D
    P_verify: 0x00
    P_tailer: 0xFE
2026-01-29 19:07:37,401 udp_protocol.py:210 [透传数据层]原始数据:
    数据包长度: 32 字节
    HEX: 7E 31 30 30 30 38 30 30 30 30 32 30 45 30 30 30 30 30 30 30 30 30 30 30 30 30 30 46 41 45 30 0D
[透传数据层] 协议栈解析:
    透传数据PDU:
        start: 7E
        ver: 10
        adr: 00
        cid1: 80
        cid2: 00
        length: 020E
        checksum: FAE0
        end: 0D
    透传数据帧:
        cid2: 00
        year: 2026
        month: 01
        day: 29
        week: 04
        hour: 19
        minute: 07
        second: 37
        event_source: 0000000000
        status: 00
        remark: 00
2026-01-29 22:24:20,774 udp_protocol.py:76 [收到UDP数据，来自: ('10.8.187.2', 50055)，数据长度: 72 字节] fsu[liwei_01:313234313233313331323431] 
2026-01-29 22:24:20,776 udp_protocol.py:87 数据包长度: 72 字节
HEX: FF 31 32 34 31 32 33 31 33 31 32 34 31 00 00 00 00 00 00 00 00 00 00 00 00 00 00 00 00 01 00 25 00 EE 01 00 20 00 7E 31 30 30 31 38 30 34 38 32 30 30 45 46 30 45 30 30 30 30 30 30 30 30 30 30 30 46 41 43 38 0D 97 FE
Parsed:
    P_header: 0xFF
    P_dest_addr: 3132343132333133
    P_src_addr: 3132343100000000000000000000000000000000
    P_subDevType: 0x01
    P_subDev_addr: 0x00
    P_pLen: 0x0025
    RtnFlag: 0xEE
    CommType: 0x0001
    透传数据长度: 0x0020
    透传数据: 7E3130303138303438323030454630453030303030303030303030464143380D
    P_verify: 0x00
    P_tailer: 0xFE
2026-01-29 22:24:20,776 udp_protocol.py:123 [透传数据层]原始数据:
    数据包长度: 32 字节
    HEX: 7E 31 30 30 31 38 30 34 38 32 30 30 45 46 30 45 30 30 30 30 30 30 30 30 30 30 30 46 41 43 38 0D
[透传数据层] 协议栈解析:
    透传数据PDU:
        start: 7E
        ver: 10
        adr: 01
        cid1: 80
        cid2: 48
        length: 200E
        checksum: FAC8
        end: 0D
    透传数据帧:
        group: F0
        type: E0
        password: 0000000000
2026-01-29 22:24:20,888 udp_protocol.py:176 [######## FSU 向动环发送数据，目的地址：('10.8.187.2', 50055)] fsu[liwei_01:313234313233313331323431] 
2026-01-29 22:24:20,889 udp_protocol.py:190 数据包长度: 72 字节
HEX: FF 00 00 00 00 00 00 00 00 31 32 34 31 32 33 31 33 31 32 34 31 00 00 00 00 00 00 00 00 01 01 25 00 00 01 00 20 00 7E 31 30 30 30 38 30 30 30 30 32 30 45 30 30 30 30 30 30 30 30 30 30 30 30 30 30 46 41 45 30 0D 78 FE
Parsed:
    P_header: 0xFF
    P_dest_addr: 3132343132333133313234310000000000000000
    P_src_addr: 0000000000000000
    P_subDevType: 0x01
    P_subDev_addr: 0x01
    P_pLen: 0x0025
    RtnFlag: 0x00
    CommType: 0x0001
    透传数据长度: 0x0020
    透传数据: 7E3130303038303030303230453030303030303030303030303030464145300D
    P_verify: 0x00
    P_tailer: 0xFE
2026-01-29 22:24:20,891 udp_protocol.py:210 [透传数据层]原始数据:
    数据包长度: 32 字节
    HEX: 7E 31 30 30 30 38 30 30 30 30 32 30 45 30 30 30 30 30 30 30 30 30 30 30 30 30 30 46 41 45 30 0D
[透传数据层] 协议栈解析:
    透传数据PDU:
        start: 7E
        ver: 10
        adr: 00
        cid1: 80
        cid2: 00
        length: 020E
        checksum: FAE0
        end: 0D
    透传数据帧:
        cid2: 00
        data_info: F0E0
2026-01-30 00:54:23,546 udp_protocol.py:76 [收到UDP数据，来自: ('10.8.187.2', 50055)，数据长度: 72 字节] fsu[liwei_01:313234313233313331323431] 
2026-01-30 00:54:23,555 udp_protocol.py:87 数据包长度: 72 字节
HEX: FF 31 32 34 31 32 33 31 33 31 32 34 31 00 00 00 00 00 00 00 00 00 00 00 00 00 00 00 00 01 00 25 00 EE 01 00 20 00 7E 31 30 30 31 38 30 34 38 32 30 30 45 46 30 45 30 30 30 30 30 30 30 30 30 30 30 46 41 43 38 0D 97 FE
Parsed:
    P_header: 0xFF
    P_dest_addr: 3132343132333133
    P_src_addr: 3132343100000000000000000000000000000000
    P_subDevType: 0x01
    P_subDev_addr: 0x00
    P_pLen: 0x0025
    RtnFlag: 0xEE
    CommType: 0x0001
    透传数据长度: 0x0020
    透传数据: 7E3130303138303438323030454630453030303030303030303030464143380D
    P_verify: 0x00
    P_tailer: 0xFE
2026-01-30 00:54:23,556 udp_protocol.py:123 [透传数据层]原始数据:
    数据包长度: 32 字节
    HEX: 7E 31 30 30 31 38 30 34 38 32 30 30 45 46 30 45 30 30 30 30 30 30 30 30 30 30 30 46 41 43 38 0D
[透传数据层] 协议栈解析:
    透传数据PDU:
        start: 7E
        ver: 10
        adr: 01
        cid1: 80
        cid2: 48
        length: 200E
        checksum: FAC8
        end: 0D
    透传数据帧:
        group: F0
        type: E0
        password: 0000000000
2026-01-30 00:54:23,656 udp_protocol.py:176 [######## FSU 向动环发送数据，目的地址：('10.8.187.2', 50055)] fsu[liwei_01:313234313233313331323431] 
2026-01-30 00:54:23,657 udp_protocol.py:190 数据包长度: 72 字节
HEX: FF 00 00 00 00 00 00 00 00 31 32 34 31 32 33 31 33 31 32 34 31 00 00 00 00 00 00 00 00 01 01 25 00 00 01 00 20 00 7E 31 30 30 30 38 30 30 30 30 32 30 45 30 30 30 30 30 30 30 30 30 30 30 30 30 30 46 41 45 30 0D 78 FE
Parsed:
    P_header: 0xFF
    P_dest_addr: 3132343132333133313234310000000000000000
    P_src_addr: 0000000000000000
    P_subDevType: 0x01
    P_subDev_addr: 0x01
    P_pLen: 0x0025
    RtnFlag: 0x00
    CommType: 0x0001
    透传数据长度: 0x0020
    透传数据: 7E3130303038303030303230453030303030303030303030303030464145300D
    P_verify: 0x00
    P_tailer: 0xFE
2026-01-30 00:54:23,657 udp_protocol.py:210 [透传数据层]原始数据:
    数据包长度: 32 字节
    HEX: 7E 31 30 30 30 38 30 30 30 30 32 30 45 30 30 30 30 30 30 30 30 30 30 30 30 30 30 46 41 45 30 0D
[透传数据层] 协议栈解析:
    透传数据PDU:
        start: 7E
        ver: 10
        adr: 00
        cid1: 80
        cid2: 00
        length: 020E
        checksum: FAE0
        end: 0D
    透传数据帧:
        cid2: 00
        data_info: F0E0
