2026-01-31 02:01:45,158 event_manager.py:129 从配置文件加载了 14 个事件类型和 2 个事件指令
2026-01-31 02:01:45,158 event_manager.py:156 从配置文件加载了事件规则配置
2026-01-31 02:01:45,159 udp_protocol.py:61 UDP服务已启动，监听端口: 10107
2026-01-31 02:01:45,160 server_manager.py:57 事件轮询任务已启动，轮询间隔: 5秒
2026-01-31 02:01:52,239 udp_protocol.py:76 [收到UDP数据，来自: ('10.8.187.2', 55668)，数据长度: 64 字节] fsu[liwei_01:313234313233313331323431] 
2026-01-31 02:01:52,242 base_protocol.py:87 设备协议配置已热加载
2026-01-31 02:01:52,243 udp_protocol.py:87 数据包长度: 64 字节
HEX: FF 31 32 34 31 32 33 31 33 31 32 34 31 00 00 00 00 00 00 00 00 00 00 00 00 00 00 00 00 01 00 1D 00 EE 01 00 18 00 7E 31 30 30 31 38 30 34 41 41 30 30 36 46 32 45 37 30 30 46 43 33 36 0D 97 FE
Parsed:
    P_header: 0xFF
    P_dest_addr: 3132343132333133
    P_src_addr: 3132343100000000000000000000000000000000
    P_subDevType: 0x01
    P_subDev_addr: 0x00
    P_pLen: 0x001D
    RtnFlag: 0xEE
    CommType: 0x0001
    透传数据长度: 0x0018
    透传数据: 7E313030313830344141303036463245373030464333360D
    P_verify: 0x00
    P_tailer: 0xFE
2026-01-31 02:01:52,246 udp_protocol.py:123 [透传数据层]原始数据:
    数据包长度: 24 字节
    HEX: 7E 31 30 30 31 38 30 34 41 41 30 30 36 46 32 45 37 30 30 46 43 33 36 0D
[透传数据层] 协议栈解析:
    透传数据PDU:
        start: 7E
        ver: 10
        adr: 01
        cid1: 80
        cid2: 4A
        length: A006
        checksum: FC36
        end: 0D
    透传数据帧:
        group: F2
        type: E7
        dataf: 00
2026-01-31 02:01:52,353 udp_protocol.py:176 [######## FSU 向动环发送数据，目的地址：('10.8.187.2', 55668)] fsu[liwei_01:313234313233313331323431] 
2026-01-31 02:01:52,355 udp_protocol.py:190 数据包长度: 72 字节
HEX: FF 00 00 00 00 00 00 00 00 31 32 34 31 32 33 31 33 31 32 34 31 00 00 00 00 00 00 00 00 01 01 25 00 00 01 00 20 00 7E 31 30 30 30 38 30 30 30 30 32 30 45 30 30 30 30 30 30 30 30 30 30 30 30 30 30 46 41 45 30 0D 78 FE
Parsed:
    P_header: 0xFF
    P_dest_addr: 3132343132333133313234310000000000000000
    P_src_addr: 0000000000000000
    P_subDevType: 0x01
    P_subDev_addr: 0x01
    P_pLen: 0x0025
    RtnFlag: 0x00
    CommType: 0x0001
    透传数据长度: 0x0020
    透传数据: 7E3130303038303030303230453030303030303030303030303030464145300D
    P_verify: 0x00
    P_tailer: 0xFE
2026-01-31 02:01:52,357 udp_protocol.py:210 [透传数据层]原始数据:
    数据包长度: 32 字节
    HEX: 7E 31 30 30 30 38 30 30 30 30 32 30 45 30 30 30 30 30 30 30 30 30 30 30 30 30 30 46 41 45 30 0D
[透传数据层] 协议栈解析:
    透传数据PDU:
        start: 7E
        ver: 10
        adr: 00
        cid1: 80
        cid2: 00
        length: 020E
        checksum: FAE0
        end: 0D
    透传数据帧:
        cid2: 00
        data_info: 00000000
2026-01-31 02:20:33,001 event_manager.py:129 从配置文件加载了 14 个事件类型和 2 个事件指令
2026-01-31 02:20:33,001 event_manager.py:156 从配置文件加载了事件规则配置
2026-01-31 02:20:33,002 udp_protocol.py:61 UDP服务已启动，监听端口: 10107
2026-01-31 02:20:33,002 server_manager.py:57 事件轮询任务已启动，轮询间隔: 5秒
2026-01-31 02:20:40,947 udp_protocol.py:76 [收到UDP数据，来自: ('10.8.187.2', 55668)，数据长度: 64 字节] fsu[liwei_01:313234313233313331323431] 
2026-01-31 02:20:40,951 base_protocol.py:87 设备协议配置已热加载
2026-01-31 02:20:40,951 udp_protocol.py:87 数据包长度: 64 字节
HEX: FF 31 32 34 31 32 33 31 33 31 32 34 31 00 00 00 00 00 00 00 00 00 00 00 00 00 00 00 00 01 00 1D 00 EE 01 00 18 00 7E 31 30 30 31 38 30 34 41 41 30 30 36 46 32 45 37 30 30 46 43 33 36 0D 97 FE
Parsed:
    P_header: 0xFF
    P_dest_addr: 3132343132333133
    P_src_addr: 3132343100000000000000000000000000000000
    P_subDevType: 0x01
    P_subDev_addr: 0x00
    P_pLen: 0x001D
    RtnFlag: 0xEE
    CommType: 0x0001
    透传数据长度: 0x0018
    透传数据: 7E313030313830344141303036463245373030464333360D
    P_verify: 0x00
    P_tailer: 0xFE
2026-01-31 02:20:40,951 udp_protocol.py:123 [透传数据层]原始数据:
    数据包长度: 24 字节
    HEX: 7E 31 30 30 31 38 30 34 41 41 30 30 36 46 32 45 37 30 30 46 43 33 36 0D
[透传数据层] 协议栈解析:
    透传数据PDU:
        start: 7E
        ver: 10
        adr: 01
        cid1: 80
        cid2: 4A
        length: A006
        checksum: FC36
        end: 0D
    透传数据帧:
        group: F2
        type: E7
        dataf: 00
2026-01-31 02:20:41,057 udp_protocol.py:176 [######## FSU 向动环发送数据，目的地址：('10.8.187.2', 55668)] fsu[liwei_01:313234313233313331323431] 
2026-01-31 02:20:41,057 udp_protocol.py:190 数据包长度: 72 字节
HEX: FF 00 00 00 00 00 00 00 00 31 32 34 31 32 33 31 33 31 32 34 31 00 00 00 00 00 00 00 00 01 01 25 00 00 01 00 20 00 7E 31 30 30 30 38 30 30 30 30 32 30 45 30 30 30 30 30 30 30 30 30 30 30 30 30 30 46 41 45 30 0D 78 FE
Parsed:
    P_header: 0xFF
    P_dest_addr: 3132343132333133313234310000000000000000
    P_src_addr: 0000000000000000
    P_subDevType: 0x01
    P_subDev_addr: 0x01
    P_pLen: 0x0025
    RtnFlag: 0x00
    CommType: 0x0001
    透传数据长度: 0x0020
    透传数据: 7E3130303038303030303230453030303030303030303030303030464145300D
    P_verify: 0x00
    P_tailer: 0xFE
2026-01-31 02:20:41,057 udp_protocol.py:210 [透传数据层]原始数据:
    数据包长度: 32 字节
    HEX: 7E 31 30 30 30 38 30 30 30 30 32 30 45 30 30 30 30 30 30 30 30 30 30 30 30 30 30 46 41 45 30 0D
[透传数据层] 协议栈解析:
    透传数据PDU:
        start: 7E
        ver: 10
        adr: 00
        cid1: 80
        cid2: 00
        length: 020E
        checksum: FAE0
        end: 0D
    透传数据帧:
        cid2: 00
        data_info: 00000000
2026-01-31 02:21:56,868 event_manager.py:129 从配置文件加载了 14 个事件类型和 2 个事件指令
2026-01-31 02:21:56,868 event_manager.py:156 从配置文件加载了事件规则配置
2026-01-31 02:21:56,871 udp_protocol.py:61 UDP服务已启动，监听端口: 10107
2026-01-31 02:21:56,871 server_manager.py:57 事件轮询任务已启动，轮询间隔: 5秒
2026-01-31 02:22:14,930 event_manager.py:129 从配置文件加载了 14 个事件类型和 2 个事件指令
2026-01-31 02:22:14,930 event_manager.py:156 从配置文件加载了事件规则配置
2026-01-31 02:22:14,931 udp_protocol.py:61 UDP服务已启动，监听端口: 10107
2026-01-31 02:22:14,931 server_manager.py:57 事件轮询任务已启动，轮询间隔: 5秒
2026-01-31 02:22:18,970 udp_protocol.py:76 [收到UDP数据，来自: ('10.8.187.2', 55668)，数据长度: 64 字节] fsu[liwei_01:313234313233313331323431] 
2026-01-31 02:22:18,971 base_protocol.py:87 设备协议配置已热加载
2026-01-31 02:22:18,971 udp_protocol.py:87 数据包长度: 64 字节
HEX: FF 31 32 34 31 32 33 31 33 31 32 34 31 00 00 00 00 00 00 00 00 00 00 00 00 00 00 00 00 01 00 1D 00 EE 01 00 18 00 7E 31 30 30 31 38 30 34 41 41 30 30 36 46 32 45 37 30 30 46 43 33 36 0D 97 FE
Parsed:
    P_header: 0xFF
    P_dest_addr: 3132343132333133
    P_src_addr: 3132343100000000000000000000000000000000
    P_subDevType: 0x01
    P_subDev_addr: 0x00
    P_pLen: 0x001D
    RtnFlag: 0xEE
    CommType: 0x0001
    透传数据长度: 0x0018
    透传数据: 7E313030313830344141303036463245373030464333360D
    P_verify: 0x00
    P_tailer: 0xFE
2026-01-31 02:22:18,971 udp_protocol.py:123 [透传数据层]原始数据:
    数据包长度: 24 字节
    HEX: 7E 31 30 30 31 38 30 34 41 41 30 30 36 46 32 45 37 30 30 46 43 33 36 0D
[透传数据层] 协议栈解析:
    透传数据PDU:
        start: 7E
        ver: 10
        adr: 01
        cid1: 80
        cid2: 4A
        length: A006
        checksum: FC36
        end: 0D
    透传数据帧:
        group: F2
        type: E7
        dataf: 00
2026-01-31 02:22:19,076 udp_protocol.py:176 [######## FSU 向动环发送数据，目的地址：('10.8.187.2', 55668)] fsu[liwei_01:313234313233313331323431] 
2026-01-31 02:22:19,076 udp_protocol.py:190 数据包长度: 72 字节
HEX: FF 00 00 00 00 00 00 00 00 31 32 34 31 32 33 31 33 31 32 34 31 00 00 00 00 00 00 00 00 01 01 25 00 00 01 00 20 00 7E 31 30 30 30 38 30 30 30 30 32 30 45 30 30 30 30 30 30 30 30 30 30 30 30 30 30 46 41 45 30 0D 78 FE
Parsed:
    P_header: 0xFF
    P_dest_addr: 3132343132333133313234310000000000000000
    P_src_addr: 0000000000000000
    P_subDevType: 0x01
    P_subDev_addr: 0x01
    P_pLen: 0x0025
    RtnFlag: 0x00
    CommType: 0x0001
    透传数据长度: 0x0020
    透传数据: 7E3130303038303030303230453030303030303030303030303030464145300D
    P_verify: 0x00
    P_tailer: 0xFE
2026-01-31 02:22:19,076 udp_protocol.py:210 [透传数据层]原始数据:
    数据包长度: 32 字节
    HEX: 7E 31 30 30 30 38 30 30 30 30 32 30 45 30 30 30 30 30 30 30 30 30 30 30 30 30 30 46 41 45 30 0D
[透传数据层] 协议栈解析:
    透传数据PDU:
        start: 7E
        ver: 10
        adr: 00
        cid1: 80
        cid2: 00
        length: 020E
        checksum: FAE0
        end: 0D
    透传数据帧:
        cid2: 00
        data_info: 00000000
2026-01-31 02:40:10,636 event_manager.py:129 从配置文件加载了 14 个事件类型和 2 个事件指令
2026-01-31 02:40:10,636 event_manager.py:156 从配置文件加载了事件规则配置
2026-01-31 02:40:10,637 udp_protocol.py:61 UDP服务已启动，监听端口: 10107
2026-01-31 02:40:10,637 server_manager.py:57 事件轮询任务已启动，轮询间隔: 5秒
2026-01-31 02:40:30,342 udp_protocol.py:76 [收到UDP数据，来自: ('10.8.187.2', 62455)，数据长度: 64 字节] fsu[liwei_01:313234313233313331323431] 
2026-01-31 02:40:30,343 base_protocol.py:87 设备协议配置已热加载
2026-01-31 02:40:30,343 udp_protocol.py:87 数据包长度: 64 字节
HEX: FF 31 32 34 31 32 33 31 33 31 32 34 31 00 00 00 00 00 00 00 00 00 00 00 00 00 00 00 00 01 00 1D 00 EE 01 00 18 00 7E 31 30 30 31 38 30 34 41 41 30 30 36 46 32 45 30 30 30 46 43 33 44 0D E2 FE
Parsed:
    P_header: 0xFF
    P_dest_addr: 3132343132333133
    P_src_addr: 3132343100000000000000000000000000000000
    P_subDevType: 0x01
    P_subDev_addr: 0x00
    P_pLen: 0x001D
    RtnFlag: 0xEE
    CommType: 0x0001
    透传数据长度: 0x0018
    透传数据: 7E313030313830344141303036463245303030464333440D
    P_verify: 0x00
    P_tailer: 0xFE
2026-01-31 02:40:30,344 udp_protocol.py:123 [透传数据层]原始数据:
    数据包长度: 24 字节
    HEX: 7E 31 30 30 31 38 30 34 41 41 30 30 36 46 32 45 30 30 30 46 43 33 44 0D
[透传数据层] 协议栈解析:
    透传数据PDU:
        start: 7E
        ver: 10
        adr: 01
        cid1: 80
        cid2: 4A
        length: A006
        checksum: FC3D
        end: 0D
    透传数据帧:
        group: F2
        type: E0
        dataf: 00
2026-01-31 02:40:30,449 udp_protocol.py:176 [######## FSU 向动环发送数据，目的地址：('10.8.187.2', 62455)] fsu[liwei_01:313234313233313331323431] 
2026-01-31 02:40:30,449 udp_protocol.py:190 数据包长度: 74 字节
HEX: FF 00 00 00 00 00 00 00 00 31 32 34 31 32 33 31 33 31 32 34 31 00 00 00 00 00 00 00 00 01 01 27 00 00 01 00 22 00 7E 31 30 30 30 38 30 30 30 30 46 31 30 32 30 32 36 30 31 33 31 30 36 30 32 34 30 33 30 46 41 36 32 0D 0F FE
Parsed:
    P_header: 0xFF
    P_dest_addr: 3132343132333133313234310000000000000000
    P_src_addr: 0000000000000000
    P_subDevType: 0x01
    P_subDev_addr: 0x01
    P_pLen: 0x0027
    RtnFlag: 0x00
    CommType: 0x0001
    透传数据长度: 0x0022
    透传数据: 7E31303030383030303046313032303236303133313036303234303330464136320D
    P_verify: 0x00
    P_tailer: 0xFE
2026-01-31 02:40:30,450 udp_protocol.py:210 [透传数据层]原始数据:
    数据包长度: 34 字节
    HEX: 7E 31 30 30 30 38 30 30 30 30 46 31 30 32 30 32 36 30 31 33 31 30 36 30 32 34 30 33 30 46 41 36 32 0D
[透传数据层] 协议栈解析:
    透传数据PDU:
        start: 7E
        ver: 10
        adr: 00
        cid1: 80
        cid2: 00
        length: 0F10
        checksum: 30FA
        end: 62
    透传数据帧:
        cid2: 00
        year: 2026
        month: 01
        day: 31
        week: 06
        hour: 02
        minute: 40
        second: 30
2026-01-31 02:40:42,073 udp_protocol.py:76 [收到UDP数据，来自: ('10.8.187.2', 62455)，数据长度: 64 字节] fsu[liwei_01:313234313233313331323431] 
2026-01-31 02:40:42,075 udp_protocol.py:87 数据包长度: 64 字节
HEX: FF 31 32 34 31 32 33 31 33 31 32 34 31 00 00 00 00 00 00 00 00 00 00 00 00 00 00 00 00 01 00 1D 00 EE 01 00 18 00 7E 31 30 30 31 38 30 34 41 41 30 30 36 46 32 45 37 30 30 46 43 33 36 0D 97 FE
Parsed:
    P_header: 0xFF
    P_dest_addr: 3132343132333133
    P_src_addr: 3132343100000000000000000000000000000000
    P_subDevType: 0x01
    P_subDev_addr: 0x00
    P_pLen: 0x001D
    RtnFlag: 0xEE
    CommType: 0x0001
    透传数据长度: 0x0018
    透传数据: 7E313030313830344141303036463245373030464333360D
    P_verify: 0x00
    P_tailer: 0xFE
2026-01-31 02:40:42,076 udp_protocol.py:123 [透传数据层]原始数据:
    数据包长度: 24 字节
    HEX: 7E 31 30 30 31 38 30 34 41 41 30 30 36 46 32 45 37 30 30 46 43 33 36 0D
[透传数据层] 协议栈解析:
    透传数据PDU:
        start: 7E
        ver: 10
        adr: 01
        cid1: 80
        cid2: 4A
        length: A006
        checksum: FC36
        end: 0D
    透传数据帧:
        group: F2
        type: E7
        dataf: 00
2026-01-31 02:40:42,189 udp_protocol.py:176 [######## FSU 向动环发送数据，目的地址：('10.8.187.2', 62455)] fsu[liwei_01:313234313233313331323431] 
2026-01-31 02:40:42,189 udp_protocol.py:190 数据包长度: 72 字节
HEX: FF 00 00 00 00 00 00 00 00 31 32 34 31 32 33 31 33 31 32 34 31 00 00 00 00 00 00 00 00 01 01 25 00 00 01 00 20 00 7E 31 30 30 30 38 30 30 30 30 32 30 45 30 30 30 30 30 30 30 30 30 30 30 30 30 30 46 41 45 30 0D 78 FE
Parsed:
    P_header: 0xFF
    P_dest_addr: 3132343132333133313234310000000000000000
    P_src_addr: 0000000000000000
    P_subDevType: 0x01
    P_subDev_addr: 0x01
    P_pLen: 0x0025
    RtnFlag: 0x00
    CommType: 0x0001
    透传数据长度: 0x0020
    透传数据: 7E3130303038303030303230453030303030303030303030303030464145300D
    P_verify: 0x00
    P_tailer: 0xFE
2026-01-31 02:40:42,190 udp_protocol.py:210 [透传数据层]原始数据:
    数据包长度: 32 字节
    HEX: 7E 31 30 30 30 38 30 30 30 30 32 30 45 30 30 30 30 30 30 30 30 30 30 30 30 30 30 46 41 45 30 0D
[透传数据层] 协议栈解析:
    透传数据PDU:
        start: 7E
        ver: 10
        adr: 00
        cid1: 80
        cid2: 00
        length: 020E
        checksum: FAE0
        end: 0D
    透传数据帧:
        cid2: 00
        work_status: 01
        line_status: 02
2026-01-31 02:54:32,935 event_manager.py:129 从配置文件加载了 14 个事件类型和 2 个事件指令
2026-01-31 02:54:32,936 event_manager.py:156 从配置文件加载了事件规则配置
2026-01-31 02:54:32,936 udp_protocol.py:61 UDP服务已启动，监听端口: 10107
2026-01-31 02:54:32,937 server_manager.py:57 事件轮询任务已启动，轮询间隔: 5秒
2026-01-31 02:54:38,860 udp_protocol.py:76 [收到UDP数据，来自: ('10.8.187.2', 62455)，数据长度: 64 字节] fsu[liwei_01:313234313233313331323431] 
2026-01-31 02:54:38,862 base_protocol.py:87 设备协议配置已热加载
2026-01-31 02:54:38,863 udp_protocol.py:87 数据包长度: 64 字节
HEX: FF 31 32 34 31 32 33 31 33 31 32 34 31 00 00 00 00 00 00 00 00 00 00 00 00 00 00 00 00 01 00 1D 00 EE 01 00 18 00 7E 31 30 30 31 38 30 34 41 41 30 30 36 46 32 45 37 30 30 46 43 33 36 0D 97 FE
Parsed:
    P_header: 0xFF
    P_dest_addr: 3132343132333133
    P_src_addr: 3132343100000000000000000000000000000000
    P_subDevType: 0x01
    P_subDev_addr: 0x00
    P_pLen: 0x001D
    RtnFlag: 0xEE
    CommType: 0x0001
    透传数据长度: 0x0018
    透传数据: 7E313030313830344141303036463245373030464333360D
    P_verify: 0x00
    P_tailer: 0xFE
2026-01-31 02:54:38,864 udp_protocol.py:123 [透传数据层]原始数据:
    数据包长度: 24 字节
    HEX: 7E 31 30 30 31 38 30 34 41 41 30 30 36 46 32 45 37 30 30 46 43 33 36 0D
[透传数据层] 协议栈解析:
    透传数据PDU:
        start: 7E
        ver: 10
        adr: 01
        cid1: 80
        cid2: 4A
        length: A006
        checksum: FC36
        end: 0D
    透传数据帧:
        group: F2
        type: E7
        dataf: 00
2026-01-31 02:54:38,970 udp_protocol.py:176 [######## FSU 向动环发送数据，目的地址：('10.8.187.2', 62455)] fsu[liwei_01:313234313233313331323431] 
2026-01-31 02:54:38,970 udp_protocol.py:190 数据包长度: 72 字节
HEX: FF 00 00 00 00 00 00 00 00 31 32 34 31 32 33 31 33 31 32 34 31 00 00 00 00 00 00 00 00 01 01 25 00 00 01 00 20 00 7E 31 30 30 30 38 30 30 30 30 32 30 45 30 30 30 30 30 30 30 30 30 30 30 30 30 30 46 41 45 30 0D 78 FE
Parsed:
    P_header: 0xFF
    P_dest_addr: 3132343132333133313234310000000000000000
    P_src_addr: 0000000000000000
    P_subDevType: 0x01
    P_subDev_addr: 0x01
    P_pLen: 0x0025
    RtnFlag: 0x00
    CommType: 0x0001
    透传数据长度: 0x0020
    透传数据: 7E3130303038303030303230453030303030303030303030303030464145300D
    P_verify: 0x00
    P_tailer: 0xFE
2026-01-31 02:54:38,972 udp_protocol.py:210 [透传数据层]原始数据:
    数据包长度: 32 字节
    HEX: 7E 31 30 30 30 38 30 30 30 30 32 30 45 30 30 30 30 30 30 30 30 30 30 30 30 30 30 46 41 45 30 0D
[透传数据层] 协议栈解析:
    透传数据PDU:
        start: 7E
        ver: 10
        adr: 00
        cid1: 80
        cid2: 00
        length: 020E
        checksum: FAE0
        end: 0D
    透传数据帧:
        cid2: 00
        work_status: 01
        line_status: 02
2026-01-31 03:02:05,793 event_manager.py:129 从配置文件加载了 14 个事件类型和 2 个事件指令
2026-01-31 03:02:05,793 event_manager.py:156 从配置文件加载了事件规则配置
2026-01-31 03:02:05,794 udp_protocol.py:61 UDP服务已启动，监听端口: 10107
2026-01-31 03:02:05,794 server_manager.py:57 事件轮询任务已启动，轮询间隔: 5秒
2026-01-31 03:02:11,621 udp_protocol.py:76 [收到UDP数据，来自: ('10.8.187.2', 62455)，数据长度: 64 字节] fsu[liwei_01:313234313233313331323431] 
2026-01-31 03:02:11,624 base_protocol.py:87 设备协议配置已热加载
2026-01-31 03:02:11,624 udp_protocol.py:87 数据包长度: 64 字节
HEX: FF 31 32 34 31 32 33 31 33 31 32 34 31 00 00 00 00 00 00 00 00 00 00 00 00 00 00 00 00 01 00 1D 00 EE 01 00 18 00 7E 31 30 30 31 38 30 34 41 41 30 30 36 46 32 45 30 30 30 46 43 33 44 0D E2 FE
Parsed:
    P_header: 0xFF
    P_dest_addr: 3132343132333133
    P_src_addr: 3132343100000000000000000000000000000000
    P_subDevType: 0x01
    P_subDev_addr: 0x00
    P_pLen: 0x001D
    RtnFlag: 0xEE
    CommType: 0x0001
    透传数据长度: 0x0018
    透传数据: 7E313030313830344141303036463245303030464333440D
    P_verify: 0x00
    P_tailer: 0xFE
2026-01-31 03:02:11,626 udp_protocol.py:123 [透传数据层]原始数据:
    数据包长度: 24 字节
    HEX: 7E 31 30 30 31 38 30 34 41 41 30 30 36 46 32 45 30 30 30 46 43 33 44 0D
[透传数据层] 协议栈解析:
    透传数据PDU:
        start: 7E
        ver: 10
        adr: 01
        cid1: 80
        cid2: 4A
        length: A006
        checksum: FC3D
        end: 0D
    透传数据帧:
        group: F2
        type: E0
        dataf: 00
2026-01-31 03:02:11,744 udp_protocol.py:176 [######## FSU 向动环发送数据，目的地址：('10.8.187.2', 62455)] fsu[liwei_01:313234313233313331323431] 
2026-01-31 03:02:11,745 udp_protocol.py:190 数据包长度: 74 字节
HEX: FF 00 00 00 00 00 00 00 00 31 32 34 31 32 33 31 33 31 32 34 31 00 00 00 00 00 00 00 00 01 01 27 00 00 01 00 22 00 7E 31 30 30 30 38 30 30 30 30 46 31 30 32 30 32 36 30 31 33 31 30 36 30 33 30 32 31 31 46 41 36 34 0D 0D FE
Parsed:
    P_header: 0xFF
    P_dest_addr: 3132343132333133313234310000000000000000
    P_src_addr: 0000000000000000
    P_subDevType: 0x01
    P_subDev_addr: 0x01
    P_pLen: 0x0027
    RtnFlag: 0x00
    CommType: 0x0001
    透传数据长度: 0x0022
    透传数据: 7E31303030383030303046313032303236303133313036303330323131464136340D
    P_verify: 0x00
    P_tailer: 0xFE
2026-01-31 03:02:11,750 udp_protocol.py:210 [透传数据层]原始数据:
    数据包长度: 34 字节
    HEX: 7E 31 30 30 30 38 30 30 30 30 46 31 30 32 30 32 36 30 31 33 31 30 36 30 33 30 32 31 31 46 41 36 34 0D
[透传数据层] 协议栈解析:
    透传数据PDU:
        start: 7E
        ver: 10
        adr: 00
        cid1: 80
        cid2: 00
        length: 0F10
        checksum: 11FA
        end: 64
    透传数据帧:
        cid2: 00
        year: 2026
        month: 01
        day: 31
        week: 06
        hour: 03
        minute: 02
        second: 11
2026-01-31 03:02:18,592 udp_protocol.py:76 [收到UDP数据，来自: ('10.8.187.2', 62455)，数据长度: 64 字节] fsu[liwei_01:313234313233313331323431] 
2026-01-31 03:02:18,594 udp_protocol.py:87 数据包长度: 64 字节
HEX: FF 31 32 34 31 32 33 31 33 31 32 34 31 00 00 00 00 00 00 00 00 00 00 00 00 00 00 00 00 01 00 1D 00 EE 01 00 18 00 7E 31 30 30 31 38 30 34 41 41 30 30 36 46 32 45 37 30 30 46 43 33 36 0D 97 FE
Parsed:
    P_header: 0xFF
    P_dest_addr: 3132343132333133
    P_src_addr: 3132343100000000000000000000000000000000
    P_subDevType: 0x01
    P_subDev_addr: 0x00
    P_pLen: 0x001D
    RtnFlag: 0xEE
    CommType: 0x0001
    透传数据长度: 0x0018
    透传数据: 7E313030313830344141303036463245373030464333360D
    P_verify: 0x00
    P_tailer: 0xFE
2026-01-31 03:02:18,596 udp_protocol.py:123 [透传数据层]原始数据:
    数据包长度: 24 字节
    HEX: 7E 31 30 30 31 38 30 34 41 41 30 30 36 46 32 45 37 30 30 46 43 33 36 0D
[透传数据层] 协议栈解析:
    透传数据PDU:
        start: 7E
        ver: 10
        adr: 01
        cid1: 80
        cid2: 4A
        length: A006
        checksum: FC36
        end: 0D
    透传数据帧:
        group: F2
        type: E7
        dataf: 00
2026-01-31 03:02:18,698 udp_protocol.py:176 [######## FSU 向动环发送数据，目的地址：('10.8.187.2', 62455)] fsu[liwei_01:313234313233313331323431] 
2026-01-31 03:02:18,699 udp_protocol.py:190 数据包长度: 72 字节
HEX: FF 00 00 00 00 00 00 00 00 31 32 34 31 32 33 31 33 31 32 34 31 00 00 00 00 00 00 00 00 01 01 25 00 00 01 00 20 00 7E 31 30 30 30 38 30 30 30 30 32 30 45 30 30 30 30 30 30 30 30 30 30 30 30 30 30 46 41 45 30 0D 78 FE
Parsed:
    P_header: 0xFF
    P_dest_addr: 3132343132333133313234310000000000000000
    P_src_addr: 0000000000000000
    P_subDevType: 0x01
    P_subDev_addr: 0x01
    P_pLen: 0x0025
    RtnFlag: 0x00
    CommType: 0x0001
    透传数据长度: 0x0020
    透传数据: 7E3130303038303030303230453030303030303030303030303030464145300D
    P_verify: 0x00
    P_tailer: 0xFE
2026-01-31 03:02:18,701 udp_protocol.py:210 [透传数据层]原始数据:
    数据包长度: 32 字节
    HEX: 7E 31 30 30 30 38 30 30 30 30 32 30 45 30 30 30 30 30 30 30 30 30 30 30 30 30 30 46 41 45 30 0D
[透传数据层] 协议栈解析:
    透传数据PDU:
        start: 7E
        ver: 10
        adr: 00
        cid1: 80
        cid2: 00
        length: 020E
        checksum: FAE0
        end: 0D
    透传数据帧:
        cid2: 00
        work_status: 00
        line_status: 00
2026-01-31 03:08:31,068 event_manager.py:129 从配置文件加载了 14 个事件类型和 2 个事件指令
2026-01-31 03:08:31,068 event_manager.py:156 从配置文件加载了事件规则配置
2026-01-31 03:08:31,069 udp_protocol.py:61 UDP服务已启动，监听端口: 10107
2026-01-31 03:08:31,069 server_manager.py:57 事件轮询任务已启动，轮询间隔: 5秒
2026-01-31 03:08:39,507 udp_protocol.py:76 [收到UDP数据，来自: ('10.8.187.2', 55668)，数据长度: 72 字节] fsu[liwei_01:313234313233313331323431] 
2026-01-31 03:08:39,509 base_protocol.py:87 设备协议配置已热加载
2026-01-31 03:08:39,509 udp_protocol.py:87 数据包长度: 72 字节
HEX: FF 31 32 34 31 32 33 31 33 31 32 34 31 00 00 00 00 00 00 00 00 00 00 00 00 00 00 00 00 01 00 25 00 EE 01 00 20 00 7E 31 30 30 31 38 30 34 38 32 30 30 45 46 30 45 30 30 30 30 30 30 30 30 30 30 30 46 41 43 38 0D 97 FE
Parsed:
    P_header: 0xFF
    P_dest_addr: 3132343132333133
    P_src_addr: 3132343100000000000000000000000000000000
    P_subDevType: 0x01
    P_subDev_addr: 0x00
    P_pLen: 0x0025
    RtnFlag: 0xEE
    CommType: 0x0001
    透传数据长度: 0x0020
    透传数据: 7E3130303138303438323030454630453030303030303030303030464143380D
    P_verify: 0x00
    P_tailer: 0xFE
2026-01-31 03:08:39,510 udp_protocol.py:123 [透传数据层]原始数据:
    数据包长度: 32 字节
    HEX: 7E 31 30 30 31 38 30 34 38 32 30 30 45 46 30 45 30 30 30 30 30 30 30 30 30 30 30 46 41 43 38 0D
[透传数据层] 协议栈解析:
    透传数据PDU:
        start: 7E
        ver: 10
        adr: 01
        cid1: 80
        cid2: 48
        length: 200E
        checksum: FAC8
        end: 0D
    透传数据帧:
        group: F0
        type: E0
        password: 0000000000
2026-01-31 03:08:39,613 udp_protocol.py:176 [######## FSU 向动环发送数据，目的地址：('10.8.187.2', 55668)] fsu[liwei_01:313234313233313331323431] 
2026-01-31 03:08:39,613 udp_protocol.py:190 数据包长度: 72 字节
HEX: FF 00 00 00 00 00 00 00 00 31 32 34 31 32 33 31 33 31 32 34 31 00 00 00 00 00 00 00 00 01 01 25 00 00 01 00 20 00 7E 31 30 30 30 38 30 30 30 30 32 30 45 30 30 30 30 30 30 30 30 30 30 30 30 30 30 46 41 45 30 0D 78 FE
Parsed:
    P_header: 0xFF
    P_dest_addr: 3132343132333133313234310000000000000000
    P_src_addr: 0000000000000000
    P_subDevType: 0x01
    P_subDev_addr: 0x01
    P_pLen: 0x0025
    RtnFlag: 0x00
    CommType: 0x0001
    透传数据长度: 0x0020
    透传数据: 7E3130303038303030303230453030303030303030303030303030464145300D
    P_verify: 0x00
    P_tailer: 0xFE
2026-01-31 03:08:39,614 udp_protocol.py:210 [透传数据层]原始数据:
    数据包长度: 32 字节
    HEX: 7E 31 30 30 30 38 30 30 30 30 32 30 45 30 30 30 30 30 30 30 30 30 30 30 30 30 30 46 41 45 30 0D
[透传数据层] 协议栈解析:
    透传数据PDU:
        start: 7E
        ver: 10
        adr: 00
        cid1: 80
        cid2: 00
        length: 020E
        checksum: FAE0
        end: 0D
    透传数据帧:
        cid2: 00
        data_info: F0E0
