2026-01-28 00:36:30,347 udp_protocol.py:52 UDP服务已启动，监听端口: 10107
2026-01-28 00:37:40,466 udp_protocol.py:52 UDP服务已启动，监听端口: 10107
2026-01-28 00:38:43,653 udp_protocol.py:52 UDP服务已启动，监听端口: 10107
2026-01-28 00:46:15,156 udp_protocol.py:52 UDP服务已启动，监听端口: 10107
2026-01-28 00:47:06,060 udp_protocol.py:52 UDP服务已启动，监听端口: 10107
2026-01-28 00:54:40,266 udp_protocol.py:52 UDP服务已启动，监听端口: 10107
2026-01-28 00:57:45,214 udp_protocol.py:52 UDP服务已启动，监听端口: 10107
2026-01-28 01:03:16,281 udp_protocol.py:52 UDP服务已启动，监听端口: 10107
2026-01-28 01:03:54,686 udp_protocol.py:52 UDP服务已启动，监听端口: 10107
2026-01-28 10:06:12,375 udp_protocol.py:89 UDP服务已启动，监听端口: 10107
2026-01-28 10:17:00,104 udp_protocol.py:364 事件类型配置文件不存在: ./config/liwei\event_types.json
2026-01-28 10:17:00,105 udp_protocol.py:74 UDP服务已启动，监听端口: 10107
2026-01-28 10:17:33,652 udp_protocol.py:364 事件类型配置文件不存在: ./config/liwei\event_types.json
2026-01-28 10:17:33,653 udp_protocol.py:74 UDP服务已启动，监听端口: 10107
2026-01-28 10:30:41,175 udp_protocol.py:434 事件类型配置文件不存在: ./config/liwei\event_types.json
2026-01-28 10:31:08,205 udp_protocol.py:434 事件类型配置文件不存在: ./config/liwei\event_types.json
2026-01-28 10:32:14,656 udp_protocol.py:434 事件类型配置文件不存在: ./config/liwei\event_types.json
2026-01-28 10:44:16,390 udp_protocol.py:434 事件类型配置文件不存在: ./config/liwei\event_types.json
2026-01-28 10:44:25,468 udp_protocol.py:434 事件类型配置文件不存在: ./config/liwei\event_types.json
2026-01-28 10:44:25,468 udp_protocol.py:74 UDP服务已启动，监听端口: 10107
2026-01-28 10:54:14,427 udp_protocol.py:445 事件类型配置文件不存在: ./config/liwei\event_types.json
2026-01-28 10:54:14,428 udp_protocol.py:473 事件配置文件不存在: ./config/liwei\event_config.json
2026-01-28 14:47:16,303 udp_protocol.py:474 事件类型配置文件不存在: ./config/liwei\event_types.json
2026-01-28 14:47:16,303 udp_protocol.py:501 事件规则配置文件不存在: ./config/liwei\rules\event.json
2026-01-28 14:47:16,304 udp_protocol.py:92 UDP服务已启动，监听端口: 10107
2026-01-28 14:54:26,017 udp_protocol.py:445 事件类型配置文件不存在: ./config/liwei\event_types.json
2026-01-28 14:54:26,017 udp_protocol.py:472 事件规则配置文件不存在: ./config/liwei\rules\event.json
2026-01-28 14:54:26,018 udp_protocol.py:77 UDP服务已启动，监听端口: 10107
2026-01-28 17:41:13,607 event_manager.py:116 事件类型配置文件不存在: ./config/liwei\event_types.json
2026-01-28 17:41:13,607 event_manager.py:143 事件规则配置文件不存在: ./config/liwei\rules\event.json
2026-01-28 17:41:13,608 udp_protocol.py:61 UDP服务已启动，监听端口: 10107
2026-01-28 17:41:13,609 server_manager.py:57 事件轮询任务已启动，轮询间隔: 5秒
2026-01-28 18:52:11,062 event_manager.py:114 从配置文件加载了 16 个事件类型
2026-01-28 18:52:11,062 event_manager.py:141 从配置文件加载了事件规则配置
2026-01-28 18:52:11,064 udp_protocol.py:61 UDP服务已启动，监听端口: 10107
2026-01-28 18:52:11,064 server_manager.py:57 事件轮询任务已启动，轮询间隔: 5秒
2026-01-28 18:52:37,826 udp_protocol.py:76 [收到UDP数据，来自: ('10.8.187.2', 64738)，数据长度: 72 字节] fsu[liwei_01:313234313233313331323431] 
2026-01-28 18:52:37,831 base_protocol.py:87 设备协议配置已热加载
2026-01-28 18:52:37,832 udp_protocol.py:87 数据包长度: 72 字节
HEX: FF 31 32 34 31 32 33 31 33 31 32 34 31 00 00 00 00 00 00 00 00 00 00 00 00 00 00 00 00 01 00 25 00 EE 01 00 20 00 7E 31 30 30 31 38 30 34 38 32 30 30 45 46 30 45 30 30 30 30 30 30 30 30 30 30 30 46 41 43 38 0D 97 FE
Parsed:
    P_header: 0xFF
    P_dest_addr: 3132343132333133
    P_src_addr: 3132343100000000000000000000000000000000
    P_subDevType: 0x01
    P_subDev_addr: 0x00
    P_pLen: 0x0025
    RtnFlag: 0xEE
    CommType: 0x0001
    透传数据长度: 0x0020
    透传数据: 7E3130303138303438323030454630453030303030303030303030464143380D
    P_verify: 0x00
    P_tailer: 0xFE
2026-01-28 18:52:37,837 udp_protocol.py:123 [透传数据层]原始数据:
    数据包长度: 32 字节
    HEX: 7E 31 30 30 31 38 30 34 38 32 30 30 45 46 30 45 30 30 30 30 30 30 30 30 30 30 30 46 41 43 38 0D
[透传数据层] 协议栈解析:
    透传数据PDU:
        start: 7E
        ver: 10
        adr: 01
        cid1: 80
        cid2: 48
        length: 200E
        checksum: FAC8
        end: 0D
    透传数据帧:
        group: F0
        type: E0
        password: 0000000000
2026-01-28 18:52:37,942 udp_protocol.py:176 [######## FSU 向动环发送数据，目的地址：('10.8.187.2', 64738)] fsu[liwei_01:313234313233313331323431] 
2026-01-28 18:52:37,945 udp_protocol.py:190 数据包长度: 72 字节
HEX: FF 00 00 00 00 00 00 00 00 31 32 34 31 32 33 31 33 31 32 34 31 00 00 00 00 00 00 00 00 01 01 25 00 00 01 00 20 00 7E 31 30 30 30 38 30 30 30 30 32 30 45 30 30 30 30 30 30 30 30 30 30 30 30 30 30 46 41 45 30 0D 78 FE
Parsed:
    P_header: 0xFF
    P_dest_addr: 3132343132333133313234310000000000000000
    P_src_addr: 0000000000000000
    P_subDevType: 0x01
    P_subDev_addr: 0x01
    P_pLen: 0x0025
    RtnFlag: 0x00
    CommType: 0x0001
    透传数据长度: 0x0020
    透传数据: 7E3130303038303030303230453030303030303030303030303030464145300D
    P_verify: 0x00
    P_tailer: 0xFE
2026-01-28 18:52:37,946 udp_protocol.py:210 [透传数据层]原始数据:
    数据包长度: 32 字节
    HEX: 7E 31 30 30 30 38 30 30 30 30 32 30 45 30 30 30 30 30 30 30 30 30 30 30 30 30 30 46 41 45 30 0D
[透传数据层] 协议栈解析:
    透传数据PDU:
        start: 7E
        ver: 10
        adr: 00
        cid1: 80
        cid2: 00
        length: 020E
        checksum: FAE0
        end: 0D
    透传数据帧:
        cid2: 00
        data_info: F0E0
2026-01-28 18:52:37,947 event_manager.py:193 [SINGLE MODE] 接收到请求，返回事件类型: 正常开门 (状态码: 00)
2026-01-28 18:52:37,948 event_manager.py:288 [SEND] fsu[liwei_01:313234313233313331323431] 发送事件: 正常开门 (状态码: 00) 到SC IoT中心: ('10.1.4.113', 28086)
2026-01-28 18:52:49,501 udp_protocol.py:76 [收到UDP数据，来自: ('10.8.187.2', 64738)，数据长度: 72 字节] fsu[liwei_01:313234313233313331323431] 
2026-01-28 18:52:49,503 udp_protocol.py:87 数据包长度: 72 字节
HEX: FF 31 32 34 31 32 33 31 33 31 32 34 31 00 00 00 00 00 00 00 00 00 00 00 00 00 00 00 00 01 00 25 00 EE 01 00 20 00 7E 31 30 30 31 38 30 34 38 32 30 30 45 46 30 45 30 30 30 30 30 30 30 30 30 30 30 46 41 43 38 0D 97 FE
Parsed:
    P_header: 0xFF
    P_dest_addr: 3132343132333133
    P_src_addr: 3132343100000000000000000000000000000000
    P_subDevType: 0x01
    P_subDev_addr: 0x00
    P_pLen: 0x0025
    RtnFlag: 0xEE
    CommType: 0x0001
    透传数据长度: 0x0020
    透传数据: 7E3130303138303438323030454630453030303030303030303030464143380D
    P_verify: 0x00
    P_tailer: 0xFE
2026-01-28 18:52:49,505 udp_protocol.py:123 [透传数据层]原始数据:
    数据包长度: 32 字节
    HEX: 7E 31 30 30 31 38 30 34 38 32 30 30 45 46 30 45 30 30 30 30 30 30 30 30 30 30 30 46 41 43 38 0D
[透传数据层] 协议栈解析:
    透传数据PDU:
        start: 7E
        ver: 10
        adr: 01
        cid1: 80
        cid2: 48
        length: 200E
        checksum: FAC8
        end: 0D
    透传数据帧:
        group: F0
        type: E0
        password: 0000000000
2026-01-28 18:52:49,614 udp_protocol.py:176 [######## FSU 向动环发送数据，目的地址：('10.8.187.2', 64738)] fsu[liwei_01:313234313233313331323431] 
2026-01-28 18:52:49,614 udp_protocol.py:190 数据包长度: 72 字节
HEX: FF 00 00 00 00 00 00 00 00 31 32 34 31 32 33 31 33 31 32 34 31 00 00 00 00 00 00 00 00 01 01 25 00 00 01 00 20 00 7E 31 30 30 30 38 30 30 30 30 32 30 45 30 30 30 30 30 30 30 30 30 30 30 30 30 30 46 41 45 30 0D 78 FE
Parsed:
    P_header: 0xFF
    P_dest_addr: 3132343132333133313234310000000000000000
    P_src_addr: 0000000000000000
    P_subDevType: 0x01
    P_subDev_addr: 0x01
    P_pLen: 0x0025
    RtnFlag: 0x00
    CommType: 0x0001
    透传数据长度: 0x0020
    透传数据: 7E3130303038303030303230453030303030303030303030303030464145300D
    P_verify: 0x00
    P_tailer: 0xFE
2026-01-28 18:52:49,616 udp_protocol.py:210 [透传数据层]原始数据:
    数据包长度: 32 字节
    HEX: 7E 31 30 30 30 38 30 30 30 30 32 30 45 30 30 30 30 30 30 30 30 30 30 30 30 30 30 46 41 45 30 0D
[透传数据层] 协议栈解析:
    透传数据PDU:
        start: 7E
        ver: 10
        adr: 00
        cid1: 80
        cid2: 00
        length: 020E
        checksum: FAE0
        end: 0D
    透传数据帧:
        cid2: 00
        data_info: F0E0
2026-01-28 18:52:49,617 event_manager.py:193 [SINGLE MODE] 接收到请求，返回事件类型: 密码开门 (状态码: 01)
2026-01-28 18:52:49,617 event_manager.py:288 [SEND] fsu[liwei_01:313234313233313331323431] 发送事件: 密码开门 (状态码: 01) 到SC IoT中心: ('10.1.4.113', 28086)
2026-01-28 18:52:50,745 udp_protocol.py:76 [收到UDP数据，来自: ('10.8.187.2', 64738)，数据长度: 72 字节] fsu[liwei_01:313234313233313331323431] 
2026-01-28 18:52:50,747 udp_protocol.py:87 数据包长度: 72 字节
HEX: FF 31 32 34 31 32 33 31 33 31 32 34 31 00 00 00 00 00 00 00 00 00 00 00 00 00 00 00 00 01 00 25 00 EE 01 00 20 00 7E 31 30 30 31 38 30 34 38 32 30 30 45 46 30 45 30 30 30 30 30 30 30 30 30 30 30 46 41 43 38 0D 97 FE
Parsed:
    P_header: 0xFF
    P_dest_addr: 3132343132333133
    P_src_addr: 3132343100000000000000000000000000000000
    P_subDevType: 0x01
    P_subDev_addr: 0x00
    P_pLen: 0x0025
    RtnFlag: 0xEE
    CommType: 0x0001
    透传数据长度: 0x0020
    透传数据: 7E3130303138303438323030454630453030303030303030303030464143380D
    P_verify: 0x00
    P_tailer: 0xFE
2026-01-28 18:52:50,748 udp_protocol.py:123 [透传数据层]原始数据:
    数据包长度: 32 字节
    HEX: 7E 31 30 30 31 38 30 34 38 32 30 30 45 46 30 45 30 30 30 30 30 30 30 30 30 30 30 46 41 43 38 0D
[透传数据层] 协议栈解析:
    透传数据PDU:
        start: 7E
        ver: 10
        adr: 01
        cid1: 80
        cid2: 48
        length: 200E
        checksum: FAC8
        end: 0D
    透传数据帧:
        group: F0
        type: E0
        password: 0000000000
2026-01-28 18:52:50,854 udp_protocol.py:176 [######## FSU 向动环发送数据，目的地址：('10.8.187.2', 64738)] fsu[liwei_01:313234313233313331323431] 
2026-01-28 18:52:50,855 udp_protocol.py:190 数据包长度: 72 字节
HEX: FF 00 00 00 00 00 00 00 00 31 32 34 31 32 33 31 33 31 32 34 31 00 00 00 00 00 00 00 00 01 01 25 00 00 01 00 20 00 7E 31 30 30 30 38 30 30 30 30 32 30 45 30 30 30 30 30 30 30 30 30 30 30 30 30 30 46 41 45 30 0D 78 FE
Parsed:
    P_header: 0xFF
    P_dest_addr: 3132343132333133313234310000000000000000
    P_src_addr: 0000000000000000
    P_subDevType: 0x01
    P_subDev_addr: 0x01
    P_pLen: 0x0025
    RtnFlag: 0x00
    CommType: 0x0001
    透传数据长度: 0x0020
    透传数据: 7E3130303038303030303230453030303030303030303030303030464145300D
    P_verify: 0x00
    P_tailer: 0xFE
2026-01-28 18:52:50,856 udp_protocol.py:210 [透传数据层]原始数据:
    数据包长度: 32 字节
    HEX: 7E 31 30 30 30 38 30 30 30 30 32 30 45 30 30 30 30 30 30 30 30 30 30 30 30 30 30 46 41 45 30 0D
[透传数据层] 协议栈解析:
    透传数据PDU:
        start: 7E
        ver: 10
        adr: 00
        cid1: 80
        cid2: 00
        length: 020E
        checksum: FAE0
        end: 0D
    透传数据帧:
        cid2: 00
        data_info: F0E0
2026-01-28 18:52:50,857 event_manager.py:193 [SINGLE MODE] 接收到请求，返回事件类型: 卡开门 (状态码: 02)
2026-01-28 18:52:50,858 event_manager.py:288 [SEND] fsu[liwei_01:313234313233313331323431] 发送事件: 卡开门 (状态码: 02) 到SC IoT中心: ('10.1.4.113', 28086)
2026-01-28 18:52:51,933 udp_protocol.py:76 [收到UDP数据，来自: ('10.8.187.2', 64738)，数据长度: 72 字节] fsu[liwei_01:313234313233313331323431] 
2026-01-28 18:52:51,935 udp_protocol.py:87 数据包长度: 72 字节
HEX: FF 31 32 34 31 32 33 31 33 31 32 34 31 00 00 00 00 00 00 00 00 00 00 00 00 00 00 00 00 01 00 25 00 EE 01 00 20 00 7E 31 30 30 31 38 30 34 38 32 30 30 45 46 30 45 30 30 30 30 30 30 30 30 30 30 30 46 41 43 38 0D 97 FE
Parsed:
    P_header: 0xFF
    P_dest_addr: 3132343132333133
    P_src_addr: 3132343100000000000000000000000000000000
    P_subDevType: 0x01
    P_subDev_addr: 0x00
    P_pLen: 0x0025
    RtnFlag: 0xEE
    CommType: 0x0001
    透传数据长度: 0x0020
    透传数据: 7E3130303138303438323030454630453030303030303030303030464143380D
    P_verify: 0x00
    P_tailer: 0xFE
2026-01-28 18:52:51,936 udp_protocol.py:123 [透传数据层]原始数据:
    数据包长度: 32 字节
    HEX: 7E 31 30 30 31 38 30 34 38 32 30 30 45 46 30 45 30 30 30 30 30 30 30 30 30 30 30 46 41 43 38 0D
[透传数据层] 协议栈解析:
    透传数据PDU:
        start: 7E
        ver: 10
        adr: 01
        cid1: 80
        cid2: 48
        length: 200E
        checksum: FAC8
        end: 0D
    透传数据帧:
        group: F0
        type: E0
        password: 0000000000
2026-01-28 18:52:52,047 udp_protocol.py:176 [######## FSU 向动环发送数据，目的地址：('10.8.187.2', 64738)] fsu[liwei_01:313234313233313331323431] 
2026-01-28 18:52:52,047 udp_protocol.py:190 数据包长度: 72 字节
HEX: FF 00 00 00 00 00 00 00 00 31 32 34 31 32 33 31 33 31 32 34 31 00 00 00 00 00 00 00 00 01 01 25 00 00 01 00 20 00 7E 31 30 30 30 38 30 30 30 30 32 30 45 30 30 30 30 30 30 30 30 30 30 30 30 30 30 46 41 45 30 0D 78 FE
Parsed:
    P_header: 0xFF
    P_dest_addr: 3132343132333133313234310000000000000000
    P_src_addr: 0000000000000000
    P_subDevType: 0x01
    P_subDev_addr: 0x01
    P_pLen: 0x0025
    RtnFlag: 0x00
    CommType: 0x0001
    透传数据长度: 0x0020
    透传数据: 7E3130303038303030303230453030303030303030303030303030464145300D
    P_verify: 0x00
    P_tailer: 0xFE
2026-01-28 18:52:52,048 udp_protocol.py:210 [透传数据层]原始数据:
    数据包长度: 32 字节
    HEX: 7E 31 30 30 30 38 30 30 30 30 32 30 45 30 30 30 30 30 30 30 30 30 30 30 30 30 30 46 41 45 30 0D
[透传数据层] 协议栈解析:
    透传数据PDU:
        start: 7E
        ver: 10
        adr: 00
        cid1: 80
        cid2: 00
        length: 020E
        checksum: FAE0
        end: 0D
    透传数据帧:
        cid2: 00
        data_info: F0E0
2026-01-28 18:52:52,049 event_manager.py:193 [SINGLE MODE] 接收到请求，返回事件类型: 远程开门 (状态码: 03)
2026-01-28 18:52:52,050 event_manager.py:288 [SEND] fsu[liwei_01:313234313233313331323431] 发送事件: 远程开门 (状态码: 03) 到SC IoT中心: ('10.1.4.113', 28086)
2026-01-28 18:52:57,644 udp_protocol.py:76 [收到UDP数据，来自: ('10.8.187.2', 64738)，数据长度: 72 字节] fsu[liwei_01:313234313233313331323431] 
2026-01-28 18:52:57,645 udp_protocol.py:87 数据包长度: 72 字节
HEX: FF 31 32 34 31 32 33 31 33 31 32 34 31 00 00 00 00 00 00 00 00 00 00 00 00 00 00 00 00 01 00 25 00 EE 01 00 20 00 7E 31 30 30 31 38 30 34 38 32 30 30 45 46 30 45 30 30 30 30 30 30 30 30 30 30 30 46 41 43 38 0D 97 FE
Parsed:
    P_header: 0xFF
    P_dest_addr: 3132343132333133
    P_src_addr: 3132343100000000000000000000000000000000
    P_subDevType: 0x01
    P_subDev_addr: 0x00
    P_pLen: 0x0025
    RtnFlag: 0xEE
    CommType: 0x0001
    透传数据长度: 0x0020
    透传数据: 7E3130303138303438323030454630453030303030303030303030464143380D
    P_verify: 0x00
    P_tailer: 0xFE
2026-01-28 18:52:57,646 udp_protocol.py:123 [透传数据层]原始数据:
    数据包长度: 32 字节
    HEX: 7E 31 30 30 31 38 30 34 38 32 30 30 45 46 30 45 30 30 30 30 30 30 30 30 30 30 30 46 41 43 38 0D
[透传数据层] 协议栈解析:
    透传数据PDU:
        start: 7E
        ver: 10
        adr: 01
        cid1: 80
        cid2: 48
        length: 200E
        checksum: FAC8
        end: 0D
    透传数据帧:
        group: F0
        type: E0
        password: 0000000000
2026-01-28 18:52:57,750 udp_protocol.py:176 [######## FSU 向动环发送数据，目的地址：('10.8.187.2', 64738)] fsu[liwei_01:313234313233313331323431] 
2026-01-28 18:52:57,751 udp_protocol.py:190 数据包长度: 72 字节
HEX: FF 00 00 00 00 00 00 00 00 31 32 34 31 32 33 31 33 31 32 34 31 00 00 00 00 00 00 00 00 01 01 25 00 00 01 00 20 00 7E 31 30 30 30 38 30 30 30 30 32 30 45 30 30 30 30 30 30 30 30 30 30 30 30 30 30 46 41 45 30 0D 78 FE
Parsed:
    P_header: 0xFF
    P_dest_addr: 3132343132333133313234310000000000000000
    P_src_addr: 0000000000000000
    P_subDevType: 0x01
    P_subDev_addr: 0x01
    P_pLen: 0x0025
    RtnFlag: 0x00
    CommType: 0x0001
    透传数据长度: 0x0020
    透传数据: 7E3130303038303030303230453030303030303030303030303030464145300D
    P_verify: 0x00
    P_tailer: 0xFE
2026-01-28 18:52:57,753 udp_protocol.py:210 [透传数据层]原始数据:
    数据包长度: 32 字节
    HEX: 7E 31 30 30 30 38 30 30 30 30 32 30 45 30 30 30 30 30 30 30 30 30 30 30 30 30 30 46 41 45 30 0D
[透传数据层] 协议栈解析:
    透传数据PDU:
        start: 7E
        ver: 10
        adr: 00
        cid1: 80
        cid2: 00
        length: 020E
        checksum: FAE0
        end: 0D
    透传数据帧:
        cid2: 00
        data_info: F0E0
2026-01-28 18:52:57,757 event_manager.py:193 [SINGLE MODE] 接收到请求，返回事件类型: 按钮开门 (状态码: 04)
2026-01-28 18:52:57,758 event_manager.py:288 [SEND] fsu[liwei_01:313234313233313331323431] 发送事件: 按钮开门 (状态码: 04) 到SC IoT中心: ('10.1.4.113', 28086)
2026-01-28 18:52:59,202 udp_protocol.py:76 [收到UDP数据，来自: ('10.8.187.2', 64738)，数据长度: 72 字节] fsu[liwei_01:313234313233313331323431] 
2026-01-28 18:52:59,205 udp_protocol.py:87 数据包长度: 72 字节
HEX: FF 31 32 34 31 32 33 31 33 31 32 34 31 00 00 00 00 00 00 00 00 00 00 00 00 00 00 00 00 01 00 25 00 EE 01 00 20 00 7E 31 30 30 31 38 30 34 38 32 30 30 45 46 30 45 30 30 30 30 30 30 30 30 30 30 30 46 41 43 38 0D 97 FE
Parsed:
    P_header: 0xFF
    P_dest_addr: 3132343132333133
    P_src_addr: 3132343100000000000000000000000000000000
    P_subDevType: 0x01
    P_subDev_addr: 0x00
    P_pLen: 0x0025
    RtnFlag: 0xEE
    CommType: 0x0001
    透传数据长度: 0x0020
    透传数据: 7E3130303138303438323030454630453030303030303030303030464143380D
    P_verify: 0x00
    P_tailer: 0xFE
2026-01-28 18:52:59,208 udp_protocol.py:123 [透传数据层]原始数据:
    数据包长度: 32 字节
    HEX: 7E 31 30 30 31 38 30 34 38 32 30 30 45 46 30 45 30 30 30 30 30 30 30 30 30 30 30 46 41 43 38 0D
[透传数据层] 协议栈解析:
    透传数据PDU:
        start: 7E
        ver: 10
        adr: 01
        cid1: 80
        cid2: 48
        length: 200E
        checksum: FAC8
        end: 0D
    透传数据帧:
        group: F0
        type: E0
        password: 0000000000
2026-01-28 18:52:59,317 udp_protocol.py:176 [######## FSU 向动环发送数据，目的地址：('10.8.187.2', 64738)] fsu[liwei_01:313234313233313331323431] 
2026-01-28 18:52:59,318 udp_protocol.py:190 数据包长度: 72 字节
HEX: FF 00 00 00 00 00 00 00 00 31 32 34 31 32 33 31 33 31 32 34 31 00 00 00 00 00 00 00 00 01 01 25 00 00 01 00 20 00 7E 31 30 30 30 38 30 30 30 30 32 30 45 30 30 30 30 30 30 30 30 30 30 30 30 30 30 46 41 45 30 0D 78 FE
Parsed:
    P_header: 0xFF
    P_dest_addr: 3132343132333133313234310000000000000000
    P_src_addr: 0000000000000000
    P_subDevType: 0x01
    P_subDev_addr: 0x01
    P_pLen: 0x0025
    RtnFlag: 0x00
    CommType: 0x0001
    透传数据长度: 0x0020
    透传数据: 7E3130303038303030303230453030303030303030303030303030464145300D
    P_verify: 0x00
    P_tailer: 0xFE
2026-01-28 18:52:59,325 udp_protocol.py:210 [透传数据层]原始数据:
    数据包长度: 32 字节
    HEX: 7E 31 30 30 30 38 30 30 30 30 32 30 45 30 30 30 30 30 30 30 30 30 30 30 30 30 30 46 41 45 30 0D
[透传数据层] 协议栈解析:
    透传数据PDU:
        start: 7E
        ver: 10
        adr: 00
        cid1: 80
        cid2: 00
        length: 020E
        checksum: FAE0
        end: 0D
    透传数据帧:
        cid2: 00
        data_info: F0E0
2026-01-28 18:52:59,327 event_manager.py:193 [SINGLE MODE] 接收到请求，返回事件类型: 多卡开门 (状态码: 05)
2026-01-28 18:52:59,327 event_manager.py:288 [SEND] fsu[liwei_01:313234313233313331323431] 发送事件: 多卡开门 (状态码: 05) 到SC IoT中心: ('10.1.4.113', 28086)
2026-01-28 18:53:02,167 udp_protocol.py:76 [收到UDP数据，来自: ('10.8.187.2', 64738)，数据长度: 72 字节] fsu[liwei_01:313234313233313331323431] 
2026-01-28 18:53:02,171 udp_protocol.py:87 数据包长度: 72 字节
HEX: FF 31 32 34 31 32 33 31 33 31 32 34 31 00 00 00 00 00 00 00 00 00 00 00 00 00 00 00 00 01 00 25 00 EE 01 00 20 00 7E 31 30 30 31 38 30 34 38 32 30 30 45 46 30 45 30 30 30 30 30 30 30 30 30 30 30 46 41 43 38 0D 97 FE
Parsed:
    P_header: 0xFF
    P_dest_addr: 3132343132333133
    P_src_addr: 3132343100000000000000000000000000000000
    P_subDevType: 0x01
    P_subDev_addr: 0x00
    P_pLen: 0x0025
    RtnFlag: 0xEE
    CommType: 0x0001
    透传数据长度: 0x0020
    透传数据: 7E3130303138303438323030454630453030303030303030303030464143380D
    P_verify: 0x00
    P_tailer: 0xFE
2026-01-28 18:53:02,173 udp_protocol.py:123 [透传数据层]原始数据:
    数据包长度: 32 字节
    HEX: 7E 31 30 30 31 38 30 34 38 32 30 30 45 46 30 45 30 30 30 30 30 30 30 30 30 30 30 46 41 43 38 0D
[透传数据层] 协议栈解析:
    透传数据PDU:
        start: 7E
        ver: 10
        adr: 01
        cid1: 80
        cid2: 48
        length: 200E
        checksum: FAC8
        end: 0D
    透传数据帧:
        group: F0
        type: E0
        password: 0000000000
2026-01-28 18:53:02,277 udp_protocol.py:176 [######## FSU 向动环发送数据，目的地址：('10.8.187.2', 64738)] fsu[liwei_01:313234313233313331323431] 
2026-01-28 18:53:02,278 udp_protocol.py:190 数据包长度: 72 字节
HEX: FF 00 00 00 00 00 00 00 00 31 32 34 31 32 33 31 33 31 32 34 31 00 00 00 00 00 00 00 00 01 01 25 00 00 01 00 20 00 7E 31 30 30 30 38 30 30 30 30 32 30 45 30 30 30 30 30 30 30 30 30 30 30 30 30 30 46 41 45 30 0D 78 FE
Parsed:
    P_header: 0xFF
    P_dest_addr: 3132343132333133313234310000000000000000
    P_src_addr: 0000000000000000
    P_subDevType: 0x01
    P_subDev_addr: 0x01
    P_pLen: 0x0025
    RtnFlag: 0x00
    CommType: 0x0001
    透传数据长度: 0x0020
    透传数据: 7E3130303038303030303230453030303030303030303030303030464145300D
    P_verify: 0x00
    P_tailer: 0xFE
2026-01-28 18:53:02,279 udp_protocol.py:210 [透传数据层]原始数据:
    数据包长度: 32 字节
    HEX: 7E 31 30 30 30 38 30 30 30 30 32 30 45 30 30 30 30 30 30 30 30 30 30 30 30 30 30 46 41 45 30 0D
[透传数据层] 协议栈解析:
    透传数据PDU:
        start: 7E
        ver: 10
        adr: 00
        cid1: 80
        cid2: 00
        length: 020E
        checksum: FAE0
        end: 0D
    透传数据帧:
        cid2: 00
        data_info: F0E0
2026-01-28 18:53:02,280 event_manager.py:193 [SINGLE MODE] 接收到请求，返回事件类型: 首卡开门 (状态码: 06)
2026-01-28 18:53:02,281 event_manager.py:288 [SEND] fsu[liwei_01:313234313233313331323431] 发送事件: 首卡开门 (状态码: 06) 到SC IoT中心: ('10.1.4.113', 28086)
2026-01-28 18:53:05,189 udp_protocol.py:76 [收到UDP数据，来自: ('10.8.187.2', 64738)，数据长度: 72 字节] fsu[liwei_01:313234313233313331323431] 
2026-01-28 18:53:05,193 udp_protocol.py:87 数据包长度: 72 字节
HEX: FF 31 32 34 31 32 33 31 33 31 32 34 31 00 00 00 00 00 00 00 00 00 00 00 00 00 00 00 00 01 00 25 00 EE 01 00 20 00 7E 31 30 30 31 38 30 34 38 32 30 30 45 46 30 45 30 30 30 30 30 30 30 30 30 30 30 46 41 43 38 0D 97 FE
Parsed:
    P_header: 0xFF
    P_dest_addr: 3132343132333133
    P_src_addr: 3132343100000000000000000000000000000000
    P_subDevType: 0x01
    P_subDev_addr: 0x00
    P_pLen: 0x0025
    RtnFlag: 0xEE
    CommType: 0x0001
    透传数据长度: 0x0020
    透传数据: 7E3130303138303438323030454630453030303030303030303030464143380D
    P_verify: 0x00
    P_tailer: 0xFE
2026-01-28 18:53:05,197 udp_protocol.py:123 [透传数据层]原始数据:
    数据包长度: 32 字节
    HEX: 7E 31 30 30 31 38 30 34 38 32 30 30 45 46 30 45 30 30 30 30 30 30 30 30 30 30 30 46 41 43 38 0D
[透传数据层] 协议栈解析:
    透传数据PDU:
        start: 7E
        ver: 10
        adr: 01
        cid1: 80
        cid2: 48
        length: 200E
        checksum: FAC8
        end: 0D
    透传数据帧:
        group: F0
        type: E0
        password: 0000000000
2026-01-28 18:53:05,316 udp_protocol.py:176 [######## FSU 向动环发送数据，目的地址：('10.8.187.2', 64738)] fsu[liwei_01:313234313233313331323431] 
2026-01-28 18:53:05,317 udp_protocol.py:190 数据包长度: 72 字节
HEX: FF 00 00 00 00 00 00 00 00 31 32 34 31 32 33 31 33 31 32 34 31 00 00 00 00 00 00 00 00 01 01 25 00 00 01 00 20 00 7E 31 30 30 30 38 30 30 30 30 32 30 45 30 30 30 30 30 30 30 30 30 30 30 30 30 30 46 41 45 30 0D 78 FE
Parsed:
    P_header: 0xFF
    P_dest_addr: 3132343132333133313234310000000000000000
    P_src_addr: 0000000000000000
    P_subDevType: 0x01
    P_subDev_addr: 0x01
    P_pLen: 0x0025
    RtnFlag: 0x00
    CommType: 0x0001
    透传数据长度: 0x0020
    透传数据: 7E3130303038303030303230453030303030303030303030303030464145300D
    P_verify: 0x00
    P_tailer: 0xFE
2026-01-28 18:53:05,319 udp_protocol.py:210 [透传数据层]原始数据:
    数据包长度: 32 字节
    HEX: 7E 31 30 30 30 38 30 30 30 30 32 30 45 30 30 30 30 30 30 30 30 30 30 30 30 30 30 46 41 45 30 0D
[透传数据层] 协议栈解析:
    透传数据PDU:
        start: 7E
        ver: 10
        adr: 00
        cid1: 80
        cid2: 00
        length: 020E
        checksum: FAE0
        end: 0D
    透传数据帧:
        cid2: 00
        data_info: F0E0
2026-01-28 18:53:05,320 event_manager.py:193 [SINGLE MODE] 接收到请求，返回事件类型: 紧急开门 (状态码: 07)
2026-01-28 18:53:05,321 event_manager.py:288 [SEND] fsu[liwei_01:313234313233313331323431] 发送事件: 紧急开门 (状态码: 07) 到SC IoT中心: ('10.1.4.113', 28086)
2026-01-28 18:53:05,882 udp_protocol.py:76 [收到UDP数据，来自: ('10.8.187.2', 64738)，数据长度: 72 字节] fsu[liwei_01:313234313233313331323431] 
2026-01-28 18:53:05,883 udp_protocol.py:87 数据包长度: 72 字节
HEX: FF 31 32 34 31 32 33 31 33 31 32 34 31 00 00 00 00 00 00 00 00 00 00 00 00 00 00 00 00 01 00 25 00 EE 01 00 20 00 7E 31 30 30 31 38 30 34 38 32 30 30 45 46 30 45 30 30 30 30 30 30 30 30 30 30 30 46 41 43 38 0D 97 FE
Parsed:
    P_header: 0xFF
    P_dest_addr: 3132343132333133
    P_src_addr: 3132343100000000000000000000000000000000
    P_subDevType: 0x01
    P_subDev_addr: 0x00
    P_pLen: 0x0025
    RtnFlag: 0xEE
    CommType: 0x0001
    透传数据长度: 0x0020
    透传数据: 7E3130303138303438323030454630453030303030303030303030464143380D
    P_verify: 0x00
    P_tailer: 0xFE
2026-01-28 18:53:05,885 udp_protocol.py:123 [透传数据层]原始数据:
    数据包长度: 32 字节
    HEX: 7E 31 30 30 31 38 30 34 38 32 30 30 45 46 30 45 30 30 30 30 30 30 30 30 30 30 30 46 41 43 38 0D
[透传数据层] 协议栈解析:
    透传数据PDU:
        start: 7E
        ver: 10
        adr: 01
        cid1: 80
        cid2: 48
        length: 200E
        checksum: FAC8
        end: 0D
    透传数据帧:
        group: F0
        type: E0
        password: 0000000000
2026-01-28 18:53:05,997 udp_protocol.py:176 [######## FSU 向动环发送数据，目的地址：('10.8.187.2', 64738)] fsu[liwei_01:313234313233313331323431] 
2026-01-28 18:53:05,998 udp_protocol.py:190 数据包长度: 72 字节
HEX: FF 00 00 00 00 00 00 00 00 31 32 34 31 32 33 31 33 31 32 34 31 00 00 00 00 00 00 00 00 01 01 25 00 00 01 00 20 00 7E 31 30 30 30 38 30 30 30 30 32 30 45 30 30 30 30 30 30 30 30 30 30 30 30 30 30 46 41 45 30 0D 78 FE
Parsed:
    P_header: 0xFF
    P_dest_addr: 3132343132333133313234310000000000000000
    P_src_addr: 0000000000000000
    P_subDevType: 0x01
    P_subDev_addr: 0x01
    P_pLen: 0x0025
    RtnFlag: 0x00
    CommType: 0x0001
    透传数据长度: 0x0020
    透传数据: 7E3130303038303030303230453030303030303030303030303030464145300D
    P_verify: 0x00
    P_tailer: 0xFE
2026-01-28 18:53:05,999 udp_protocol.py:210 [透传数据层]原始数据:
    数据包长度: 32 字节
    HEX: 7E 31 30 30 30 38 30 30 30 30 32 30 45 30 30 30 30 30 30 30 30 30 30 30 30 30 30 46 41 45 30 0D
[透传数据层] 协议栈解析:
    透传数据PDU:
        start: 7E
        ver: 10
        adr: 00
        cid1: 80
        cid2: 00
        length: 020E
        checksum: FAE0
        end: 0D
    透传数据帧:
        cid2: 00
        data_info: F0E0
2026-01-28 18:53:06,000 event_manager.py:193 [SINGLE MODE] 接收到请求，返回事件类型: 门磁报警 (状态码: 80)
2026-01-28 18:53:06,001 event_manager.py:288 [SEND] fsu[liwei_01:313234313233313331323431] 发送事件: 门磁报警 (状态码: 80) 到SC IoT中心: ('10.1.4.113', 28086)
2026-01-28 18:53:06,482 udp_protocol.py:76 [收到UDP数据，来自: ('10.8.187.2', 64738)，数据长度: 72 字节] fsu[liwei_01:313234313233313331323431] 
2026-01-28 18:53:06,483 udp_protocol.py:87 数据包长度: 72 字节
HEX: FF 31 32 34 31 32 33 31 33 31 32 34 31 00 00 00 00 00 00 00 00 00 00 00 00 00 00 00 00 01 00 25 00 EE 01 00 20 00 7E 31 30 30 31 38 30 34 38 32 30 30 45 46 30 45 30 30 30 30 30 30 30 30 30 30 30 46 41 43 38 0D 97 FE
Parsed:
    P_header: 0xFF
    P_dest_addr: 3132343132333133
    P_src_addr: 3132343100000000000000000000000000000000
    P_subDevType: 0x01
    P_subDev_addr: 0x00
    P_pLen: 0x0025
    RtnFlag: 0xEE
    CommType: 0x0001
    透传数据长度: 0x0020
    透传数据: 7E3130303138303438323030454630453030303030303030303030464143380D
    P_verify: 0x00
    P_tailer: 0xFE
2026-01-28 18:53:06,485 udp_protocol.py:123 [透传数据层]原始数据:
    数据包长度: 32 字节
    HEX: 7E 31 30 30 31 38 30 34 38 32 30 30 45 46 30 45 30 30 30 30 30 30 30 30 30 30 30 46 41 43 38 0D
[透传数据层] 协议栈解析:
    透传数据PDU:
        start: 7E
        ver: 10
        adr: 01
        cid1: 80
        cid2: 48
        length: 200E
        checksum: FAC8
        end: 0D
    透传数据帧:
        group: F0
        type: E0
        password: 0000000000
2026-01-28 18:53:06,603 udp_protocol.py:176 [######## FSU 向动环发送数据，目的地址：('10.8.187.2', 64738)] fsu[liwei_01:313234313233313331323431] 
2026-01-28 18:53:06,604 udp_protocol.py:190 数据包长度: 72 字节
HEX: FF 00 00 00 00 00 00 00 00 31 32 34 31 32 33 31 33 31 32 34 31 00 00 00 00 00 00 00 00 01 01 25 00 00 01 00 20 00 7E 31 30 30 30 38 30 30 30 30 32 30 45 30 30 30 30 30 30 30 30 30 30 30 30 30 30 46 41 45 30 0D 78 FE
Parsed:
    P_header: 0xFF
    P_dest_addr: 3132343132333133313234310000000000000000
    P_src_addr: 0000000000000000
    P_subDevType: 0x01
    P_subDev_addr: 0x01
    P_pLen: 0x0025
    RtnFlag: 0x00
    CommType: 0x0001
    透传数据长度: 0x0020
    透传数据: 7E3130303038303030303230453030303030303030303030303030464145300D
    P_verify: 0x00
    P_tailer: 0xFE
2026-01-28 18:53:06,607 udp_protocol.py:210 [透传数据层]原始数据:
    数据包长度: 32 字节
    HEX: 7E 31 30 30 30 38 30 30 30 30 32 30 45 30 30 30 30 30 30 30 30 30 30 30 30 30 30 46 41 45 30 0D
[透传数据层] 协议栈解析:
    透传数据PDU:
        start: 7E
        ver: 10
        adr: 00
        cid1: 80
        cid2: 00
        length: 020E
        checksum: FAE0
        end: 0D
    透传数据帧:
        cid2: 00
        data_info: F0E0
2026-01-28 18:53:06,608 event_manager.py:193 [SINGLE MODE] 接收到请求，返回事件类型: 防拆报警 (状态码: 81)
2026-01-28 18:53:06,609 event_manager.py:288 [SEND] fsu[liwei_01:313234313233313331323431] 发送事件: 防拆报警 (状态码: 81) 到SC IoT中心: ('10.1.4.113', 28086)
2026-01-28 18:53:07,232 udp_protocol.py:76 [收到UDP数据，来自: ('10.8.187.2', 64738)，数据长度: 72 字节] fsu[liwei_01:313234313233313331323431] 
2026-01-28 18:53:07,233 udp_protocol.py:87 数据包长度: 72 字节
HEX: FF 31 32 34 31 32 33 31 33 31 32 34 31 00 00 00 00 00 00 00 00 00 00 00 00 00 00 00 00 01 00 25 00 EE 01 00 20 00 7E 31 30 30 31 38 30 34 38 32 30 30 45 46 30 45 30 30 30 30 30 30 30 30 30 30 30 46 41 43 38 0D 97 FE
Parsed:
    P_header: 0xFF
    P_dest_addr: 3132343132333133
    P_src_addr: 3132343100000000000000000000000000000000
    P_subDevType: 0x01
    P_subDev_addr: 0x00
    P_pLen: 0x0025
    RtnFlag: 0xEE
    CommType: 0x0001
    透传数据长度: 0x0020
    透传数据: 7E3130303138303438323030454630453030303030303030303030464143380D
    P_verify: 0x00
    P_tailer: 0xFE
2026-01-28 18:53:07,239 udp_protocol.py:123 [透传数据层]原始数据:
    数据包长度: 32 字节
    HEX: 7E 31 30 30 31 38 30 34 38 32 30 30 45 46 30 45 30 30 30 30 30 30 30 30 30 30 30 46 41 43 38 0D
[透传数据层] 协议栈解析:
    透传数据PDU:
        start: 7E
        ver: 10
        adr: 01
        cid1: 80
        cid2: 48
        length: 200E
        checksum: FAC8
        end: 0D
    透传数据帧:
        group: F0
        type: E0
        password: 0000000000
2026-01-28 18:53:07,347 udp_protocol.py:176 [######## FSU 向动环发送数据，目的地址：('10.8.187.2', 64738)] fsu[liwei_01:313234313233313331323431] 
2026-01-28 18:53:07,349 udp_protocol.py:190 数据包长度: 72 字节
HEX: FF 00 00 00 00 00 00 00 00 31 32 34 31 32 33 31 33 31 32 34 31 00 00 00 00 00 00 00 00 01 01 25 00 00 01 00 20 00 7E 31 30 30 30 38 30 30 30 30 32 30 45 30 30 30 30 30 30 30 30 30 30 30 30 30 30 46 41 45 30 0D 78 FE
Parsed:
    P_header: 0xFF
    P_dest_addr: 3132343132333133313234310000000000000000
    P_src_addr: 0000000000000000
    P_subDevType: 0x01
    P_subDev_addr: 0x01
    P_pLen: 0x0025
    RtnFlag: 0x00
    CommType: 0x0001
    透传数据长度: 0x0020
    透传数据: 7E3130303038303030303230453030303030303030303030303030464145300D
    P_verify: 0x00
    P_tailer: 0xFE
2026-01-28 18:53:07,351 udp_protocol.py:210 [透传数据层]原始数据:
    数据包长度: 32 字节
    HEX: 7E 31 30 30 30 38 30 30 30 30 32 30 45 30 30 30 30 30 30 30 30 30 30 30 30 30 30 46 41 45 30 0D
[透传数据层] 协议栈解析:
    透传数据PDU:
        start: 7E
        ver: 10
        adr: 00
        cid1: 80
        cid2: 00
        length: 020E
        checksum: FAE0
        end: 0D
    透传数据帧:
        cid2: 00
        data_info: F0E0
2026-01-28 18:53:07,352 event_manager.py:193 [SINGLE MODE] 接收到请求，返回事件类型: 胁迫报警 (状态码: 82)
2026-01-28 18:53:07,353 event_manager.py:288 [SEND] fsu[liwei_01:313234313233313331323431] 发送事件: 胁迫报警 (状态码: 82) 到SC IoT中心: ('10.1.4.113', 28086)
2026-01-28 18:53:09,390 udp_protocol.py:76 [收到UDP数据，来自: ('10.8.187.2', 64738)，数据长度: 72 字节] fsu[liwei_01:313234313233313331323431] 
2026-01-28 18:53:09,392 udp_protocol.py:87 数据包长度: 72 字节
HEX: FF 31 32 34 31 32 33 31 33 31 32 34 31 00 00 00 00 00 00 00 00 00 00 00 00 00 00 00 00 01 00 25 00 EE 01 00 20 00 7E 31 30 30 31 38 30 34 38 32 30 30 45 46 30 45 30 30 30 30 30 30 30 30 30 30 30 46 41 43 38 0D 97 FE
Parsed:
    P_header: 0xFF
    P_dest_addr: 3132343132333133
    P_src_addr: 3132343100000000000000000000000000000000
    P_subDevType: 0x01
    P_subDev_addr: 0x00
    P_pLen: 0x0025
    RtnFlag: 0xEE
    CommType: 0x0001
    透传数据长度: 0x0020
    透传数据: 7E3130303138303438323030454630453030303030303030303030464143380D
    P_verify: 0x00
    P_tailer: 0xFE
2026-01-28 18:53:09,394 udp_protocol.py:123 [透传数据层]原始数据:
    数据包长度: 32 字节
    HEX: 7E 31 30 30 31 38 30 34 38 32 30 30 45 46 30 45 30 30 30 30 30 30 30 30 30 30 30 46 41 43 38 0D
[透传数据层] 协议栈解析:
    透传数据PDU:
        start: 7E
        ver: 10
        adr: 01
        cid1: 80
        cid2: 48
        length: 200E
        checksum: FAC8
        end: 0D
    透传数据帧:
        group: F0
        type: E0
        password: 0000000000
2026-01-28 18:53:09,503 udp_protocol.py:176 [######## FSU 向动环发送数据，目的地址：('10.8.187.2', 64738)] fsu[liwei_01:313234313233313331323431] 
2026-01-28 18:53:09,505 udp_protocol.py:190 数据包长度: 72 字节
HEX: FF 00 00 00 00 00 00 00 00 31 32 34 31 32 33 31 33 31 32 34 31 00 00 00 00 00 00 00 00 01 01 25 00 00 01 00 20 00 7E 31 30 30 30 38 30 30 30 30 32 30 45 30 30 30 30 30 30 30 30 30 30 30 30 30 30 46 41 45 30 0D 78 FE
Parsed:
    P_header: 0xFF
    P_dest_addr: 3132343132333133313234310000000000000000
    P_src_addr: 0000000000000000
    P_subDevType: 0x01
    P_subDev_addr: 0x01
    P_pLen: 0x0025
    RtnFlag: 0x00
    CommType: 0x0001
    透传数据长度: 0x0020
    透传数据: 7E3130303038303030303230453030303030303030303030303030464145300D
    P_verify: 0x00
    P_tailer: 0xFE
2026-01-28 18:53:09,507 udp_protocol.py:210 [透传数据层]原始数据:
    数据包长度: 32 字节
    HEX: 7E 31 30 30 30 38 30 30 30 30 32 30 45 30 30 30 30 30 30 30 30 30 30 30 30 30 30 46 41 45 30 0D
[透传数据层] 协议栈解析:
    透传数据PDU:
        start: 7E
        ver: 10
        adr: 00
        cid1: 80
        cid2: 00
        length: 020E
        checksum: FAE0
        end: 0D
    透传数据帧:
        cid2: 00
        data_info: F0E0
2026-01-28 18:53:09,508 event_manager.py:193 [SINGLE MODE] 接收到请求，返回事件类型: 密码错误 (状态码: 83)
2026-01-28 18:53:09,508 event_manager.py:288 [SEND] fsu[liwei_01:313234313233313331323431] 发送事件: 密码错误 (状态码: 83) 到SC IoT中心: ('10.1.4.113', 28086)
2026-01-28 18:53:11,639 udp_protocol.py:76 [收到UDP数据，来自: ('10.8.187.2', 64738)，数据长度: 72 字节] fsu[liwei_01:313234313233313331323431] 
2026-01-28 18:53:11,642 udp_protocol.py:87 数据包长度: 72 字节
HEX: FF 31 32 34 31 32 33 31 33 31 32 34 31 00 00 00 00 00 00 00 00 00 00 00 00 00 00 00 00 01 00 25 00 EE 01 00 20 00 7E 31 30 30 31 38 30 34 38 32 30 30 45 46 30 45 30 30 30 30 30 30 30 30 30 30 30 46 41 43 38 0D 97 FE
Parsed:
    P_header: 0xFF
    P_dest_addr: 3132343132333133
    P_src_addr: 3132343100000000000000000000000000000000
    P_subDevType: 0x01
    P_subDev_addr: 0x00
    P_pLen: 0x0025
    RtnFlag: 0xEE
    CommType: 0x0001
    透传数据长度: 0x0020
    透传数据: 7E3130303138303438323030454630453030303030303030303030464143380D
    P_verify: 0x00
    P_tailer: 0xFE
2026-01-28 18:53:11,644 udp_protocol.py:123 [透传数据层]原始数据:
    数据包长度: 32 字节
    HEX: 7E 31 30 30 31 38 30 34 38 32 30 30 45 46 30 45 30 30 30 30 30 30 30 30 30 30 30 46 41 43 38 0D
[透传数据层] 协议栈解析:
    透传数据PDU:
        start: 7E
        ver: 10
        adr: 01
        cid1: 80
        cid2: 48
        length: 200E
        checksum: FAC8
        end: 0D
    透传数据帧:
        group: F0
        type: E0
        password: 0000000000
2026-01-28 18:53:11,749 udp_protocol.py:176 [######## FSU 向动环发送数据，目的地址：('10.8.187.2', 64738)] fsu[liwei_01:313234313233313331323431] 
2026-01-28 18:53:11,750 udp_protocol.py:190 数据包长度: 72 字节
HEX: FF 00 00 00 00 00 00 00 00 31 32 34 31 32 33 31 33 31 32 34 31 00 00 00 00 00 00 00 00 01 01 25 00 00 01 00 20 00 7E 31 30 30 30 38 30 30 30 30 32 30 45 30 30 30 30 30 30 30 30 30 30 30 30 30 30 46 41 45 30 0D 78 FE
Parsed:
    P_header: 0xFF
    P_dest_addr: 3132343132333133313234310000000000000000
    P_src_addr: 0000000000000000
    P_subDevType: 0x01
    P_subDev_addr: 0x01
    P_pLen: 0x0025
    RtnFlag: 0x00
    CommType: 0x0001
    透传数据长度: 0x0020
    透传数据: 7E3130303038303030303230453030303030303030303030303030464145300D
    P_verify: 0x00
    P_tailer: 0xFE
2026-01-28 18:53:11,752 udp_protocol.py:210 [透传数据层]原始数据:
    数据包长度: 32 字节
    HEX: 7E 31 30 30 30 38 30 30 30 30 32 30 45 30 30 30 30 30 30 30 30 30 30 30 30 30 30 46 41 45 30 0D
[透传数据层] 协议栈解析:
    透传数据PDU:
        start: 7E
        ver: 10
        adr: 00
        cid1: 80
        cid2: 00
        length: 020E
        checksum: FAE0
        end: 0D
    透传数据帧:
        cid2: 00
        data_info: F0E0
2026-01-28 18:53:11,753 event_manager.py:193 [SINGLE MODE] 接收到请求，返回事件类型: 卡无效 (状态码: 84)
2026-01-28 18:53:11,754 event_manager.py:288 [SEND] fsu[liwei_01:313234313233313331323431] 发送事件: 卡无效 (状态码: 84) 到SC IoT中心: ('10.1.4.113', 28086)
2026-01-28 19:00:07,944 event_manager.py:118 从配置文件加载了 16 个事件类型
2026-01-28 19:00:07,944 event_manager.py:145 从配置文件加载了事件规则配置
2026-01-28 19:15:59,607 event_manager.py:118 从配置文件加载了 16 个事件类型
2026-01-28 19:15:59,607 event_manager.py:145 从配置文件加载了事件规则配置
2026-01-28 19:15:59,609 udp_protocol.py:61 UDP服务已启动，监听端口: 10107
2026-01-28 19:15:59,609 server_manager.py:57 事件轮询任务已启动，轮询间隔: 5秒
2026-01-28 19:16:18,546 udp_protocol.py:76 [收到UDP数据，来自: ('10.8.187.2', 64738)，数据长度: 72 字节] fsu[liwei_01:313234313233313331323431] 
2026-01-28 19:16:18,549 base_protocol.py:87 设备协议配置已热加载
2026-01-28 19:16:18,549 udp_protocol.py:87 数据包长度: 72 字节
HEX: FF 31 32 34 31 32 33 31 33 31 32 34 31 00 00 00 00 00 00 00 00 00 00 00 00 00 00 00 00 01 00 25 00 EE 01 00 20 00 7E 31 30 30 31 38 30 34 38 32 30 30 45 46 30 45 30 30 30 30 30 30 30 30 30 30 30 46 41 43 38 0D 97 FE
Parsed:
    P_header: 0xFF
    P_dest_addr: 3132343132333133
    P_src_addr: 3132343100000000000000000000000000000000
    P_subDevType: 0x01
    P_subDev_addr: 0x00
    P_pLen: 0x0025
    RtnFlag: 0xEE
    CommType: 0x0001
    透传数据长度: 0x0020
    透传数据: 7E3130303138303438323030454630453030303030303030303030464143380D
    P_verify: 0x00
    P_tailer: 0xFE
2026-01-28 19:16:18,551 udp_protocol.py:123 [透传数据层]原始数据:
    数据包长度: 32 字节
    HEX: 7E 31 30 30 31 38 30 34 38 32 30 30 45 46 30 45 30 30 30 30 30 30 30 30 30 30 30 46 41 43 38 0D
[透传数据层] 协议栈解析:
    透传数据PDU:
        start: 7E
        ver: 10
        adr: 01
        cid1: 80
        cid2: 48
        length: 200E
        checksum: FAC8
        end: 0D
    透传数据帧:
        group: F0
        type: E0
        password: 0000000000
2026-01-28 19:16:18,659 udp_protocol.py:176 [######## FSU 向动环发送数据，目的地址：('10.8.187.2', 64738)] fsu[liwei_01:313234313233313331323431] 
2026-01-28 19:16:18,659 udp_protocol.py:190 数据包长度: 72 字节
HEX: FF 00 00 00 00 00 00 00 00 31 32 34 31 32 33 31 33 31 32 34 31 00 00 00 00 00 00 00 00 01 01 25 00 00 01 00 20 00 7E 31 30 30 30 38 30 30 30 30 32 30 45 30 30 30 30 30 30 30 30 30 30 30 30 30 30 46 41 45 30 0D 78 FE
Parsed:
    P_header: 0xFF
    P_dest_addr: 3132343132333133313234310000000000000000
    P_src_addr: 0000000000000000
    P_subDevType: 0x01
    P_subDev_addr: 0x01
    P_pLen: 0x0025
    RtnFlag: 0x00
    CommType: 0x0001
    透传数据长度: 0x0020
    透传数据: 7E3130303038303030303230453030303030303030303030303030464145300D
    P_verify: 0x00
    P_tailer: 0xFE
2026-01-28 19:16:18,661 udp_protocol.py:210 [透传数据层]原始数据:
    数据包长度: 32 字节
    HEX: 7E 31 30 30 30 38 30 30 30 30 32 30 45 30 30 30 30 30 30 30 30 30 30 30 30 30 30 46 41 45 30 0D
[透传数据层] 协议栈解析:
    透传数据PDU:
        start: 7E
        ver: 10
        adr: 00
        cid1: 80
        cid2: 00
        length: 020E
        checksum: FAE0
        end: 0D
    透传数据帧:
        cid2: 00
        data_info: F0E0
2026-01-28 19:16:18,662 event_manager.py:197 [SINGLE MODE] 接收到请求，返回事件类型: 正常开门 (状态码: 00)
2026-01-28 19:16:18,664 event_manager.py:292 [SEND] fsu[liwei_01:313234313233313331323431] 发送事件: 正常开门 (状态码: 00) 到SC IoT中心: ('10.1.4.113', 28086)
2026-01-28 19:16:20,182 udp_protocol.py:76 [收到UDP数据，来自: ('10.8.187.2', 64738)，数据长度: 72 字节] fsu[liwei_01:313234313233313331323431] 
2026-01-28 19:16:20,185 udp_protocol.py:87 数据包长度: 72 字节
HEX: FF 31 32 34 31 32 33 31 33 31 32 34 31 00 00 00 00 00 00 00 00 00 00 00 00 00 00 00 00 01 00 25 00 EE 01 00 20 00 7E 31 30 30 31 38 30 34 38 32 30 30 45 46 30 45 30 30 30 30 30 30 30 30 30 30 30 46 41 43 38 0D 97 FE
Parsed:
    P_header: 0xFF
    P_dest_addr: 3132343132333133
    P_src_addr: 3132343100000000000000000000000000000000
    P_subDevType: 0x01
    P_subDev_addr: 0x00
    P_pLen: 0x0025
    RtnFlag: 0xEE
    CommType: 0x0001
    透传数据长度: 0x0020
    透传数据: 7E3130303138303438323030454630453030303030303030303030464143380D
    P_verify: 0x00
    P_tailer: 0xFE
2026-01-28 19:16:20,188 udp_protocol.py:123 [透传数据层]原始数据:
    数据包长度: 32 字节
    HEX: 7E 31 30 30 31 38 30 34 38 32 30 30 45 46 30 45 30 30 30 30 30 30 30 30 30 30 30 46 41 43 38 0D
[透传数据层] 协议栈解析:
    透传数据PDU:
        start: 7E
        ver: 10
        adr: 01
        cid1: 80
        cid2: 48
        length: 200E
        checksum: FAC8
        end: 0D
    透传数据帧:
        group: F0
        type: E0
        password: 0000000000
2026-01-28 19:16:20,303 udp_protocol.py:176 [######## FSU 向动环发送数据，目的地址：('10.8.187.2', 64738)] fsu[liwei_01:313234313233313331323431] 
2026-01-28 19:16:20,306 udp_protocol.py:190 数据包长度: 72 字节
HEX: FF 00 00 00 00 00 00 00 00 31 32 34 31 32 33 31 33 31 32 34 31 00 00 00 00 00 00 00 00 01 01 25 00 00 01 00 20 00 7E 31 30 30 30 38 30 30 30 30 32 30 45 30 30 30 30 30 30 30 30 30 30 30 30 30 30 46 41 45 30 0D 78 FE
Parsed:
    P_header: 0xFF
    P_dest_addr: 3132343132333133313234310000000000000000
    P_src_addr: 0000000000000000
    P_subDevType: 0x01
    P_subDev_addr: 0x01
    P_pLen: 0x0025
    RtnFlag: 0x00
    CommType: 0x0001
    透传数据长度: 0x0020
    透传数据: 7E3130303038303030303230453030303030303030303030303030464145300D
    P_verify: 0x00
    P_tailer: 0xFE
2026-01-28 19:16:20,307 udp_protocol.py:210 [透传数据层]原始数据:
    数据包长度: 32 字节
    HEX: 7E 31 30 30 30 38 30 30 30 30 32 30 45 30 30 30 30 30 30 30 30 30 30 30 30 30 30 46 41 45 30 0D
[透传数据层] 协议栈解析:
    透传数据PDU:
        start: 7E
        ver: 10
        adr: 00
        cid1: 80
        cid2: 00
        length: 020E
        checksum: FAE0
        end: 0D
    透传数据帧:
        cid2: 00
        data_info: F0E0
2026-01-28 19:16:20,308 event_manager.py:197 [SINGLE MODE] 接收到请求，返回事件类型: 密码开门 (状态码: 01)
2026-01-28 19:16:20,309 event_manager.py:292 [SEND] fsu[liwei_01:313234313233313331323431] 发送事件: 密码开门 (状态码: 01) 到SC IoT中心: ('10.1.4.113', 28086)
