2026-01-28 00:36:30,386 udp_protocol.py:52 UDP服务已启动，监听端口: 10108
2026-01-28 00:37:40,502 udp_protocol.py:52 UDP服务已启动，监听端口: 10108
2026-01-28 00:38:43,690 udp_protocol.py:52 UDP服务已启动，监听端口: 10108
2026-01-28 00:46:15,194 udp_protocol.py:52 UDP服务已启动，监听端口: 10108
2026-01-28 00:47:06,100 udp_protocol.py:52 UDP服务已启动，监听端口: 10108
2026-01-28 00:54:40,305 udp_protocol.py:52 UDP服务已启动，监听端口: 10108
2026-01-28 00:57:45,255 udp_protocol.py:52 UDP服务已启动，监听端口: 10108
2026-01-28 01:03:16,320 udp_protocol.py:52 UDP服务已启动，监听端口: 10108
2026-01-28 01:03:54,722 udp_protocol.py:52 UDP服务已启动，监听端口: 10108
2026-01-28 10:06:12,412 udp_protocol.py:89 UDP服务已启动，监听端口: 10108
2026-01-28 10:17:00,139 udp_protocol.py:364 事件类型配置文件不存在: ./config/liwei\event_types.json
2026-01-28 10:17:00,140 udp_protocol.py:74 UDP服务已启动，监听端口: 10108
2026-01-28 10:17:33,691 udp_protocol.py:364 事件类型配置文件不存在: ./config/liwei\event_types.json
2026-01-28 10:17:33,692 udp_protocol.py:74 UDP服务已启动，监听端口: 10108
2026-01-28 10:30:41,212 udp_protocol.py:434 事件类型配置文件不存在: ./config/liwei\event_types.json
2026-01-28 10:31:08,245 udp_protocol.py:434 事件类型配置文件不存在: ./config/liwei\event_types.json
2026-01-28 10:32:14,694 udp_protocol.py:434 事件类型配置文件不存在: ./config/liwei\event_types.json
2026-01-28 10:44:16,428 udp_protocol.py:434 事件类型配置文件不存在: ./config/liwei\event_types.json
2026-01-28 10:44:25,509 udp_protocol.py:434 事件类型配置文件不存在: ./config/liwei\event_types.json
2026-01-28 10:44:25,510 udp_protocol.py:74 UDP服务已启动，监听端口: 10108
2026-01-28 10:54:14,465 udp_protocol.py:445 事件类型配置文件不存在: ./config/liwei\event_types.json
2026-01-28 10:54:14,465 udp_protocol.py:473 事件配置文件不存在: ./config/liwei\event_config.json
2026-01-28 14:47:16,343 udp_protocol.py:474 事件类型配置文件不存在: ./config/liwei\event_types.json
2026-01-28 14:47:16,343 udp_protocol.py:501 事件规则配置文件不存在: ./config/liwei\rules\event.json
2026-01-28 14:47:16,345 udp_protocol.py:92 UDP服务已启动，监听端口: 10108
2026-01-28 14:54:26,055 udp_protocol.py:445 事件类型配置文件不存在: ./config/liwei\event_types.json
2026-01-28 14:54:26,056 udp_protocol.py:472 事件规则配置文件不存在: ./config/liwei\rules\event.json
2026-01-28 14:54:26,056 udp_protocol.py:77 UDP服务已启动，监听端口: 10108
2026-01-28 17:41:13,644 event_manager.py:116 事件类型配置文件不存在: ./config/liwei\event_types.json
2026-01-28 17:41:13,644 event_manager.py:143 事件规则配置文件不存在: ./config/liwei\rules\event.json
2026-01-28 17:41:13,645 udp_protocol.py:61 UDP服务已启动，监听端口: 10108
2026-01-28 17:41:13,646 server_manager.py:57 事件轮询任务已启动，轮询间隔: 5秒
2026-01-28 18:52:11,099 event_manager.py:114 从配置文件加载了 16 个事件类型
2026-01-28 18:52:11,099 event_manager.py:141 从配置文件加载了事件规则配置
2026-01-28 18:52:11,100 udp_protocol.py:61 UDP服务已启动，监听端口: 10108
2026-01-28 18:52:11,101 server_manager.py:57 事件轮询任务已启动，轮询间隔: 5秒
2026-01-28 19:00:07,985 event_manager.py:118 从配置文件加载了 16 个事件类型
2026-01-28 19:00:07,986 event_manager.py:145 从配置文件加载了事件规则配置
2026-01-28 19:15:59,647 event_manager.py:118 从配置文件加载了 16 个事件类型
2026-01-28 19:15:59,647 event_manager.py:145 从配置文件加载了事件规则配置
2026-01-28 19:15:59,648 udp_protocol.py:61 UDP服务已启动，监听端口: 10108
2026-01-28 19:15:59,649 server_manager.py:57 事件轮询任务已启动，轮询间隔: 5秒
2026-01-28 20:26:18,346 event_manager.py:121 从配置文件加载了 16 个事件类型
2026-01-28 20:26:18,346 event_manager.py:148 从配置文件加载了事件规则配置
2026-01-28 20:26:18,347 udp_protocol.py:61 UDP服务已启动，监听端口: 10108
2026-01-28 20:26:18,348 server_manager.py:57 事件轮询任务已启动，轮询间隔: 5秒
2026-01-28 21:06:39,466 event_manager.py:121 从配置文件加载了 16 个事件类型
2026-01-28 21:06:39,466 event_manager.py:148 从配置文件加载了事件规则配置
2026-01-28 22:33:33,860 event_manager.py:121 从配置文件加载了 16 个事件类型
2026-01-28 22:33:33,860 event_manager.py:148 从配置文件加载了事件规则配置
2026-01-28 22:33:33,861 udp_protocol.py:61 UDP服务已启动，监听端口: 10108
2026-01-28 22:33:33,862 server_manager.py:57 事件轮询任务已启动，轮询间隔: 5秒
2026-01-28 23:34:34,761 event_manager.py:125 从配置文件加载了 16 个事件类型和 2 个事件指令
2026-01-28 23:34:34,761 event_manager.py:152 从配置文件加载了事件规则配置
2026-01-28 23:34:34,762 udp_protocol.py:61 UDP服务已启动，监听端口: 10108
2026-01-28 23:34:34,763 server_manager.py:57 事件轮询任务已启动，轮询间隔: 5秒
