2026-01-28 00:36:30,423 udp_protocol.py:52 UDP服务已启动，监听端口: 10129
2026-01-28 00:37:40,540 udp_protocol.py:52 UDP服务已启动，监听端口: 10129
2026-01-28 00:38:43,727 udp_protocol.py:52 UDP服务已启动，监听端口: 10129
2026-01-28 00:46:15,232 udp_protocol.py:52 UDP服务已启动，监听端口: 10129
2026-01-28 00:47:06,178 udp_protocol.py:52 UDP服务已启动，监听端口: 10129
2026-01-28 00:54:40,343 udp_protocol.py:52 UDP服务已启动，监听端口: 10129
2026-01-28 00:57:45,295 udp_protocol.py:52 UDP服务已启动，监听端口: 10129
2026-01-28 01:03:16,358 udp_protocol.py:52 UDP服务已启动，监听端口: 10129
2026-01-28 01:03:54,760 udp_protocol.py:52 UDP服务已启动，监听端口: 10129
2026-01-28 10:06:12,451 udp_protocol.py:89 UDP服务已启动，监听端口: 10129
2026-01-28 10:17:00,176 udp_protocol.py:364 事件类型配置文件不存在: ./config/UDP-ES1000\event_types.json
2026-01-28 10:17:00,178 udp_protocol.py:74 UDP服务已启动，监听端口: 10129
2026-01-28 10:17:33,728 udp_protocol.py:364 事件类型配置文件不存在: ./config/UDP-ES1000\event_types.json
2026-01-28 10:17:33,730 udp_protocol.py:74 UDP服务已启动，监听端口: 10129
2026-01-28 10:30:41,249 udp_protocol.py:434 事件类型配置文件不存在: ./config/UDP-ES1000\event_types.json
2026-01-28 10:31:08,285 udp_protocol.py:434 事件类型配置文件不存在: ./config/UDP-ES1000\event_types.json
2026-01-28 10:32:14,733 udp_protocol.py:434 事件类型配置文件不存在: ./config/UDP-ES1000\event_types.json
2026-01-28 10:44:16,466 udp_protocol.py:434 事件类型配置文件不存在: ./config/UDP-ES1000\event_types.json
2026-01-28 10:44:25,547 udp_protocol.py:434 事件类型配置文件不存在: ./config/UDP-ES1000\event_types.json
2026-01-28 10:44:25,549 udp_protocol.py:74 UDP服务已启动，监听端口: 10129
2026-01-28 10:54:14,506 udp_protocol.py:445 事件类型配置文件不存在: ./config/UDP-ES1000\event_types.json
2026-01-28 10:54:14,506 udp_protocol.py:473 事件配置文件不存在: ./config/UDP-ES1000\event_config.json
2026-01-28 14:47:16,382 udp_protocol.py:474 事件类型配置文件不存在: ./config/UDP-ES1000\event_types.json
2026-01-28 14:47:16,382 udp_protocol.py:501 事件规则配置文件不存在: ./config/UDP-ES1000\rules\event.json
2026-01-28 14:47:16,384 udp_protocol.py:92 UDP服务已启动，监听端口: 10129
2026-01-28 14:54:26,093 udp_protocol.py:445 事件类型配置文件不存在: ./config/UDP-ES1000\event_types.json
2026-01-28 14:54:26,094 udp_protocol.py:472 事件规则配置文件不存在: ./config/UDP-ES1000\rules\event.json
2026-01-28 14:54:26,095 udp_protocol.py:77 UDP服务已启动，监听端口: 10129
2026-01-28 17:41:13,684 event_manager.py:116 事件类型配置文件不存在: ./config/UDP-ES1000\event_types.json
2026-01-28 17:41:13,684 event_manager.py:143 事件规则配置文件不存在: ./config/UDP-ES1000\rules\event.json
2026-01-28 17:41:13,701 udp_protocol.py:61 UDP服务已启动，监听端口: 10129
2026-01-28 18:52:11,137 event_manager.py:116 事件类型配置文件不存在: ./config/UDP-ES1000\event_types.json
2026-01-28 18:52:11,137 event_manager.py:143 事件规则配置文件不存在: ./config/UDP-ES1000\rules\event.json
2026-01-28 18:52:11,139 udp_protocol.py:61 UDP服务已启动，监听端口: 10129
2026-01-28 19:15:59,693 udp_protocol.py:61 UDP服务已启动，监听端口: 10129
2026-01-28 20:26:18,385 udp_protocol.py:61 UDP服务已启动，监听端口: 10129
2026-01-28 22:33:33,921 udp_protocol.py:61 UDP服务已启动，监听端口: 10129
2026-01-28 23:34:34,802 udp_protocol.py:61 UDP服务已启动，监听端口: 10129
