2026-01-31 02:01:44,820 udp_protocol.py:61 UDP服务已启动，监听端口: 10105
2026-01-31 02:20:32,634 udp_protocol.py:61 UDP服务已启动，监听端口: 10105
2026-01-31 02:20:52,906 udp_protocol.py:61 UDP服务已启动，监听端口: 10105
2026-01-31 02:21:23,959 udp_protocol.py:61 UDP服务已启动，监听端口: 10105
2026-01-31 02:21:44,163 udp_protocol.py:61 UDP服务已启动，监听端口: 10105
2026-01-31 02:21:54,252 udp_protocol.py:61 UDP服务已启动，监听端口: 10105
2026-01-31 02:22:14,575 udp_protocol.py:61 UDP服务已启动，监听端口: 10105
2026-01-31 02:40:10,201 udp_protocol.py:61 UDP服务已启动，监听端口: 10105
2026-01-31 02:54:32,619 udp_protocol.py:61 UDP服务已启动，监听端口: 10105
2026-01-31 03:02:05,471 udp_protocol.py:61 UDP服务已启动，监听端口: 10105
2026-01-31 03:08:30,721 udp_protocol.py:61 UDP服务已启动，监听端口: 10105
2026-01-31 03:18:23,930 udp_protocol.py:61 UDP服务已启动，监听端口: 10105
2026-01-31 03:20:22,478 udp_protocol.py:61 UDP服务已启动，监听端口: 10105
2026-01-31 03:20:41,977 udp_protocol.py:61 UDP服务已启动，监听端口: 10105
2026-01-31 03:21:26,966 udp_protocol.py:61 UDP服务已启动，监听端口: 10105
2026-01-31 03:21:42,155 udp_protocol.py:61 UDP服务已启动，监听端口: 10105
2026-01-31 03:22:30,208 udp_protocol.py:61 UDP服务已启动，监听端口: 10105
2026-01-31 03:24:06,652 udp_protocol.py:61 UDP服务已启动，监听端口: 10105
2026-01-31 12:06:48,916 udp_protocol.py:61 UDP服务已启动，监听端口: 10105
2026-01-31 13:48:42,194 udp_protocol.py:61 UDP服务已启动，监听端口: 10105
2026-01-31 14:03:59,318 udp_protocol.py:61 UDP服务已启动，监听端口: 10105
2026-01-31 14:28:40,269 udp_protocol.py:61 UDP服务已启动，监听端口: 10105
2026-01-31 14:34:59,918 udp_protocol.py:61 UDP服务已启动，监听端口: 10105
2026-01-31 14:58:32,648 event_manager.py:192 从配置文件加载了协议事件配置: config/protocol_event_config.json
2026-01-31 14:58:32,648 event_manager.py:193 支持的协议: ['liwei', 'haineng', 'zhongyi', 'jiangsu', 'default']
2026-01-31 14:58:32,651 udp_protocol.py:61 UDP服务已启动，监听端口: 10105
2026-01-31 15:00:12,010 event_manager.py:192 从配置文件加载了协议事件配置: config/protocol_event_config.json
2026-01-31 15:00:12,010 event_manager.py:193 支持的协议: ['liwei', 'haineng', 'zhongyi', 'jiangsu', 'default']
2026-01-31 15:00:12,012 udp_protocol.py:61 UDP服务已启动，监听端口: 10105
2026-01-31 15:05:29,802 event_manager.py:192 从配置文件加载了协议事件配置: config/protocol_event_config.json
2026-01-31 15:05:29,802 event_manager.py:193 支持的协议: ['liwei', 'haineng', 'zhongyi', 'jiangsu', 'default']
2026-01-31 15:05:29,804 udp_protocol.py:61 UDP服务已启动，监听端口: 10105
2026-01-31 15:07:41,386 event_manager.py:192 从配置文件加载了协议事件配置: config/protocol_event_config.json
2026-01-31 15:07:41,386 event_manager.py:193 支持的协议: ['liwei', 'haineng', 'zhongyi', 'jiangsu', 'default']
2026-01-31 15:09:39,130 event_manager.py:192 从配置文件加载了协议事件配置: config/protocol_event_config.json
2026-01-31 15:09:39,130 event_manager.py:193 支持的协议: ['liwei', 'haineng', 'zhongyi', 'jiangsu', 'default']
2026-01-31 15:09:39,134 udp_protocol.py:61 UDP服务已启动，监听端口: 10105
2026-01-31 15:17:04,434 event_manager.py:192 从配置文件加载了协议事件配置: config/protocol_event_config.json
2026-01-31 15:17:04,434 event_manager.py:193 支持的协议: ['liwei', 'haineng', 'zhongyi', 'jiangsu', 'default']
2026-01-31 15:17:04,437 udp_protocol.py:61 UDP服务已启动，监听端口: 10105
2026-01-31 15:19:13,757 event_manager.py:192 从配置文件加载了协议事件配置: config/protocol_event_config.json
2026-01-31 15:19:13,757 event_manager.py:193 支持的协议: ['liwei', 'haineng', 'zhongyi', 'jiangsu', 'default']
2026-01-31 15:19:13,761 udp_protocol.py:61 UDP服务已启动，监听端口: 10105
2026-01-31 15:20:05,342 event_manager.py:192 从配置文件加载了协议事件配置: config/protocol_event_config.json
2026-01-31 15:20:05,342 event_manager.py:193 支持的协议: ['liwei', 'haineng', 'zhongyi', 'jiangsu', 'default']
2026-01-31 15:20:05,345 udp_protocol.py:61 UDP服务已启动，监听端口: 10105
2026-01-31 15:28:15,184 event_manager.py:194 从配置文件加载了协议事件配置: E:\SOFTWARE_TEST_ENGINEER\6、练习题\卓望-联合永道bak\07_TOOLS\03_FSU_ENTRANCE\01_GD_ENTRANCE\fsu_b_mock\config\protocol_event_config.json
2026-01-31 15:28:15,184 event_manager.py:195 支持的协议: ['liwei', 'haineng', 'zhongyi', 'jiangsu', 'default']
2026-01-31 15:29:25,151 event_manager.py:194 从配置文件加载了协议事件配置: e:\SOFTWARE_TEST_ENGINEER\6、练习题\卓望-联合永道bak\07_TOOLS\03_FSU_ENTRANCE\01_GD_ENTRANCE\fsu_b_mock\config\protocol_event_config.json
2026-01-31 15:29:25,151 event_manager.py:195 支持的协议: ['liwei', 'haineng', 'zhongyi', 'jiangsu', 'default']
2026-01-31 15:29:25,154 udp_protocol.py:61 UDP服务已启动，监听端口: 10105
2026-01-31 15:31:42,860 event_manager.py:194 从配置文件加载了协议事件配置: E:\SOFTWARE_TEST_ENGINEER\6、练习题\卓望-联合永道bak\07_TOOLS\03_FSU_ENTRANCE\01_GD_ENTRANCE\fsu_b_mock\config\protocol_event_config.json
2026-01-31 15:31:42,860 event_manager.py:195 支持的协议: ['liwei', 'haineng', 'zhongyi', 'jiangsu', 'default']
2026-01-31 15:32:25,975 event_manager.py:194 从配置文件加载了协议事件配置: e:\SOFTWARE_TEST_ENGINEER\6、练习题\卓望-联合永道bak\07_TOOLS\03_FSU_ENTRANCE\01_GD_ENTRANCE\fsu_b_mock\config\protocol_event_config.json
2026-01-31 15:32:25,975 event_manager.py:195 支持的协议: ['liwei', 'haineng', 'zhongyi', 'jiangsu', 'default']
2026-01-31 15:32:25,978 udp_protocol.py:61 UDP服务已启动，监听端口: 10105
2026-01-31 15:37:40,392 event_manager.py:194 从配置文件加载了协议事件配置: e:\SOFTWARE_TEST_ENGINEER\6、练习题\卓望-联合永道bak\07_TOOLS\03_FSU_ENTRANCE\01_GD_ENTRANCE\fsu_b_mock\config\protocol_event_config.json
2026-01-31 15:37:40,393 event_manager.py:195 支持的协议: ['liwei', 'haineng', 'zhongyi', 'jiangsu', 'default']
2026-01-31 15:37:40,395 udp_protocol.py:61 UDP服务已启动，监听端口: 10105
2026-01-31 15:42:08,511 event_manager.py:194 从配置文件加载了协议事件配置: e:\SOFTWARE_TEST_ENGINEER\6、练习题\卓望-联合永道bak\07_TOOLS\03_FSU_ENTRANCE\01_GD_ENTRANCE\fsu_b_mock\config\protocol_event_config.json
2026-01-31 15:42:08,512 event_manager.py:195 支持的协议: ['liwei', 'haineng', 'zhongyi', 'jiangsu', 'default']
2026-01-31 15:42:08,514 udp_protocol.py:61 UDP服务已启动，监听端口: 10105
2026-01-31 15:46:29,811 event_manager.py:194 从配置文件加载了协议事件配置: e:\SOFTWARE_TEST_ENGINEER\6、练习题\卓望-联合永道bak\07_TOOLS\03_FSU_ENTRANCE\01_GD_ENTRANCE\fsu_b_mock\config\protocol_event_config.json
2026-01-31 15:46:29,811 event_manager.py:195 支持的协议: ['liwei', 'haineng', 'zhongyi', 'jiangsu', 'default']
2026-01-31 15:46:29,814 udp_protocol.py:61 UDP服务已启动，监听端口: 10105
2026-01-31 15:48:46,410 event_manager.py:194 从配置文件加载了协议事件配置: e:\SOFTWARE_TEST_ENGINEER\6、练习题\卓望-联合永道bak\07_TOOLS\03_FSU_ENTRANCE\01_GD_ENTRANCE\fsu_b_mock\config\protocol_event_config.json
2026-01-31 15:48:46,410 event_manager.py:195 支持的协议: ['liwei', 'haineng', 'zhongyi', 'jiangsu', 'default']
2026-01-31 15:48:46,414 udp_protocol.py:61 UDP服务已启动，监听端口: 10105
2026-01-31 15:52:03,792 event_manager.py:194 从配置文件加载了协议事件配置: e:\SOFTWARE_TEST_ENGINEER\6、练习题\卓望-联合永道bak\07_TOOLS\03_FSU_ENTRANCE\01_GD_ENTRANCE\fsu_b_mock\config\protocol_event_config.json
2026-01-31 15:52:03,793 event_manager.py:195 支持的协议: ['liwei', 'haineng', 'zhongyi', 'jiangsu', 'default']
2026-01-31 15:52:03,796 udp_protocol.py:61 UDP服务已启动，监听端口: 10105
2026-01-31 15:53:38,941 event_manager.py:194 从配置文件加载了协议事件配置: e:\SOFTWARE_TEST_ENGINEER\6、练习题\卓望-联合永道bak\07_TOOLS\03_FSU_ENTRANCE\01_GD_ENTRANCE\fsu_b_mock\config\protocol_event_config.json
2026-01-31 15:53:38,941 event_manager.py:195 支持的协议: ['liwei', 'haineng', 'zhongyi', 'jiangsu', 'default']
2026-01-31 15:53:38,944 udp_protocol.py:61 UDP服务已启动，监听端口: 10105
2026-01-31 15:53:57,836 event_manager.py:194 从配置文件加载了协议事件配置: e:\SOFTWARE_TEST_ENGINEER\6、练习题\卓望-联合永道bak\07_TOOLS\03_FSU_ENTRANCE\01_GD_ENTRANCE\fsu_b_mock\config\protocol_event_config.json
2026-01-31 15:53:57,836 event_manager.py:195 支持的协议: ['liwei', 'haineng', 'zhongyi', 'jiangsu', 'default']
2026-01-31 15:53:57,839 udp_protocol.py:61 UDP服务已启动，监听端口: 10105
2026-01-31 16:01:43,496 event_manager.py:194 从配置文件加载了协议事件配置: e:\SOFTWARE_TEST_ENGINEER\6、练习题\卓望-联合永道bak\07_TOOLS\03_FSU_ENTRANCE\01_GD_ENTRANCE\fsu_b_mock\config\protocol_event_config.json
2026-01-31 16:01:43,497 event_manager.py:195 支持的协议: ['liwei', 'haineng', 'zhongyi', 'jiangsu', 'default']
2026-01-31 16:01:43,500 udp_protocol.py:61 UDP服务已启动，监听端口: 10105
2026-01-31 16:09:43,186 event_manager.py:194 从配置文件加载了协议事件配置: E:\SOFTWARE_TEST_ENGINEER\6、练习题\卓望-联合永道bak\07_TOOLS\03_FSU_ENTRANCE\01_GD_ENTRANCE\fsu_b_mock\config\protocol_event_config.json
2026-01-31 16:09:43,186 event_manager.py:195 支持的协议: ['liwei', 'haineng', 'zhongyi', 'jiangsu', 'default']
2026-01-31 16:09:43,189 udp_protocol.py:61 UDP服务已启动，监听端口: 10105
2026-01-31 16:10:05,504 event_manager.py:194 从配置文件加载了协议事件配置: E:\SOFTWARE_TEST_ENGINEER\6、练习题\卓望-联合永道bak\07_TOOLS\03_FSU_ENTRANCE\01_GD_ENTRANCE\fsu_b_mock\config\protocol_event_config.json
2026-01-31 16:10:05,504 event_manager.py:195 支持的协议: ['liwei', 'haineng', 'zhongyi', 'jiangsu', 'default']
2026-01-31 16:10:05,506 udp_protocol.py:61 UDP服务已启动，监听端口: 10105
2026-01-31 16:10:10,474 event_manager.py:194 从配置文件加载了协议事件配置: E:\SOFTWARE_TEST_ENGINEER\6、练习题\卓望-联合永道bak\07_TOOLS\03_FSU_ENTRANCE\01_GD_ENTRANCE\fsu_b_mock\config\protocol_event_config.json
2026-01-31 16:10:10,474 event_manager.py:195 支持的协议: ['liwei', 'haineng', 'zhongyi', 'jiangsu', 'default']
2026-01-31 16:10:10,478 udp_protocol.py:61 UDP服务已启动，监听端口: 10105
2026-01-31 16:10:17,121 event_manager.py:194 从配置文件加载了协议事件配置: E:\SOFTWARE_TEST_ENGINEER\6、练习题\卓望-联合永道bak\07_TOOLS\03_FSU_ENTRANCE\01_GD_ENTRANCE\fsu_b_mock\config\protocol_event_config.json
2026-01-31 16:10:17,121 event_manager.py:195 支持的协议: ['liwei', 'haineng', 'zhongyi', 'jiangsu', 'default']
2026-01-31 16:10:17,123 udp_protocol.py:61 UDP服务已启动，监听端口: 10105
2026-01-31 16:10:38,207 event_manager.py:194 从配置文件加载了协议事件配置: E:\SOFTWARE_TEST_ENGINEER\6、练习题\卓望-联合永道bak\07_TOOLS\03_FSU_ENTRANCE\01_GD_ENTRANCE\fsu_b_mock\config\protocol_event_config.json
2026-01-31 16:10:38,208 event_manager.py:195 支持的协议: ['liwei', 'haineng', 'zhongyi', 'jiangsu', 'default']
2026-01-31 16:10:38,210 udp_protocol.py:61 UDP服务已启动，监听端口: 10105
2026-01-31 16:27:48,538 event_manager.py:194 从配置文件加载了协议事件配置: e:\SOFTWARE_TEST_ENGINEER\6、练习题\卓望-联合永道bak\07_TOOLS\03_FSU_ENTRANCE\01_GD_ENTRANCE\fsu_b_mock\config\protocol_event_config.json
2026-01-31 16:27:48,538 event_manager.py:195 支持的协议: ['liwei', 'haineng', 'zhongyi', 'jiangsu', 'default']
2026-01-31 16:27:48,541 udp_protocol.py:61 UDP服务已启动，监听端口: 10105
2026-01-31 16:27:54,905 event_manager.py:194 从配置文件加载了协议事件配置: e:\SOFTWARE_TEST_ENGINEER\6、练习题\卓望-联合永道bak\07_TOOLS\03_FSU_ENTRANCE\01_GD_ENTRANCE\fsu_b_mock\config\protocol_event_config.json
2026-01-31 16:27:54,905 event_manager.py:195 支持的协议: ['liwei', 'haineng', 'zhongyi', 'jiangsu', 'default']
2026-01-31 16:27:54,908 udp_protocol.py:61 UDP服务已启动，监听端口: 10105
2026-01-31 16:28:23,456 event_manager.py:194 从配置文件加载了协议事件配置: e:\SOFTWARE_TEST_ENGINEER\6、练习题\卓望-联合永道bak\07_TOOLS\03_FSU_ENTRANCE\01_GD_ENTRANCE\fsu_b_mock\config\protocol_event_config.json
2026-01-31 16:28:23,457 event_manager.py:195 支持的协议: ['liwei', 'haineng', 'zhongyi', 'jiangsu', 'default']
2026-01-31 16:28:23,459 udp_protocol.py:61 UDP服务已启动，监听端口: 10105
2026-01-31 16:30:10,224 event_manager.py:194 从配置文件加载了协议事件配置: e:\SOFTWARE_TEST_ENGINEER\6、练习题\卓望-联合永道bak\07_TOOLS\03_FSU_ENTRANCE\01_GD_ENTRANCE\fsu_b_mock\config\protocol_event_config.json
2026-01-31 16:30:10,225 event_manager.py:195 支持的协议: ['liwei', 'haineng', 'zhongyi', 'jiangsu', 'default']
2026-01-31 16:30:10,229 udp_protocol.py:61 UDP服务已启动，监听端口: 10105
2026-01-31 16:31:11,215 event_manager.py:194 从配置文件加载了协议事件配置: e:\SOFTWARE_TEST_ENGINEER\6、练习题\卓望-联合永道bak\07_TOOLS\03_FSU_ENTRANCE\01_GD_ENTRANCE\fsu_b_mock\config\protocol_event_config.json
2026-01-31 16:31:11,215 event_manager.py:195 支持的协议: ['liwei', 'haineng', 'zhongyi', 'jiangsu', 'default']
2026-01-31 16:31:11,217 udp_protocol.py:61 UDP服务已启动，监听端口: 10105
2026-01-31 16:32:15,049 event_manager.py:194 从配置文件加载了协议事件配置: e:\SOFTWARE_TEST_ENGINEER\6、练习题\卓望-联合永道bak\07_TOOLS\03_FSU_ENTRANCE\01_GD_ENTRANCE\fsu_b_mock\config\protocol_event_config.json
2026-01-31 16:32:15,050 event_manager.py:195 支持的协议: ['liwei', 'haineng', 'zhongyi', 'jiangsu', 'default']
2026-01-31 16:32:15,054 udp_protocol.py:61 UDP服务已启动，监听端口: 10105
2026-01-31 16:34:21,568 event_manager.py:194 从配置文件加载了协议事件配置: e:\SOFTWARE_TEST_ENGINEER\6、练习题\卓望-联合永道bak\07_TOOLS\03_FSU_ENTRANCE\01_GD_ENTRANCE\fsu_b_mock\config\protocol_event_config.json
2026-01-31 16:34:21,569 event_manager.py:195 支持的协议: ['liwei', 'haineng', 'zhongyi', 'jiangsu', 'default']
2026-01-31 16:34:21,573 udp_protocol.py:61 UDP服务已启动，监听端口: 10105
2026-01-31 16:35:46,661 event_manager.py:194 从配置文件加载了协议事件配置: e:\SOFTWARE_TEST_ENGINEER\6、练习题\卓望-联合永道bak\07_TOOLS\03_FSU_ENTRANCE\01_GD_ENTRANCE\fsu_b_mock\config\protocol_event_config.json
2026-01-31 16:35:46,661 event_manager.py:195 支持的协议: ['liwei', 'haineng', 'zhongyi', 'jiangsu', 'default']
2026-01-31 16:35:46,664 udp_protocol.py:61 UDP服务已启动，监听端口: 10105
2026-01-31 16:36:20,582 event_manager.py:194 从配置文件加载了协议事件配置: e:\SOFTWARE_TEST_ENGINEER\6、练习题\卓望-联合永道bak\07_TOOLS\03_FSU_ENTRANCE\01_GD_ENTRANCE\fsu_b_mock\config\protocol_event_config.json
2026-01-31 16:36:20,583 event_manager.py:195 支持的协议: ['liwei', 'haineng', 'zhongyi', 'jiangsu', 'default']
2026-01-31 16:36:20,585 udp_protocol.py:61 UDP服务已启动，监听端口: 10105
2026-01-31 16:37:37,179 event_manager.py:194 从配置文件加载了协议事件配置: e:\SOFTWARE_TEST_ENGINEER\6、练习题\卓望-联合永道bak\07_TOOLS\03_FSU_ENTRANCE\01_GD_ENTRANCE\fsu_b_mock\config\protocol_event_config.json
2026-01-31 16:37:37,180 event_manager.py:195 支持的协议: ['liwei', 'haineng', 'zhongyi', 'jiangsu', 'default']
2026-01-31 16:37:37,184 udp_protocol.py:61 UDP服务已启动，监听端口: 10105
2026-01-31 16:37:44,385 event_manager.py:194 从配置文件加载了协议事件配置: E:\SOFTWARE_TEST_ENGINEER\6、练习题\卓望-联合永道bak\07_TOOLS\03_FSU_ENTRANCE\01_GD_ENTRANCE\fsu_b_mock\config\protocol_event_config.json
2026-01-31 16:37:44,385 event_manager.py:195 支持的协议: ['liwei', 'haineng', 'zhongyi', 'jiangsu', 'default']
2026-01-31 16:37:59,341 event_manager.py:194 从配置文件加载了协议事件配置: E:\SOFTWARE_TEST_ENGINEER\6、练习题\卓望-联合永道bak\07_TOOLS\03_FSU_ENTRANCE\01_GD_ENTRANCE\fsu_b_mock\config\protocol_event_config.json
2026-01-31 16:37:59,342 event_manager.py:195 支持的协议: ['liwei', 'haineng', 'zhongyi', 'jiangsu', 'default']
2026-01-31 16:37:59,343 udp_protocol.py:61 UDP服务已启动，监听端口: 10105
2026-01-31 16:41:44,863 event_manager.py:194 从配置文件加载了协议事件配置: e:\SOFTWARE_TEST_ENGINEER\6、练习题\卓望-联合永道bak\07_TOOLS\03_FSU_ENTRANCE\01_GD_ENTRANCE\fsu_b_mock\config\protocol_event_config.json
2026-01-31 16:41:44,864 event_manager.py:195 支持的协议: ['liwei', 'haineng', 'zhongyi', 'jiangsu', 'default']
2026-01-31 16:42:02,911 event_manager.py:194 从配置文件加载了协议事件配置: e:\SOFTWARE_TEST_ENGINEER\6、练习题\卓望-联合永道bak\07_TOOLS\03_FSU_ENTRANCE\01_GD_ENTRANCE\fsu_b_mock\config\protocol_event_config.json
2026-01-31 16:42:02,912 event_manager.py:195 支持的协议: ['liwei', 'haineng', 'zhongyi', 'jiangsu', 'default']
2026-01-31 16:42:02,918 udp_protocol.py:61 UDP服务已启动，监听端口: 10105
2026-01-31 16:47:33,751 event_manager.py:194 从配置文件加载了协议事件配置: E:\SOFTWARE_TEST_ENGINEER\6、练习题\卓望-联合永道bak\07_TOOLS\03_FSU_ENTRANCE\01_GD_ENTRANCE\fsu_b_mock\config\protocol_event_config.json
2026-01-31 16:47:33,751 event_manager.py:195 支持的协议: ['liwei', 'haineng', 'zhongyi', 'jiangsu', 'default']
2026-01-31 16:47:33,753 udp_protocol.py:61 UDP服务已启动，监听端口: 10105
2026-01-31 16:49:00,381 event_manager.py:194 从配置文件加载了协议事件配置: E:\SOFTWARE_TEST_ENGINEER\6、练习题\卓望-联合永道bak\07_TOOLS\03_FSU_ENTRANCE\01_GD_ENTRANCE\fsu_b_mock\config\protocol_event_config.json
2026-01-31 16:49:00,381 event_manager.py:195 支持的协议: ['liwei', 'haineng', 'zhongyi', 'jiangsu', 'default']
2026-01-31 16:49:00,383 udp_protocol.py:61 UDP服务已启动，监听端口: 10105
2026-01-31 16:49:56,389 event_manager.py:194 从配置文件加载了协议事件配置: E:\SOFTWARE_TEST_ENGINEER\6、练习题\卓望-联合永道bak\07_TOOLS\03_FSU_ENTRANCE\01_GD_ENTRANCE\fsu_b_mock\config\protocol_event_config.json
2026-01-31 16:49:56,389 event_manager.py:195 支持的协议: ['liwei', 'haineng', 'zhongyi', 'jiangsu', 'default']
2026-01-31 16:49:56,392 udp_protocol.py:61 UDP服务已启动，监听端口: 10105
2026-01-31 16:52:18,425 event_manager.py:194 从配置文件加载了协议事件配置: E:\SOFTWARE_TEST_ENGINEER\6、练习题\卓望-联合永道bak\07_TOOLS\03_FSU_ENTRANCE\01_GD_ENTRANCE\fsu_b_mock\config\protocol_event_config.json
2026-01-31 16:52:18,426 event_manager.py:195 支持的协议: ['liwei', 'haineng', 'zhongyi', 'jiangsu', 'default']
2026-01-31 16:52:18,428 udp_protocol.py:61 UDP服务已启动，监听端口: 10105
2026-01-31 16:52:47,668 event_manager.py:194 从配置文件加载了协议事件配置: E:\SOFTWARE_TEST_ENGINEER\6、练习题\卓望-联合永道bak\07_TOOLS\03_FSU_ENTRANCE\01_GD_ENTRANCE\fsu_b_mock\config\protocol_event_config.json
2026-01-31 16:52:47,668 event_manager.py:195 支持的协议: ['liwei', 'haineng', 'zhongyi', 'jiangsu', 'default']
2026-01-31 16:52:47,670 udp_protocol.py:61 UDP服务已启动，监听端口: 10105
2026-01-31 16:53:24,141 event_manager.py:194 从配置文件加载了协议事件配置: E:\SOFTWARE_TEST_ENGINEER\6、练习题\卓望-联合永道bak\07_TOOLS\03_FSU_ENTRANCE\01_GD_ENTRANCE\fsu_b_mock\config\protocol_event_config.json
2026-01-31 16:53:24,142 event_manager.py:195 支持的协议: ['liwei', 'haineng', 'zhongyi', 'jiangsu', 'default']
2026-01-31 16:53:24,148 udp_protocol.py:61 UDP服务已启动，监听端口: 10105
2026-01-31 16:55:28,565 event_manager.py:194 从配置文件加载了协议事件配置: E:\SOFTWARE_TEST_ENGINEER\6、练习题\卓望-联合永道bak\07_TOOLS\03_FSU_ENTRANCE\01_GD_ENTRANCE\fsu_b_mock\config\protocol_event_config.json
2026-01-31 16:55:28,565 event_manager.py:195 支持的协议: ['liwei', 'haineng', 'zhongyi', 'jiangsu', 'default']
2026-01-31 16:55:28,567 udp_protocol.py:61 UDP服务已启动，监听端口: 10105
2026-01-31 17:01:11,980 event_manager.py:194 从配置文件加载了协议事件配置: E:\SOFTWARE_TEST_ENGINEER\6、练习题\卓望-联合永道bak\07_TOOLS\03_FSU_ENTRANCE\01_GD_ENTRANCE\fsu_b_mock\config\protocol_event_config.json
2026-01-31 17:01:11,980 event_manager.py:195 支持的协议: ['liwei', 'haineng', 'zhongyi', 'jiangsu', 'default']
2026-01-31 17:01:11,981 udp_protocol.py:61 UDP服务已启动，监听端口: 10105
2026-01-31 17:01:30,573 event_manager.py:194 从配置文件加载了协议事件配置: E:\SOFTWARE_TEST_ENGINEER\6、练习题\卓望-联合永道bak\07_TOOLS\03_FSU_ENTRANCE\01_GD_ENTRANCE\fsu_b_mock\config\protocol_event_config.json
2026-01-31 17:01:30,574 event_manager.py:195 支持的协议: ['liwei', 'haineng', 'zhongyi', 'jiangsu', 'default']
2026-01-31 17:01:30,575 udp_protocol.py:61 UDP服务已启动，监听端口: 10105
2026-01-31 17:03:12,958 event_manager.py:194 从配置文件加载了协议事件配置: e:\SOFTWARE_TEST_ENGINEER\6、练习题\卓望-联合永道bak\07_TOOLS\03_FSU_ENTRANCE\01_GD_ENTRANCE\fsu_b_mock\config\protocol_event_config.json
2026-01-31 17:03:12,958 event_manager.py:195 支持的协议: ['liwei', 'haineng', 'zhongyi', 'jiangsu', 'default']
2026-01-31 17:03:12,962 udp_protocol.py:61 UDP服务已启动，监听端口: 10105
2026-01-31 17:03:37,871 event_manager.py:194 从配置文件加载了协议事件配置: e:\SOFTWARE_TEST_ENGINEER\6、练习题\卓望-联合永道bak\07_TOOLS\03_FSU_ENTRANCE\01_GD_ENTRANCE\fsu_b_mock\config\protocol_event_config.json
2026-01-31 17:03:37,872 event_manager.py:195 支持的协议: ['liwei', 'haineng', 'zhongyi', 'jiangsu', 'default']
2026-01-31 17:03:37,874 udp_protocol.py:61 UDP服务已启动，监听端口: 10105
2026-01-31 17:04:13,587 event_manager.py:194 从配置文件加载了协议事件配置: e:\SOFTWARE_TEST_ENGINEER\6、练习题\卓望-联合永道bak\07_TOOLS\03_FSU_ENTRANCE\01_GD_ENTRANCE\fsu_b_mock\config\protocol_event_config.json
2026-01-31 17:04:13,587 event_manager.py:195 支持的协议: ['liwei', 'haineng', 'zhongyi', 'jiangsu', 'default']
2026-01-31 17:04:13,590 udp_protocol.py:61 UDP服务已启动，监听端口: 10105
2026-01-31 17:05:43,072 event_manager.py:194 从配置文件加载了协议事件配置: E:\SOFTWARE_TEST_ENGINEER\6、练习题\卓望-联合永道bak\07_TOOLS\03_FSU_ENTRANCE\01_GD_ENTRANCE\fsu_b_mock\config\protocol_event_config.json
2026-01-31 17:05:43,072 event_manager.py:195 支持的协议: ['liwei', 'haineng', 'zhongyi', 'jiangsu', 'default']
2026-01-31 17:05:54,368 event_manager.py:194 从配置文件加载了协议事件配置: E:\SOFTWARE_TEST_ENGINEER\6、练习题\卓望-联合永道bak\07_TOOLS\03_FSU_ENTRANCE\01_GD_ENTRANCE\fsu_b_mock\config\protocol_event_config.json
2026-01-31 17:05:54,368 event_manager.py:195 支持的协议: ['liwei', 'haineng', 'zhongyi', 'jiangsu', 'default']
2026-01-31 17:05:54,370 udp_protocol.py:61 UDP服务已启动，监听端口: 10105
2026-01-31 17:06:06,396 event_manager.py:194 从配置文件加载了协议事件配置: E:\SOFTWARE_TEST_ENGINEER\6、练习题\卓望-联合永道bak\07_TOOLS\03_FSU_ENTRANCE\01_GD_ENTRANCE\fsu_b_mock\config\protocol_event_config.json
2026-01-31 17:06:06,397 event_manager.py:195 支持的协议: ['liwei', 'haineng', 'zhongyi', 'jiangsu', 'default']
2026-01-31 17:06:06,402 udp_protocol.py:61 UDP服务已启动，监听端口: 10105
2026-01-31 17:06:57,338 event_manager.py:194 从配置文件加载了协议事件配置: E:\SOFTWARE_TEST_ENGINEER\6、练习题\卓望-联合永道bak\07_TOOLS\03_FSU_ENTRANCE\01_GD_ENTRANCE\fsu_b_mock\config\protocol_event_config.json
2026-01-31 17:06:57,338 event_manager.py:195 支持的协议: ['liwei', 'haineng', 'zhongyi', 'jiangsu', 'default']
2026-01-31 17:06:57,340 udp_protocol.py:61 UDP服务已启动，监听端口: 10105
2026-01-31 17:08:21,550 event_manager.py:194 从配置文件加载了协议事件配置: E:\SOFTWARE_TEST_ENGINEER\6、练习题\卓望-联合永道bak\07_TOOLS\03_FSU_ENTRANCE\01_GD_ENTRANCE\fsu_b_mock\config\protocol_event_config.json
2026-01-31 17:08:21,550 event_manager.py:195 支持的协议: ['liwei', 'haineng', 'zhongyi', 'jiangsu', 'default']
2026-01-31 17:08:21,552 udp_protocol.py:61 UDP服务已启动，监听端口: 10105
2026-01-31 17:08:52,080 event_manager.py:194 从配置文件加载了协议事件配置: E:\SOFTWARE_TEST_ENGINEER\6、练习题\卓望-联合永道bak\07_TOOLS\03_FSU_ENTRANCE\01_GD_ENTRANCE\fsu_b_mock\config\protocol_event_config.json
2026-01-31 17:08:52,080 event_manager.py:195 支持的协议: ['liwei', 'haineng', 'zhongyi', 'jiangsu', 'default']
2026-01-31 17:08:52,082 udp_protocol.py:61 UDP服务已启动，监听端口: 10105
2026-01-31 17:10:17,726 event_manager.py:194 从配置文件加载了协议事件配置: E:\SOFTWARE_TEST_ENGINEER\6、练习题\卓望-联合永道bak\07_TOOLS\03_FSU_ENTRANCE\01_GD_ENTRANCE\fsu_b_mock\config\protocol_event_config.json
2026-01-31 17:10:17,726 event_manager.py:195 支持的协议: ['liwei', 'haineng', 'zhongyi', 'jiangsu', 'default']
2026-01-31 17:10:17,728 udp_protocol.py:61 UDP服务已启动，监听端口: 10105
2026-01-31 17:10:46,855 event_manager.py:194 从配置文件加载了协议事件配置: E:\SOFTWARE_TEST_ENGINEER\6、练习题\卓望-联合永道bak\07_TOOLS\03_FSU_ENTRANCE\01_GD_ENTRANCE\fsu_b_mock\config\protocol_event_config.json
2026-01-31 17:10:46,855 event_manager.py:195 支持的协议: ['liwei', 'haineng', 'zhongyi', 'jiangsu', 'default']
2026-01-31 17:10:46,856 udp_protocol.py:61 UDP服务已启动，监听端口: 10105
2026-01-31 17:11:19,466 event_manager.py:194 从配置文件加载了协议事件配置: E:\SOFTWARE_TEST_ENGINEER\6、练习题\卓望-联合永道bak\07_TOOLS\03_FSU_ENTRANCE\01_GD_ENTRANCE\fsu_b_mock\config\protocol_event_config.json
2026-01-31 17:11:19,466 event_manager.py:195 支持的协议: ['liwei', 'haineng', 'zhongyi', 'jiangsu', 'default']
2026-01-31 17:11:19,468 udp_protocol.py:61 UDP服务已启动，监听端口: 10105
2026-01-31 17:12:48,026 event_manager.py:194 从配置文件加载了协议事件配置: E:\SOFTWARE_TEST_ENGINEER\6、练习题\卓望-联合永道bak\07_TOOLS\03_FSU_ENTRANCE\01_GD_ENTRANCE\fsu_b_mock\config\protocol_event_config.json
2026-01-31 17:12:48,026 event_manager.py:195 支持的协议: ['liwei', 'haineng', 'zhongyi', 'jiangsu', 'default']
2026-01-31 17:12:48,028 udp_protocol.py:61 UDP服务已启动，监听端口: 10105
2026-01-31 17:23:14,090 event_manager.py:194 从配置文件加载了协议事件配置: E:\SOFTWARE_TEST_ENGINEER\6、练习题\卓望-联合永道bak\07_TOOLS\03_FSU_ENTRANCE\01_GD_ENTRANCE\fsu_b_mock\config\protocol_event_config.json
2026-01-31 17:23:14,090 event_manager.py:195 支持的协议: ['liwei', 'haineng', 'zhongyi', 'jiangsu', 'default']
2026-01-31 17:23:14,094 udp_protocol.py:61 UDP服务已启动，监听端口: 10105
2026-01-31 17:23:36,953 event_manager.py:194 从配置文件加载了协议事件配置: E:\SOFTWARE_TEST_ENGINEER\6、练习题\卓望-联合永道bak\07_TOOLS\03_FSU_ENTRANCE\01_GD_ENTRANCE\fsu_b_mock\config\protocol_event_config.json
2026-01-31 17:23:36,953 event_manager.py:195 支持的协议: ['liwei', 'haineng', 'zhongyi', 'jiangsu', 'default']
2026-01-31 17:23:36,956 udp_protocol.py:61 UDP服务已启动，监听端口: 10105
2026-01-31 17:24:37,162 event_manager.py:194 从配置文件加载了协议事件配置: E:\SOFTWARE_TEST_ENGINEER\6、练习题\卓望-联合永道bak\07_TOOLS\03_FSU_ENTRANCE\01_GD_ENTRANCE\fsu_b_mock\config\protocol_event_config.json
2026-01-31 17:24:37,162 event_manager.py:195 支持的协议: ['liwei', 'haineng', 'zhongyi', 'jiangsu', 'default']
2026-01-31 17:24:37,164 udp_protocol.py:61 UDP服务已启动，监听端口: 10105
2026-01-31 17:34:12,041 event_manager.py:194 从配置文件加载了协议事件配置: E:\SOFTWARE_TEST_ENGINEER\6、练习题\卓望-联合永道bak\07_TOOLS\03_FSU_ENTRANCE\01_GD_ENTRANCE\fsu_b_mock\config\protocol_event_config.json
2026-01-31 17:34:12,041 event_manager.py:195 支持的协议: ['liwei', 'haineng', 'zhongyi', 'jiangsu', 'default']
2026-01-31 17:34:12,043 udp_protocol.py:61 UDP服务已启动，监听端口: 10105
2026-01-31 18:13:34,035 event_manager.py:194 从配置文件加载了协议事件配置: e:\SOFTWARE_TEST_ENGINEER\6、练习题\卓望-联合永道bak\07_TOOLS\03_FSU_ENTRANCE\01_GD_ENTRANCE\fsu_b_mock\config\protocol_event_config.json
2026-01-31 18:13:34,035 event_manager.py:195 支持的协议: ['liwei', 'haineng', 'zhongyi', 'jiangsu', 'default']
2026-01-31 18:13:34,038 udp_protocol.py:61 UDP服务已启动，监听端口: 10105
2026-01-31 18:17:06,691 event_manager.py:194 从配置文件加载了协议事件配置: e:\SOFTWARE_TEST_ENGINEER\6、练习题\卓望-联合永道bak\07_TOOLS\03_FSU_ENTRANCE\01_GD_ENTRANCE\fsu_b_mock\config\protocol_event_config.json
2026-01-31 18:17:06,691 event_manager.py:195 支持的协议: ['liwei', 'haineng', 'zhongyi', 'jiangsu', 'default']
2026-01-31 18:17:06,694 udp_protocol.py:61 UDP服务已启动，监听端口: 10105
2026-01-31 18:31:26,308 event_manager.py:194 从配置文件加载了协议事件配置: e:\SOFTWARE_TEST_ENGINEER\6、练习题\卓望-联合永道bak\07_TOOLS\03_FSU_ENTRANCE\01_GD_ENTRANCE\fsu_b_mock\config\protocol_event_config.json
2026-01-31 18:31:26,309 event_manager.py:195 支持的协议: ['liwei', 'haineng', 'zhongyi', 'jiangsu', 'default']
2026-01-31 18:31:26,312 udp_protocol.py:61 UDP服务已启动，监听端口: 10105
2026-01-31 19:27:47,594 event_manager.py:194 从配置文件加载了协议事件配置: e:\SOFTWARE_TEST_ENGINEER\6、练习题\卓望-联合永道bak\07_TOOLS\03_FSU_ENTRANCE\01_GD_ENTRANCE\fsu_b_mock\config\protocol_event_config.json
2026-01-31 19:27:47,594 event_manager.py:195 支持的协议: ['liwei', 'haineng', 'zhongyi', 'jiangsu', 'default']
2026-01-31 19:27:47,597 udp_protocol.py:61 UDP服务已启动，监听端口: 10105
2026-01-31 20:18:02,579 event_manager.py:194 从配置文件加载了协议事件配置: e:\SOFTWARE_TEST_ENGINEER\6、练习题\卓望-联合永道bak\07_TOOLS\03_FSU_ENTRANCE\01_GD_ENTRANCE\fsu_b_mock\config\protocol_event_config.json
2026-01-31 20:18:02,580 event_manager.py:195 支持的协议: ['liwei', 'haineng', 'zhongyi', 'jiangsu', 'default']
2026-01-31 20:18:17,983 event_manager.py:194 从配置文件加载了协议事件配置: e:\SOFTWARE_TEST_ENGINEER\6、练习题\卓望-联合永道bak\07_TOOLS\03_FSU_ENTRANCE\01_GD_ENTRANCE\fsu_b_mock\config\protocol_event_config.json
2026-01-31 20:18:17,983 event_manager.py:195 支持的协议: ['liwei', 'haineng', 'zhongyi', 'jiangsu', 'default']
2026-01-31 20:18:17,985 udp_protocol.py:61 UDP服务已启动，监听端口: 10105
