2026-01-28 00:36:30,043 udp_protocol.py:52 UDP服务已启动，监听端口: 10105
2026-01-28 00:37:40,173 udp_protocol.py:52 UDP服务已启动，监听端口: 10105
2026-01-28 00:38:43,364 udp_protocol.py:52 UDP服务已启动，监听端口: 10105
2026-01-28 00:46:14,854 udp_protocol.py:52 UDP服务已启动，监听端口: 10105
2026-01-28 00:47:05,763 udp_protocol.py:52 UDP服务已启动，监听端口: 10105
2026-01-28 00:54:39,963 udp_protocol.py:52 UDP服务已启动，监听端口: 10105
2026-01-28 00:57:44,905 udp_protocol.py:52 UDP服务已启动，监听端口: 10105
2026-01-28 01:03:15,982 udp_protocol.py:52 UDP服务已启动，监听端口: 10105
2026-01-28 01:03:54,392 udp_protocol.py:52 UDP服务已启动，监听端口: 10105
2026-01-28 10:06:12,067 udp_protocol.py:89 UDP服务已启动，监听端口: 10105
2026-01-28 10:16:59,802 udp_protocol.py:364 事件类型配置文件不存在: ./config/yingjia\event_types.json
2026-01-28 10:16:59,806 udp_protocol.py:74 UDP服务已启动，监听端口: 10105
2026-01-28 10:17:33,352 udp_protocol.py:364 事件类型配置文件不存在: ./config/yingjia\event_types.json
2026-01-28 10:17:33,355 udp_protocol.py:74 UDP服务已启动，监听端口: 10105
2026-01-28 10:30:40,845 udp_protocol.py:434 事件类型配置文件不存在: ./config/yingjia\event_types.json
2026-01-28 10:31:07,886 udp_protocol.py:434 事件类型配置文件不存在: ./config/yingjia\event_types.json
2026-01-28 10:32:14,346 udp_protocol.py:434 事件类型配置文件不存在: ./config/yingjia\event_types.json
2026-01-28 10:44:16,041 udp_protocol.py:434 事件类型配置文件不存在: ./config/yingjia\event_types.json
2026-01-28 10:44:25,170 udp_protocol.py:434 事件类型配置文件不存在: ./config/yingjia\event_types.json
2026-01-28 10:44:25,172 udp_protocol.py:74 UDP服务已启动，监听端口: 10105
2026-01-28 10:54:14,120 udp_protocol.py:445 事件类型配置文件不存在: ./config/yingjia\event_types.json
2026-01-28 10:54:14,120 udp_protocol.py:473 事件配置文件不存在: ./config/yingjia\event_config.json
2026-01-28 14:47:15,988 udp_protocol.py:474 事件类型配置文件不存在: ./config/yingjia\event_types.json
2026-01-28 14:47:15,988 udp_protocol.py:501 事件规则配置文件不存在: ./config/yingjia\rules\event.json
2026-01-28 14:47:15,990 udp_protocol.py:92 UDP服务已启动，监听端口: 10105
2026-01-28 14:54:25,712 udp_protocol.py:445 事件类型配置文件不存在: ./config/yingjia\event_types.json
2026-01-28 14:54:25,712 udp_protocol.py:472 事件规则配置文件不存在: ./config/yingjia\rules\event.json
2026-01-28 14:54:25,715 udp_protocol.py:77 UDP服务已启动，监听端口: 10105
2026-01-28 17:41:13,283 event_manager.py:116 事件类型配置文件不存在: ./config/yingjia\event_types.json
2026-01-28 17:41:13,284 event_manager.py:143 事件规则配置文件不存在: ./config/yingjia\rules\event.json
2026-01-28 17:41:13,296 udp_protocol.py:61 UDP服务已启动，监听端口: 10105
2026-01-28 18:52:10,753 event_manager.py:116 事件类型配置文件不存在: ./config/yingjia\event_types.json
2026-01-28 18:52:10,753 event_manager.py:143 事件规则配置文件不存在: ./config/yingjia\rules\event.json
2026-01-28 18:52:10,756 udp_protocol.py:61 UDP服务已启动，监听端口: 10105
2026-01-28 19:15:59,300 udp_protocol.py:61 UDP服务已启动，监听端口: 10105
