2026-01-28 00:36:30,459 udp_protocol.py:52 UDP服务已启动，监听端口: 10123
2026-01-28 00:37:40,576 udp_protocol.py:52 UDP服务已启动，监听端口: 10123
2026-01-28 00:38:43,762 udp_protocol.py:52 UDP服务已启动，监听端口: 10123
2026-01-28 00:46:15,271 udp_protocol.py:52 UDP服务已启动，监听端口: 10123
2026-01-28 00:47:06,224 udp_protocol.py:52 UDP服务已启动，监听端口: 10123
2026-01-28 00:54:40,381 udp_protocol.py:52 UDP服务已启动，监听端口: 10123
2026-01-28 00:57:45,336 udp_protocol.py:52 UDP服务已启动，监听端口: 10123
2026-01-28 01:03:16,396 udp_protocol.py:52 UDP服务已启动，监听端口: 10123
2026-01-28 01:03:54,796 udp_protocol.py:52 UDP服务已启动，监听端口: 10123
2026-01-28 10:06:12,488 udp_protocol.py:89 UDP服务已启动，监听端口: 10123
2026-01-28 10:17:00,214 udp_protocol.py:364 事件类型配置文件不存在: ./config/zhongda\event_types.json
2026-01-28 10:17:00,215 udp_protocol.py:74 UDP服务已启动，监听端口: 10123
2026-01-28 10:17:33,764 udp_protocol.py:364 事件类型配置文件不存在: ./config/zhongda\event_types.json
2026-01-28 10:17:33,765 udp_protocol.py:74 UDP服务已启动，监听端口: 10123
2026-01-28 10:30:41,286 udp_protocol.py:434 事件类型配置文件不存在: ./config/zhongda\event_types.json
2026-01-28 10:31:08,329 udp_protocol.py:434 事件类型配置文件不存在: ./config/zhongda\event_types.json
2026-01-28 10:32:14,772 udp_protocol.py:434 事件类型配置文件不存在: ./config/zhongda\event_types.json
2026-01-28 10:44:16,505 udp_protocol.py:434 事件类型配置文件不存在: ./config/zhongda\event_types.json
2026-01-28 10:44:25,584 udp_protocol.py:434 事件类型配置文件不存在: ./config/zhongda\event_types.json
2026-01-28 10:44:25,585 udp_protocol.py:74 UDP服务已启动，监听端口: 10123
2026-01-28 10:54:14,544 udp_protocol.py:445 事件类型配置文件不存在: ./config/zhongda\event_types.json
2026-01-28 10:54:14,544 udp_protocol.py:473 事件配置文件不存在: ./config/zhongda\event_config.json
2026-01-28 14:47:16,420 udp_protocol.py:474 事件类型配置文件不存在: ./config/zhongda\event_types.json
2026-01-28 14:47:16,421 udp_protocol.py:501 事件规则配置文件不存在: ./config/zhongda\rules\event.json
2026-01-28 14:47:16,422 udp_protocol.py:92 UDP服务已启动，监听端口: 10123
2026-01-28 14:54:26,127 udp_protocol.py:445 事件类型配置文件不存在: ./config/zhongda\event_types.json
2026-01-28 14:54:26,127 udp_protocol.py:472 事件规则配置文件不存在: ./config/zhongda\rules\event.json
2026-01-28 14:54:26,129 udp_protocol.py:77 UDP服务已启动，监听端口: 10123
2026-01-28 17:41:13,729 event_manager.py:116 事件类型配置文件不存在: ./config/zhongda\event_types.json
2026-01-28 17:41:13,730 event_manager.py:143 事件规则配置文件不存在: ./config/zhongda\rules\event.json
2026-01-28 17:41:13,740 udp_protocol.py:61 UDP服务已启动，监听端口: 10123
2026-01-28 18:52:11,178 event_manager.py:116 事件类型配置文件不存在: ./config/zhongda\event_types.json
2026-01-28 18:52:11,178 event_manager.py:143 事件规则配置文件不存在: ./config/zhongda\rules\event.json
2026-01-28 18:52:11,179 udp_protocol.py:61 UDP服务已启动，监听端口: 10123
2026-01-28 19:15:59,735 udp_protocol.py:61 UDP服务已启动，监听端口: 10123
2026-01-28 20:26:18,422 udp_protocol.py:61 UDP服务已启动，监听端口: 10123
2026-01-28 22:33:33,961 udp_protocol.py:61 UDP服务已启动，监听端口: 10123
2026-01-28 23:34:34,840 udp_protocol.py:61 UDP服务已启动，监听端口: 10123
