2026-02-01 00:12:37,765 root INFO main.py:102 系统CPU核心数: 16
2026-02-01 00:12:37,852 root ERROR config_manager.py:307 未找到config\bangsun_old\rules\default.json文件，default_rule对象为空
2026-02-01 00:12:37,852 root ERROR config_manager.py:307 未找到config\bangsun_old\rules\default.json文件，default_rule对象为空
2026-02-01 00:12:37,852 root ERROR config_manager.py:307 未找到config\bangsun_old\rules\default.json文件，default_rule对象为空
2026-02-01 00:12:37,854 root ERROR config_manager.py:307 未找到config\bangsun_old\rules\default.json文件，default_rule对象为空
2026-02-01 00:12:37,854 root ERROR config_manager.py:307 未找到config\bangsun_old\rules\default.json文件，default_rule对象为空
2026-02-01 00:12:37,854 root ERROR config_manager.py:307 未找到config\bangsun_old\rules\default.json文件，default_rule对象为空
2026-02-01 00:13:23,047 root INFO config_manager.py:228 设备配置已更新: ./config/bangsun_old
2026-02-01 00:13:23,048 root ERROR config_manager.py:307 未找到config\bangsun_old\rules\default.json文件，default_rule对象为空
2026-02-01 00:13:23,048 root ERROR config_manager.py:307 未找到config\bangsun_old\rules\default.json文件，default_rule对象为空
2026-02-01 00:13:23,048 root ERROR config_manager.py:307 未找到config\bangsun_old\rules\default.json文件，default_rule对象为空
2026-02-01 00:13:23,049 root INFO config_manager.py:346 从fsu_rule中匹配到data_frame_type: 108D的规则
2026-02-01 00:13:50,523 root INFO config_manager.py:346 从fsu_rule中匹配到data_frame_type: 108D的规则
2026-02-01 00:44:03,872 root INFO main.py:102 系统CPU核心数: 16
2026-02-01 00:44:03,966 root ERROR config_manager.py:307 未找到config\bangsun_old\rules\default.json文件，default_rule对象为空
2026-02-01 00:44:03,966 root ERROR config_manager.py:307 未找到config\bangsun_old\rules\default.json文件，default_rule对象为空
2026-02-01 00:44:03,966 root ERROR config_manager.py:307 未找到config\bangsun_old\rules\default.json文件，default_rule对象为空
2026-02-01 00:44:03,968 root ERROR config_manager.py:307 未找到config\bangsun_old\rules\default.json文件，default_rule对象为空
2026-02-01 00:44:03,969 root ERROR config_manager.py:307 未找到config\bangsun_old\rules\default.json文件，default_rule对象为空
2026-02-01 00:44:03,969 root ERROR config_manager.py:307 未找到config\bangsun_old\rules\default.json文件，default_rule对象为空
2026-02-01 00:44:12,931 root INFO main.py:141 服务已停止
2026-02-01 00:44:23,584 root INFO main.py:102 系统CPU核心数: 16
2026-02-01 00:44:23,665 root ERROR config_manager.py:307 未找到config\bangsun_old\rules\default.json文件，default_rule对象为空
2026-02-01 00:44:23,666 root ERROR config_manager.py:307 未找到config\bangsun_old\rules\default.json文件，default_rule对象为空
2026-02-01 00:44:23,666 root ERROR config_manager.py:307 未找到config\bangsun_old\rules\default.json文件，default_rule对象为空
2026-02-01 00:44:23,668 root ERROR config_manager.py:307 未找到config\bangsun_old\rules\default.json文件，default_rule对象为空
2026-02-01 00:44:23,668 root ERROR config_manager.py:307 未找到config\bangsun_old\rules\default.json文件，default_rule对象为空
2026-02-01 00:44:23,668 root ERROR config_manager.py:307 未找到config\bangsun_old\rules\default.json文件，default_rule对象为空
2026-02-01 00:44:28,100 root INFO config_manager.py:228 设备配置已更新: ./config/bangsun_old
2026-02-01 00:44:28,102 root ERROR config_manager.py:307 未找到config\bangsun_old\rules\default.json文件，default_rule对象为空
2026-02-01 00:44:28,103 root ERROR config_manager.py:307 未找到config\bangsun_old\rules\default.json文件，default_rule对象为空
2026-02-01 00:44:28,104 root ERROR config_manager.py:307 未找到config\bangsun_old\rules\default.json文件，default_rule对象为空
2026-02-01 00:44:28,110 root INFO config_manager.py:346 从fsu_rule中匹配到data_frame_type: 108D的规则
2026-02-01 01:31:27,084 root INFO main.py:102 系统CPU核心数: 16
2026-02-01 01:31:29,819 root INFO config_manager.py:228 设备配置已更新: ./config/bangsun_old
2026-02-01 01:31:29,821 root INFO config_manager.py:346 从fsu_rule中匹配到data_frame_type: 108D的规则
2026-02-01 01:44:37,911 root INFO config_manager.py:346 从fsu_rule中匹配到data_frame_type: 108D的规则
2026-02-01 01:55:42,490 root INFO config_manager.py:346 从fsu_rule中匹配到data_frame_type: 108D的规则
2026-02-01 02:36:54,328 root INFO main.py:102 系统CPU核心数: 16
2026-02-01 02:36:57,990 root INFO config_manager.py:228 设备配置已更新: ./config/bangsun_old
2026-02-01 02:36:57,998 root INFO config_manager.py:346 从fsu_rule中匹配到data_frame_type: 108D的规则
2026-02-01 04:18:44,803 root INFO main.py:102 系统CPU核心数: 16
2026-02-01 04:18:59,291 root INFO config_manager.py:228 设备配置已更新: ./config/bangsun_old
2026-02-01 04:18:59,296 root INFO config_manager.py:346 从fsu_rule中匹配到data_frame_type: 108D的规则
2026-02-01 04:19:22,871 root INFO config_manager.py:346 从fsu_rule中匹配到data_frame_type: 108D的规则
2026-02-01 04:20:01,742 codec.through_data ERROR through_data_codec.py:93 数据长度错误: 期望 34, 实际 24
2026-02-01 04:20:13,464 root INFO config_manager.py:228 设备配置已更新: ./config/liwei
2026-02-01 04:20:13,468 root INFO config_manager.py:351 从default_rule中匹配到data_frame_type: 4AF2E2的规则
2026-02-01 04:20:15,370 root INFO config_manager.py:351 从default_rule中匹配到data_frame_type: 4AF2E2的规则
2026-02-01 04:20:16,558 root INFO config_manager.py:351 从default_rule中匹配到data_frame_type: 4AF2E2的规则
2026-02-01 04:20:26,039 root INFO config_manager.py:346 从fsu_rule中匹配到data_frame_type: 108D的规则
2026-02-01 04:20:29,228 root INFO config_manager.py:346 从fsu_rule中匹配到data_frame_type: 108D的规则
2026-02-01 04:24:55,982 root INFO main.py:102 系统CPU核心数: 16
2026-02-01 04:26:40,562 root INFO main.py:102 系统CPU核心数: 16
2026-02-01 04:27:28,154 root INFO main.py:141 服务已停止
2026-02-01 04:27:28,160 asyncio ERROR base_events.py:1753 Task exception was never retrieved
future: <Task finished name='Task-1' coro=<main() done, defined at E:\SOFTWARE_TEST_ENGINEER\6、练习题\卓望-联合永道bak\07_TOOLS\03_FSU_ENTRANCE\01_GD_ENTRANCE\维护版本\fsu_b_mock_版本8_UDP邦讯_事件循环\main.py:82> exception=KeyboardInterrupt()>
Traceback (most recent call last):
  File "E:\SOFTWARE_TEST_ENGINEER\6、练习题\卓望-联合永道bak\07_TOOLS\03_FSU_ENTRANCE\01_GD_ENTRANCE\维护版本\fsu_b_mock_版本8_UDP邦讯_事件循环\main.py", line 139, in <module>
    asyncio.run(main())
  File "D:\software_code\PyCharm 2024.1.3\02storage\PyCharm 2024.1\plugins\python\helpers-pro\pydevd_asyncio\pydevd_nest_asyncio.py", line 135, in run
    return loop.run_until_complete(task)
  File "D:\software_code\PyCharm 2024.1.3\02storage\PyCharm 2024.1\plugins\python\helpers-pro\pydevd_asyncio\pydevd_nest_asyncio.py", line 229, in run_until_complete
    self._run_once()
  File "D:\software_code\PyCharm 2024.1.3\02storage\PyCharm 2024.1\plugins\python\helpers-pro\pydevd_asyncio\pydevd_nest_asyncio.py", line 281, in _run_once
    handle._run()
  File "D:\software_code\Python 3.9.13\lib\asyncio\events.py", line 80, in _run
    self._context.run(self._callback, *self._args)
  File "D:\software_code\PyCharm 2024.1.3\02storage\PyCharm 2024.1\plugins\python\helpers-pro\pydevd_asyncio\pydevd_nest_asyncio.py", line 390, in step
    step_orig(task, exc)
  File "D:\software_code\Python 3.9.13\lib\asyncio\tasks.py", line 256, in __step
    result = coro.send(None)
  File "E:\SOFTWARE_TEST_ENGINEER\6、练习题\卓望-联合永道bak\07_TOOLS\03_FSU_ENTRANCE\01_GD_ENTRANCE\维护版本\fsu_b_mock_版本8_UDP邦讯_事件循环\main.py", line 134, in main
    p.join()
  File "D:\software_code\Python 3.9.13\lib\multiprocessing\process.py", line 149, in join
    res = self._popen.wait(timeout)
  File "D:\software_code\Python 3.9.13\lib\multiprocessing\popen_spawn_win32.py", line 108, in wait
    res = _winapi.WaitForSingleObject(int(self._handle), msecs)
KeyboardInterrupt
2026-02-01 04:27:38,468 root INFO main.py:102 系统CPU核心数: 16
2026-02-01 04:27:59,259 root INFO main.py:141 服务已停止
2026-02-01 04:27:59,417 root INFO main.py:102 系统CPU核心数: 16
2026-02-01 04:28:05,893 root INFO config_manager.py:228 设备配置已更新: ./config/bangsun_old
2026-02-01 04:28:05,895 codec.through_data ERROR through_data_codec.py:93 数据长度错误: 期望 34, 实际 24
2026-02-01 04:28:08,624 root INFO config_manager.py:346 从fsu_rule中匹配到data_frame_type: 108D的规则
2026-02-01 04:28:12,042 root INFO config_manager.py:346 从fsu_rule中匹配到data_frame_type: 108D的规则
2026-02-01 04:28:15,025 root INFO main.py:141 服务已停止
2026-02-01 04:28:21,525 root INFO main.py:102 系统CPU核心数: 16
2026-02-01 04:28:53,990 root INFO main.py:102 系统CPU核心数: 16
2026-02-01 04:29:35,399 root INFO main.py:102 系统CPU核心数: 16
2026-02-01 04:29:40,843 root INFO main.py:141 服务已停止
2026-02-01 04:29:43,619 root INFO main.py:102 系统CPU核心数: 16
2026-02-01 04:32:04,946 root INFO main.py:102 系统CPU核心数: 16
2026-02-01 04:32:07,983 root INFO config_manager.py:228 设备配置已更新: ./config/bangsun_old
2026-02-01 04:32:07,985 root INFO config_manager.py:346 从fsu_rule中匹配到data_frame_type: 108D的规则
2026-02-01 04:32:10,803 root INFO config_manager.py:346 从fsu_rule中匹配到data_frame_type: 108D的规则
2026-02-01 04:32:11,883 root INFO config_manager.py:346 从fsu_rule中匹配到data_frame_type: 108D的规则
2026-02-01 04:32:13,022 root INFO config_manager.py:346 从fsu_rule中匹配到data_frame_type: 108D的规则
2026-02-01 04:32:14,386 root INFO config_manager.py:346 从fsu_rule中匹配到data_frame_type: 108D的规则
2026-02-01 04:33:28,460 root INFO main.py:102 系统CPU核心数: 16
2026-02-01 04:33:47,107 root INFO main.py:102 系统CPU核心数: 16
2026-02-01 04:33:55,782 root INFO config_manager.py:228 设备配置已更新: ./config/bangsun_old
2026-02-01 04:33:55,785 root INFO config_manager.py:346 从fsu_rule中匹配到data_frame_type: 108D的规则
2026-02-01 04:34:29,263 root INFO config_manager.py:346 从fsu_rule中匹配到data_frame_type: 108D的规则
2026-02-01 04:35:32,372 root INFO config_manager.py:346 从fsu_rule中匹配到data_frame_type: 108D的规则
2026-02-01 04:39:44,108 asyncio ERROR base_events.py:1753 Task exception was never retrieved
future: <Task finished name='Task-8' coro=<UDPProtocol._handle_through_data() done, defined at E:\SOFTWARE_TEST_ENGINEER\6、练习题\卓望-联合永道bak\07_TOOLS\03_FSU_ENTRANCE\01_GD_ENTRANCE\维护版本\fsu_b_mock_版本8_UDP邦讯_事件循环\server\udp_protocol.py:95> exception=KeyboardInterrupt()>
Traceback (most recent call last):
  File "D:\software_code\Python 3.9.13\lib\multiprocessing\process.py", line 315, in _bootstrap
    self.run()
  File "D:\software_code\Python 3.9.13\lib\multiprocessing\process.py", line 108, in run
    self._target(*self._args, **self._kwargs)
  File "E:\SOFTWARE_TEST_ENGINEER\6、练习题\卓望-联合永道bak\07_TOOLS\03_FSU_ENTRANCE\01_GD_ENTRANCE\维护版本\fsu_b_mock_版本8_UDP邦讯_事件循环\main.py", line 80, in process_main
    asyncio.run(run_fsu_services(fsu_list, fsu_config, log_config, performance_mode))
  File "D:\software_code\Python 3.9.13\lib\asyncio\runners.py", line 44, in run
    return loop.run_until_complete(main)
  File "D:\software_code\Python 3.9.13\lib\asyncio\base_events.py", line 634, in run_until_complete
    self.run_forever()
  File "D:\software_code\Python 3.9.13\lib\asyncio\windows_events.py", line 321, in run_forever
    super().run_forever()
  File "D:\software_code\Python 3.9.13\lib\asyncio\base_events.py", line 601, in run_forever
    self._run_once()
  File "D:\software_code\Python 3.9.13\lib\asyncio\base_events.py", line 1905, in _run_once
    handle._run()
  File "D:\software_code\Python 3.9.13\lib\asyncio\events.py", line 80, in _run
    self._context.run(self._callback, *self._args)
  File "E:\SOFTWARE_TEST_ENGINEER\6、练习题\卓望-联合永道bak\07_TOOLS\03_FSU_ENTRANCE\01_GD_ENTRANCE\维护版本\fsu_b_mock_版本8_UDP邦讯_事件循环\server\udp_protocol.py", line 132, in _handle_through_data
    if not rule_response:
  File "E:\SOFTWARE_TEST_ENGINEER\6、练习题\卓望-联合永道bak\07_TOOLS\03_FSU_ENTRANCE\01_GD_ENTRANCE\维护版本\fsu_b_mock_版本8_UDP邦讯_事件循环\server\udp_protocol.py", line 132, in _handle_through_data
    if not rule_response:
  File "_pydevd_bundle\\pydevd_cython_win32_39_64.pyx", line 1187, in _pydevd_bundle.pydevd_cython_win32_39_64.SafeCallWrapper.__call__
  File "_pydevd_bundle\\pydevd_cython_win32_39_64.pyx", line 627, in _pydevd_bundle.pydevd_cython_win32_39_64.PyDBFrame.trace_dispatch
  File "_pydevd_bundle\\pydevd_cython_win32_39_64.pyx", line 1103, in _pydevd_bundle.pydevd_cython_win32_39_64.PyDBFrame.trace_dispatch
  File "_pydevd_bundle\\pydevd_cython_win32_39_64.pyx", line 1065, in _pydevd_bundle.pydevd_cython_win32_39_64.PyDBFrame.trace_dispatch
  File "_pydevd_bundle\\pydevd_cython_win32_39_64.pyx", line 585, in _pydevd_bundle.pydevd_cython_win32_39_64.PyDBFrame.do_wait_suspend
  File "D:\software_code\PyCharm 2024.1.3\02storage\PyCharm 2024.1\plugins\python\helpers\pydev\pydevd.py", line 1185, in do_wait_suspend
    self._do_wait_suspend(thread, frame, event, arg, suspend_type, from_this_thread)
  File "D:\software_code\PyCharm 2024.1.3\02storage\PyCharm 2024.1\plugins\python\helpers\pydev\pydevd.py", line 1200, in _do_wait_suspend
    time.sleep(0.01)
KeyboardInterrupt
2026-02-01 04:39:44,154 root INFO main.py:141 服务已停止
2026-02-01 04:39:56,205 root INFO main.py:102 系统CPU核心数: 16
2026-02-01 04:40:01,525 root INFO config_manager.py:228 设备配置已更新: ./config/bangsun_old
2026-02-01 04:40:01,531 root INFO config_manager.py:346 从fsu_rule中匹配到data_frame_type: 108D的规则
2026-02-01 04:40:03,966 root INFO config_manager.py:346 从fsu_rule中匹配到data_frame_type: 108D的规则
2026-02-01 04:40:04,829 root INFO config_manager.py:346 从fsu_rule中匹配到data_frame_type: 108D的规则
