2026-01-28 00:41:21,876 udp_protocol.py:52 UDP服务已启动，监听端口: 10101
2026-01-28 00:41:26,682 udp_protocol.py:67 [收到UDP数据，来自: ('10.8.187.2', 55840)，数据长度: 74 字节] fsu[bangsun_01:313234313233313331323431] 
2026-01-28 00:41:26,687 base_protocol.py:87 设备协议配置已热加载
2026-01-28 00:41:26,687 udp_protocol.py:78 数据包长度: 74 字节
HEX: FF 31 32 34 31 32 33 31 33 31 32 34 31 00 00 00 00 00 00 00 00 00 00 00 00 00 00 00 00 01 01 27 00 EE 01 00 22 00 7E 67 44 8D 10 00 00 00 00 00 00 00 00 00 00 00 00 00 00 00 00 00 00 00 00 00 00 00 00 00 00 48 01 0D 6D FE
Parsed:
    P_header: 0xFF
    P_dest_addr: 3132343132333133
    P_src_addr: 3132343100000000000000000000000000000000
    P_subDevType: 0x01
    P_subDev_addr: 0x01
    P_pLen: 0x0027
    RtnFlag: 0xEE
    CommType: 0x0001
    透传数据长度: 0x0022
    透传数据: 7E67448D10000000000000000000000000000000000000000000000000000048010D
    P_verify: 0x00
    P_tailer: 0xFE
2026-01-28 00:41:26,691 udp_protocol.py:114 [透传数据层]原始数据:
    数据包长度: 34 字节
    HEX: 7E 67 44 8D 10 00 00 00 00 00 00 00 00 00 00 00 00 00 00 00 00 00 00 00 00 00 00 00 00 00 00 48 01 0D
[透传数据层] 协议栈解析:
    透传数据PDU:
        start: 7E
        address: 4467
        checksum: 0000
        end: 00
    透传数据帧:
        data_frame_type: 108D
        record_index: 00000000
2026-01-28 00:41:26,793 udp_protocol.py:166 [######## FSU 向动环发送数据，目的地址：('10.8.187.2', 55840)] fsu[bangsun_01:313234313233313331323431] 
2026-01-28 00:41:26,794 udp_protocol.py:180 数据包长度: 74 字节
HEX: FF 00 00 00 00 00 00 00 00 31 32 34 31 32 33 31 33 31 32 34 31 00 00 00 00 00 00 00 00 01 01 27 00 00 01 00 22 00 7E 00 00 8D 10 71 52 B3 80 26 01 28 00 00 41 26 00 00 00 00 00 00 00 00 00 00 00 00 00 00 00 9B 00 0D 0A FE
Parsed:
    P_header: 0xFF
    P_dest_addr: 3132343132333133313234310000000000000000
    P_src_addr: 0000000000000000
    P_subDevType: 0x01
    P_subDev_addr: 0x01
    P_pLen: 0x0027
    RtnFlag: 0x00
    CommType: 0x0001
    透传数据长度: 0x0022
    透传数据: 7E00008D107152B380260128000041260000000000000000000000000000009B000D
    P_verify: 0x00
    P_tailer: 0xFE
2026-01-28 00:41:26,797 udp_protocol.py:200 [透传数据层]原始数据:
    数据包长度: 34 字节
    HEX: 7E 00 00 8D 10 71 52 B3 80 26 01 28 00 00 41 26 00 00 00 00 00 00 00 00 00 00 00 00 00 00 00 9B 00 0D
[透传数据层] 协议栈解析:
    透传数据PDU:
        start: 7E
        address: 0000
        checksum: 2601
        end: 28
    透传数据帧:
        card_id: 5271
        vendor_id: B3
        status: 80
        year: 26
        month: 01
        day: 28
        hour: 00
        minute: 41
        second: 26
2026-01-28 00:41:27,441 udp_protocol.py:67 [收到UDP数据，来自: ('10.8.187.2', 55840)，数据长度: 74 字节] fsu[bangsun_01:313234313233313331323431] 
2026-01-28 00:41:27,442 udp_protocol.py:78 数据包长度: 74 字节
HEX: FF 31 32 34 31 32 33 31 33 31 32 34 31 00 00 00 00 00 00 00 00 00 00 00 00 00 00 00 00 01 01 27 00 EE 01 00 22 00 7E 67 44 8D 10 00 00 00 00 00 00 00 00 00 00 00 00 00 00 00 00 00 00 00 00 00 00 00 00 00 00 48 01 0D 6D FE
Parsed:
    P_header: 0xFF
    P_dest_addr: 3132343132333133
    P_src_addr: 3132343100000000000000000000000000000000
    P_subDevType: 0x01
    P_subDev_addr: 0x01
    P_pLen: 0x0027
    RtnFlag: 0xEE
    CommType: 0x0001
    透传数据长度: 0x0022
    透传数据: 7E67448D10000000000000000000000000000000000000000000000000000048010D
    P_verify: 0x00
    P_tailer: 0xFE
2026-01-28 00:41:27,443 udp_protocol.py:114 [透传数据层]原始数据:
    数据包长度: 34 字节
    HEX: 7E 67 44 8D 10 00 00 00 00 00 00 00 00 00 00 00 00 00 00 00 00 00 00 00 00 00 00 00 00 00 00 48 01 0D
[透传数据层] 协议栈解析:
    透传数据PDU:
        start: 7E
        address: 4467
        checksum: 0000
        end: 00
    透传数据帧:
        data_frame_type: 108D
        record_index: 00000000
2026-01-28 00:41:27,558 udp_protocol.py:166 [######## FSU 向动环发送数据，目的地址：('10.8.187.2', 55840)] fsu[bangsun_01:313234313233313331323431] 
2026-01-28 00:41:27,562 udp_protocol.py:180 数据包长度: 74 字节
HEX: FF 00 00 00 00 00 00 00 00 31 32 34 31 32 33 31 33 31 32 34 31 00 00 00 00 00 00 00 00 01 01 27 00 00 01 00 22 00 7E 00 00 8D 10 71 52 B3 80 26 01 28 00 00 41 26 00 00 00 00 00 00 00 00 00 00 00 00 00 00 00 9B 00 0D 0A FE
Parsed:
    P_header: 0xFF
    P_dest_addr: 3132343132333133313234310000000000000000
    P_src_addr: 0000000000000000
    P_subDevType: 0x01
    P_subDev_addr: 0x01
    P_pLen: 0x0027
    RtnFlag: 0x00
    CommType: 0x0001
    透传数据长度: 0x0022
    透传数据: 7E00008D107152B380260128000041260000000000000000000000000000009B000D
    P_verify: 0x00
    P_tailer: 0xFE
2026-01-28 00:41:27,565 udp_protocol.py:200 [透传数据层]原始数据:
    数据包长度: 34 字节
    HEX: 7E 00 00 8D 10 71 52 B3 80 26 01 28 00 00 41 26 00 00 00 00 00 00 00 00 00 00 00 00 00 00 00 9B 00 0D
[透传数据层] 协议栈解析:
    透传数据PDU:
        start: 7E
        address: 0000
        checksum: 2601
        end: 28
    透传数据帧:
        card_id: 5271
        vendor_id: B3
        status: 80
        year: 26
        month: 01
        day: 28
        hour: 00
        minute: 41
        second: 26
2026-01-28 00:41:28,263 udp_protocol.py:67 [收到UDP数据，来自: ('10.8.187.2', 55840)，数据长度: 74 字节] fsu[bangsun_01:313234313233313331323431] 
2026-01-28 00:41:28,264 udp_protocol.py:78 数据包长度: 74 字节
HEX: FF 31 32 34 31 32 33 31 33 31 32 34 31 00 00 00 00 00 00 00 00 00 00 00 00 00 00 00 00 01 01 27 00 EE 01 00 22 00 7E 67 44 8D 10 00 00 00 00 00 00 00 00 00 00 00 00 00 00 00 00 00 00 00 00 00 00 00 00 00 00 48 01 0D 6D FE
Parsed:
    P_header: 0xFF
    P_dest_addr: 3132343132333133
    P_src_addr: 3132343100000000000000000000000000000000
    P_subDevType: 0x01
    P_subDev_addr: 0x01
    P_pLen: 0x0027
    RtnFlag: 0xEE
    CommType: 0x0001
    透传数据长度: 0x0022
    透传数据: 7E67448D10000000000000000000000000000000000000000000000000000048010D
    P_verify: 0x00
    P_tailer: 0xFE
2026-01-28 00:41:28,265 udp_protocol.py:114 [透传数据层]原始数据:
    数据包长度: 34 字节
    HEX: 7E 67 44 8D 10 00 00 00 00 00 00 00 00 00 00 00 00 00 00 00 00 00 00 00 00 00 00 00 00 00 00 48 01 0D
[透传数据层] 协议栈解析:
    透传数据PDU:
        start: 7E
        address: 4467
        checksum: 0000
        end: 00
    透传数据帧:
        data_frame_type: 108D
        record_index: 00000000
2026-01-28 00:41:28,371 udp_protocol.py:166 [######## FSU 向动环发送数据，目的地址：('10.8.187.2', 55840)] fsu[bangsun_01:313234313233313331323431] 
2026-01-28 00:41:28,371 udp_protocol.py:180 数据包长度: 74 字节
HEX: FF 00 00 00 00 00 00 00 00 31 32 34 31 32 33 31 33 31 32 34 31 00 00 00 00 00 00 00 00 01 01 27 00 00 01 00 22 00 7E 00 00 8D 10 71 52 B3 80 26 01 28 00 00 41 26 00 00 00 00 00 00 00 00 00 00 00 00 00 00 00 9B 00 0D 0A FE
Parsed:
    P_header: 0xFF
    P_dest_addr: 3132343132333133313234310000000000000000
    P_src_addr: 0000000000000000
    P_subDevType: 0x01
    P_subDev_addr: 0x01
    P_pLen: 0x0027
    RtnFlag: 0x00
    CommType: 0x0001
    透传数据长度: 0x0022
    透传数据: 7E00008D107152B380260128000041260000000000000000000000000000009B000D
    P_verify: 0x00
    P_tailer: 0xFE
2026-01-28 00:41:28,372 udp_protocol.py:200 [透传数据层]原始数据:
    数据包长度: 34 字节
    HEX: 7E 00 00 8D 10 71 52 B3 80 26 01 28 00 00 41 26 00 00 00 00 00 00 00 00 00 00 00 00 00 00 00 9B 00 0D
[透传数据层] 协议栈解析:
    透传数据PDU:
        start: 7E
        address: 0000
        checksum: 2601
        end: 28
    透传数据帧:
        card_id: 5271
        vendor_id: B3
        status: 80
        year: 26
        month: 01
        day: 28
        hour: 00
        minute: 41
        second: 26
2026-01-28 00:41:28,984 udp_protocol.py:67 [收到UDP数据，来自: ('10.8.187.2', 55840)，数据长度: 74 字节] fsu[bangsun_01:313234313233313331323431] 
2026-01-28 00:41:28,985 udp_protocol.py:78 数据包长度: 74 字节
HEX: FF 31 32 34 31 32 33 31 33 31 32 34 31 00 00 00 00 00 00 00 00 00 00 00 00 00 00 00 00 01 01 27 00 EE 01 00 22 00 7E 67 44 8D 10 00 00 00 00 00 00 00 00 00 00 00 00 00 00 00 00 00 00 00 00 00 00 00 00 00 00 48 01 0D 6D FE
Parsed:
    P_header: 0xFF
    P_dest_addr: 3132343132333133
    P_src_addr: 3132343100000000000000000000000000000000
    P_subDevType: 0x01
    P_subDev_addr: 0x01
    P_pLen: 0x0027
    RtnFlag: 0xEE
    CommType: 0x0001
    透传数据长度: 0x0022
    透传数据: 7E67448D10000000000000000000000000000000000000000000000000000048010D
    P_verify: 0x00
    P_tailer: 0xFE
2026-01-28 00:41:28,988 udp_protocol.py:114 [透传数据层]原始数据:
    数据包长度: 34 字节
    HEX: 7E 67 44 8D 10 00 00 00 00 00 00 00 00 00 00 00 00 00 00 00 00 00 00 00 00 00 00 00 00 00 00 48 01 0D
[透传数据层] 协议栈解析:
    透传数据PDU:
        start: 7E
        address: 4467
        checksum: 0000
        end: 00
    透传数据帧:
        data_frame_type: 108D
        record_index: 00000000
2026-01-28 00:41:29,097 udp_protocol.py:166 [######## FSU 向动环发送数据，目的地址：('10.8.187.2', 55840)] fsu[bangsun_01:313234313233313331323431] 
2026-01-28 00:41:29,100 udp_protocol.py:180 数据包长度: 74 字节
HEX: FF 00 00 00 00 00 00 00 00 31 32 34 31 32 33 31 33 31 32 34 31 00 00 00 00 00 00 00 00 01 01 27 00 00 01 00 22 00 7E 00 00 8D 10 71 52 B3 80 26 01 28 00 00 41 26 00 00 00 00 00 00 00 00 00 00 00 00 00 00 00 9B 00 0D 0A FE
Parsed:
    P_header: 0xFF
    P_dest_addr: 3132343132333133313234310000000000000000
    P_src_addr: 0000000000000000
    P_subDevType: 0x01
    P_subDev_addr: 0x01
    P_pLen: 0x0027
    RtnFlag: 0x00
    CommType: 0x0001
    透传数据长度: 0x0022
    透传数据: 7E00008D107152B380260128000041260000000000000000000000000000009B000D
    P_verify: 0x00
    P_tailer: 0xFE
2026-01-28 00:41:29,103 udp_protocol.py:200 [透传数据层]原始数据:
    数据包长度: 34 字节
    HEX: 7E 00 00 8D 10 71 52 B3 80 26 01 28 00 00 41 26 00 00 00 00 00 00 00 00 00 00 00 00 00 00 00 9B 00 0D
[透传数据层] 协议栈解析:
    透传数据PDU:
        start: 7E
        address: 0000
        checksum: 2601
        end: 28
    透传数据帧:
        card_id: 5271
        vendor_id: B3
        status: 80
        year: 26
        month: 01
        day: 28
        hour: 00
        minute: 41
        second: 26
2026-01-28 00:41:29,741 udp_protocol.py:67 [收到UDP数据，来自: ('10.8.187.2', 55840)，数据长度: 74 字节] fsu[bangsun_01:313234313233313331323431] 
2026-01-28 00:41:29,743 udp_protocol.py:78 数据包长度: 74 字节
HEX: FF 31 32 34 31 32 33 31 33 31 32 34 31 00 00 00 00 00 00 00 00 00 00 00 00 00 00 00 00 01 01 27 00 EE 01 00 22 00 7E 67 44 8D 10 00 00 00 00 00 00 00 00 00 00 00 00 00 00 00 00 00 00 00 00 00 00 00 00 00 00 48 01 0D 6D FE
Parsed:
    P_header: 0xFF
    P_dest_addr: 3132343132333133
    P_src_addr: 3132343100000000000000000000000000000000
    P_subDevType: 0x01
    P_subDev_addr: 0x01
    P_pLen: 0x0027
    RtnFlag: 0xEE
    CommType: 0x0001
    透传数据长度: 0x0022
    透传数据: 7E67448D10000000000000000000000000000000000000000000000000000048010D
    P_verify: 0x00
    P_tailer: 0xFE
2026-01-28 00:41:29,745 udp_protocol.py:114 [透传数据层]原始数据:
    数据包长度: 34 字节
    HEX: 7E 67 44 8D 10 00 00 00 00 00 00 00 00 00 00 00 00 00 00 00 00 00 00 00 00 00 00 00 00 00 00 48 01 0D
[透传数据层] 协议栈解析:
    透传数据PDU:
        start: 7E
        address: 4467
        checksum: 0000
        end: 00
    透传数据帧:
        data_frame_type: 108D
        record_index: 00000000
2026-01-28 00:41:29,859 udp_protocol.py:166 [######## FSU 向动环发送数据，目的地址：('10.8.187.2', 55840)] fsu[bangsun_01:313234313233313331323431] 
2026-01-28 00:41:29,861 udp_protocol.py:180 数据包长度: 74 字节
HEX: FF 00 00 00 00 00 00 00 00 31 32 34 31 32 33 31 33 31 32 34 31 00 00 00 00 00 00 00 00 01 01 27 00 00 01 00 22 00 7E 00 00 8D 10 71 52 B3 80 26 01 28 00 00 41 26 00 00 00 00 00 00 00 00 00 00 00 00 00 00 00 9B 00 0D 0A FE
Parsed:
    P_header: 0xFF
    P_dest_addr: 3132343132333133313234310000000000000000
    P_src_addr: 0000000000000000
    P_subDevType: 0x01
    P_subDev_addr: 0x01
    P_pLen: 0x0027
    RtnFlag: 0x00
    CommType: 0x0001
    透传数据长度: 0x0022
    透传数据: 7E00008D107152B380260128000041260000000000000000000000000000009B000D
    P_verify: 0x00
    P_tailer: 0xFE
2026-01-28 00:41:29,864 udp_protocol.py:200 [透传数据层]原始数据:
    数据包长度: 34 字节
    HEX: 7E 00 00 8D 10 71 52 B3 80 26 01 28 00 00 41 26 00 00 00 00 00 00 00 00 00 00 00 00 00 00 00 9B 00 0D
[透传数据层] 协议栈解析:
    透传数据PDU:
        start: 7E
        address: 0000
        checksum: 2601
        end: 28
    透传数据帧:
        card_id: 5271
        vendor_id: B3
        status: 80
        year: 26
        month: 01
        day: 28
        hour: 00
        minute: 41
        second: 26
2026-01-28 00:41:39,905 udp_protocol.py:67 [收到UDP数据，来自: ('10.8.187.2', 55840)，数据长度: 74 字节] fsu[bangsun_01:313234313233313331323431] 
2026-01-28 00:41:39,907 udp_protocol.py:78 数据包长度: 74 字节
HEX: FF 31 32 34 31 32 33 31 33 31 32 34 31 00 00 00 00 00 00 00 00 00 00 00 00 00 00 00 00 01 01 27 00 EE 01 00 22 00 7E 67 44 81 10 00 00 00 00 00 00 00 00 00 00 00 00 00 00 00 00 00 00 00 00 00 00 00 00 00 00 3C 01 0D 15 FE
Parsed:
    P_header: 0xFF
    P_dest_addr: 3132343132333133
    P_src_addr: 3132343100000000000000000000000000000000
    P_subDevType: 0x01
    P_subDev_addr: 0x01
    P_pLen: 0x0027
    RtnFlag: 0xEE
    CommType: 0x0001
    透传数据长度: 0x0022
    透传数据: 7E6744811000000000000000000000000000000000000000000000000000003C010D
    P_verify: 0x00
    P_tailer: 0xFE
2026-01-28 00:41:39,909 udp_protocol.py:114 [透传数据层]原始数据:
    数据包长度: 34 字节
    HEX: 7E 67 44 81 10 00 00 00 00 00 00 00 00 00 00 00 00 00 00 00 00 00 00 00 00 00 00 00 00 00 00 3C 01 0D
[透传数据层] 协议栈解析:
    透传数据PDU:
        start: 7E
        address: 4467
        checksum: 0000
        end: 00
    透传数据帧:
        data_frame_type: 1081
        first: 00000000
2026-01-28 00:41:40,020 udp_protocol.py:166 [######## FSU 向动环发送数据，目的地址：('10.8.187.2', 55840)] fsu[bangsun_01:313234313233313331323431] 
2026-01-28 00:41:40,020 udp_protocol.py:180 数据包长度: 74 字节
HEX: FF 00 00 00 00 00 00 00 00 31 32 34 31 32 33 31 33 31 32 34 31 00 00 00 00 00 00 00 00 01 01 27 00 00 01 00 22 00 7E 00 00 81 10 26 01 28 03 00 41 26 00 00 00 00 00 00 00 00 00 00 00 00 00 00 00 00 00 00 00 84 00 0D 0A FE
Parsed:
    P_header: 0xFF
    P_dest_addr: 3132343132333133313234310000000000000000
    P_src_addr: 0000000000000000
    P_subDevType: 0x01
    P_subDev_addr: 0x01
    P_pLen: 0x0027
    RtnFlag: 0x00
    CommType: 0x0001
    透传数据长度: 0x0022
    透传数据: 7E00008110260128030041260000000000000000000000000000000000000084000D
    P_verify: 0x00
    P_tailer: 0xFE
2026-01-28 00:41:40,022 udp_protocol.py:200 [透传数据层]原始数据:
    数据包长度: 34 字节
    HEX: 7E 00 00 81 10 26 01 28 03 00 41 26 00 00 00 00 00 00 00 00 00 00 00 00 00 00 00 00 00 00 00 84 00 0D
[透传数据层] 协议栈解析:
    透传数据PDU:
        start: 7E
        address: 0000
        checksum: 0041
        end: 26
    透传数据帧:
        year: 26
        month: 01
        day: 28
        week: 03
        hour: 00
        minute: 41
        second: 26
        record_count: 000000
        permission_count: 0000
        record_value: 00000000
        relay_status: 00
        magnetic_button_status: 00
        reserve1: 00
        obstacle_number: 00
        reserve2: 00
        reserve3: 00
2026-01-28 00:41:47,118 udp_protocol.py:67 [收到UDP数据，来自: ('10.8.187.2', 55840)，数据长度: 74 字节] fsu[bangsun_01:313234313233313331323431] 
2026-01-28 00:41:47,119 udp_protocol.py:78 数据包长度: 74 字节
HEX: FF 31 32 34 31 32 33 31 33 31 32 34 31 00 00 00 00 00 00 00 00 00 00 00 00 00 00 00 00 01 01 27 00 EE 01 00 22 00 7E 67 44 81 10 00 00 00 00 00 00 00 00 00 00 00 00 00 00 00 00 00 00 00 00 00 00 00 00 00 00 3C 01 0D 15 FE
Parsed:
    P_header: 0xFF
    P_dest_addr: 3132343132333133
    P_src_addr: 3132343100000000000000000000000000000000
    P_subDevType: 0x01
    P_subDev_addr: 0x01
    P_pLen: 0x0027
    RtnFlag: 0xEE
    CommType: 0x0001
    透传数据长度: 0x0022
    透传数据: 7E6744811000000000000000000000000000000000000000000000000000003C010D
    P_verify: 0x00
    P_tailer: 0xFE
2026-01-28 00:41:47,121 udp_protocol.py:114 [透传数据层]原始数据:
    数据包长度: 34 字节
    HEX: 7E 67 44 81 10 00 00 00 00 00 00 00 00 00 00 00 00 00 00 00 00 00 00 00 00 00 00 00 00 00 00 3C 01 0D
[透传数据层] 协议栈解析:
    透传数据PDU:
        start: 7E
        address: 4467
        checksum: 0000
        end: 00
    透传数据帧:
        data_frame_type: 1081
        first: 00000000
2026-01-28 00:41:47,227 udp_protocol.py:166 [######## FSU 向动环发送数据，目的地址：('10.8.187.2', 55840)] fsu[bangsun_01:313234313233313331323431] 
2026-01-28 00:41:47,228 udp_protocol.py:180 数据包长度: 74 字节
HEX: FF 00 00 00 00 00 00 00 00 31 32 34 31 32 33 31 33 31 32 34 31 00 00 00 00 00 00 00 00 01 01 27 00 00 01 00 22 00 7E 00 00 81 10 26 01 28 03 00 41 26 00 00 00 00 00 00 00 00 00 00 00 00 00 00 00 00 00 00 00 84 00 0D 0A FE
Parsed:
    P_header: 0xFF
    P_dest_addr: 3132343132333133313234310000000000000000
    P_src_addr: 0000000000000000
    P_subDevType: 0x01
    P_subDev_addr: 0x01
    P_pLen: 0x0027
    RtnFlag: 0x00
    CommType: 0x0001
    透传数据长度: 0x0022
    透传数据: 7E00008110260128030041260000000000000000000000000000000000000084000D
    P_verify: 0x00
    P_tailer: 0xFE
2026-01-28 00:41:47,231 udp_protocol.py:200 [透传数据层]原始数据:
    数据包长度: 34 字节
    HEX: 7E 00 00 81 10 26 01 28 03 00 41 26 00 00 00 00 00 00 00 00 00 00 00 00 00 00 00 00 00 00 00 84 00 0D
[透传数据层] 协议栈解析:
    透传数据PDU:
        start: 7E
        address: 0000
        checksum: 0041
        end: 26
    透传数据帧:
        year: 26
        month: 01
        day: 28
        week: 03
        hour: 00
        minute: 41
        second: 26
        record_count: 000000
        permission_count: 0000
        record_value: 00000000
        relay_status: 00
        magnetic_button_status: 00
        reserve1: 00
        obstacle_number: 00
        reserve2: 00
        reserve3: 00
2026-01-28 00:41:48,458 udp_protocol.py:67 [收到UDP数据，来自: ('10.8.187.2', 55840)，数据长度: 74 字节] fsu[bangsun_01:313234313233313331323431] 
2026-01-28 00:41:48,461 udp_protocol.py:78 数据包长度: 74 字节
HEX: FF 31 32 34 31 32 33 31 33 31 32 34 31 00 00 00 00 00 00 00 00 00 00 00 00 00 00 00 00 01 01 27 00 EE 01 00 22 00 7E 67 44 81 10 00 00 00 00 00 00 00 00 00 00 00 00 00 00 00 00 00 00 00 00 00 00 00 00 00 00 3C 01 0D 15 FE
Parsed:
    P_header: 0xFF
    P_dest_addr: 3132343132333133
    P_src_addr: 3132343100000000000000000000000000000000
    P_subDevType: 0x01
    P_subDev_addr: 0x01
    P_pLen: 0x0027
    RtnFlag: 0xEE
    CommType: 0x0001
    透传数据长度: 0x0022
    透传数据: 7E6744811000000000000000000000000000000000000000000000000000003C010D
    P_verify: 0x00
    P_tailer: 0xFE
2026-01-28 00:41:48,463 udp_protocol.py:114 [透传数据层]原始数据:
    数据包长度: 34 字节
    HEX: 7E 67 44 81 10 00 00 00 00 00 00 00 00 00 00 00 00 00 00 00 00 00 00 00 00 00 00 00 00 00 00 3C 01 0D
[透传数据层] 协议栈解析:
    透传数据PDU:
        start: 7E
        address: 4467
        checksum: 0000
        end: 00
    透传数据帧:
        data_frame_type: 1081
        first: 00000000
2026-01-28 00:41:48,571 udp_protocol.py:166 [######## FSU 向动环发送数据，目的地址：('10.8.187.2', 55840)] fsu[bangsun_01:313234313233313331323431] 
2026-01-28 00:41:48,572 udp_protocol.py:180 数据包长度: 74 字节
HEX: FF 00 00 00 00 00 00 00 00 31 32 34 31 32 33 31 33 31 32 34 31 00 00 00 00 00 00 00 00 01 01 27 00 00 01 00 22 00 7E 00 00 81 10 26 01 28 03 00 41 26 00 00 00 00 00 00 00 00 00 00 00 00 00 00 00 00 00 00 00 84 00 0D 0A FE
Parsed:
    P_header: 0xFF
    P_dest_addr: 3132343132333133313234310000000000000000
    P_src_addr: 0000000000000000
    P_subDevType: 0x01
    P_subDev_addr: 0x01
    P_pLen: 0x0027
    RtnFlag: 0x00
    CommType: 0x0001
    透传数据长度: 0x0022
    透传数据: 7E00008110260128030041260000000000000000000000000000000000000084000D
    P_verify: 0x00
    P_tailer: 0xFE
2026-01-28 00:41:48,573 udp_protocol.py:200 [透传数据层]原始数据:
    数据包长度: 34 字节
    HEX: 7E 00 00 81 10 26 01 28 03 00 41 26 00 00 00 00 00 00 00 00 00 00 00 00 00 00 00 00 00 00 00 84 00 0D
[透传数据层] 协议栈解析:
    透传数据PDU:
        start: 7E
        address: 0000
        checksum: 0041
        end: 26
    透传数据帧:
        year: 26
        month: 01
        day: 28
        week: 03
        hour: 00
        minute: 41
        second: 26
        record_count: 000000
        permission_count: 0000
        record_value: 00000000
        relay_status: 00
        magnetic_button_status: 00
        reserve1: 00
        obstacle_number: 00
        reserve2: 00
        reserve3: 00
2026-01-28 00:41:49,698 udp_protocol.py:67 [收到UDP数据，来自: ('10.8.187.2', 55840)，数据长度: 74 字节] fsu[bangsun_01:313234313233313331323431] 
2026-01-28 00:41:49,699 udp_protocol.py:78 数据包长度: 74 字节
HEX: FF 31 32 34 31 32 33 31 33 31 32 34 31 00 00 00 00 00 00 00 00 00 00 00 00 00 00 00 00 01 01 27 00 EE 01 00 22 00 7E 67 44 8D 10 00 00 00 00 00 00 00 00 00 00 00 00 00 00 00 00 00 00 00 00 00 00 00 00 00 00 48 01 0D 6D FE
Parsed:
    P_header: 0xFF
    P_dest_addr: 3132343132333133
    P_src_addr: 3132343100000000000000000000000000000000
    P_subDevType: 0x01
    P_subDev_addr: 0x01
    P_pLen: 0x0027
    RtnFlag: 0xEE
    CommType: 0x0001
    透传数据长度: 0x0022
    透传数据: 7E67448D10000000000000000000000000000000000000000000000000000048010D
    P_verify: 0x00
    P_tailer: 0xFE
2026-01-28 00:41:49,700 udp_protocol.py:114 [透传数据层]原始数据:
    数据包长度: 34 字节
    HEX: 7E 67 44 8D 10 00 00 00 00 00 00 00 00 00 00 00 00 00 00 00 00 00 00 00 00 00 00 00 00 00 00 48 01 0D
[透传数据层] 协议栈解析:
    透传数据PDU:
        start: 7E
        address: 4467
        checksum: 0000
        end: 00
    透传数据帧:
        data_frame_type: 108D
        record_index: 00000000
2026-01-28 00:41:49,819 udp_protocol.py:166 [######## FSU 向动环发送数据，目的地址：('10.8.187.2', 55840)] fsu[bangsun_01:313234313233313331323431] 
2026-01-28 00:41:49,822 udp_protocol.py:180 数据包长度: 74 字节
HEX: FF 00 00 00 00 00 00 00 00 31 32 34 31 32 33 31 33 31 32 34 31 00 00 00 00 00 00 00 00 01 01 27 00 00 01 00 22 00 7E 00 00 8D 10 71 52 B3 80 26 01 28 00 00 41 26 00 00 00 00 00 00 00 00 00 00 00 00 00 00 00 9B 00 0D 0A FE
Parsed:
    P_header: 0xFF
    P_dest_addr: 3132343132333133313234310000000000000000
    P_src_addr: 0000000000000000
    P_subDevType: 0x01
    P_subDev_addr: 0x01
    P_pLen: 0x0027
    RtnFlag: 0x00
    CommType: 0x0001
    透传数据长度: 0x0022
    透传数据: 7E00008D107152B380260128000041260000000000000000000000000000009B000D
    P_verify: 0x00
    P_tailer: 0xFE
2026-01-28 00:41:49,825 udp_protocol.py:200 [透传数据层]原始数据:
    数据包长度: 34 字节
    HEX: 7E 00 00 8D 10 71 52 B3 80 26 01 28 00 00 41 26 00 00 00 00 00 00 00 00 00 00 00 00 00 00 00 9B 00 0D
[透传数据层] 协议栈解析:
    透传数据PDU:
        start: 7E
        address: 0000
        checksum: 2601
        end: 28
    透传数据帧:
        card_id: 5271
        vendor_id: B3
        status: 80
        year: 26
        month: 01
        day: 28
        hour: 00
        minute: 41
        second: 26
2026-01-28 00:41:59,217 udp_protocol.py:67 [收到UDP数据，来自: ('10.8.187.2', 55840)，数据长度: 74 字节] fsu[bangsun_01:313234313233313331323431] 
2026-01-28 00:41:59,219 udp_protocol.py:78 数据包长度: 74 字节
HEX: FF 31 32 34 31 32 33 31 33 31 32 34 31 00 00 00 00 00 00 00 00 00 00 00 00 00 00 00 00 01 01 27 00 EE 01 00 22 00 7E 67 44 8D 10 00 00 00 00 00 00 00 00 00 00 00 00 00 00 00 00 00 00 00 00 00 00 00 00 00 00 48 01 0D 6D FE
Parsed:
    P_header: 0xFF
    P_dest_addr: 3132343132333133
    P_src_addr: 3132343100000000000000000000000000000000
    P_subDevType: 0x01
    P_subDev_addr: 0x01
    P_pLen: 0x0027
    RtnFlag: 0xEE
    CommType: 0x0001
    透传数据长度: 0x0022
    透传数据: 7E67448D10000000000000000000000000000000000000000000000000000048010D
    P_verify: 0x00
    P_tailer: 0xFE
2026-01-28 00:41:59,220 udp_protocol.py:114 [透传数据层]原始数据:
    数据包长度: 34 字节
    HEX: 7E 67 44 8D 10 00 00 00 00 00 00 00 00 00 00 00 00 00 00 00 00 00 00 00 00 00 00 00 00 00 00 48 01 0D
[透传数据层] 协议栈解析:
    透传数据PDU:
        start: 7E
        address: 4467
        checksum: 0000
        end: 00
    透传数据帧:
        data_frame_type: 108D
        record_index: 00000000
2026-01-28 00:41:59,323 udp_protocol.py:166 [######## FSU 向动环发送数据，目的地址：('10.8.187.2', 55840)] fsu[bangsun_01:313234313233313331323431] 
2026-01-28 00:41:59,325 udp_protocol.py:180 数据包长度: 74 字节
HEX: FF 00 00 00 00 00 00 00 00 31 32 34 31 32 33 31 33 31 32 34 31 00 00 00 00 00 00 00 00 01 01 27 00 00 01 00 22 00 7E 00 00 8D 10 71 52 B3 80 26 01 28 00 00 41 26 00 00 00 00 00 00 00 00 00 00 00 00 00 00 00 9B 00 0D 0A FE
Parsed:
    P_header: 0xFF
    P_dest_addr: 3132343132333133313234310000000000000000
    P_src_addr: 0000000000000000
    P_subDevType: 0x01
    P_subDev_addr: 0x01
    P_pLen: 0x0027
    RtnFlag: 0x00
    CommType: 0x0001
    透传数据长度: 0x0022
    透传数据: 7E00008D107152B380260128000041260000000000000000000000000000009B000D
    P_verify: 0x00
    P_tailer: 0xFE
2026-01-28 00:41:59,326 udp_protocol.py:200 [透传数据层]原始数据:
    数据包长度: 34 字节
    HEX: 7E 00 00 8D 10 71 52 B3 80 26 01 28 00 00 41 26 00 00 00 00 00 00 00 00 00 00 00 00 00 00 00 9B 00 0D
[透传数据层] 协议栈解析:
    透传数据PDU:
        start: 7E
        address: 0000
        checksum: 2601
        end: 28
    透传数据帧:
        card_id: 5271
        vendor_id: B3
        status: 80
        year: 26
        month: 01
        day: 28
        hour: 00
        minute: 41
        second: 26
2026-01-28 00:41:59,976 udp_protocol.py:67 [收到UDP数据，来自: ('10.8.187.2', 55840)，数据长度: 74 字节] fsu[bangsun_01:313234313233313331323431] 
2026-01-28 00:41:59,977 udp_protocol.py:78 数据包长度: 74 字节
HEX: FF 31 32 34 31 32 33 31 33 31 32 34 31 00 00 00 00 00 00 00 00 00 00 00 00 00 00 00 00 01 01 27 00 EE 01 00 22 00 7E 67 44 8D 10 00 00 00 00 00 00 00 00 00 00 00 00 00 00 00 00 00 00 00 00 00 00 00 00 00 00 48 01 0D 6D FE
Parsed:
    P_header: 0xFF
    P_dest_addr: 3132343132333133
    P_src_addr: 3132343100000000000000000000000000000000
    P_subDevType: 0x01
    P_subDev_addr: 0x01
    P_pLen: 0x0027
    RtnFlag: 0xEE
    CommType: 0x0001
    透传数据长度: 0x0022
    透传数据: 7E67448D10000000000000000000000000000000000000000000000000000048010D
    P_verify: 0x00
    P_tailer: 0xFE
2026-01-28 00:41:59,979 udp_protocol.py:114 [透传数据层]原始数据:
    数据包长度: 34 字节
    HEX: 7E 67 44 8D 10 00 00 00 00 00 00 00 00 00 00 00 00 00 00 00 00 00 00 00 00 00 00 00 00 00 00 48 01 0D
[透传数据层] 协议栈解析:
    透传数据PDU:
        start: 7E
        address: 4467
        checksum: 0000
        end: 00
    透传数据帧:
        data_frame_type: 108D
        record_index: 00000000
2026-01-28 00:42:00,084 udp_protocol.py:166 [######## FSU 向动环发送数据，目的地址：('10.8.187.2', 55840)] fsu[bangsun_01:313234313233313331323431] 
2026-01-28 00:42:00,086 udp_protocol.py:180 数据包长度: 74 字节
HEX: FF 00 00 00 00 00 00 00 00 31 32 34 31 32 33 31 33 31 32 34 31 00 00 00 00 00 00 00 00 01 01 27 00 00 01 00 22 00 7E 00 00 8D 10 71 52 B3 80 26 01 28 00 00 41 26 00 00 00 00 00 00 00 00 00 00 00 00 00 00 00 9B 00 0D 0A FE
Parsed:
    P_header: 0xFF
    P_dest_addr: 3132343132333133313234310000000000000000
    P_src_addr: 0000000000000000
    P_subDevType: 0x01
    P_subDev_addr: 0x01
    P_pLen: 0x0027
    RtnFlag: 0x00
    CommType: 0x0001
    透传数据长度: 0x0022
    透传数据: 7E00008D107152B380260128000041260000000000000000000000000000009B000D
    P_verify: 0x00
    P_tailer: 0xFE
2026-01-28 00:42:00,087 udp_protocol.py:200 [透传数据层]原始数据:
    数据包长度: 34 字节
    HEX: 7E 00 00 8D 10 71 52 B3 80 26 01 28 00 00 41 26 00 00 00 00 00 00 00 00 00 00 00 00 00 00 00 9B 00 0D
[透传数据层] 协议栈解析:
    透传数据PDU:
        start: 7E
        address: 0000
        checksum: 2601
        end: 28
    透传数据帧:
        card_id: 5271
        vendor_id: B3
        status: 80
        year: 26
        month: 01
        day: 28
        hour: 00
        minute: 41
        second: 26
2026-01-28 00:42:00,650 udp_protocol.py:67 [收到UDP数据，来自: ('10.8.187.2', 55840)，数据长度: 74 字节] fsu[bangsun_01:313234313233313331323431] 
2026-01-28 00:42:00,651 udp_protocol.py:78 数据包长度: 74 字节
HEX: FF 31 32 34 31 32 33 31 33 31 32 34 31 00 00 00 00 00 00 00 00 00 00 00 00 00 00 00 00 01 01 27 00 EE 01 00 22 00 7E 67 44 8D 10 00 00 00 00 00 00 00 00 00 00 00 00 00 00 00 00 00 00 00 00 00 00 00 00 00 00 48 01 0D 6D FE
Parsed:
    P_header: 0xFF
    P_dest_addr: 3132343132333133
    P_src_addr: 3132343100000000000000000000000000000000
    P_subDevType: 0x01
    P_subDev_addr: 0x01
    P_pLen: 0x0027
    RtnFlag: 0xEE
    CommType: 0x0001
    透传数据长度: 0x0022
    透传数据: 7E67448D10000000000000000000000000000000000000000000000000000048010D
    P_verify: 0x00
    P_tailer: 0xFE
2026-01-28 00:42:00,653 udp_protocol.py:114 [透传数据层]原始数据:
    数据包长度: 34 字节
    HEX: 7E 67 44 8D 10 00 00 00 00 00 00 00 00 00 00 00 00 00 00 00 00 00 00 00 00 00 00 00 00 00 00 48 01 0D
[透传数据层] 协议栈解析:
    透传数据PDU:
        start: 7E
        address: 4467
        checksum: 0000
        end: 00
    透传数据帧:
        data_frame_type: 108D
        record_index: 00000000
2026-01-28 00:42:00,765 udp_protocol.py:166 [######## FSU 向动环发送数据，目的地址：('10.8.187.2', 55840)] fsu[bangsun_01:313234313233313331323431] 
2026-01-28 00:42:00,767 udp_protocol.py:180 数据包长度: 74 字节
HEX: FF 00 00 00 00 00 00 00 00 31 32 34 31 32 33 31 33 31 32 34 31 00 00 00 00 00 00 00 00 01 01 27 00 00 01 00 22 00 7E 00 00 8D 10 71 52 B3 80 26 01 28 00 00 41 26 00 00 00 00 00 00 00 00 00 00 00 00 00 00 00 9B 00 0D 0A FE
Parsed:
    P_header: 0xFF
    P_dest_addr: 3132343132333133313234310000000000000000
    P_src_addr: 0000000000000000
    P_subDevType: 0x01
    P_subDev_addr: 0x01
    P_pLen: 0x0027
    RtnFlag: 0x00
    CommType: 0x0001
    透传数据长度: 0x0022
    透传数据: 7E00008D107152B380260128000041260000000000000000000000000000009B000D
    P_verify: 0x00
    P_tailer: 0xFE
2026-01-28 00:42:00,772 udp_protocol.py:200 [透传数据层]原始数据:
    数据包长度: 34 字节
    HEX: 7E 00 00 8D 10 71 52 B3 80 26 01 28 00 00 41 26 00 00 00 00 00 00 00 00 00 00 00 00 00 00 00 9B 00 0D
[透传数据层] 协议栈解析:
    透传数据PDU:
        start: 7E
        address: 0000
        checksum: 2601
        end: 28
    透传数据帧:
        card_id: 5271
        vendor_id: B3
        status: 80
        year: 26
        month: 01
        day: 28
        hour: 00
        minute: 41
        second: 26
